-- Found ament_cmake: 1.3.6 (/opt/ros/humble/share/ament_cmake/cmake)
-- Found rosidl_default_generators: 1.2.0 (/opt/ros/humble/share/rosidl_default_generators/cmake)
-- Using all available rosidl_typesupport_c: rosidl_typesupport_fastrtps_c;rosidl_typesupport_introspection_c
-- Found rosidl_adapter: 3.1.5 (/opt/ros/humble/share/rosidl_adapter/cmake)
-- Using all available rosidl_typesupport_cpp: rosidl_typesupport_fastrtps_cpp;rosidl_typesupport_introspection_cpp
-- Found ament_cmake_ros: 0.10.0 (/opt/ros/humble/share/ament_cmake_ros/cmake)
-- Using all available rosidl_typesupport_c: rosidl_typesupport_fastrtps_c;rosidl_typesupport_introspection_c
-- Using all available rosidl_typesupport_cpp: rosidl_typesupport_fastrtps_cpp;rosidl_typesupport_introspection_cpp
-- Found PythonInterp: /usr/bin/python3 (found suitable version "3.10.12", minimum required is "3.6") 
-- Found python_cmake_module: 0.10.0 (/opt/ros/humble/share/python_cmake_module/cmake)
-- Found PythonLibs: /usr/lib/x86_64-linux-gnu/libpython3.10.so (found suitable version "3.10.12", minimum required is "3.5") 
-- Using PYTHON_EXECUTABLE: /usr/bin/python3
-- Using PYTHON_INCLUDE_DIRS: /usr/include/python3.10
-- Using PYTHON_LIBRARIES: /usr/lib/x86_64-linux-gnu/libpython3.10.so
-- Found PythonExtra: .so  
-- Found ament_lint_auto: 0.12.9 (/opt/ros/humble/share/ament_lint_auto/cmake)
-- Added test 'cppcheck' to perform static code analysis on C / C++ code
-- Configured cppcheck include dirs: $<BUILD_INTERFACE:/home/chris/ros2_ws/src/my_package/include>
-- Configured cppcheck exclude dirs and/or files: 
-- Added test 'lint_cmake' to check CMake code style
-- Added test 'uncrustify' to check C / C++ code style
-- Configured uncrustify additional arguments: 
-- Added test 'xmllint' to check XML markup files
-- Configuring done
-- Generating done
-- Build files have been written to: /home/chris/ros2_ws/build/my_package
[  3%] [34m[1mGenerating C code for ROS interfaces[0m
[35m[1mConsolidate compiler generated dependencies of target my_node[0m
[  6%] [34m[1mGenerating C++ code for ROS interfaces[0m
[  9%] [32mBuilding CXX object CMakeFiles/my_node.dir/src/my_node.cpp.o[0m
[  9%] Built target ament_cmake_python_copy_my_package
[ 12%] [32m[1mLinking CXX executable my_node[0m
[ 12%] Built target my_node
running egg_info
creating my_package.egg-info
writing my_package.egg-info/PKG-INFO
writing dependency_links to my_package.egg-info/dependency_links.txt
writing top-level names to my_package.egg-info/top_level.txt
writing manifest file 'my_package.egg-info/SOURCES.txt'
reading manifest file 'my_package.egg-info/SOURCES.txt'
writing manifest file 'my_package.egg-info/SOURCES.txt'
[ 12%] Built target my_package__cpp
[ 15%] [32mBuilding C object CMakeFiles/my_package__rosidl_generator_c.dir/rosidl_generator_c/my_package/msg/detail/address_book__functions.c.o[0m
[ 21%] [34m[1mGenerating C++ type support for eProsima Fast-RTPS[0m
[ 21%] [34m[1mGenerating C++ introspection for ROS interfaces[0m
[ 24%] [34m[1mGenerating C++ type support dispatch for ROS interfaces[0m
[ 24%] Built target ament_cmake_python_build_my_package_egg
[ 27%] [32m[1mLinking C shared library libmy_package__rosidl_generator_c.so[0m
[ 27%] Built target my_package__rosidl_generator_c
[ 36%] [34m[1mGenerating C type support for eProsima Fast-RTPS[0m
[ 36%] [34m[1mGenerating C type support dispatch for ROS interfaces[0m
[ 36%] [34m[1mGenerating C introspection for ROS interfaces[0m
[ 39%] [32mBuilding CXX object CMakeFiles/my_package__rosidl_typesupport_cpp.dir/rosidl_typesupport_cpp/my_package/msg/address_book__type_support.cpp.o[0m
[ 42%] [32mBuilding CXX object CMakeFiles/my_package__rosidl_typesupport_introspection_cpp.dir/rosidl_typesupport_introspection_cpp/my_package/msg/detail/address_book__type_support.cpp.o[0m
[ 45%] [32mBuilding CXX object CMakeFiles/my_package__rosidl_typesupport_fastrtps_cpp.dir/rosidl_typesupport_fastrtps_cpp/my_package/msg/detail/dds_fastrtps/address_book__type_support.cpp.o[0m
[ 48%] [32mBuilding CXX object CMakeFiles/my_package__rosidl_typesupport_c.dir/rosidl_typesupport_c/my_package/msg/address_book__type_support.cpp.o[0m
[ 51%] [32mBuilding C object CMakeFiles/my_package__rosidl_typesupport_introspection_c.dir/rosidl_typesupport_introspection_c/my_package/msg/detail/address_book__type_support.c.o[0m
[ 54%] [32mBuilding CXX object CMakeFiles/my_package__rosidl_typesupport_fastrtps_c.dir/rosidl_typesupport_fastrtps_c/my_package/msg/detail/address_book__type_support_c.cpp.o[0m
[ 57%] [32m[1mLinking CXX shared library libmy_package__rosidl_typesupport_c.so[0m
[ 60%] [32m[1mLinking C shared library libmy_package__rosidl_typesupport_introspection_c.so[0m
[ 60%] Built target my_package__rosidl_typesupport_c
[ 60%] Built target my_package__rosidl_typesupport_introspection_c
[ 63%] [32m[1mLinking CXX shared library libmy_package__rosidl_typesupport_cpp.so[0m
[ 63%] Built target my_package__rosidl_typesupport_cpp
[ 66%] [32m[1mLinking CXX shared library libmy_package__rosidl_typesupport_introspection_cpp.so[0m
[ 69%] [32m[1mLinking CXX shared library libmy_package__rosidl_typesupport_fastrtps_cpp.so[0m
[ 72%] [32m[1mLinking CXX shared library libmy_package__rosidl_typesupport_fastrtps_c.so[0m
[ 72%] Built target my_package__rosidl_typesupport_introspection_cpp
[ 72%] Built target my_package__rosidl_typesupport_fastrtps_cpp
[ 72%] Built target my_package__rosidl_typesupport_fastrtps_c
[ 72%] Built target my_package
[ 75%] [34m[1mGenerating Python code for ROS interfaces[0m
[ 75%] Built target my_package__py
[ 78%] [32mBuilding C object CMakeFiles/my_package__rosidl_generator_py.dir/rosidl_generator_py/my_package/msg/_address_book_s.c.o[0m
[ 81%] [32m[1mLinking C shared library rosidl_generator_py/my_package/libmy_package__rosidl_generator_py.so[0m
[ 81%] Built target my_package__rosidl_generator_py
[ 84%] [32mBuilding C object CMakeFiles/my_package__rosidl_typesupport_fastrtps_c__pyext.dir/rosidl_generator_py/my_package/_my_package_s.ep.rosidl_typesupport_fastrtps_c.c.o[0m
[ 90%] [32mBuilding C object CMakeFiles/my_package__rosidl_typesupport_c__pyext.dir/rosidl_generator_py/my_package/_my_package_s.ep.rosidl_typesupport_c.c.o[0m
[ 90%] [32mBuilding C object CMakeFiles/my_package__rosidl_typesupport_introspection_c__pyext.dir/rosidl_generator_py/my_package/_my_package_s.ep.rosidl_typesupport_introspection_c.c.o[0m
[100%] [32m[1mLinking C shared library rosidl_generator_py/my_package/my_package_s__rosidl_typesupport_fastrtps_c.cpython-310-x86_64-linux-gnu.so[0m
[100%] [32m[1mLinking C shared library rosidl_generator_py/my_package/my_package_s__rosidl_typesupport_c.cpython-310-x86_64-linux-gnu.so[0m
[100%] [32m[1mLinking C shared library rosidl_generator_py/my_package/my_package_s__rosidl_typesupport_introspection_c.cpython-310-x86_64-linux-gnu.so[0m
[100%] Built target my_package__rosidl_typesupport_introspection_c__pyext
[100%] Built target my_package__rosidl_typesupport_c__pyext
[100%] Built target my_package__rosidl_typesupport_fastrtps_c__pyext
-- Install configuration: ""
-- Installing: /home/chris/ros2_ws/install/my_package/share/ament_index/resource_index/rosidl_interfaces/my_package
-- Installing: /home/chris/ros2_ws/install/my_package/include/my_package/my_package
-- Installing: /home/chris/ros2_ws/install/my_package/include/my_package/my_package/msg
-- Installing: /home/chris/ros2_ws/install/my_package/include/my_package/my_package/msg/detail
-- Installing: /home/chris/ros2_ws/install/my_package/include/my_package/my_package/msg/detail/address_book__struct.h
-- Installing: /home/chris/ros2_ws/install/my_package/include/my_package/my_package/msg/detail/address_book__type_support.h
-- Installing: /home/chris/ros2_ws/install/my_package/include/my_package/my_package/msg/detail/address_book__functions.h
-- Installing: /home/chris/ros2_ws/install/my_package/include/my_package/my_package/msg/detail/address_book__functions.c
-- Installing: /home/chris/ros2_ws/install/my_package/include/my_package/my_package/msg/rosidl_generator_c__visibility_control.h
-- Installing: /home/chris/ros2_ws/install/my_package/include/my_package/my_package/msg/address_book.h
-- Installing: /home/chris/ros2_ws/install/my_package/share/my_package/environment/library_path.sh
-- Installing: /home/chris/ros2_ws/install/my_package/share/my_package/environment/library_path.dsv
-- Installing: /home/chris/ros2_ws/install/my_package/lib/libmy_package__rosidl_generator_c.so
-- Set runtime path of "/home/chris/ros2_ws/install/my_package/lib/libmy_package__rosidl_generator_c.so" to ""
-- Up-to-date: /home/chris/ros2_ws/install/my_package/include/my_package/my_package
-- Up-to-date: /home/chris/ros2_ws/install/my_package/include/my_package/my_package/msg
-- Installing: /home/chris/ros2_ws/install/my_package/include/my_package/my_package/msg/rosidl_typesupport_fastrtps_c__visibility_control.h
-- Up-to-date: /home/chris/ros2_ws/install/my_package/include/my_package/my_package/msg/detail
-- Installing: /home/chris/ros2_ws/install/my_package/include/my_package/my_package/msg/detail/address_book__rosidl_typesupport_fastrtps_c.h
-- Installing: /home/chris/ros2_ws/install/my_package/lib/libmy_package__rosidl_typesupport_fastrtps_c.so
-- Set runtime path of "/home/chris/ros2_ws/install/my_package/lib/libmy_package__rosidl_typesupport_fastrtps_c.so" to ""
-- Up-to-date: /home/chris/ros2_ws/install/my_package/include/my_package/my_package
-- Up-to-date: /home/chris/ros2_ws/install/my_package/include/my_package/my_package/msg
-- Up-to-date: /home/chris/ros2_ws/install/my_package/include/my_package/my_package/msg/detail
-- Installing: /home/chris/ros2_ws/install/my_package/include/my_package/my_package/msg/detail/address_book__type_support.c
-- Installing: /home/chris/ros2_ws/install/my_package/include/my_package/my_package/msg/detail/address_book__rosidl_typesupport_introspection_c.h
-- Installing: /home/chris/ros2_ws/install/my_package/include/my_package/my_package/msg/rosidl_typesupport_introspection_c__visibility_control.h
-- Installing: /home/chris/ros2_ws/install/my_package/lib/libmy_package__rosidl_typesupport_introspection_c.so
-- Set runtime path of "/home/chris/ros2_ws/install/my_package/lib/libmy_package__rosidl_typesupport_introspection_c.so" to ""
-- Installing: /home/chris/ros2_ws/install/my_package/lib/libmy_package__rosidl_typesupport_c.so
-- Set runtime path of "/home/chris/ros2_ws/install/my_package/lib/libmy_package__rosidl_typesupport_c.so" to ""
-- Up-to-date: /home/chris/ros2_ws/install/my_package/include/my_package/my_package
-- Up-to-date: /home/chris/ros2_ws/install/my_package/include/my_package/my_package/msg
-- Installing: /home/chris/ros2_ws/install/my_package/include/my_package/my_package/msg/address_book.hpp
-- Up-to-date: /home/chris/ros2_ws/install/my_package/include/my_package/my_package/msg/detail
-- Installing: /home/chris/ros2_ws/install/my_package/include/my_package/my_package/msg/detail/address_book__traits.hpp
-- Installing: /home/chris/ros2_ws/install/my_package/include/my_package/my_package/msg/detail/address_book__builder.hpp
-- Installing: /home/chris/ros2_ws/install/my_package/include/my_package/my_package/msg/detail/address_book__struct.hpp
-- Up-to-date: /home/chris/ros2_ws/install/my_package/include/my_package/my_package
-- Up-to-date: /home/chris/ros2_ws/install/my_package/include/my_package/my_package/msg
-- Installing: /home/chris/ros2_ws/install/my_package/include/my_package/my_package/msg/rosidl_typesupport_fastrtps_cpp__visibility_control.h
-- Up-to-date: /home/chris/ros2_ws/install/my_package/include/my_package/my_package/msg/detail
-- Installing: /home/chris/ros2_ws/install/my_package/include/my_package/my_package/msg/detail/dds_fastrtps
-- Installing: /home/chris/ros2_ws/install/my_package/include/my_package/my_package/msg/detail/address_book__rosidl_typesupport_fastrtps_cpp.hpp
-- Installing: /home/chris/ros2_ws/install/my_package/lib/libmy_package__rosidl_typesupport_fastrtps_cpp.so
-- Set runtime path of "/home/chris/ros2_ws/install/my_package/lib/libmy_package__rosidl_typesupport_fastrtps_cpp.so" to ""
-- Up-to-date: /home/chris/ros2_ws/install/my_package/include/my_package/my_package
-- Up-to-date: /home/chris/ros2_ws/install/my_package/include/my_package/my_package/msg
-- Up-to-date: /home/chris/ros2_ws/install/my_package/include/my_package/my_package/msg/detail
-- Installing: /home/chris/ros2_ws/install/my_package/include/my_package/my_package/msg/detail/address_book__rosidl_typesupport_introspection_cpp.hpp
-- Installing: /home/chris/ros2_ws/install/my_package/include/my_package/my_package/msg/detail/address_book__type_support.cpp
-- Installing: /home/chris/ros2_ws/install/my_package/lib/libmy_package__rosidl_typesupport_introspection_cpp.so
-- Set runtime path of "/home/chris/ros2_ws/install/my_package/lib/libmy_package__rosidl_typesupport_introspection_cpp.so" to ""
-- Installing: /home/chris/ros2_ws/install/my_package/lib/libmy_package__rosidl_typesupport_cpp.so
-- Set runtime path of "/home/chris/ros2_ws/install/my_package/lib/libmy_package__rosidl_typesupport_cpp.so" to ""
-- Installing: /home/chris/ros2_ws/install/my_package/share/my_package/environment/pythonpath.sh
-- Installing: /home/chris/ros2_ws/install/my_package/share/my_package/environment/pythonpath.dsv
-- Installing: /home/chris/ros2_ws/install/my_package/local/lib/python3.10/dist-packages/my_package-0.0.0-py3.10.egg-info
-- Installing: /home/chris/ros2_ws/install/my_package/local/lib/python3.10/dist-packages/my_package-0.0.0-py3.10.egg-info/dependency_links.txt
-- Installing: /home/chris/ros2_ws/install/my_package/local/lib/python3.10/dist-packages/my_package-0.0.0-py3.10.egg-info/PKG-INFO
-- Installing: /home/chris/ros2_ws/install/my_package/local/lib/python3.10/dist-packages/my_package-0.0.0-py3.10.egg-info/top_level.txt
-- Installing: /home/chris/ros2_ws/install/my_package/local/lib/python3.10/dist-packages/my_package-0.0.0-py3.10.egg-info/SOURCES.txt
-- Installing: /home/chris/ros2_ws/install/my_package/local/lib/python3.10/dist-packages/my_package
-- Installing: /home/chris/ros2_ws/install/my_package/local/lib/python3.10/dist-packages/my_package/_my_package_s.ep.rosidl_typesupport_introspection_c.c
-- Installing: /home/chris/ros2_ws/install/my_package/local/lib/python3.10/dist-packages/my_package/libmy_package__rosidl_generator_py.so
-- Installing: /home/chris/ros2_ws/install/my_package/local/lib/python3.10/dist-packages/my_package/_my_package_s.ep.rosidl_typesupport_c.c
-- Installing: /home/chris/ros2_ws/install/my_package/local/lib/python3.10/dist-packages/my_package/__init__.py
-- Installing: /home/chris/ros2_ws/install/my_package/local/lib/python3.10/dist-packages/my_package/my_package_s__rosidl_typesupport_introspection_c.cpython-310-x86_64-linux-gnu.so
-- Installing: /home/chris/ros2_ws/install/my_package/local/lib/python3.10/dist-packages/my_package/msg
-- Installing: /home/chris/ros2_ws/install/my_package/local/lib/python3.10/dist-packages/my_package/msg/_address_book.py
-- Installing: /home/chris/ros2_ws/install/my_package/local/lib/python3.10/dist-packages/my_package/msg/__init__.py
-- Installing: /home/chris/ros2_ws/install/my_package/local/lib/python3.10/dist-packages/my_package/msg/_address_book_s.c
-- Installing: /home/chris/ros2_ws/install/my_package/local/lib/python3.10/dist-packages/my_package/_my_package_s.ep.rosidl_typesupport_fastrtps_c.c
-- Installing: /home/chris/ros2_ws/install/my_package/local/lib/python3.10/dist-packages/my_package/my_package_s__rosidl_typesupport_fastrtps_c.cpython-310-x86_64-linux-gnu.so
-- Installing: /home/chris/ros2_ws/install/my_package/local/lib/python3.10/dist-packages/my_package/my_package_s__rosidl_typesupport_c.cpython-310-x86_64-linux-gnu.so
Listing '/home/chris/ros2_ws/install/my_package/local/lib/python3.10/dist-packages/my_package'...
Compiling '/home/chris/ros2_ws/install/my_package/local/lib/python3.10/dist-packages/my_package/__init__.py'...
Listing '/home/chris/ros2_ws/install/my_package/local/lib/python3.10/dist-packages/my_package/msg'...
Compiling '/home/chris/ros2_ws/install/my_package/local/lib/python3.10/dist-packages/my_package/msg/__init__.py'...
Compiling '/home/chris/ros2_ws/install/my_package/local/lib/python3.10/dist-packages/my_package/msg/_address_book.py'...
-- Installing: /home/chris/ros2_ws/install/my_package/local/lib/python3.10/dist-packages/my_package/my_package_s__rosidl_typesupport_fastrtps_c.cpython-310-x86_64-linux-gnu.so
-- Set runtime path of "/home/chris/ros2_ws/install/my_package/local/lib/python3.10/dist-packages/my_package/my_package_s__rosidl_typesupport_fastrtps_c.cpython-310-x86_64-linux-gnu.so" to ""
-- Installing: /home/chris/ros2_ws/install/my_package/local/lib/python3.10/dist-packages/my_package/my_package_s__rosidl_typesupport_introspection_c.cpython-310-x86_64-linux-gnu.so
-- Set runtime path of "/home/chris/ros2_ws/install/my_package/local/lib/python3.10/dist-packages/my_package/my_package_s__rosidl_typesupport_introspection_c.cpython-310-x86_64-linux-gnu.so" to ""
-- Installing: /home/chris/ros2_ws/install/my_package/local/lib/python3.10/dist-packages/my_package/my_package_s__rosidl_typesupport_c.cpython-310-x86_64-linux-gnu.so
-- Set runtime path of "/home/chris/ros2_ws/install/my_package/local/lib/python3.10/dist-packages/my_package/my_package_s__rosidl_typesupport_c.cpython-310-x86_64-linux-gnu.so" to ""
-- Installing: /home/chris/ros2_ws/install/my_package/lib/libmy_package__rosidl_generator_py.so
-- Set runtime path of "/home/chris/ros2_ws/install/my_package/lib/libmy_package__rosidl_generator_py.so" to ""
-- Installing: /home/chris/ros2_ws/install/my_package/share/my_package/msg/AddressBook.idl
-- Installing: /home/chris/ros2_ws/install/my_package/share/my_package/msg/AddressBook.msg
-- Installing: /home/chris/ros2_ws/install/my_package/lib/my_package/my_node
-- Installing: /home/chris/ros2_ws/install/my_package/share/ament_index/resource_index/package_run_dependencies/my_package
-- Installing: /home/chris/ros2_ws/install/my_package/share/ament_index/resource_index/parent_prefix_path/my_package
-- Up-to-date: /home/chris/ros2_ws/install/my_package/share/my_package/environment/ament_prefix_path.sh
-- Installing: /home/chris/ros2_ws/install/my_package/share/my_package/environment/ament_prefix_path.dsv
-- Up-to-date: /home/chris/ros2_ws/install/my_package/share/my_package/environment/path.sh
-- Installing: /home/chris/ros2_ws/install/my_package/share/my_package/environment/path.dsv
-- Up-to-date: /home/chris/ros2_ws/install/my_package/share/my_package/local_setup.bash
-- Installing: /home/chris/ros2_ws/install/my_package/share/my_package/local_setup.sh
-- Up-to-date: /home/chris/ros2_ws/install/my_package/share/my_package/local_setup.zsh
-- Installing: /home/chris/ros2_ws/install/my_package/share/my_package/local_setup.dsv
-- Installing: /home/chris/ros2_ws/install/my_package/share/my_package/package.dsv
-- Up-to-date: /home/chris/ros2_ws/install/my_package/share/ament_index/resource_index/packages/my_package
-- Installing: /home/chris/ros2_ws/install/my_package/share/my_package/cmake/export_my_package__rosidl_generator_cExport.cmake
-- Installing: /home/chris/ros2_ws/install/my_package/share/my_package/cmake/export_my_package__rosidl_generator_cExport-noconfig.cmake
-- Installing: /home/chris/ros2_ws/install/my_package/share/my_package/cmake/export_my_package__rosidl_typesupport_fastrtps_cExport.cmake
-- Installing: /home/chris/ros2_ws/install/my_package/share/my_package/cmake/export_my_package__rosidl_typesupport_fastrtps_cExport-noconfig.cmake
-- Installing: /home/chris/ros2_ws/install/my_package/share/my_package/cmake/my_package__rosidl_typesupport_introspection_cExport.cmake
-- Installing: /home/chris/ros2_ws/install/my_package/share/my_package/cmake/my_package__rosidl_typesupport_introspection_cExport-noconfig.cmake
-- Installing: /home/chris/ros2_ws/install/my_package/share/my_package/cmake/my_package__rosidl_typesupport_cExport.cmake
-- Installing: /home/chris/ros2_ws/install/my_package/share/my_package/cmake/my_package__rosidl_typesupport_cExport-noconfig.cmake
-- Installing: /home/chris/ros2_ws/install/my_package/share/my_package/cmake/export_my_package__rosidl_generator_cppExport.cmake
-- Installing: /home/chris/ros2_ws/install/my_package/share/my_package/cmake/export_my_package__rosidl_typesupport_fastrtps_cppExport.cmake
-- Installing: /home/chris/ros2_ws/install/my_package/share/my_package/cmake/export_my_package__rosidl_typesupport_fastrtps_cppExport-noconfig.cmake
-- Installing: /home/chris/ros2_ws/install/my_package/share/my_package/cmake/my_package__rosidl_typesupport_introspection_cppExport.cmake
-- Installing: /home/chris/ros2_ws/install/my_package/share/my_package/cmake/my_package__rosidl_typesupport_introspection_cppExport-noconfig.cmake
-- Installing: /home/chris/ros2_ws/install/my_package/share/my_package/cmake/my_package__rosidl_typesupport_cppExport.cmake
-- Installing: /home/chris/ros2_ws/install/my_package/share/my_package/cmake/my_package__rosidl_typesupport_cppExport-noconfig.cmake
-- Installing: /home/chris/ros2_ws/install/my_package/share/my_package/cmake/export_my_package__rosidl_generator_pyExport.cmake
-- Installing: /home/chris/ros2_ws/install/my_package/share/my_package/cmake/export_my_package__rosidl_generator_pyExport-noconfig.cmake
-- Installing: /home/chris/ros2_ws/install/my_package/share/my_package/cmake/rosidl_cmake-extras.cmake
-- Installing: /home/chris/ros2_ws/install/my_package/share/my_package/cmake/ament_cmake_export_include_directories-extras.cmake
-- Installing: /home/chris/ros2_ws/install/my_package/share/my_package/cmake/ament_cmake_export_libraries-extras.cmake
-- Installing: /home/chris/ros2_ws/install/my_package/share/my_package/cmake/ament_cmake_export_targets-extras.cmake
-- Installing: /home/chris/ros2_ws/install/my_package/share/my_package/cmake/rosidl_cmake_export_typesupport_targets-extras.cmake
-- Installing: /home/chris/ros2_ws/install/my_package/share/my_package/cmake/ament_cmake_export_dependencies-extras.cmake
-- Installing: /home/chris/ros2_ws/install/my_package/share/my_package/cmake/rosidl_cmake_export_typesupport_libraries-extras.cmake
-- Installing: /home/chris/ros2_ws/install/my_package/share/my_package/cmake/my_packageConfig.cmake
-- Up-to-date: /home/chris/ros2_ws/install/my_package/share/my_package/cmake/my_packageConfig-version.cmake
-- Installing: /home/chris/ros2_ws/install/my_package/share/my_package/package.xml
