[1.383s] Invoking command in '/home/chris/ros2_ws/build/my_package': CMAKE_PREFIX_PATH=${CMAKE_PREFIX_PATH}:/home/chris/ros2_ws/src/install/examples_rclpy_minimal_action_server:/home/chris/ros2_ws/install/launch_testing_examples:/home/chris/ros2_ws/install/examples_rclpy_pointcloud_publisher:/home/chris/ros2_ws/install/examples_rclpy_minimal_subscriber:/home/chris/ros2_ws/install/examples_rclpy_minimal_service:/home/chris/ros2_ws/install/examples_rclpy_minimal_publisher:/home/chris/ros2_ws/install/examples_rclpy_minimal_client:/home/chris/ros2_ws/install/examples_rclpy_minimal_action_server:/home/chris/ros2_ws/install/examples_rclpy_minimal_action_client:/home/chris/ros2_ws/install/examples_rclpy_guard_conditions:/home/chris/ros2_ws/install/examples_rclpy_executors:/opt/ros/humble /usr/bin/cmake --build /home/chris/ros2_ws/build/my_package -- -j20 -l20
[1.449s] -- Found ament_cmake: 1.3.6 (/opt/ros/humble/share/ament_cmake/cmake)
[1.587s] -- Found rosidl_default_generators: 1.2.0 (/opt/ros/humble/share/rosidl_default_generators/cmake)
[1.597s] -- Using all available rosidl_typesupport_c: rosidl_typesupport_fastrtps_c;rosidl_typesupport_introspection_c
[1.612s] -- Found rosidl_adapter: 3.1.5 (/opt/ros/humble/share/rosidl_adapter/cmake)
[1.662s] -- Using all available rosidl_typesupport_cpp: rosidl_typesupport_fastrtps_cpp;rosidl_typesupport_introspection_cpp
[1.911s] -- Found ament_cmake_ros: 0.10.0 (/opt/ros/humble/share/ament_cmake_ros/cmake)
[2.106s] -- Using all available rosidl_typesupport_c: rosidl_typesupport_fastrtps_c;rosidl_typesupport_introspection_c
[2.271s] -- Using all available rosidl_typesupport_cpp: rosidl_typesupport_fastrtps_cpp;rosidl_typesupport_introspection_cpp
[2.287s] -- Found PythonInterp: /usr/bin/python3 (found suitable version "3.10.12", minimum required is "3.6") 
[2.288s] -- Found python_cmake_module: 0.10.0 (/opt/ros/humble/share/python_cmake_module/cmake)
[2.306s] -- Found PythonLibs: /usr/lib/x86_64-linux-gnu/libpython3.10.so (found suitable version "3.10.12", minimum required is "3.5") 
[2.306s] -- Using PYTHON_EXECUTABLE: /usr/bin/python3
[2.306s] -- Using PYTHON_INCLUDE_DIRS: /usr/include/python3.10
[2.306s] -- Using PYTHON_LIBRARIES: /usr/lib/x86_64-linux-gnu/libpython3.10.so
[2.321s] -- Found PythonExtra: .so  
[2.348s] -- Found ament_lint_auto: 0.12.9 (/opt/ros/humble/share/ament_lint_auto/cmake)
[2.352s] -- Added test 'cppcheck' to perform static code analysis on C / C++ code
[2.352s] -- Configured cppcheck include dirs: $<BUILD_INTERFACE:/home/chris/ros2_ws/src/my_package/include>
[2.352s] -- Configured cppcheck exclude dirs and/or files: 
[2.352s] -- Added test 'lint_cmake' to check CMake code style
[2.353s] -- Added test 'uncrustify' to check C / C++ code style
[2.353s] -- Configured uncrustify additional arguments: 
[2.353s] -- Added test 'xmllint' to check XML markup files
[2.354s] -- Configuring done
[2.365s] -- Generating done
[2.367s] -- Build files have been written to: /home/chris/ros2_ws/build/my_package
[2.380s] [  3%] [34m[1mGenerating C code for ROS interfaces[0m
[2.381s] [35m[1mConsolidate compiler generated dependencies of target my_node[0m
[2.386s] [  6%] [34m[1mGenerating C++ code for ROS interfaces[0m
[2.386s] [  9%] [32mBuilding CXX object CMakeFiles/my_node.dir/src/my_node.cpp.o[0m
[2.390s] [  9%] Built target ament_cmake_python_copy_my_package
[2.402s] [ 12%] [32m[1mLinking CXX executable my_node[0m
[2.429s] [ 12%] Built target my_node
[2.532s] running egg_info
[2.532s] creating my_package.egg-info
[2.532s] writing my_package.egg-info/PKG-INFO
[2.532s] writing dependency_links to my_package.egg-info/dependency_links.txt
[2.533s] writing top-level names to my_package.egg-info/top_level.txt
[2.533s] writing manifest file 'my_package.egg-info/SOURCES.txt'
[2.534s] reading manifest file 'my_package.egg-info/SOURCES.txt'
[2.534s] writing manifest file 'my_package.egg-info/SOURCES.txt'
[2.535s] [ 12%] Built target my_package__cpp
[2.537s] [ 15%] [32mBuilding C object CMakeFiles/my_package__rosidl_generator_c.dir/rosidl_generator_c/my_package/msg/detail/address_book__functions.c.o[0m
[2.542s] [ 21%] [34m[1mGenerating C++ type support for eProsima Fast-RTPS[0m
[2.542s] [ 21%] [34m[1mGenerating C++ introspection for ROS interfaces[0m
[2.542s] [ 24%] [34m[1mGenerating C++ type support dispatch for ROS interfaces[0m
[2.553s] [ 24%] Built target ament_cmake_python_build_my_package_egg
[2.568s] [ 27%] [32m[1mLinking C shared library libmy_package__rosidl_generator_c.so[0m
[2.588s] [ 27%] Built target my_package__rosidl_generator_c
[2.594s] [ 36%] [34m[1mGenerating C type support for eProsima Fast-RTPS[0m
[2.594s] [ 36%] [34m[1mGenerating C type support dispatch for ROS interfaces[0m
[2.594s] [ 36%] [34m[1mGenerating C introspection for ROS interfaces[0m
[2.687s] [ 39%] [32mBuilding CXX object CMakeFiles/my_package__rosidl_typesupport_cpp.dir/rosidl_typesupport_cpp/my_package/msg/address_book__type_support.cpp.o[0m
[2.695s] [ 42%] [32mBuilding CXX object CMakeFiles/my_package__rosidl_typesupport_introspection_cpp.dir/rosidl_typesupport_introspection_cpp/my_package/msg/detail/address_book__type_support.cpp.o[0m
[2.706s] [ 45%] [32mBuilding CXX object CMakeFiles/my_package__rosidl_typesupport_fastrtps_cpp.dir/rosidl_typesupport_fastrtps_cpp/my_package/msg/detail/dds_fastrtps/address_book__type_support.cpp.o[0m
[2.739s] [ 48%] [32mBuilding CXX object CMakeFiles/my_package__rosidl_typesupport_c.dir/rosidl_typesupport_c/my_package/msg/address_book__type_support.cpp.o[0m
[2.749s] [ 51%] [32mBuilding C object CMakeFiles/my_package__rosidl_typesupport_introspection_c.dir/rosidl_typesupport_introspection_c/my_package/msg/detail/address_book__type_support.c.o[0m
[2.750s] [ 54%] [32mBuilding CXX object CMakeFiles/my_package__rosidl_typesupport_fastrtps_c.dir/rosidl_typesupport_fastrtps_c/my_package/msg/detail/address_book__type_support_c.cpp.o[0m
[2.755s] [ 57%] [32m[1mLinking CXX shared library libmy_package__rosidl_typesupport_c.so[0m
[2.767s] [ 60%] [32m[1mLinking C shared library libmy_package__rosidl_typesupport_introspection_c.so[0m
[2.777s] [ 60%] Built target my_package__rosidl_typesupport_c
[2.784s] [ 60%] Built target my_package__rosidl_typesupport_introspection_c
[2.823s] [ 63%] [32m[1mLinking CXX shared library libmy_package__rosidl_typesupport_cpp.so[0m
[2.846s] [ 63%] Built target my_package__rosidl_typesupport_cpp
[2.886s] [ 66%] [32m[1mLinking CXX shared library libmy_package__rosidl_typesupport_introspection_cpp.so[0m
[2.910s] [ 69%] [32m[1mLinking CXX shared library libmy_package__rosidl_typesupport_fastrtps_cpp.so[0m
[2.917s] [ 72%] [32m[1mLinking CXX shared library libmy_package__rosidl_typesupport_fastrtps_c.so[0m
[2.920s] [ 72%] Built target my_package__rosidl_typesupport_introspection_cpp
[2.950s] [ 72%] Built target my_package__rosidl_typesupport_fastrtps_cpp
[2.955s] [ 72%] Built target my_package__rosidl_typesupport_fastrtps_c
[2.964s] [ 72%] Built target my_package
[2.974s] [ 75%] [34m[1mGenerating Python code for ROS interfaces[0m
[3.135s] [ 75%] Built target my_package__py
[3.145s] [ 78%] [32mBuilding C object CMakeFiles/my_package__rosidl_generator_py.dir/rosidl_generator_py/my_package/msg/_address_book_s.c.o[0m
[3.194s] [ 81%] [32m[1mLinking C shared library rosidl_generator_py/my_package/libmy_package__rosidl_generator_py.so[0m
[3.215s] [ 81%] Built target my_package__rosidl_generator_py
[3.225s] [ 84%] [32mBuilding C object CMakeFiles/my_package__rosidl_typesupport_fastrtps_c__pyext.dir/rosidl_generator_py/my_package/_my_package_s.ep.rosidl_typesupport_fastrtps_c.c.o[0m
[3.225s] [ 90%] [32mBuilding C object CMakeFiles/my_package__rosidl_typesupport_c__pyext.dir/rosidl_generator_py/my_package/_my_package_s.ep.rosidl_typesupport_c.c.o[0m
[3.225s] [ 90%] [32mBuilding C object CMakeFiles/my_package__rosidl_typesupport_introspection_c__pyext.dir/rosidl_generator_py/my_package/_my_package_s.ep.rosidl_typesupport_introspection_c.c.o[0m
[3.272s] [100%] [32m[1mLinking C shared library rosidl_generator_py/my_package/my_package_s__rosidl_typesupport_fastrtps_c.cpython-310-x86_64-linux-gnu.so[0m
[3.272s] [100%] [32m[1mLinking C shared library rosidl_generator_py/my_package/my_package_s__rosidl_typesupport_c.cpython-310-x86_64-linux-gnu.so[0m
[3.272s] [100%] [32m[1mLinking C shared library rosidl_generator_py/my_package/my_package_s__rosidl_typesupport_introspection_c.cpython-310-x86_64-linux-gnu.so[0m
[3.288s] [100%] Built target my_package__rosidl_typesupport_introspection_c__pyext
[3.288s] [100%] Built target my_package__rosidl_typesupport_c__pyext
[3.288s] [100%] Built target my_package__rosidl_typesupport_fastrtps_c__pyext
[3.294s] Invoked command in '/home/chris/ros2_ws/build/my_package' returned '0': CMAKE_PREFIX_PATH=${CMAKE_PREFIX_PATH}:/home/chris/ros2_ws/src/install/examples_rclpy_minimal_action_server:/home/chris/ros2_ws/install/launch_testing_examples:/home/chris/ros2_ws/install/examples_rclpy_pointcloud_publisher:/home/chris/ros2_ws/install/examples_rclpy_minimal_subscriber:/home/chris/ros2_ws/install/examples_rclpy_minimal_service:/home/chris/ros2_ws/install/examples_rclpy_minimal_publisher:/home/chris/ros2_ws/install/examples_rclpy_minimal_client:/home/chris/ros2_ws/install/examples_rclpy_minimal_action_server:/home/chris/ros2_ws/install/examples_rclpy_minimal_action_client:/home/chris/ros2_ws/install/examples_rclpy_guard_conditions:/home/chris/ros2_ws/install/examples_rclpy_executors:/opt/ros/humble /usr/bin/cmake --build /home/chris/ros2_ws/build/my_package -- -j20 -l20
[3.328s] Invoking command in '/home/chris/ros2_ws/build/my_package': CMAKE_PREFIX_PATH=${CMAKE_PREFIX_PATH}:/home/chris/ros2_ws/src/install/examples_rclpy_minimal_action_server:/home/chris/ros2_ws/install/launch_testing_examples:/home/chris/ros2_ws/install/examples_rclpy_pointcloud_publisher:/home/chris/ros2_ws/install/examples_rclpy_minimal_subscriber:/home/chris/ros2_ws/install/examples_rclpy_minimal_service:/home/chris/ros2_ws/install/examples_rclpy_minimal_publisher:/home/chris/ros2_ws/install/examples_rclpy_minimal_client:/home/chris/ros2_ws/install/examples_rclpy_minimal_action_server:/home/chris/ros2_ws/install/examples_rclpy_minimal_action_client:/home/chris/ros2_ws/install/examples_rclpy_guard_conditions:/home/chris/ros2_ws/install/examples_rclpy_executors:/opt/ros/humble /usr/bin/cmake --install /home/chris/ros2_ws/build/my_package
[3.333s] -- Install configuration: ""
[3.333s] -- Installing: /home/chris/ros2_ws/install/my_package/share/ament_index/resource_index/rosidl_interfaces/my_package
[3.333s] -- Installing: /home/chris/ros2_ws/install/my_package/include/my_package/my_package
[3.333s] -- Installing: /home/chris/ros2_ws/install/my_package/include/my_package/my_package/msg
[3.333s] -- Installing: /home/chris/ros2_ws/install/my_package/include/my_package/my_package/msg/detail
[3.333s] -- Installing: /home/chris/ros2_ws/install/my_package/include/my_package/my_package/msg/detail/address_book__struct.h
[3.333s] -- Installing: /home/chris/ros2_ws/install/my_package/include/my_package/my_package/msg/detail/address_book__type_support.h
[3.333s] -- Installing: /home/chris/ros2_ws/install/my_package/include/my_package/my_package/msg/detail/address_book__functions.h
[3.333s] -- Installing: /home/chris/ros2_ws/install/my_package/include/my_package/my_package/msg/detail/address_book__functions.c
[3.333s] -- Installing: /home/chris/ros2_ws/install/my_package/include/my_package/my_package/msg/rosidl_generator_c__visibility_control.h
[3.333s] -- Installing: /home/chris/ros2_ws/install/my_package/include/my_package/my_package/msg/address_book.h
[3.333s] -- Installing: /home/chris/ros2_ws/install/my_package/share/my_package/environment/library_path.sh
[3.333s] -- Installing: /home/chris/ros2_ws/install/my_package/share/my_package/environment/library_path.dsv
[3.333s] -- Installing: /home/chris/ros2_ws/install/my_package/lib/libmy_package__rosidl_generator_c.so
[3.333s] -- Set runtime path of "/home/chris/ros2_ws/install/my_package/lib/libmy_package__rosidl_generator_c.so" to ""
[3.333s] -- Up-to-date: /home/chris/ros2_ws/install/my_package/include/my_package/my_package
[3.333s] -- Up-to-date: /home/chris/ros2_ws/install/my_package/include/my_package/my_package/msg
[3.333s] -- Installing: /home/chris/ros2_ws/install/my_package/include/my_package/my_package/msg/rosidl_typesupport_fastrtps_c__visibility_control.h
[3.333s] -- Up-to-date: /home/chris/ros2_ws/install/my_package/include/my_package/my_package/msg/detail
[3.333s] -- Installing: /home/chris/ros2_ws/install/my_package/include/my_package/my_package/msg/detail/address_book__rosidl_typesupport_fastrtps_c.h
[3.334s] -- Installing: /home/chris/ros2_ws/install/my_package/lib/libmy_package__rosidl_typesupport_fastrtps_c.so
[3.334s] -- Set runtime path of "/home/chris/ros2_ws/install/my_package/lib/libmy_package__rosidl_typesupport_fastrtps_c.so" to ""
[3.334s] -- Up-to-date: /home/chris/ros2_ws/install/my_package/include/my_package/my_package
[3.334s] -- Up-to-date: /home/chris/ros2_ws/install/my_package/include/my_package/my_package/msg
[3.334s] -- Up-to-date: /home/chris/ros2_ws/install/my_package/include/my_package/my_package/msg/detail
[3.334s] -- Installing: /home/chris/ros2_ws/install/my_package/include/my_package/my_package/msg/detail/address_book__type_support.c
[3.334s] -- Installing: /home/chris/ros2_ws/install/my_package/include/my_package/my_package/msg/detail/address_book__rosidl_typesupport_introspection_c.h
[3.334s] -- Installing: /home/chris/ros2_ws/install/my_package/include/my_package/my_package/msg/rosidl_typesupport_introspection_c__visibility_control.h
[3.334s] -- Installing: /home/chris/ros2_ws/install/my_package/lib/libmy_package__rosidl_typesupport_introspection_c.so
[3.334s] -- Set runtime path of "/home/chris/ros2_ws/install/my_package/lib/libmy_package__rosidl_typesupport_introspection_c.so" to ""
[3.334s] -- Installing: /home/chris/ros2_ws/install/my_package/lib/libmy_package__rosidl_typesupport_c.so
[3.334s] -- Set runtime path of "/home/chris/ros2_ws/install/my_package/lib/libmy_package__rosidl_typesupport_c.so" to ""
[3.334s] -- Up-to-date: /home/chris/ros2_ws/install/my_package/include/my_package/my_package
[3.334s] -- Up-to-date: /home/chris/ros2_ws/install/my_package/include/my_package/my_package/msg
[3.334s] -- Installing: /home/chris/ros2_ws/install/my_package/include/my_package/my_package/msg/address_book.hpp
[3.334s] -- Up-to-date: /home/chris/ros2_ws/install/my_package/include/my_package/my_package/msg/detail
[3.334s] -- Installing: /home/chris/ros2_ws/install/my_package/include/my_package/my_package/msg/detail/address_book__traits.hpp
[3.334s] -- Installing: /home/chris/ros2_ws/install/my_package/include/my_package/my_package/msg/detail/address_book__builder.hpp
[3.334s] -- Installing: /home/chris/ros2_ws/install/my_package/include/my_package/my_package/msg/detail/address_book__struct.hpp
[3.334s] -- Up-to-date: /home/chris/ros2_ws/install/my_package/include/my_package/my_package
[3.334s] -- Up-to-date: /home/chris/ros2_ws/install/my_package/include/my_package/my_package/msg
[3.334s] -- Installing: /home/chris/ros2_ws/install/my_package/include/my_package/my_package/msg/rosidl_typesupport_fastrtps_cpp__visibility_control.h
[3.334s] -- Up-to-date: /home/chris/ros2_ws/install/my_package/include/my_package/my_package/msg/detail
[3.334s] -- Installing: /home/chris/ros2_ws/install/my_package/include/my_package/my_package/msg/detail/dds_fastrtps
[3.334s] -- Installing: /home/chris/ros2_ws/install/my_package/include/my_package/my_package/msg/detail/address_book__rosidl_typesupport_fastrtps_cpp.hpp
[3.335s] -- Installing: /home/chris/ros2_ws/install/my_package/lib/libmy_package__rosidl_typesupport_fastrtps_cpp.so
[3.335s] -- Set runtime path of "/home/chris/ros2_ws/install/my_package/lib/libmy_package__rosidl_typesupport_fastrtps_cpp.so" to ""
[3.335s] -- Up-to-date: /home/chris/ros2_ws/install/my_package/include/my_package/my_package
[3.335s] -- Up-to-date: /home/chris/ros2_ws/install/my_package/include/my_package/my_package/msg
[3.335s] -- Up-to-date: /home/chris/ros2_ws/install/my_package/include/my_package/my_package/msg/detail
[3.335s] -- Installing: /home/chris/ros2_ws/install/my_package/include/my_package/my_package/msg/detail/address_book__rosidl_typesupport_introspection_cpp.hpp
[3.335s] -- Installing: /home/chris/ros2_ws/install/my_package/include/my_package/my_package/msg/detail/address_book__type_support.cpp
[3.335s] -- Installing: /home/chris/ros2_ws/install/my_package/lib/libmy_package__rosidl_typesupport_introspection_cpp.so
[3.335s] -- Set runtime path of "/home/chris/ros2_ws/install/my_package/lib/libmy_package__rosidl_typesupport_introspection_cpp.so" to ""
[3.335s] -- Installing: /home/chris/ros2_ws/install/my_package/lib/libmy_package__rosidl_typesupport_cpp.so
[3.335s] -- Set runtime path of "/home/chris/ros2_ws/install/my_package/lib/libmy_package__rosidl_typesupport_cpp.so" to ""
[3.335s] -- Installing: /home/chris/ros2_ws/install/my_package/share/my_package/environment/pythonpath.sh
[3.335s] -- Installing: /home/chris/ros2_ws/install/my_package/share/my_package/environment/pythonpath.dsv
[3.335s] -- Installing: /home/chris/ros2_ws/install/my_package/local/lib/python3.10/dist-packages/my_package-0.0.0-py3.10.egg-info
[3.335s] -- Installing: /home/chris/ros2_ws/install/my_package/local/lib/python3.10/dist-packages/my_package-0.0.0-py3.10.egg-info/dependency_links.txt
[3.335s] -- Installing: /home/chris/ros2_ws/install/my_package/local/lib/python3.10/dist-packages/my_package-0.0.0-py3.10.egg-info/PKG-INFO
[3.335s] -- Installing: /home/chris/ros2_ws/install/my_package/local/lib/python3.10/dist-packages/my_package-0.0.0-py3.10.egg-info/top_level.txt
[3.335s] -- Installing: /home/chris/ros2_ws/install/my_package/local/lib/python3.10/dist-packages/my_package-0.0.0-py3.10.egg-info/SOURCES.txt
[3.335s] -- Installing: /home/chris/ros2_ws/install/my_package/local/lib/python3.10/dist-packages/my_package
[3.335s] -- Installing: /home/chris/ros2_ws/install/my_package/local/lib/python3.10/dist-packages/my_package/_my_package_s.ep.rosidl_typesupport_introspection_c.c
[3.335s] -- Installing: /home/chris/ros2_ws/install/my_package/local/lib/python3.10/dist-packages/my_package/libmy_package__rosidl_generator_py.so
[3.335s] -- Installing: /home/chris/ros2_ws/install/my_package/local/lib/python3.10/dist-packages/my_package/_my_package_s.ep.rosidl_typesupport_c.c
[3.335s] -- Installing: /home/chris/ros2_ws/install/my_package/local/lib/python3.10/dist-packages/my_package/__init__.py
[3.335s] -- Installing: /home/chris/ros2_ws/install/my_package/local/lib/python3.10/dist-packages/my_package/my_package_s__rosidl_typesupport_introspection_c.cpython-310-x86_64-linux-gnu.so
[3.335s] -- Installing: /home/chris/ros2_ws/install/my_package/local/lib/python3.10/dist-packages/my_package/msg
[3.335s] -- Installing: /home/chris/ros2_ws/install/my_package/local/lib/python3.10/dist-packages/my_package/msg/_address_book.py
[3.336s] -- Installing: /home/chris/ros2_ws/install/my_package/local/lib/python3.10/dist-packages/my_package/msg/__init__.py
[3.336s] -- Installing: /home/chris/ros2_ws/install/my_package/local/lib/python3.10/dist-packages/my_package/msg/_address_book_s.c
[3.336s] -- Installing: /home/chris/ros2_ws/install/my_package/local/lib/python3.10/dist-packages/my_package/_my_package_s.ep.rosidl_typesupport_fastrtps_c.c
[3.336s] -- Installing: /home/chris/ros2_ws/install/my_package/local/lib/python3.10/dist-packages/my_package/my_package_s__rosidl_typesupport_fastrtps_c.cpython-310-x86_64-linux-gnu.so
[3.336s] -- Installing: /home/chris/ros2_ws/install/my_package/local/lib/python3.10/dist-packages/my_package/my_package_s__rosidl_typesupport_c.cpython-310-x86_64-linux-gnu.so
[3.359s] Listing '/home/chris/ros2_ws/install/my_package/local/lib/python3.10/dist-packages/my_package'...
[3.360s] Compiling '/home/chris/ros2_ws/install/my_package/local/lib/python3.10/dist-packages/my_package/__init__.py'...
[3.360s] Listing '/home/chris/ros2_ws/install/my_package/local/lib/python3.10/dist-packages/my_package/msg'...
[3.360s] Compiling '/home/chris/ros2_ws/install/my_package/local/lib/python3.10/dist-packages/my_package/msg/__init__.py'...
[3.360s] Compiling '/home/chris/ros2_ws/install/my_package/local/lib/python3.10/dist-packages/my_package/msg/_address_book.py'...
[3.362s] -- Installing: /home/chris/ros2_ws/install/my_package/local/lib/python3.10/dist-packages/my_package/my_package_s__rosidl_typesupport_fastrtps_c.cpython-310-x86_64-linux-gnu.so
[3.362s] -- Set runtime path of "/home/chris/ros2_ws/install/my_package/local/lib/python3.10/dist-packages/my_package/my_package_s__rosidl_typesupport_fastrtps_c.cpython-310-x86_64-linux-gnu.so" to ""
[3.362s] -- Installing: /home/chris/ros2_ws/install/my_package/local/lib/python3.10/dist-packages/my_package/my_package_s__rosidl_typesupport_introspection_c.cpython-310-x86_64-linux-gnu.so
[3.362s] -- Set runtime path of "/home/chris/ros2_ws/install/my_package/local/lib/python3.10/dist-packages/my_package/my_package_s__rosidl_typesupport_introspection_c.cpython-310-x86_64-linux-gnu.so" to ""
[3.362s] -- Installing: /home/chris/ros2_ws/install/my_package/local/lib/python3.10/dist-packages/my_package/my_package_s__rosidl_typesupport_c.cpython-310-x86_64-linux-gnu.so
[3.362s] -- Set runtime path of "/home/chris/ros2_ws/install/my_package/local/lib/python3.10/dist-packages/my_package/my_package_s__rosidl_typesupport_c.cpython-310-x86_64-linux-gnu.so" to ""
[3.362s] -- Installing: /home/chris/ros2_ws/install/my_package/lib/libmy_package__rosidl_generator_py.so
[3.363s] -- Set runtime path of "/home/chris/ros2_ws/install/my_package/lib/libmy_package__rosidl_generator_py.so" to ""
[3.363s] -- Installing: /home/chris/ros2_ws/install/my_package/share/my_package/msg/AddressBook.idl
[3.363s] -- Installing: /home/chris/ros2_ws/install/my_package/share/my_package/msg/AddressBook.msg
[3.363s] -- Installing: /home/chris/ros2_ws/install/my_package/lib/my_package/my_node
[3.363s] -- Installing: /home/chris/ros2_ws/install/my_package/share/ament_index/resource_index/package_run_dependencies/my_package
[3.363s] -- Installing: /home/chris/ros2_ws/install/my_package/share/ament_index/resource_index/parent_prefix_path/my_package
[3.363s] -- Up-to-date: /home/chris/ros2_ws/install/my_package/share/my_package/environment/ament_prefix_path.sh
[3.363s] -- Installing: /home/chris/ros2_ws/install/my_package/share/my_package/environment/ament_prefix_path.dsv
[3.363s] -- Up-to-date: /home/chris/ros2_ws/install/my_package/share/my_package/environment/path.sh
[3.363s] -- Installing: /home/chris/ros2_ws/install/my_package/share/my_package/environment/path.dsv
[3.363s] -- Up-to-date: /home/chris/ros2_ws/install/my_package/share/my_package/local_setup.bash
[3.363s] -- Installing: /home/chris/ros2_ws/install/my_package/share/my_package/local_setup.sh
[3.363s] -- Up-to-date: /home/chris/ros2_ws/install/my_package/share/my_package/local_setup.zsh
[3.363s] -- Installing: /home/chris/ros2_ws/install/my_package/share/my_package/local_setup.dsv
[3.363s] -- Installing: /home/chris/ros2_ws/install/my_package/share/my_package/package.dsv
[3.363s] -- Up-to-date: /home/chris/ros2_ws/install/my_package/share/ament_index/resource_index/packages/my_package
[3.363s] -- Installing: /home/chris/ros2_ws/install/my_package/share/my_package/cmake/export_my_package__rosidl_generator_cExport.cmake
[3.363s] -- Installing: /home/chris/ros2_ws/install/my_package/share/my_package/cmake/export_my_package__rosidl_generator_cExport-noconfig.cmake
[3.363s] -- Installing: /home/chris/ros2_ws/install/my_package/share/my_package/cmake/export_my_package__rosidl_typesupport_fastrtps_cExport.cmake
[3.363s] -- Installing: /home/chris/ros2_ws/install/my_package/share/my_package/cmake/export_my_package__rosidl_typesupport_fastrtps_cExport-noconfig.cmake
[3.363s] -- Installing: /home/chris/ros2_ws/install/my_package/share/my_package/cmake/my_package__rosidl_typesupport_introspection_cExport.cmake
[3.363s] -- Installing: /home/chris/ros2_ws/install/my_package/share/my_package/cmake/my_package__rosidl_typesupport_introspection_cExport-noconfig.cmake
[3.363s] -- Installing: /home/chris/ros2_ws/install/my_package/share/my_package/cmake/my_package__rosidl_typesupport_cExport.cmake
[3.363s] -- Installing: /home/chris/ros2_ws/install/my_package/share/my_package/cmake/my_package__rosidl_typesupport_cExport-noconfig.cmake
[3.363s] -- Installing: /home/chris/ros2_ws/install/my_package/share/my_package/cmake/export_my_package__rosidl_generator_cppExport.cmake
[3.363s] -- Installing: /home/chris/ros2_ws/install/my_package/share/my_package/cmake/export_my_package__rosidl_typesupport_fastrtps_cppExport.cmake
[3.363s] -- Installing: /home/chris/ros2_ws/install/my_package/share/my_package/cmake/export_my_package__rosidl_typesupport_fastrtps_cppExport-noconfig.cmake
[3.363s] -- Installing: /home/chris/ros2_ws/install/my_package/share/my_package/cmake/my_package__rosidl_typesupport_introspection_cppExport.cmake
[3.364s] -- Installing: /home/chris/ros2_ws/install/my_package/share/my_package/cmake/my_package__rosidl_typesupport_introspection_cppExport-noconfig.cmake
[3.364s] -- Installing: /home/chris/ros2_ws/install/my_package/share/my_package/cmake/my_package__rosidl_typesupport_cppExport.cmake
[3.364s] -- Installing: /home/chris/ros2_ws/install/my_package/share/my_package/cmake/my_package__rosidl_typesupport_cppExport-noconfig.cmake
[3.364s] -- Installing: /home/chris/ros2_ws/install/my_package/share/my_package/cmake/export_my_package__rosidl_generator_pyExport.cmake
[3.364s] -- Installing: /home/chris/ros2_ws/install/my_package/share/my_package/cmake/export_my_package__rosidl_generator_pyExport-noconfig.cmake
[3.364s] -- Installing: /home/chris/ros2_ws/install/my_package/share/my_package/cmake/rosidl_cmake-extras.cmake
[3.364s] -- Installing: /home/chris/ros2_ws/install/my_package/share/my_package/cmake/ament_cmake_export_include_directories-extras.cmake
[3.364s] -- Installing: /home/chris/ros2_ws/install/my_package/share/my_package/cmake/ament_cmake_export_libraries-extras.cmake
[3.364s] -- Installing: /home/chris/ros2_ws/install/my_package/share/my_package/cmake/ament_cmake_export_targets-extras.cmake
[3.364s] -- Installing: /home/chris/ros2_ws/install/my_package/share/my_package/cmake/rosidl_cmake_export_typesupport_targets-extras.cmake
[3.364s] -- Installing: /home/chris/ros2_ws/install/my_package/share/my_package/cmake/ament_cmake_export_dependencies-extras.cmake
[3.364s] -- Installing: /home/chris/ros2_ws/install/my_package/share/my_package/cmake/rosidl_cmake_export_typesupport_libraries-extras.cmake
[3.364s] -- Installing: /home/chris/ros2_ws/install/my_package/share/my_package/cmake/my_packageConfig.cmake
[3.364s] -- Up-to-date: /home/chris/ros2_ws/install/my_package/share/my_package/cmake/my_packageConfig-version.cmake
[3.364s] -- Installing: /home/chris/ros2_ws/install/my_package/share/my_package/package.xml
[3.366s] Invoked command in '/home/chris/ros2_ws/build/my_package' returned '0': CMAKE_PREFIX_PATH=${CMAKE_PREFIX_PATH}:/home/chris/ros2_ws/src/install/examples_rclpy_minimal_action_server:/home/chris/ros2_ws/install/launch_testing_examples:/home/chris/ros2_ws/install/examples_rclpy_pointcloud_publisher:/home/chris/ros2_ws/install/examples_rclpy_minimal_subscriber:/home/chris/ros2_ws/install/examples_rclpy_minimal_service:/home/chris/ros2_ws/install/examples_rclpy_minimal_publisher:/home/chris/ros2_ws/install/examples_rclpy_minimal_client:/home/chris/ros2_ws/install/examples_rclpy_minimal_action_server:/home/chris/ros2_ws/install/examples_rclpy_minimal_action_client:/home/chris/ros2_ws/install/examples_rclpy_guard_conditions:/home/chris/ros2_ws/install/examples_rclpy_executors:/opt/ros/humble /usr/bin/cmake --install /home/chris/ros2_ws/build/my_package
