[0.539s] Invoking command in '/home/chris/rostut/build/examples_rclcpp_async_client': CMAKE_PREFIX_PATH=${CMAKE_PREFIX_PATH}:/home/chris/rostut/install/launch_testing_examples:/home/chris/rostut/install/examples_rclpy_pointcloud_publisher:/home/chris/rostut/install/examples_rclpy_minimal_subscriber:/home/chris/rostut/install/examples_rclpy_minimal_service:/home/chris/rostut/install/examples_rclpy_minimal_publisher:/home/chris/rostut/install/examples_rclpy_minimal_client:/home/chris/rostut/install/examples_rclpy_minimal_action_server:/home/chris/rostut/install/examples_rclpy_minimal_action_client:/home/chris/rostut/install/examples_rclpy_guard_conditions:/home/chris/rostut/install/examples_rclpy_executors:/opt/ros/humble /usr/bin/cmake --build /home/chris/rostut/build/examples_rclcpp_async_client -- -j20 -l20
[1.259s] [100%] Built target client_main
[1.271s] Invoked command in '/home/chris/rostut/build/examples_rclcpp_async_client' returned '0': CMAKE_PREFIX_PATH=${CMAKE_PREFIX_PATH}:/home/chris/rostut/install/launch_testing_examples:/home/chris/rostut/install/examples_rclpy_pointcloud_publisher:/home/chris/rostut/install/examples_rclpy_minimal_subscriber:/home/chris/rostut/install/examples_rclpy_minimal_service:/home/chris/rostut/install/examples_rclpy_minimal_publisher:/home/chris/rostut/install/examples_rclpy_minimal_client:/home/chris/rostut/install/examples_rclpy_minimal_action_server:/home/chris/rostut/install/examples_rclpy_minimal_action_client:/home/chris/rostut/install/examples_rclpy_guard_conditions:/home/chris/rostut/install/examples_rclpy_executors:/opt/ros/humble /usr/bin/cmake --build /home/chris/rostut/build/examples_rclcpp_async_client -- -j20 -l20
[1.317s] Invoking command in '/home/chris/rostut/build/examples_rclcpp_async_client': CMAKE_PREFIX_PATH=${CMAKE_PREFIX_PATH}:/home/chris/rostut/install/launch_testing_examples:/home/chris/rostut/install/examples_rclpy_pointcloud_publisher:/home/chris/rostut/install/examples_rclpy_minimal_subscriber:/home/chris/rostut/install/examples_rclpy_minimal_service:/home/chris/rostut/install/examples_rclpy_minimal_publisher:/home/chris/rostut/install/examples_rclpy_minimal_client:/home/chris/rostut/install/examples_rclpy_minimal_action_server:/home/chris/rostut/install/examples_rclpy_minimal_action_client:/home/chris/rostut/install/examples_rclpy_guard_conditions:/home/chris/rostut/install/examples_rclpy_executors:/opt/ros/humble /usr/bin/cmake --install /home/chris/rostut/build/examples_rclcpp_async_client
[1.342s] -- Install configuration: ""
[1.342s] -- Execute custom install script
[1.342s] -- Up-to-date symlink: /home/chris/rostut/install/examples_rclcpp_async_client/lib/examples_rclcpp_async_client/client_main
[1.343s] -- Up-to-date symlink: /home/chris/rostut/install/examples_rclcpp_async_client/share/ament_index/resource_index/package_run_dependencies/examples_rclcpp_async_client
[1.343s] -- Up-to-date symlink: /home/chris/rostut/install/examples_rclcpp_async_client/share/ament_index/resource_index/parent_prefix_path/examples_rclcpp_async_client
[1.343s] -- Up-to-date symlink: /home/chris/rostut/install/examples_rclcpp_async_client/share/examples_rclcpp_async_client/environment/ament_prefix_path.sh
[1.343s] -- Up-to-date symlink: /home/chris/rostut/install/examples_rclcpp_async_client/share/examples_rclcpp_async_client/environment/ament_prefix_path.dsv
[1.343s] -- Up-to-date symlink: /home/chris/rostut/install/examples_rclcpp_async_client/share/examples_rclcpp_async_client/environment/path.sh
[1.343s] -- Up-to-date symlink: /home/chris/rostut/install/examples_rclcpp_async_client/share/examples_rclcpp_async_client/environment/path.dsv
[1.343s] -- Up-to-date symlink: /home/chris/rostut/install/examples_rclcpp_async_client/share/examples_rclcpp_async_client/local_setup.bash
[1.343s] -- Up-to-date symlink: /home/chris/rostut/install/examples_rclcpp_async_client/share/examples_rclcpp_async_client/local_setup.sh
[1.344s] -- Up-to-date symlink: /home/chris/rostut/install/examples_rclcpp_async_client/share/examples_rclcpp_async_client/local_setup.zsh
[1.344s] -- Up-to-date symlink: /home/chris/rostut/install/examples_rclcpp_async_client/share/examples_rclcpp_async_client/local_setup.dsv
[1.344s] -- Symlinking: /home/chris/rostut/install/examples_rclcpp_async_client/share/examples_rclcpp_async_client/package.dsv
[1.349s] -- Up-to-date symlink: /home/chris/rostut/install/examples_rclcpp_async_client/share/ament_index/resource_index/packages/examples_rclcpp_async_client
[1.350s] -- Up-to-date symlink: /home/chris/rostut/install/examples_rclcpp_async_client/share/examples_rclcpp_async_client/cmake/examples_rclcpp_async_clientConfig.cmake
[1.350s] -- Up-to-date symlink: /home/chris/rostut/install/examples_rclcpp_async_client/share/examples_rclcpp_async_client/cmake/examples_rclcpp_async_clientConfig-version.cmake
[1.350s] -- Up-to-date symlink: /home/chris/rostut/install/examples_rclcpp_async_client/share/examples_rclcpp_async_client/package.xml
[1.460s] Invoked command in '/home/chris/rostut/build/examples_rclcpp_async_client' returned '0': CMAKE_PREFIX_PATH=${CMAKE_PREFIX_PATH}:/home/chris/rostut/install/launch_testing_examples:/home/chris/rostut/install/examples_rclpy_pointcloud_publisher:/home/chris/rostut/install/examples_rclpy_minimal_subscriber:/home/chris/rostut/install/examples_rclpy_minimal_service:/home/chris/rostut/install/examples_rclpy_minimal_publisher:/home/chris/rostut/install/examples_rclpy_minimal_client:/home/chris/rostut/install/examples_rclpy_minimal_action_server:/home/chris/rostut/install/examples_rclpy_minimal_action_client:/home/chris/rostut/install/examples_rclpy_guard_conditions:/home/chris/rostut/install/examples_rclpy_executors:/opt/ros/humble /usr/bin/cmake --install /home/chris/rostut/build/examples_rclcpp_async_client
