[2.898s] Invoking command in '/home/chris/rostut/build/examples_rclpy_minimal_service': PYTHONPATH=/home/chris/rostut/build/examples_rclpy_minimal_service/prefix_override:/home/chris/rostut/install/examples_rclpy_minimal_service/lib/python3.10/site-packages:${PYTHONPATH} /usr/bin/python3 setup.py develop --uninstall --editable --build-directory /home/chris/rostut/build/examples_rclpy_minimal_service/build
[3.259s] running develop
[3.259s] /usr/lib/python3/dist-packages/setuptools/command/easy_install.py:158: EasyInstallDeprecationWarning: easy_install command is deprecated. Use build and pip and other standards-based tools.
[3.259s]   warnings.warn(
[3.261s] /usr/lib/python3/dist-packages/setuptools/command/install.py:34: SetuptoolsDeprecationWarning: setup.py install is deprecated. Use build and pip and other standards-based tools.
[3.261s]   warnings.warn(
[3.356s] Removing /home/chris/rostut/install/examples_rclpy_minimal_service/lib/python3.10/site-packages/examples-rclpy-minimal-service.egg-link (link to .)
[3.967s] Invoked command in '/home/chris/rostut/build/examples_rclpy_minimal_service' returned '0': PYTHONPATH=/home/chris/rostut/build/examples_rclpy_minimal_service/prefix_override:/home/chris/rostut/install/examples_rclpy_minimal_service/lib/python3.10/site-packages:${PYTHONPATH} /usr/bin/python3 setup.py develop --uninstall --editable --build-directory /home/chris/rostut/build/examples_rclpy_minimal_service/build
[3.968s] Invoking command in '/home/chris/rostut/src/examples/rclpy/services/minimal_service': PYTHONPATH=/home/chris/rostut/build/examples_rclpy_minimal_service/prefix_override:/home/chris/rostut/install/examples_rclpy_minimal_service/lib/python3.10/site-packages:${PYTHONPATH} /usr/bin/python3 setup.py egg_info --egg-base ../../../../../build/examples_rclpy_minimal_service build --build-base /home/chris/rostut/build/examples_rclpy_minimal_service/build install --record /home/chris/rostut/build/examples_rclpy_minimal_service/install.log --single-version-externally-managed
[4.311s] running egg_info
[4.312s] writing ../../../../../build/examples_rclpy_minimal_service/examples_rclpy_minimal_service.egg-info/PKG-INFO
[4.312s] writing dependency_links to ../../../../../build/examples_rclpy_minimal_service/examples_rclpy_minimal_service.egg-info/dependency_links.txt
[4.312s] writing entry points to ../../../../../build/examples_rclpy_minimal_service/examples_rclpy_minimal_service.egg-info/entry_points.txt
[4.313s] writing requirements to ../../../../../build/examples_rclpy_minimal_service/examples_rclpy_minimal_service.egg-info/requires.txt
[4.313s] writing top-level names to ../../../../../build/examples_rclpy_minimal_service/examples_rclpy_minimal_service.egg-info/top_level.txt
[4.315s] reading manifest file '../../../../../build/examples_rclpy_minimal_service/examples_rclpy_minimal_service.egg-info/SOURCES.txt'
[4.317s] writing manifest file '../../../../../build/examples_rclpy_minimal_service/examples_rclpy_minimal_service.egg-info/SOURCES.txt'
[4.317s] running build
[4.317s] running build_py
[4.317s] creating /home/chris/rostut/build/examples_rclpy_minimal_service/build
[4.317s] creating /home/chris/rostut/build/examples_rclpy_minimal_service/build/lib
[4.317s] creating /home/chris/rostut/build/examples_rclpy_minimal_service/build/lib/examples_rclpy_minimal_service
[4.317s] copying examples_rclpy_minimal_service/service_member_function.py -> /home/chris/rostut/build/examples_rclpy_minimal_service/build/lib/examples_rclpy_minimal_service
[4.317s] copying examples_rclpy_minimal_service/__init__.py -> /home/chris/rostut/build/examples_rclpy_minimal_service/build/lib/examples_rclpy_minimal_service
[4.317s] copying examples_rclpy_minimal_service/service.py -> /home/chris/rostut/build/examples_rclpy_minimal_service/build/lib/examples_rclpy_minimal_service
[4.317s] running install
[4.318s] /usr/lib/python3/dist-packages/setuptools/command/install.py:34: SetuptoolsDeprecationWarning: setup.py install is deprecated. Use build and pip and other standards-based tools.
[4.318s]   warnings.warn(
[4.318s] running install_lib
[4.320s] creating /home/chris/rostut/install/examples_rclpy_minimal_service/lib/python3.10/site-packages/examples_rclpy_minimal_service
[4.320s] copying /home/chris/rostut/build/examples_rclpy_minimal_service/build/lib/examples_rclpy_minimal_service/service_member_function.py -> /home/chris/rostut/install/examples_rclpy_minimal_service/lib/python3.10/site-packages/examples_rclpy_minimal_service
[4.320s] copying /home/chris/rostut/build/examples_rclpy_minimal_service/build/lib/examples_rclpy_minimal_service/__init__.py -> /home/chris/rostut/install/examples_rclpy_minimal_service/lib/python3.10/site-packages/examples_rclpy_minimal_service
[4.320s] copying /home/chris/rostut/build/examples_rclpy_minimal_service/build/lib/examples_rclpy_minimal_service/service.py -> /home/chris/rostut/install/examples_rclpy_minimal_service/lib/python3.10/site-packages/examples_rclpy_minimal_service
[4.320s] byte-compiling /home/chris/rostut/install/examples_rclpy_minimal_service/lib/python3.10/site-packages/examples_rclpy_minimal_service/service_member_function.py to service_member_function.cpython-310.pyc
[4.321s] byte-compiling /home/chris/rostut/install/examples_rclpy_minimal_service/lib/python3.10/site-packages/examples_rclpy_minimal_service/__init__.py to __init__.cpython-310.pyc
[4.321s] byte-compiling /home/chris/rostut/install/examples_rclpy_minimal_service/lib/python3.10/site-packages/examples_rclpy_minimal_service/service.py to service.cpython-310.pyc
[4.321s] running install_data
[4.322s] running install_egg_info
[4.324s] Copying ../../../../../build/examples_rclpy_minimal_service/examples_rclpy_minimal_service.egg-info to /home/chris/rostut/install/examples_rclpy_minimal_service/lib/python3.10/site-packages/examples_rclpy_minimal_service-0.15.1-py3.10.egg-info
[4.325s] running install_scripts
[4.353s] Installing service script to /home/chris/rostut/install/examples_rclpy_minimal_service/lib/examples_rclpy_minimal_service
[4.353s] Installing service_member_function script to /home/chris/rostut/install/examples_rclpy_minimal_service/lib/examples_rclpy_minimal_service
[4.353s] writing list of installed files to '/home/chris/rostut/build/examples_rclpy_minimal_service/install.log'
[4.373s] Invoked command in '/home/chris/rostut/src/examples/rclpy/services/minimal_service' returned '0': PYTHONPATH=/home/chris/rostut/build/examples_rclpy_minimal_service/prefix_override:/home/chris/rostut/install/examples_rclpy_minimal_service/lib/python3.10/site-packages:${PYTHONPATH} /usr/bin/python3 setup.py egg_info --egg-base ../../../../../build/examples_rclpy_minimal_service build --build-base /home/chris/rostut/build/examples_rclpy_minimal_service/build install --record /home/chris/rostut/build/examples_rclpy_minimal_service/install.log --single-version-externally-managed
