[2.134s] Invoking command in '/home/chris/rostut/src/examples/rclpy/topics/pointcloud_publisher': PYTHONPATH=/home/chris/rostut/build/examples_rclpy_pointcloud_publisher/prefix_override:/home/chris/rostut/install/examples_rclpy_pointcloud_publisher/lib/python3.10/site-packages:${PYTHONPATH} /usr/bin/python3 setup.py egg_info --egg-base ../../../../../build/examples_rclpy_pointcloud_publisher build --build-base /home/chris/rostut/build/examples_rclpy_pointcloud_publisher/build install --record /home/chris/rostut/build/examples_rclpy_pointcloud_publisher/install.log --single-version-externally-managed
[2.309s] running egg_info
[2.309s] creating ../../../../../build/examples_rclpy_pointcloud_publisher/examples_rclpy_pointcloud_publisher.egg-info
[2.309s] writing ../../../../../build/examples_rclpy_pointcloud_publisher/examples_rclpy_pointcloud_publisher.egg-info/PKG-INFO
[2.310s] writing dependency_links to ../../../../../build/examples_rclpy_pointcloud_publisher/examples_rclpy_pointcloud_publisher.egg-info/dependency_links.txt
[2.310s] writing entry points to ../../../../../build/examples_rclpy_pointcloud_publisher/examples_rclpy_pointcloud_publisher.egg-info/entry_points.txt
[2.310s] writing requirements to ../../../../../build/examples_rclpy_pointcloud_publisher/examples_rclpy_pointcloud_publisher.egg-info/requires.txt
[2.310s] writing top-level names to ../../../../../build/examples_rclpy_pointcloud_publisher/examples_rclpy_pointcloud_publisher.egg-info/top_level.txt
[2.310s] writing manifest file '../../../../../build/examples_rclpy_pointcloud_publisher/examples_rclpy_pointcloud_publisher.egg-info/SOURCES.txt'
[2.311s] reading manifest file '../../../../../build/examples_rclpy_pointcloud_publisher/examples_rclpy_pointcloud_publisher.egg-info/SOURCES.txt'
[2.312s] writing manifest file '../../../../../build/examples_rclpy_pointcloud_publisher/examples_rclpy_pointcloud_publisher.egg-info/SOURCES.txt'
[2.312s] running build
[2.312s] running build_py
[2.312s] creating /home/chris/rostut/build/examples_rclpy_pointcloud_publisher/build
[2.312s] creating /home/chris/rostut/build/examples_rclpy_pointcloud_publisher/build/lib
[2.312s] creating /home/chris/rostut/build/examples_rclpy_pointcloud_publisher/build/lib/examples_rclpy_pointcloud_publisher
[2.312s] copying examples_rclpy_pointcloud_publisher/pointcloud_publisher.py -> /home/chris/rostut/build/examples_rclpy_pointcloud_publisher/build/lib/examples_rclpy_pointcloud_publisher
[2.312s] copying examples_rclpy_pointcloud_publisher/__init__.py -> /home/chris/rostut/build/examples_rclpy_pointcloud_publisher/build/lib/examples_rclpy_pointcloud_publisher
[2.313s] running install
[2.313s] /usr/lib/python3/dist-packages/setuptools/command/install.py:34: SetuptoolsDeprecationWarning: setup.py install is deprecated. Use build and pip and other standards-based tools.
[2.313s]   warnings.warn(
[2.313s] running install_lib
[2.313s] creating /home/chris/rostut/install/examples_rclpy_pointcloud_publisher/lib/python3.10/site-packages/examples_rclpy_pointcloud_publisher
[2.313s] copying /home/chris/rostut/build/examples_rclpy_pointcloud_publisher/build/lib/examples_rclpy_pointcloud_publisher/pointcloud_publisher.py -> /home/chris/rostut/install/examples_rclpy_pointcloud_publisher/lib/python3.10/site-packages/examples_rclpy_pointcloud_publisher
[2.313s] copying /home/chris/rostut/build/examples_rclpy_pointcloud_publisher/build/lib/examples_rclpy_pointcloud_publisher/__init__.py -> /home/chris/rostut/install/examples_rclpy_pointcloud_publisher/lib/python3.10/site-packages/examples_rclpy_pointcloud_publisher
[2.314s] byte-compiling /home/chris/rostut/install/examples_rclpy_pointcloud_publisher/lib/python3.10/site-packages/examples_rclpy_pointcloud_publisher/pointcloud_publisher.py to pointcloud_publisher.cpython-310.pyc
[2.314s] byte-compiling /home/chris/rostut/install/examples_rclpy_pointcloud_publisher/lib/python3.10/site-packages/examples_rclpy_pointcloud_publisher/__init__.py to __init__.cpython-310.pyc
[2.314s] running install_data
[2.315s] creating /home/chris/rostut/install/examples_rclpy_pointcloud_publisher/share/ament_index
[2.315s] creating /home/chris/rostut/install/examples_rclpy_pointcloud_publisher/share/ament_index/resource_index
[2.315s] creating /home/chris/rostut/install/examples_rclpy_pointcloud_publisher/share/ament_index/resource_index/packages
[2.315s] copying resource/examples_rclpy_pointcloud_publisher -> /home/chris/rostut/install/examples_rclpy_pointcloud_publisher/share/ament_index/resource_index/packages
[2.315s] copying package.xml -> /home/chris/rostut/install/examples_rclpy_pointcloud_publisher/share/examples_rclpy_pointcloud_publisher
[2.316s] running install_egg_info
[2.316s] Copying ../../../../../build/examples_rclpy_pointcloud_publisher/examples_rclpy_pointcloud_publisher.egg-info to /home/chris/rostut/install/examples_rclpy_pointcloud_publisher/lib/python3.10/site-packages/examples_rclpy_pointcloud_publisher-0.15.1-py3.10.egg-info
[2.317s] running install_scripts
[2.334s] Installing pointcloud_publisher script to /home/chris/rostut/install/examples_rclpy_pointcloud_publisher/lib/examples_rclpy_pointcloud_publisher
[2.334s] writing list of installed files to '/home/chris/rostut/build/examples_rclpy_pointcloud_publisher/install.log'
[2.357s] Invoked command in '/home/chris/rostut/src/examples/rclpy/topics/pointcloud_publisher' returned '0': PYTHONPATH=/home/chris/rostut/build/examples_rclpy_pointcloud_publisher/prefix_override:/home/chris/rostut/install/examples_rclpy_pointcloud_publisher/lib/python3.10/site-packages:${PYTHONPATH} /usr/bin/python3 setup.py egg_info --egg-base ../../../../../build/examples_rclpy_pointcloud_publisher build --build-base /home/chris/rostut/build/examples_rclpy_pointcloud_publisher/build install --record /home/chris/rostut/build/examples_rclpy_pointcloud_publisher/install.log --single-version-externally-managed
