[0.442s] Invoking command in '/home/chris/ros2_ws/build/examples_rclcpp_minimal_composition': CMAKE_PREFIX_PATH=${CMAKE_PREFIX_PATH}:/home/chris/ros2_ws/install/launch_testing_examples:/home/chris/ros2_ws/install/examples_rclpy_pointcloud_publisher:/home/chris/ros2_ws/install/examples_rclpy_minimal_subscriber:/home/chris/ros2_ws/install/examples_rclpy_minimal_service:/home/chris/ros2_ws/install/examples_rclpy_minimal_publisher:/home/chris/ros2_ws/install/examples_rclpy_minimal_client:/home/chris/ros2_ws/install/examples_rclpy_minimal_action_server:/home/chris/ros2_ws/install/examples_rclpy_minimal_action_client:/home/chris/ros2_ws/install/examples_rclpy_guard_conditions:/home/chris/ros2_ws/install/examples_rclpy_executors:/opt/ros/humble /usr/bin/cmake --build /home/chris/ros2_ws/build/examples_rclcpp_minimal_composition -- -j20 -l20
[1.820s] [ 33%] Built target composition_nodes
[1.820s] [ 55%] Built target composition_subscriber
[1.820s] [ 77%] Built target composition_composed
[1.821s] [100%] Built target composition_publisher
[1.836s] Invoked command in '/home/chris/ros2_ws/build/examples_rclcpp_minimal_composition' returned '0': CMAKE_PREFIX_PATH=${CMAKE_PREFIX_PATH}:/home/chris/ros2_ws/install/launch_testing_examples:/home/chris/ros2_ws/install/examples_rclpy_pointcloud_publisher:/home/chris/ros2_ws/install/examples_rclpy_minimal_subscriber:/home/chris/ros2_ws/install/examples_rclpy_minimal_service:/home/chris/ros2_ws/install/examples_rclpy_minimal_publisher:/home/chris/ros2_ws/install/examples_rclpy_minimal_client:/home/chris/ros2_ws/install/examples_rclpy_minimal_action_server:/home/chris/ros2_ws/install/examples_rclpy_minimal_action_client:/home/chris/ros2_ws/install/examples_rclpy_guard_conditions:/home/chris/ros2_ws/install/examples_rclpy_executors:/opt/ros/humble /usr/bin/cmake --build /home/chris/ros2_ws/build/examples_rclcpp_minimal_composition -- -j20 -l20
[1.914s] Invoking command in '/home/chris/ros2_ws/build/examples_rclcpp_minimal_composition': CMAKE_PREFIX_PATH=${CMAKE_PREFIX_PATH}:/home/chris/ros2_ws/install/launch_testing_examples:/home/chris/ros2_ws/install/examples_rclpy_pointcloud_publisher:/home/chris/ros2_ws/install/examples_rclpy_minimal_subscriber:/home/chris/ros2_ws/install/examples_rclpy_minimal_service:/home/chris/ros2_ws/install/examples_rclpy_minimal_publisher:/home/chris/ros2_ws/install/examples_rclpy_minimal_client:/home/chris/ros2_ws/install/examples_rclpy_minimal_action_server:/home/chris/ros2_ws/install/examples_rclpy_minimal_action_client:/home/chris/ros2_ws/install/examples_rclpy_guard_conditions:/home/chris/ros2_ws/install/examples_rclpy_executors:/opt/ros/humble /usr/bin/cmake --install /home/chris/ros2_ws/build/examples_rclcpp_minimal_composition
[1.919s] -- Install configuration: ""
[1.919s] -- Execute custom install script
[1.919s] -- Up-to-date symlink: /home/chris/ros2_ws/install/examples_rclcpp_minimal_composition/share/examples_rclcpp_minimal_composition/environment/library_path.sh
[1.920s] -- Up-to-date symlink: /home/chris/ros2_ws/install/examples_rclcpp_minimal_composition/share/examples_rclcpp_minimal_composition/environment/library_path.dsv
[1.920s] -- Up-to-date symlink: /home/chris/ros2_ws/install/examples_rclcpp_minimal_composition/lib/libcomposition_nodes.so
[1.920s] -- Up-to-date symlink: /home/chris/ros2_ws/install/examples_rclcpp_minimal_composition/lib/examples_rclcpp_minimal_composition/composition_publisher
[1.920s] -- Up-to-date symlink: /home/chris/ros2_ws/install/examples_rclcpp_minimal_composition/lib/examples_rclcpp_minimal_composition/composition_subscriber
[1.920s] -- Up-to-date symlink: /home/chris/ros2_ws/install/examples_rclcpp_minimal_composition/lib/examples_rclcpp_minimal_composition/composition_composed
[1.920s] -- Up-to-date symlink: /home/chris/ros2_ws/install/examples_rclcpp_minimal_composition/share/ament_index/resource_index/package_run_dependencies/examples_rclcpp_minimal_composition
[1.920s] -- Up-to-date symlink: /home/chris/ros2_ws/install/examples_rclcpp_minimal_composition/share/ament_index/resource_index/parent_prefix_path/examples_rclcpp_minimal_composition
[1.920s] -- Up-to-date symlink: /home/chris/ros2_ws/install/examples_rclcpp_minimal_composition/share/examples_rclcpp_minimal_composition/environment/ament_prefix_path.sh
[1.920s] -- Up-to-date symlink: /home/chris/ros2_ws/install/examples_rclcpp_minimal_composition/share/examples_rclcpp_minimal_composition/environment/ament_prefix_path.dsv
[1.921s] -- Up-to-date symlink: /home/chris/ros2_ws/install/examples_rclcpp_minimal_composition/share/examples_rclcpp_minimal_composition/environment/path.sh
[1.921s] -- Up-to-date symlink: /home/chris/ros2_ws/install/examples_rclcpp_minimal_composition/share/examples_rclcpp_minimal_composition/environment/path.dsv
[1.921s] -- Up-to-date symlink: /home/chris/ros2_ws/install/examples_rclcpp_minimal_composition/share/examples_rclcpp_minimal_composition/local_setup.bash
[1.921s] -- Up-to-date symlink: /home/chris/ros2_ws/install/examples_rclcpp_minimal_composition/share/examples_rclcpp_minimal_composition/local_setup.sh
[1.921s] -- Up-to-date symlink: /home/chris/ros2_ws/install/examples_rclcpp_minimal_composition/share/examples_rclcpp_minimal_composition/local_setup.zsh
[1.921s] -- Up-to-date symlink: /home/chris/ros2_ws/install/examples_rclcpp_minimal_composition/share/examples_rclcpp_minimal_composition/local_setup.dsv
[1.922s] -- Symlinking: /home/chris/ros2_ws/install/examples_rclcpp_minimal_composition/share/examples_rclcpp_minimal_composition/package.dsv
[1.923s] -- Up-to-date symlink: /home/chris/ros2_ws/install/examples_rclcpp_minimal_composition/share/ament_index/resource_index/packages/examples_rclcpp_minimal_composition
[1.923s] -- Up-to-date symlink: /home/chris/ros2_ws/install/examples_rclcpp_minimal_composition/share/examples_rclcpp_minimal_composition/cmake/examples_rclcpp_minimal_compositionConfig.cmake
[1.923s] -- Up-to-date symlink: /home/chris/ros2_ws/install/examples_rclcpp_minimal_composition/share/examples_rclcpp_minimal_composition/cmake/examples_rclcpp_minimal_compositionConfig-version.cmake
[1.923s] -- Up-to-date symlink: /home/chris/ros2_ws/install/examples_rclcpp_minimal_composition/share/examples_rclcpp_minimal_composition/package.xml
[2.352s] Invoked command in '/home/chris/ros2_ws/build/examples_rclcpp_minimal_composition' returned '0': CMAKE_PREFIX_PATH=${CMAKE_PREFIX_PATH}:/home/chris/ros2_ws/install/launch_testing_examples:/home/chris/ros2_ws/install/examples_rclpy_pointcloud_publisher:/home/chris/ros2_ws/install/examples_rclpy_minimal_subscriber:/home/chris/ros2_ws/install/examples_rclpy_minimal_service:/home/chris/ros2_ws/install/examples_rclpy_minimal_publisher:/home/chris/ros2_ws/install/examples_rclpy_minimal_client:/home/chris/ros2_ws/install/examples_rclpy_minimal_action_server:/home/chris/ros2_ws/install/examples_rclpy_minimal_action_client:/home/chris/ros2_ws/install/examples_rclpy_guard_conditions:/home/chris/ros2_ws/install/examples_rclpy_executors:/opt/ros/humble /usr/bin/cmake --install /home/chris/ros2_ws/build/examples_rclcpp_minimal_composition
