[2.179s] Invoking command in '/home/chris/ros2_ws/build/examples_rclpy_minimal_action_server': PYTHONPATH=/home/chris/ros2_ws/build/examples_rclpy_minimal_action_server/prefix_override:/home/chris/ros2_ws/install/examples_rclpy_minimal_action_server/lib/python3.10/site-packages:${PYTHONPATH} /usr/bin/python3 setup.py develop --uninstall --editable --build-directory /home/chris/ros2_ws/build/examples_rclpy_minimal_action_server/build
[2.329s] running develop
[2.330s] /usr/lib/python3/dist-packages/setuptools/command/easy_install.py:158: EasyInstallDeprecationWarning: easy_install command is deprecated. Use build and pip and other standards-based tools.
[2.330s]   warnings.warn(
[2.330s] /usr/lib/python3/dist-packages/setuptools/command/install.py:34: SetuptoolsDeprecationWarning: setup.py install is deprecated. Use build and pip and other standards-based tools.
[2.330s]   warnings.warn(
[2.416s] Removing /home/chris/ros2_ws/install/examples_rclpy_minimal_action_server/lib/python3.10/site-packages/examples-rclpy-minimal-action-server.egg-link (link to .)
[2.807s] Invoked command in '/home/chris/ros2_ws/build/examples_rclpy_minimal_action_server' returned '0': PYTHONPATH=/home/chris/ros2_ws/build/examples_rclpy_minimal_action_server/prefix_override:/home/chris/ros2_ws/install/examples_rclpy_minimal_action_server/lib/python3.10/site-packages:${PYTHONPATH} /usr/bin/python3 setup.py develop --uninstall --editable --build-directory /home/chris/ros2_ws/build/examples_rclpy_minimal_action_server/build
[2.808s] Invoking command in '/home/chris/ros2_ws/src/examples/rclpy/actions/minimal_action_server': PYTHONPATH=/home/chris/ros2_ws/build/examples_rclpy_minimal_action_server/prefix_override:/home/chris/ros2_ws/install/examples_rclpy_minimal_action_server/lib/python3.10/site-packages:${PYTHONPATH} /usr/bin/python3 setup.py egg_info --egg-base ../../../../../build/examples_rclpy_minimal_action_server build --build-base /home/chris/ros2_ws/build/examples_rclpy_minimal_action_server/build install --record /home/chris/ros2_ws/build/examples_rclpy_minimal_action_server/install.log --single-version-externally-managed
[3.021s] /usr/lib/python3/dist-packages/setuptools/command/install.py:34: SetuptoolsDeprecationWarning: setup.py install is deprecated. Use build and pip and other standards-based tools.
[3.021s]   warnings.warn(
[3.026s] running egg_info
[3.026s] writing ../../../../../build/examples_rclpy_minimal_action_server/examples_rclpy_minimal_action_server.egg-info/PKG-INFO
[3.026s] writing dependency_links to ../../../../../build/examples_rclpy_minimal_action_server/examples_rclpy_minimal_action_server.egg-info/dependency_links.txt
[3.026s] writing entry points to ../../../../../build/examples_rclpy_minimal_action_server/examples_rclpy_minimal_action_server.egg-info/entry_points.txt
[3.026s] writing requirements to ../../../../../build/examples_rclpy_minimal_action_server/examples_rclpy_minimal_action_server.egg-info/requires.txt
[3.026s] writing top-level names to ../../../../../build/examples_rclpy_minimal_action_server/examples_rclpy_minimal_action_server.egg-info/top_level.txt
[3.026s] reading manifest file '../../../../../build/examples_rclpy_minimal_action_server/examples_rclpy_minimal_action_server.egg-info/SOURCES.txt'
[3.026s] writing manifest file '../../../../../build/examples_rclpy_minimal_action_server/examples_rclpy_minimal_action_server.egg-info/SOURCES.txt'
[3.026s] running build
[3.026s] running build_py
[3.026s] creating /home/chris/ros2_ws/build/examples_rclpy_minimal_action_server/build
[3.026s] creating /home/chris/ros2_ws/build/examples_rclpy_minimal_action_server/build/lib
[3.026s] creating /home/chris/ros2_ws/build/examples_rclpy_minimal_action_server/build/lib/examples_rclpy_minimal_action_server
[3.026s] copying examples_rclpy_minimal_action_server/server_defer.py -> /home/chris/ros2_ws/build/examples_rclpy_minimal_action_server/build/lib/examples_rclpy_minimal_action_server
[3.026s] copying examples_rclpy_minimal_action_server/__init__.py -> /home/chris/ros2_ws/build/examples_rclpy_minimal_action_server/build/lib/examples_rclpy_minimal_action_server
[3.026s] copying examples_rclpy_minimal_action_server/server_not_composable.py -> /home/chris/ros2_ws/build/examples_rclpy_minimal_action_server/build/lib/examples_rclpy_minimal_action_server
[3.026s] copying examples_rclpy_minimal_action_server/server_single_goal.py -> /home/chris/ros2_ws/build/examples_rclpy_minimal_action_server/build/lib/examples_rclpy_minimal_action_server
[3.026s] copying examples_rclpy_minimal_action_server/server_queue_goals.py -> /home/chris/ros2_ws/build/examples_rclpy_minimal_action_server/build/lib/examples_rclpy_minimal_action_server
[3.026s] copying examples_rclpy_minimal_action_server/server.py -> /home/chris/ros2_ws/build/examples_rclpy_minimal_action_server/build/lib/examples_rclpy_minimal_action_server
[3.026s] running install
[3.026s] running install_lib
[3.026s] creating /home/chris/ros2_ws/install/examples_rclpy_minimal_action_server/lib/python3.10/site-packages/examples_rclpy_minimal_action_server
[3.026s] copying /home/chris/ros2_ws/build/examples_rclpy_minimal_action_server/build/lib/examples_rclpy_minimal_action_server/server_defer.py -> /home/chris/ros2_ws/install/examples_rclpy_minimal_action_server/lib/python3.10/site-packages/examples_rclpy_minimal_action_server
[3.026s] copying /home/chris/ros2_ws/build/examples_rclpy_minimal_action_server/build/lib/examples_rclpy_minimal_action_server/__init__.py -> /home/chris/ros2_ws/install/examples_rclpy_minimal_action_server/lib/python3.10/site-packages/examples_rclpy_minimal_action_server
[3.027s] copying /home/chris/ros2_ws/build/examples_rclpy_minimal_action_server/build/lib/examples_rclpy_minimal_action_server/server_not_composable.py -> /home/chris/ros2_ws/install/examples_rclpy_minimal_action_server/lib/python3.10/site-packages/examples_rclpy_minimal_action_server
[3.027s] copying /home/chris/ros2_ws/build/examples_rclpy_minimal_action_server/build/lib/examples_rclpy_minimal_action_server/server_single_goal.py -> /home/chris/ros2_ws/install/examples_rclpy_minimal_action_server/lib/python3.10/site-packages/examples_rclpy_minimal_action_server
[3.027s] copying /home/chris/ros2_ws/build/examples_rclpy_minimal_action_server/build/lib/examples_rclpy_minimal_action_server/server_queue_goals.py -> /home/chris/ros2_ws/install/examples_rclpy_minimal_action_server/lib/python3.10/site-packages/examples_rclpy_minimal_action_server
[3.027s] copying /home/chris/ros2_ws/build/examples_rclpy_minimal_action_server/build/lib/examples_rclpy_minimal_action_server/server.py -> /home/chris/ros2_ws/install/examples_rclpy_minimal_action_server/lib/python3.10/site-packages/examples_rclpy_minimal_action_server
[3.027s] byte-compiling /home/chris/ros2_ws/install/examples_rclpy_minimal_action_server/lib/python3.10/site-packages/examples_rclpy_minimal_action_server/server_defer.py to server_defer.cpython-310.pyc
[3.027s] byte-compiling /home/chris/ros2_ws/install/examples_rclpy_minimal_action_server/lib/python3.10/site-packages/examples_rclpy_minimal_action_server/__init__.py to __init__.cpython-310.pyc
[3.027s] byte-compiling /home/chris/ros2_ws/install/examples_rclpy_minimal_action_server/lib/python3.10/site-packages/examples_rclpy_minimal_action_server/server_not_composable.py to server_not_composable.cpython-310.pyc
[3.027s] byte-compiling /home/chris/ros2_ws/install/examples_rclpy_minimal_action_server/lib/python3.10/site-packages/examples_rclpy_minimal_action_server/server_single_goal.py to server_single_goal.cpython-310.pyc
[3.027s] byte-compiling /home/chris/ros2_ws/install/examples_rclpy_minimal_action_server/lib/python3.10/site-packages/examples_rclpy_minimal_action_server/server_queue_goals.py to server_queue_goals.cpython-310.pyc
[3.027s] byte-compiling /home/chris/ros2_ws/install/examples_rclpy_minimal_action_server/lib/python3.10/site-packages/examples_rclpy_minimal_action_server/server.py to server.cpython-310.pyc
[3.027s] running install_data
[3.027s] running install_egg_info
[3.027s] Copying ../../../../../build/examples_rclpy_minimal_action_server/examples_rclpy_minimal_action_server.egg-info to /home/chris/ros2_ws/install/examples_rclpy_minimal_action_server/lib/python3.10/site-packages/examples_rclpy_minimal_action_server-0.15.1-py3.10.egg-info
[3.027s] running install_scripts
[3.027s] Installing server script to /home/chris/ros2_ws/install/examples_rclpy_minimal_action_server/lib/examples_rclpy_minimal_action_server
[3.027s] Installing server_defer script to /home/chris/ros2_ws/install/examples_rclpy_minimal_action_server/lib/examples_rclpy_minimal_action_server
[3.027s] Installing server_not_composable script to /home/chris/ros2_ws/install/examples_rclpy_minimal_action_server/lib/examples_rclpy_minimal_action_server
[3.027s] Installing server_queue_goals script to /home/chris/ros2_ws/install/examples_rclpy_minimal_action_server/lib/examples_rclpy_minimal_action_server
[3.027s] Installing server_single_goal script to /home/chris/ros2_ws/install/examples_rclpy_minimal_action_server/lib/examples_rclpy_minimal_action_server
[3.027s] writing list of installed files to '/home/chris/ros2_ws/build/examples_rclpy_minimal_action_server/install.log'
[3.288s] Invoked command in '/home/chris/ros2_ws/src/examples/rclpy/actions/minimal_action_server' returned '0': PYTHONPATH=/home/chris/ros2_ws/build/examples_rclpy_minimal_action_server/prefix_override:/home/chris/ros2_ws/install/examples_rclpy_minimal_action_server/lib/python3.10/site-packages:${PYTHONPATH} /usr/bin/python3 setup.py egg_info --egg-base ../../../../../build/examples_rclpy_minimal_action_server build --build-base /home/chris/ros2_ws/build/examples_rclpy_minimal_action_server/build install --record /home/chris/ros2_ws/build/examples_rclpy_minimal_action_server/install.log --single-version-externally-managed
