[3.648s] Invoking command in '/home/chris/ros2_ws/build/examples_rclpy_executors': PYTHONPATH=/home/chris/ros2_ws/build/examples_rclpy_executors/prefix_override:/home/chris/ros2_ws/install/examples_rclpy_executors/lib/python3.10/site-packages:${PYTHONPATH} /usr/bin/python3 setup.py develop --editable --build-directory /home/chris/ros2_ws/build/examples_rclpy_executors/build --no-deps install_data
[4.001s] running develop
[4.001s] /usr/lib/python3/dist-packages/setuptools/command/easy_install.py:158: EasyInstallDeprecationWarning: easy_install command is deprecated. Use build and pip and other standards-based tools.
[4.001s]   warnings.warn(
[4.003s] /usr/lib/python3/dist-packages/setuptools/command/install.py:34: SetuptoolsDeprecationWarning: setup.py install is deprecated. Use build and pip and other standards-based tools.
[4.003s]   warnings.warn(
[4.163s] running egg_info
[4.163s] writing examples_rclpy_executors.egg-info/PKG-INFO
[4.163s] writing dependency_links to examples_rclpy_executors.egg-info/dependency_links.txt
[4.163s] writing entry points to examples_rclpy_executors.egg-info/entry_points.txt
[4.163s] writing requirements to examples_rclpy_executors.egg-info/requires.txt
[4.163s] writing top-level names to examples_rclpy_executors.egg-info/top_level.txt
[4.164s] reading manifest file 'examples_rclpy_executors.egg-info/SOURCES.txt'
[4.165s] writing manifest file 'examples_rclpy_executors.egg-info/SOURCES.txt'
[4.166s] running build_ext
[4.166s] Creating /home/chris/ros2_ws/install/examples_rclpy_executors/lib/python3.10/site-packages/examples-rclpy-executors.egg-link (link to .)
[4.167s] Installing callback_group script to /home/chris/ros2_ws/install/examples_rclpy_executors/lib/examples_rclpy_executors
[4.167s] Installing composed script to /home/chris/ros2_ws/install/examples_rclpy_executors/lib/examples_rclpy_executors
[4.168s] Installing custom_callback_group script to /home/chris/ros2_ws/install/examples_rclpy_executors/lib/examples_rclpy_executors
[4.168s] Installing custom_executor script to /home/chris/ros2_ws/install/examples_rclpy_executors/lib/examples_rclpy_executors
[4.168s] Installing listener script to /home/chris/ros2_ws/install/examples_rclpy_executors/lib/examples_rclpy_executors
[4.168s] Installing talker script to /home/chris/ros2_ws/install/examples_rclpy_executors/lib/examples_rclpy_executors
[4.168s] 
[4.168s] Installed /home/chris/ros2_ws/build/examples_rclpy_executors
[4.168s] running install_data
[4.717s] Invoked command in '/home/chris/ros2_ws/build/examples_rclpy_executors' returned '0': PYTHONPATH=/home/chris/ros2_ws/build/examples_rclpy_executors/prefix_override:/home/chris/ros2_ws/install/examples_rclpy_executors/lib/python3.10/site-packages:${PYTHONPATH} /usr/bin/python3 setup.py develop --editable --build-directory /home/chris/ros2_ws/build/examples_rclpy_executors/build --no-deps install_data
