[0.438s] Invoking command in '/home/chris/ros2_ws/build/intra_process_demo': CMAKE_PREFIX_PATH=${CMAKE_PREFIX_PATH}:/home/chris/ros2_ws/src/install/examples_rclpy_minimal_action_server:/home/chris/ros2_ws/install/launch_testing_examples:/home/chris/ros2_ws/install/examples_rclpy_pointcloud_publisher:/home/chris/ros2_ws/install/examples_rclpy_minimal_subscriber:/home/chris/ros2_ws/install/examples_rclpy_minimal_service:/home/chris/ros2_ws/install/examples_rclpy_minimal_publisher:/home/chris/ros2_ws/install/examples_rclpy_minimal_client:/home/chris/ros2_ws/install/examples_rclpy_minimal_action_server:/home/chris/ros2_ws/install/examples_rclpy_minimal_action_client:/home/chris/ros2_ws/install/examples_rclpy_guard_conditions:/home/chris/ros2_ws/install/examples_rclpy_executors:/opt/ros/humble /usr/bin/cmake /home/chris/ros2_ws/src/demos/intra_process_demo -DCMAKE_INSTALL_PREFIX=/home/chris/ros2_ws/install/intra_process_demo
[1.011s] -- The C compiler identification is GNU 11.4.0
[1.011s] -- The CXX compiler identification is GNU 11.4.0
[1.011s] -- Detecting C compiler ABI info
[1.011s] -- Detecting C compiler ABI info - done
[1.011s] -- Check for working C compiler: /usr/bin/cc - skipped
[1.011s] -- Detecting C compile features
[1.011s] -- Detecting C compile features - done
[1.011s] -- Detecting CXX compiler ABI info
[1.011s] -- Detecting CXX compiler ABI info - done
[1.011s] -- Check for working CXX compiler: /usr/bin/c++ - skipped
[1.011s] -- Detecting CXX compile features
[1.011s] -- Detecting CXX compile features - done
[1.011s] -- Found ament_cmake: 1.3.6 (/opt/ros/humble/share/ament_cmake/cmake)
[1.011s] -- Found Python3: /usr/bin/python3.10 (found version "3.10.12") found components: Interpreter 
[1.011s] -- Found builtin_interfaces: 1.2.1 (/opt/ros/humble/share/builtin_interfaces/cmake)
[1.036s] -- Found rosidl_generator_c: 3.1.5 (/opt/ros/humble/share/rosidl_generator_c/cmake)
[1.042s] -- Found rosidl_adapter: 3.1.5 (/opt/ros/humble/share/rosidl_adapter/cmake)
[1.067s] -- Found rosidl_generator_cpp: 3.1.5 (/opt/ros/humble/share/rosidl_generator_cpp/cmake)
[1.079s] -- Using all available rosidl_typesupport_c: rosidl_typesupport_fastrtps_c;rosidl_typesupport_introspection_c
[1.110s] -- Using all available rosidl_typesupport_cpp: rosidl_typesupport_fastrtps_cpp;rosidl_typesupport_introspection_cpp
[1.141s] -- Found rclcpp: 16.0.7 (/opt/ros/humble/share/rclcpp/cmake)
[1.201s] -- Found rmw_implementation_cmake: 6.1.1 (/opt/ros/humble/share/rmw_implementation_cmake/cmake)
[1.207s] -- Found rmw_fastrtps_cpp: 6.2.5 (/opt/ros/humble/share/rmw_fastrtps_cpp/cmake)
[1.316s] -- Found OpenSSL: /usr/lib/x86_64-linux-gnu/libcrypto.so (found version "3.0.2")  
[1.340s] -- Found FastRTPS: /opt/ros/humble/include  
[1.379s] -- Using RMW implementation 'rmw_fastrtps_cpp' as default
[1.392s] -- Looking for pthread.h
[1.442s] -- Looking for pthread.h - found
[1.442s] -- Performing Test CMAKE_HAVE_LIBC_PTHREAD
[1.509s] -- Performing Test CMAKE_HAVE_LIBC_PTHREAD - Success
[1.510s] -- Found Threads: TRUE  
[1.688s] -- Found sensor_msgs: 4.2.3 (/opt/ros/humble/share/sensor_msgs/cmake)
[1.809s] -- Found OpenCV: /usr (found version "4.5.4") found components: core highgui imgproc videoio 
[1.813s] -- Found ament_lint_auto: 0.12.9 (/opt/ros/humble/share/ament_lint_auto/cmake)
[1.909s] -- Found python_cmake_module: 0.10.0 (/opt/ros/humble/share/python_cmake_module/cmake)
[1.928s] -- Found PythonInterp: /usr/bin/python3 (found suitable version "3.10.12", minimum required is "3.6") 
[1.935s] -- Found PythonLibs: /usr/lib/x86_64-linux-gnu/libpython3.10.so (found suitable version "3.10.12", minimum required is "3.5") 
[1.935s] -- Using PYTHON_EXECUTABLE: /usr/bin/python3
[1.935s] -- Using PYTHON_INCLUDE_DIRS: /usr/include/python3.10
[1.935s] -- Using PYTHON_LIBRARIES: /usr/lib/x86_64-linux-gnu/libpython3.10.so
[1.953s] -- Found PythonExtra: .so  
[1.957s] -- Added test 'copyright' to check source files copyright and LICENSE
[1.958s] -- Added test 'cppcheck' to perform static code analysis on C / C++ code
[1.958s] -- Configured cppcheck include dirs: /home/chris/ros2_ws/src/demos/intra_process_demo/include
[1.958s] -- Configured cppcheck exclude dirs and/or files: 
[1.959s] -- Added test 'cpplint' to check C / C++ code against the Google style
[1.959s] -- Configured cpplint exclude dirs and/or files: 
[1.960s] -- Added test 'lint_cmake' to check CMake code style
[1.961s] -- Added test 'uncrustify' to check C / C++ code style
[1.961s] -- Configured uncrustify additional arguments: 
[1.962s] -- Added test 'xmllint' to check XML markup files
[1.963s] -- Configuring done
[1.978s] -- Generating done
[1.980s] -- Build files have been written to: /home/chris/ros2_ws/build/intra_process_demo
