[0.471s] Invoking command in '/home/chris/ros2_ws/build/dummy_sensors': CMAKE_PREFIX_PATH=${CMAKE_PREFIX_PATH}:/home/chris/ros2_ws/src/install/examples_rclpy_minimal_action_server:/home/chris/ros2_ws/install/launch_testing_examples:/home/chris/ros2_ws/install/examples_rclpy_pointcloud_publisher:/home/chris/ros2_ws/install/examples_rclpy_minimal_subscriber:/home/chris/ros2_ws/install/examples_rclpy_minimal_service:/home/chris/ros2_ws/install/examples_rclpy_minimal_publisher:/home/chris/ros2_ws/install/examples_rclpy_minimal_client:/home/chris/ros2_ws/install/examples_rclpy_minimal_action_server:/home/chris/ros2_ws/install/examples_rclpy_minimal_action_client:/home/chris/ros2_ws/install/examples_rclpy_guard_conditions:/home/chris/ros2_ws/install/examples_rclpy_executors:/opt/ros/humble /usr/bin/cmake /home/chris/ros2_ws/src/demos/dummy_robot/dummy_sensors -DCMAKE_INSTALL_PREFIX=/home/chris/ros2_ws/install/dummy_sensors
[1.257s] -- The C compiler identification is GNU 11.4.0
[1.257s] -- The CXX compiler identification is GNU 11.4.0
[1.257s] -- Detecting C compiler ABI info
[1.257s] -- Detecting C compiler ABI info - done
[1.257s] -- Check for working C compiler: /usr/bin/cc - skipped
[1.257s] -- Detecting C compile features
[1.257s] -- Detecting C compile features - done
[1.257s] -- Detecting CXX compiler ABI info
[1.257s] -- Detecting CXX compiler ABI info - done
[1.257s] -- Check for working CXX compiler: /usr/bin/c++ - skipped
[1.258s] -- Detecting CXX compile features
[1.258s] -- Detecting CXX compile features - done
[1.258s] -- Found ament_cmake: 1.3.6 (/opt/ros/humble/share/ament_cmake/cmake)
[1.258s] -- Found Python3: /usr/bin/python3.10 (found version "3.10.12") found components: Interpreter 
[1.258s] -- Found rclcpp: 16.0.7 (/opt/ros/humble/share/rclcpp/cmake)
[1.258s] -- Found rosidl_generator_c: 3.1.5 (/opt/ros/humble/share/rosidl_generator_c/cmake)
[1.258s] -- Found rosidl_adapter: 3.1.5 (/opt/ros/humble/share/rosidl_adapter/cmake)
[1.258s] -- Found rosidl_generator_cpp: 3.1.5 (/opt/ros/humble/share/rosidl_generator_cpp/cmake)
[1.258s] -- Using all available rosidl_typesupport_c: rosidl_typesupport_fastrtps_c;rosidl_typesupport_introspection_c
[1.258s] -- Using all available rosidl_typesupport_cpp: rosidl_typesupport_fastrtps_cpp;rosidl_typesupport_introspection_cpp
[1.274s] -- Found rmw_implementation_cmake: 6.1.1 (/opt/ros/humble/share/rmw_implementation_cmake/cmake)
[1.275s] -- Found rmw_fastrtps_cpp: 6.2.5 (/opt/ros/humble/share/rmw_fastrtps_cpp/cmake)
[1.399s] -- Found OpenSSL: /usr/lib/x86_64-linux-gnu/libcrypto.so (found version "3.0.2")  
[1.431s] -- Found FastRTPS: /opt/ros/humble/include  
[1.473s] -- Using RMW implementation 'rmw_fastrtps_cpp' as default
[1.485s] -- Looking for pthread.h
[1.535s] -- Looking for pthread.h - found
[1.535s] -- Performing Test CMAKE_HAVE_LIBC_PTHREAD
[1.586s] -- Performing Test CMAKE_HAVE_LIBC_PTHREAD - Success
[1.587s] -- Found Threads: TRUE  
[1.731s] -- Found sensor_msgs: 4.2.3 (/opt/ros/humble/share/sensor_msgs/cmake)
[1.833s] -- Found ament_lint_auto: 0.12.9 (/opt/ros/humble/share/ament_lint_auto/cmake)
[1.913s] -- Added test 'copyright' to check source files copyright and LICENSE
[1.914s] -- Added test 'cppcheck' to perform static code analysis on C / C++ code
[1.914s] -- Configured cppcheck include dirs: 
[1.914s] -- Configured cppcheck exclude dirs and/or files: 
[1.914s] -- Added test 'cpplint' to check C / C++ code against the Google style
[1.915s] -- Configured cpplint exclude dirs and/or files: 
[1.915s] -- Added test 'lint_cmake' to check CMake code style
[1.916s] -- Added test 'uncrustify' to check C / C++ code style
[1.916s] -- Configured uncrustify additional arguments: 
[1.916s] -- Added test 'xmllint' to check XML markup files
[1.918s] -- Configuring done
[1.925s] -- Generating done
[1.926s] -- Build files have been written to: /home/chris/ros2_ws/build/dummy_sensors
