[2.489s] Invoking command in '/home/chris/ros2_ws/src/examples/rclpy/services/minimal_client': PYTHONPATH=/home/chris/ros2_ws/build/examples_rclpy_minimal_client/prefix_override:/home/chris/ros2_ws/install/examples_rclpy_minimal_client/lib/python3.10/site-packages:${PYTHONPATH} /usr/bin/python3 setup.py egg_info --egg-base ../../../../../build/examples_rclpy_minimal_client build --build-base /home/chris/ros2_ws/build/examples_rclpy_minimal_client/build install --record /home/chris/ros2_ws/build/examples_rclpy_minimal_client/install.log --single-version-externally-managed
[2.683s] running egg_info
[2.684s] writing ../../../../../build/examples_rclpy_minimal_client/examples_rclpy_minimal_client.egg-info/PKG-INFO
[2.684s] writing dependency_links to ../../../../../build/examples_rclpy_minimal_client/examples_rclpy_minimal_client.egg-info/dependency_links.txt
[2.685s] writing entry points to ../../../../../build/examples_rclpy_minimal_client/examples_rclpy_minimal_client.egg-info/entry_points.txt
[2.685s] writing requirements to ../../../../../build/examples_rclpy_minimal_client/examples_rclpy_minimal_client.egg-info/requires.txt
[2.685s] writing top-level names to ../../../../../build/examples_rclpy_minimal_client/examples_rclpy_minimal_client.egg-info/top_level.txt
[2.685s] reading manifest file '../../../../../build/examples_rclpy_minimal_client/examples_rclpy_minimal_client.egg-info/SOURCES.txt'
[2.686s] writing manifest file '../../../../../build/examples_rclpy_minimal_client/examples_rclpy_minimal_client.egg-info/SOURCES.txt'
[2.686s] running build
[2.686s] running build_py
[2.686s] running install
[2.686s] running install_lib
[2.687s] /usr/lib/python3/dist-packages/setuptools/command/install.py:34: SetuptoolsDeprecationWarning: setup.py install is deprecated. Use build and pip and other standards-based tools.
[2.687s]   warnings.warn(
[2.687s] running install_data
[2.687s] running install_egg_info
[2.689s] removing '/home/chris/ros2_ws/install/examples_rclpy_minimal_client/lib/python3.10/site-packages/examples_rclpy_minimal_client-0.15.1-py3.10.egg-info' (and everything under it)
[2.689s] Copying ../../../../../build/examples_rclpy_minimal_client/examples_rclpy_minimal_client.egg-info to /home/chris/ros2_ws/install/examples_rclpy_minimal_client/lib/python3.10/site-packages/examples_rclpy_minimal_client-0.15.1-py3.10.egg-info
[2.689s] running install_scripts
[2.707s] Installing client script to /home/chris/ros2_ws/install/examples_rclpy_minimal_client/lib/examples_rclpy_minimal_client
[2.708s] Installing client_async script to /home/chris/ros2_ws/install/examples_rclpy_minimal_client/lib/examples_rclpy_minimal_client
[2.708s] Installing client_async_callback script to /home/chris/ros2_ws/install/examples_rclpy_minimal_client/lib/examples_rclpy_minimal_client
[2.708s] Installing client_async_member_function script to /home/chris/ros2_ws/install/examples_rclpy_minimal_client/lib/examples_rclpy_minimal_client
[2.708s] writing list of installed files to '/home/chris/ros2_ws/build/examples_rclpy_minimal_client/install.log'
[2.859s] Invoked command in '/home/chris/ros2_ws/src/examples/rclpy/services/minimal_client' returned '0': PYTHONPATH=/home/chris/ros2_ws/build/examples_rclpy_minimal_client/prefix_override:/home/chris/ros2_ws/install/examples_rclpy_minimal_client/lib/python3.10/site-packages:${PYTHONPATH} /usr/bin/python3 setup.py egg_info --egg-base ../../../../../build/examples_rclpy_minimal_client build --build-base /home/chris/ros2_ws/build/examples_rclpy_minimal_client/build install --record /home/chris/ros2_ws/build/examples_rclpy_minimal_client/install.log --single-version-externally-managed
