[0.154s] Invoking command in '/home/chris/ros2_ws/build/action_tutorials_cpp': CMAKE_PREFIX_PATH=/home/chris/ros2_ws/install/action_tutorials_interfaces:/home/chris/ros2_ws/install/polygon_plugins:/home/chris/ros2_ws/install/polygon_base:/home/chris/ros2_ws/src/install/polygon_plugins:/home/chris/ros2_ws/src/install/polygon_base:/home/chris/ros2_ws/install/cpp_parameters:/home/chris/ros2_ws/install/more_interfaces:/home/chris/ros2_ws/install/tutorial_interfaces:/home/chris/ros2_ws/install/cpp_srvcli:/home/chris/ros2_ws/install/cpp_pubsub:/home/chris/ros2_ws/install/my_package:/home/chris/ros2_ws/install/turtlesim:/home/chris/ros2_ws/install/examples_rclcpp_wait_set:/home/chris/ros2_ws/install/examples_rclcpp_multithreaded_executor:/home/chris/ros2_ws/install/examples_rclcpp_minimal_timer:/home/chris/ros2_ws/install/examples_rclcpp_minimal_subscriber:/home/chris/ros2_ws/install/examples_rclcpp_minimal_service:/home/chris/ros2_ws/install/examples_rclcpp_minimal_publisher:/home/chris/ros2_ws/install/examples_rclcpp_minimal_composition:/home/chris/ros2_ws/install/examples_rclcpp_minimal_client:/home/chris/ros2_ws/install/examples_rclcpp_minimal_action_server:/home/chris/ros2_ws/install/examples_rclcpp_minimal_action_client:/home/chris/ros2_ws/install/examples_rclcpp_cbg_executor:/home/chris/ros2_ws/install/examples_rclcpp_async_client:/home/chris/ros2_ws/src/install/examples_rclpy_minimal_action_server:/home/chris/ros2_ws/install/launch_testing_examples:/home/chris/ros2_ws/install/examples_rclpy_pointcloud_publisher:/home/chris/ros2_ws/install/examples_rclpy_minimal_subscriber:/home/chris/ros2_ws/install/examples_rclpy_minimal_service:/home/chris/ros2_ws/install/examples_rclpy_minimal_publisher:/home/chris/ros2_ws/install/examples_rclpy_minimal_client:/home/chris/ros2_ws/install/examples_rclpy_minimal_action_server:/home/chris/ros2_ws/install/examples_rclpy_minimal_action_client:/home/chris/ros2_ws/install/examples_rclpy_guard_conditions:/home/chris/ros2_ws/install/examples_rclpy_executors:/opt/ros/humble LD_LIBRARY_PATH=/home/chris/ros2_ws/install/action_tutorials_interfaces/lib:/home/chris/ros2_ws/install/polygon_plugins/lib:/home/chris/ros2_ws/install/my_package/lib:/home/chris/ros2_ws/src/install/polygon_plugins/lib:/home/chris/ros2_ws/install/more_interfaces/lib:/home/chris/ros2_ws/install/tutorial_interfaces/lib:/home/chris/ros2_ws/install/turtlesim/lib:/home/chris/ros2_ws/install/examples_rclcpp_wait_set/lib:/home/chris/ros2_ws/install/examples_rclcpp_minimal_subscriber/lib:/home/chris/ros2_ws/install/examples_rclcpp_minimal_composition/lib:/opt/ros/humble/opt/rviz_ogre_vendor/lib:/opt/ros/humble/lib/x86_64-linux-gnu:/opt/ros/humble/lib /usr/bin/cmake /home/chris/ros2_ws/src/action_tutorials_cpp -DCMAKE_INSTALL_PREFIX=/home/chris/ros2_ws/install/action_tutorials_cpp
[0.210s] -- The C compiler identification is GNU 11.4.0
[0.269s] -- The CXX compiler identification is GNU 11.4.0
[0.275s] -- Detecting C compiler ABI info
[0.330s] -- Detecting C compiler ABI info - done
[0.339s] -- Check for working C compiler: /usr/bin/cc - skipped
[0.340s] -- Detecting C compile features
[0.340s] -- Detecting C compile features - done
[0.344s] -- Detecting CXX compiler ABI info
[0.415s] -- Detecting CXX compiler ABI info - done
[0.415s] -- Check for working CXX compiler: /usr/bin/c++ - skipped
[0.415s] -- Detecting CXX compile features
[0.415s] -- Detecting CXX compile features - done
[0.418s] -- Found ament_cmake: 1.3.6 (/opt/ros/humble/share/ament_cmake/cmake)
[0.579s] -- Found Python3: /usr/bin/python3.10 (found version "3.10.12") found components: Interpreter 
[0.659s] -- Found action_tutorials_interfaces: 0.0.0 (/home/chris/ros2_ws/install/action_tutorials_interfaces/share/action_tutorials_interfaces/cmake)
[0.697s] -- Found rosidl_generator_c: 3.1.5 (/opt/ros/humble/share/rosidl_generator_c/cmake)
[0.702s] -- Found rosidl_adapter: 3.1.5 (/opt/ros/humble/share/rosidl_adapter/cmake)
[0.709s] -- Found rosidl_generator_cpp: 3.1.5 (/opt/ros/humble/share/rosidl_generator_cpp/cmake)
[0.722s] -- Using all available rosidl_typesupport_c: rosidl_typesupport_fastrtps_c;rosidl_typesupport_introspection_c
[0.738s] -- Using all available rosidl_typesupport_cpp: rosidl_typesupport_fastrtps_cpp;rosidl_typesupport_introspection_cpp
[0.835s] -- Found rclcpp: 16.0.7 (/opt/ros/humble/share/rclcpp/cmake)
[0.880s] -- Found rmw_implementation_cmake: 6.1.1 (/opt/ros/humble/share/rmw_implementation_cmake/cmake)
[0.883s] -- Found rmw_fastrtps_cpp: 6.2.5 (/opt/ros/humble/share/rmw_fastrtps_cpp/cmake)
[0.949s] -- Found OpenSSL: /usr/lib/x86_64-linux-gnu/libcrypto.so (found version "3.0.2")  
[0.967s] -- Found FastRTPS: /opt/ros/humble/include  
[0.997s] -- Using RMW implementation 'rmw_fastrtps_cpp' as default
[1.005s] -- Looking for pthread.h
[1.045s] -- Looking for pthread.h - found
[1.045s] -- Performing Test CMAKE_HAVE_LIBC_PTHREAD
[1.086s] -- Performing Test CMAKE_HAVE_LIBC_PTHREAD - Success
[1.086s] -- Found Threads: TRUE  
[1.192s] -- Found rclcpp_action: 16.0.7 (/opt/ros/humble/share/rclcpp_action/cmake)
[1.215s] -- Found rclcpp_components: 16.0.7 (/opt/ros/humble/share/rclcpp_components/cmake)
[1.263s] -- Found ament_lint_auto: 0.12.9 (/opt/ros/humble/share/ament_lint_auto/cmake)
[1.318s] -- Added test 'cppcheck' to perform static code analysis on C / C++ code
[1.318s] -- Configured cppcheck include dirs: $<BUILD_INTERFACE:/home/chris/ros2_ws/src/action_tutorials_cpp/include>
[1.318s] -- Configured cppcheck exclude dirs and/or files: 
[1.319s] -- Added test 'lint_cmake' to check CMake code style
[1.320s] -- Added test 'uncrustify' to check C / C++ code style
[1.320s] -- Configured uncrustify additional arguments: 
[1.320s] -- Added test 'xmllint' to check XML markup files
[1.321s] -- Configuring done
[1.328s] -- Generating done
[1.329s] -- Build files have been written to: /home/chris/ros2_ws/build/action_tutorials_cpp
[1.335s] Invoked command in '/home/chris/ros2_ws/build/action_tutorials_cpp' returned '0': CMAKE_PREFIX_PATH=/home/chris/ros2_ws/install/action_tutorials_interfaces:/home/chris/ros2_ws/install/polygon_plugins:/home/chris/ros2_ws/install/polygon_base:/home/chris/ros2_ws/src/install/polygon_plugins:/home/chris/ros2_ws/src/install/polygon_base:/home/chris/ros2_ws/install/cpp_parameters:/home/chris/ros2_ws/install/more_interfaces:/home/chris/ros2_ws/install/tutorial_interfaces:/home/chris/ros2_ws/install/cpp_srvcli:/home/chris/ros2_ws/install/cpp_pubsub:/home/chris/ros2_ws/install/my_package:/home/chris/ros2_ws/install/turtlesim:/home/chris/ros2_ws/install/examples_rclcpp_wait_set:/home/chris/ros2_ws/install/examples_rclcpp_multithreaded_executor:/home/chris/ros2_ws/install/examples_rclcpp_minimal_timer:/home/chris/ros2_ws/install/examples_rclcpp_minimal_subscriber:/home/chris/ros2_ws/install/examples_rclcpp_minimal_service:/home/chris/ros2_ws/install/examples_rclcpp_minimal_publisher:/home/chris/ros2_ws/install/examples_rclcpp_minimal_composition:/home/chris/ros2_ws/install/examples_rclcpp_minimal_client:/home/chris/ros2_ws/install/examples_rclcpp_minimal_action_server:/home/chris/ros2_ws/install/examples_rclcpp_minimal_action_client:/home/chris/ros2_ws/install/examples_rclcpp_cbg_executor:/home/chris/ros2_ws/install/examples_rclcpp_async_client:/home/chris/ros2_ws/src/install/examples_rclpy_minimal_action_server:/home/chris/ros2_ws/install/launch_testing_examples:/home/chris/ros2_ws/install/examples_rclpy_pointcloud_publisher:/home/chris/ros2_ws/install/examples_rclpy_minimal_subscriber:/home/chris/ros2_ws/install/examples_rclpy_minimal_service:/home/chris/ros2_ws/install/examples_rclpy_minimal_publisher:/home/chris/ros2_ws/install/examples_rclpy_minimal_client:/home/chris/ros2_ws/install/examples_rclpy_minimal_action_server:/home/chris/ros2_ws/install/examples_rclpy_minimal_action_client:/home/chris/ros2_ws/install/examples_rclpy_guard_conditions:/home/chris/ros2_ws/install/examples_rclpy_executors:/opt/ros/humble LD_LIBRARY_PATH=/home/chris/ros2_ws/install/action_tutorials_interfaces/lib:/home/chris/ros2_ws/install/polygon_plugins/lib:/home/chris/ros2_ws/install/my_package/lib:/home/chris/ros2_ws/src/install/polygon_plugins/lib:/home/chris/ros2_ws/install/more_interfaces/lib:/home/chris/ros2_ws/install/tutorial_interfaces/lib:/home/chris/ros2_ws/install/turtlesim/lib:/home/chris/ros2_ws/install/examples_rclcpp_wait_set/lib:/home/chris/ros2_ws/install/examples_rclcpp_minimal_subscriber/lib:/home/chris/ros2_ws/install/examples_rclcpp_minimal_composition/lib:/opt/ros/humble/opt/rviz_ogre_vendor/lib:/opt/ros/humble/lib/x86_64-linux-gnu:/opt/ros/humble/lib /usr/bin/cmake /home/chris/ros2_ws/src/action_tutorials_cpp -DCMAKE_INSTALL_PREFIX=/home/chris/ros2_ws/install/action_tutorials_cpp
[1.336s] Invoking command in '/home/chris/ros2_ws/build/action_tutorials_cpp': CMAKE_PREFIX_PATH=/home/chris/ros2_ws/install/action_tutorials_interfaces:/home/chris/ros2_ws/install/polygon_plugins:/home/chris/ros2_ws/install/polygon_base:/home/chris/ros2_ws/src/install/polygon_plugins:/home/chris/ros2_ws/src/install/polygon_base:/home/chris/ros2_ws/install/cpp_parameters:/home/chris/ros2_ws/install/more_interfaces:/home/chris/ros2_ws/install/tutorial_interfaces:/home/chris/ros2_ws/install/cpp_srvcli:/home/chris/ros2_ws/install/cpp_pubsub:/home/chris/ros2_ws/install/my_package:/home/chris/ros2_ws/install/turtlesim:/home/chris/ros2_ws/install/examples_rclcpp_wait_set:/home/chris/ros2_ws/install/examples_rclcpp_multithreaded_executor:/home/chris/ros2_ws/install/examples_rclcpp_minimal_timer:/home/chris/ros2_ws/install/examples_rclcpp_minimal_subscriber:/home/chris/ros2_ws/install/examples_rclcpp_minimal_service:/home/chris/ros2_ws/install/examples_rclcpp_minimal_publisher:/home/chris/ros2_ws/install/examples_rclcpp_minimal_composition:/home/chris/ros2_ws/install/examples_rclcpp_minimal_client:/home/chris/ros2_ws/install/examples_rclcpp_minimal_action_server:/home/chris/ros2_ws/install/examples_rclcpp_minimal_action_client:/home/chris/ros2_ws/install/examples_rclcpp_cbg_executor:/home/chris/ros2_ws/install/examples_rclcpp_async_client:/home/chris/ros2_ws/src/install/examples_rclpy_minimal_action_server:/home/chris/ros2_ws/install/launch_testing_examples:/home/chris/ros2_ws/install/examples_rclpy_pointcloud_publisher:/home/chris/ros2_ws/install/examples_rclpy_minimal_subscriber:/home/chris/ros2_ws/install/examples_rclpy_minimal_service:/home/chris/ros2_ws/install/examples_rclpy_minimal_publisher:/home/chris/ros2_ws/install/examples_rclpy_minimal_client:/home/chris/ros2_ws/install/examples_rclpy_minimal_action_server:/home/chris/ros2_ws/install/examples_rclpy_minimal_action_client:/home/chris/ros2_ws/install/examples_rclpy_guard_conditions:/home/chris/ros2_ws/install/examples_rclpy_executors:/opt/ros/humble LD_LIBRARY_PATH=/home/chris/ros2_ws/install/action_tutorials_interfaces/lib:/home/chris/ros2_ws/install/polygon_plugins/lib:/home/chris/ros2_ws/install/my_package/lib:/home/chris/ros2_ws/src/install/polygon_plugins/lib:/home/chris/ros2_ws/install/more_interfaces/lib:/home/chris/ros2_ws/install/tutorial_interfaces/lib:/home/chris/ros2_ws/install/turtlesim/lib:/home/chris/ros2_ws/install/examples_rclcpp_wait_set/lib:/home/chris/ros2_ws/install/examples_rclcpp_minimal_subscriber/lib:/home/chris/ros2_ws/install/examples_rclcpp_minimal_composition/lib:/opt/ros/humble/opt/rviz_ogre_vendor/lib:/opt/ros/humble/lib/x86_64-linux-gnu:/opt/ros/humble/lib /usr/bin/cmake --build /home/chris/ros2_ws/build/action_tutorials_cpp -- -j20 -l20
[1.362s] [ 50%] [32mBuilding CXX object CMakeFiles/fibonacci_action_server.dir/rclcpp_components/node_main_fibonacci_action_server.cpp.o[0m
[1.363s] [ 50%] [32mBuilding CXX object CMakeFiles/action_server.dir/src/fibonacci_action_server.cpp.o[0m
[3.024s] [ 75%] [32m[1mLinking CXX executable fibonacci_action_server[0m
[3.097s] [ 75%] Built target fibonacci_action_server
[3.465s] [100%] [32m[1mLinking CXX shared library libaction_server.so[0m
[3.547s] [100%] Built target action_server
[3.557s] Invoked command in '/home/chris/ros2_ws/build/action_tutorials_cpp' returned '0': CMAKE_PREFIX_PATH=/home/chris/ros2_ws/install/action_tutorials_interfaces:/home/chris/ros2_ws/install/polygon_plugins:/home/chris/ros2_ws/install/polygon_base:/home/chris/ros2_ws/src/install/polygon_plugins:/home/chris/ros2_ws/src/install/polygon_base:/home/chris/ros2_ws/install/cpp_parameters:/home/chris/ros2_ws/install/more_interfaces:/home/chris/ros2_ws/install/tutorial_interfaces:/home/chris/ros2_ws/install/cpp_srvcli:/home/chris/ros2_ws/install/cpp_pubsub:/home/chris/ros2_ws/install/my_package:/home/chris/ros2_ws/install/turtlesim:/home/chris/ros2_ws/install/examples_rclcpp_wait_set:/home/chris/ros2_ws/install/examples_rclcpp_multithreaded_executor:/home/chris/ros2_ws/install/examples_rclcpp_minimal_timer:/home/chris/ros2_ws/install/examples_rclcpp_minimal_subscriber:/home/chris/ros2_ws/install/examples_rclcpp_minimal_service:/home/chris/ros2_ws/install/examples_rclcpp_minimal_publisher:/home/chris/ros2_ws/install/examples_rclcpp_minimal_composition:/home/chris/ros2_ws/install/examples_rclcpp_minimal_client:/home/chris/ros2_ws/install/examples_rclcpp_minimal_action_server:/home/chris/ros2_ws/install/examples_rclcpp_minimal_action_client:/home/chris/ros2_ws/install/examples_rclcpp_cbg_executor:/home/chris/ros2_ws/install/examples_rclcpp_async_client:/home/chris/ros2_ws/src/install/examples_rclpy_minimal_action_server:/home/chris/ros2_ws/install/launch_testing_examples:/home/chris/ros2_ws/install/examples_rclpy_pointcloud_publisher:/home/chris/ros2_ws/install/examples_rclpy_minimal_subscriber:/home/chris/ros2_ws/install/examples_rclpy_minimal_service:/home/chris/ros2_ws/install/examples_rclpy_minimal_publisher:/home/chris/ros2_ws/install/examples_rclpy_minimal_client:/home/chris/ros2_ws/install/examples_rclpy_minimal_action_server:/home/chris/ros2_ws/install/examples_rclpy_minimal_action_client:/home/chris/ros2_ws/install/examples_rclpy_guard_conditions:/home/chris/ros2_ws/install/examples_rclpy_executors:/opt/ros/humble LD_LIBRARY_PATH=/home/chris/ros2_ws/install/action_tutorials_interfaces/lib:/home/chris/ros2_ws/install/polygon_plugins/lib:/home/chris/ros2_ws/install/my_package/lib:/home/chris/ros2_ws/src/install/polygon_plugins/lib:/home/chris/ros2_ws/install/more_interfaces/lib:/home/chris/ros2_ws/install/tutorial_interfaces/lib:/home/chris/ros2_ws/install/turtlesim/lib:/home/chris/ros2_ws/install/examples_rclcpp_wait_set/lib:/home/chris/ros2_ws/install/examples_rclcpp_minimal_subscriber/lib:/home/chris/ros2_ws/install/examples_rclcpp_minimal_composition/lib:/opt/ros/humble/opt/rviz_ogre_vendor/lib:/opt/ros/humble/lib/x86_64-linux-gnu:/opt/ros/humble/lib /usr/bin/cmake --build /home/chris/ros2_ws/build/action_tutorials_cpp -- -j20 -l20
[3.572s] Invoking command in '/home/chris/ros2_ws/build/action_tutorials_cpp': CMAKE_PREFIX_PATH=/home/chris/ros2_ws/install/action_tutorials_interfaces:/home/chris/ros2_ws/install/polygon_plugins:/home/chris/ros2_ws/install/polygon_base:/home/chris/ros2_ws/src/install/polygon_plugins:/home/chris/ros2_ws/src/install/polygon_base:/home/chris/ros2_ws/install/cpp_parameters:/home/chris/ros2_ws/install/more_interfaces:/home/chris/ros2_ws/install/tutorial_interfaces:/home/chris/ros2_ws/install/cpp_srvcli:/home/chris/ros2_ws/install/cpp_pubsub:/home/chris/ros2_ws/install/my_package:/home/chris/ros2_ws/install/turtlesim:/home/chris/ros2_ws/install/examples_rclcpp_wait_set:/home/chris/ros2_ws/install/examples_rclcpp_multithreaded_executor:/home/chris/ros2_ws/install/examples_rclcpp_minimal_timer:/home/chris/ros2_ws/install/examples_rclcpp_minimal_subscriber:/home/chris/ros2_ws/install/examples_rclcpp_minimal_service:/home/chris/ros2_ws/install/examples_rclcpp_minimal_publisher:/home/chris/ros2_ws/install/examples_rclcpp_minimal_composition:/home/chris/ros2_ws/install/examples_rclcpp_minimal_client:/home/chris/ros2_ws/install/examples_rclcpp_minimal_action_server:/home/chris/ros2_ws/install/examples_rclcpp_minimal_action_client:/home/chris/ros2_ws/install/examples_rclcpp_cbg_executor:/home/chris/ros2_ws/install/examples_rclcpp_async_client:/home/chris/ros2_ws/src/install/examples_rclpy_minimal_action_server:/home/chris/ros2_ws/install/launch_testing_examples:/home/chris/ros2_ws/install/examples_rclpy_pointcloud_publisher:/home/chris/ros2_ws/install/examples_rclpy_minimal_subscriber:/home/chris/ros2_ws/install/examples_rclpy_minimal_service:/home/chris/ros2_ws/install/examples_rclpy_minimal_publisher:/home/chris/ros2_ws/install/examples_rclpy_minimal_client:/home/chris/ros2_ws/install/examples_rclpy_minimal_action_server:/home/chris/ros2_ws/install/examples_rclpy_minimal_action_client:/home/chris/ros2_ws/install/examples_rclpy_guard_conditions:/home/chris/ros2_ws/install/examples_rclpy_executors:/opt/ros/humble LD_LIBRARY_PATH=/home/chris/ros2_ws/install/action_tutorials_interfaces/lib:/home/chris/ros2_ws/install/polygon_plugins/lib:/home/chris/ros2_ws/install/my_package/lib:/home/chris/ros2_ws/src/install/polygon_plugins/lib:/home/chris/ros2_ws/install/more_interfaces/lib:/home/chris/ros2_ws/install/tutorial_interfaces/lib:/home/chris/ros2_ws/install/turtlesim/lib:/home/chris/ros2_ws/install/examples_rclcpp_wait_set/lib:/home/chris/ros2_ws/install/examples_rclcpp_minimal_subscriber/lib:/home/chris/ros2_ws/install/examples_rclcpp_minimal_composition/lib:/opt/ros/humble/opt/rviz_ogre_vendor/lib:/opt/ros/humble/lib/x86_64-linux-gnu:/opt/ros/humble/lib /usr/bin/cmake --install /home/chris/ros2_ws/build/action_tutorials_cpp
[3.575s] -- Install configuration: ""
[3.575s] -- Installing: /home/chris/ros2_ws/install/action_tutorials_cpp/lib/action_tutorials_cpp/fibonacci_action_server
[3.576s] -- Set runtime path of "/home/chris/ros2_ws/install/action_tutorials_cpp/lib/action_tutorials_cpp/fibonacci_action_server" to ""
[3.576s] -- Installing: /home/chris/ros2_ws/install/action_tutorials_cpp/lib/libaction_server.so
[3.576s] -- Set runtime path of "/home/chris/ros2_ws/install/action_tutorials_cpp/lib/libaction_server.so" to ""
[3.576s] -- Installing: /home/chris/ros2_ws/install/action_tutorials_cpp/share/ament_index/resource_index/package_run_dependencies/action_tutorials_cpp
[3.576s] -- Installing: /home/chris/ros2_ws/install/action_tutorials_cpp/share/ament_index/resource_index/parent_prefix_path/action_tutorials_cpp
[3.576s] -- Installing: /home/chris/ros2_ws/install/action_tutorials_cpp/share/action_tutorials_cpp/environment/ament_prefix_path.sh
[3.577s] -- Installing: /home/chris/ros2_ws/install/action_tutorials_cpp/share/action_tutorials_cpp/environment/ament_prefix_path.dsv
[3.577s] -- Installing: /home/chris/ros2_ws/install/action_tutorials_cpp/share/action_tutorials_cpp/environment/path.sh
[3.577s] -- Installing: /home/chris/ros2_ws/install/action_tutorials_cpp/share/action_tutorials_cpp/environment/path.dsv
[3.577s] -- Installing: /home/chris/ros2_ws/install/action_tutorials_cpp/share/action_tutorials_cpp/local_setup.bash
[3.577s] -- Installing: /home/chris/ros2_ws/install/action_tutorials_cpp/share/action_tutorials_cpp/local_setup.sh
[3.577s] -- Installing: /home/chris/ros2_ws/install/action_tutorials_cpp/share/action_tutorials_cpp/local_setup.zsh
[3.577s] -- Installing: /home/chris/ros2_ws/install/action_tutorials_cpp/share/action_tutorials_cpp/local_setup.dsv
[3.577s] -- Installing: /home/chris/ros2_ws/install/action_tutorials_cpp/share/action_tutorials_cpp/package.dsv
[3.577s] -- Installing: /home/chris/ros2_ws/install/action_tutorials_cpp/share/ament_index/resource_index/packages/action_tutorials_cpp
[3.577s] -- Installing: /home/chris/ros2_ws/install/action_tutorials_cpp/share/ament_index/resource_index/rclcpp_components/action_tutorials_cpp
[3.577s] -- Installing: /home/chris/ros2_ws/install/action_tutorials_cpp/share/action_tutorials_cpp/cmake/action_tutorials_cppConfig.cmake
[3.577s] -- Installing: /home/chris/ros2_ws/install/action_tutorials_cpp/share/action_tutorials_cpp/cmake/action_tutorials_cppConfig-version.cmake
[3.577s] -- Installing: /home/chris/ros2_ws/install/action_tutorials_cpp/share/action_tutorials_cpp/package.xml
[3.578s] Invoked command in '/home/chris/ros2_ws/build/action_tutorials_cpp' returned '0': CMAKE_PREFIX_PATH=/home/chris/ros2_ws/install/action_tutorials_interfaces:/home/chris/ros2_ws/install/polygon_plugins:/home/chris/ros2_ws/install/polygon_base:/home/chris/ros2_ws/src/install/polygon_plugins:/home/chris/ros2_ws/src/install/polygon_base:/home/chris/ros2_ws/install/cpp_parameters:/home/chris/ros2_ws/install/more_interfaces:/home/chris/ros2_ws/install/tutorial_interfaces:/home/chris/ros2_ws/install/cpp_srvcli:/home/chris/ros2_ws/install/cpp_pubsub:/home/chris/ros2_ws/install/my_package:/home/chris/ros2_ws/install/turtlesim:/home/chris/ros2_ws/install/examples_rclcpp_wait_set:/home/chris/ros2_ws/install/examples_rclcpp_multithreaded_executor:/home/chris/ros2_ws/install/examples_rclcpp_minimal_timer:/home/chris/ros2_ws/install/examples_rclcpp_minimal_subscriber:/home/chris/ros2_ws/install/examples_rclcpp_minimal_service:/home/chris/ros2_ws/install/examples_rclcpp_minimal_publisher:/home/chris/ros2_ws/install/examples_rclcpp_minimal_composition:/home/chris/ros2_ws/install/examples_rclcpp_minimal_client:/home/chris/ros2_ws/install/examples_rclcpp_minimal_action_server:/home/chris/ros2_ws/install/examples_rclcpp_minimal_action_client:/home/chris/ros2_ws/install/examples_rclcpp_cbg_executor:/home/chris/ros2_ws/install/examples_rclcpp_async_client:/home/chris/ros2_ws/src/install/examples_rclpy_minimal_action_server:/home/chris/ros2_ws/install/launch_testing_examples:/home/chris/ros2_ws/install/examples_rclpy_pointcloud_publisher:/home/chris/ros2_ws/install/examples_rclpy_minimal_subscriber:/home/chris/ros2_ws/install/examples_rclpy_minimal_service:/home/chris/ros2_ws/install/examples_rclpy_minimal_publisher:/home/chris/ros2_ws/install/examples_rclpy_minimal_client:/home/chris/ros2_ws/install/examples_rclpy_minimal_action_server:/home/chris/ros2_ws/install/examples_rclpy_minimal_action_client:/home/chris/ros2_ws/install/examples_rclpy_guard_conditions:/home/chris/ros2_ws/install/examples_rclpy_executors:/opt/ros/humble LD_LIBRARY_PATH=/home/chris/ros2_ws/install/action_tutorials_interfaces/lib:/home/chris/ros2_ws/install/polygon_plugins/lib:/home/chris/ros2_ws/install/my_package/lib:/home/chris/ros2_ws/src/install/polygon_plugins/lib:/home/chris/ros2_ws/install/more_interfaces/lib:/home/chris/ros2_ws/install/tutorial_interfaces/lib:/home/chris/ros2_ws/install/turtlesim/lib:/home/chris/ros2_ws/install/examples_rclcpp_wait_set/lib:/home/chris/ros2_ws/install/examples_rclcpp_minimal_subscriber/lib:/home/chris/ros2_ws/install/examples_rclcpp_minimal_composition/lib:/opt/ros/humble/opt/rviz_ogre_vendor/lib:/opt/ros/humble/lib/x86_64-linux-gnu:/opt/ros/humble/lib /usr/bin/cmake --install /home/chris/ros2_ws/build/action_tutorials_cpp
