[0.643s] Invoking command in '/home/chris/ros2_ws/build/action_tutorials_interfaces': CMAKE_PREFIX_PATH=${CMAKE_PREFIX_PATH}:/home/chris/ros2_ws/src/install/examples_rclpy_minimal_action_server:/home/chris/ros2_ws/install/launch_testing_examples:/home/chris/ros2_ws/install/examples_rclpy_pointcloud_publisher:/home/chris/ros2_ws/install/examples_rclpy_minimal_subscriber:/home/chris/ros2_ws/install/examples_rclpy_minimal_service:/home/chris/ros2_ws/install/examples_rclpy_minimal_publisher:/home/chris/ros2_ws/install/examples_rclpy_minimal_client:/home/chris/ros2_ws/install/examples_rclpy_minimal_action_server:/home/chris/ros2_ws/install/examples_rclpy_minimal_action_client:/home/chris/ros2_ws/install/examples_rclpy_guard_conditions:/home/chris/ros2_ws/install/examples_rclpy_executors:/opt/ros/humble /usr/bin/cmake /home/chris/ros2_ws/src/action_tutorials_interfaces -DCMAKE_INSTALL_PREFIX=/home/chris/ros2_ws/install/action_tutorials_interfaces
[1.446s] [31mCMake Error at /opt/ros/humble/share/rosidl_cmake/cmake/rosidl_generate_interfaces.cmake:93 (message):
[1.446s]   rosidl_generate_interfaces() the passed file 'action/Fibonacci.action'
[1.446s]   doesn't exist relative to the CMAKE_CURRENT_SOURCE_DIR
[1.446s]   '/home/chris/ros2_ws/src/action_tutorials_interfaces'
[1.446s] Call Stack (most recent call first):
[1.446s]   CMakeLists.txt:12 (rosidl_generate_interfaces)
[1.446s] 
[1.446s] [0m
[1.446s] -- The C compiler identification is GNU 11.4.0
[1.446s] -- The CXX compiler identification is GNU 11.4.0
[1.446s] -- Detecting C compiler ABI info
[1.446s] -- Detecting C compiler ABI info - done
[1.446s] -- Check for working C compiler: /usr/bin/cc - skipped
[1.446s] -- Detecting C compile features
[1.446s] -- Detecting C compile features - done
[1.446s] -- Detecting CXX compiler ABI info
[1.446s] -- Detecting CXX compiler ABI info - done
[1.446s] -- Check for working CXX compiler: /usr/bin/c++ - skipped
[1.446s] -- Detecting CXX compile features
[1.446s] -- Detecting CXX compile features - done
[1.446s] -- Found ament_cmake: 1.3.6 (/opt/ros/humble/share/ament_cmake/cmake)
[1.446s] -- Found Python3: /usr/bin/python3.10 (found version "3.10.12") found components: Interpreter 
[1.446s] -- Found rosidl_default_generators: 1.2.0 (/opt/ros/humble/share/rosidl_default_generators/cmake)
[1.446s] -- Using all available rosidl_typesupport_c: rosidl_typesupport_fastrtps_c;rosidl_typesupport_introspection_c
[1.447s] -- Found rosidl_adapter: 3.1.5 (/opt/ros/humble/share/rosidl_adapter/cmake)
[1.447s] -- Using all available rosidl_typesupport_cpp: rosidl_typesupport_fastrtps_cpp;rosidl_typesupport_introspection_cpp
[1.447s] -- Configuring incomplete, errors occurred!
[1.447s] See also "/home/chris/ros2_ws/build/action_tutorials_interfaces/CMakeFiles/CMakeOutput.log".
[1.467s] Invoked command in '/home/chris/ros2_ws/build/action_tutorials_interfaces' returned '1': CMAKE_PREFIX_PATH=${CMAKE_PREFIX_PATH}:/home/chris/ros2_ws/src/install/examples_rclpy_minimal_action_server:/home/chris/ros2_ws/install/launch_testing_examples:/home/chris/ros2_ws/install/examples_rclpy_pointcloud_publisher:/home/chris/ros2_ws/install/examples_rclpy_minimal_subscriber:/home/chris/ros2_ws/install/examples_rclpy_minimal_service:/home/chris/ros2_ws/install/examples_rclpy_minimal_publisher:/home/chris/ros2_ws/install/examples_rclpy_minimal_client:/home/chris/ros2_ws/install/examples_rclpy_minimal_action_server:/home/chris/ros2_ws/install/examples_rclpy_minimal_action_client:/home/chris/ros2_ws/install/examples_rclpy_guard_conditions:/home/chris/ros2_ws/install/examples_rclpy_executors:/opt/ros/humble /usr/bin/cmake /home/chris/ros2_ws/src/action_tutorials_interfaces -DCMAKE_INSTALL_PREFIX=/home/chris/ros2_ws/install/action_tutorials_interfaces
