[0.674s] Invoking command in '/home/chris/ros2_ws/build/polygon_base': CMAKE_PREFIX_PATH=${CMAKE_PREFIX_PATH}:/home/chris/ros2_ws/src/install/examples_rclpy_minimal_action_server:/home/chris/ros2_ws/install/launch_testing_examples:/home/chris/ros2_ws/install/examples_rclpy_pointcloud_publisher:/home/chris/ros2_ws/install/examples_rclpy_minimal_subscriber:/home/chris/ros2_ws/install/examples_rclpy_minimal_service:/home/chris/ros2_ws/install/examples_rclpy_minimal_publisher:/home/chris/ros2_ws/install/examples_rclpy_minimal_client:/home/chris/ros2_ws/install/examples_rclpy_minimal_action_server:/home/chris/ros2_ws/install/examples_rclpy_minimal_action_client:/home/chris/ros2_ws/install/examples_rclpy_guard_conditions:/home/chris/ros2_ws/install/examples_rclpy_executors:/opt/ros/humble /usr/bin/cmake --build /home/chris/ros2_ws/build/polygon_base -- -j20 -l20
[1.456s] [35m[1mConsolidate compiler generated dependencies of target area_node[0m
[1.456s] [100%] Built target area_node
[1.471s] Invoked command in '/home/chris/ros2_ws/build/polygon_base' returned '0': CMAKE_PREFIX_PATH=${CMAKE_PREFIX_PATH}:/home/chris/ros2_ws/src/install/examples_rclpy_minimal_action_server:/home/chris/ros2_ws/install/launch_testing_examples:/home/chris/ros2_ws/install/examples_rclpy_pointcloud_publisher:/home/chris/ros2_ws/install/examples_rclpy_minimal_subscriber:/home/chris/ros2_ws/install/examples_rclpy_minimal_service:/home/chris/ros2_ws/install/examples_rclpy_minimal_publisher:/home/chris/ros2_ws/install/examples_rclpy_minimal_client:/home/chris/ros2_ws/install/examples_rclpy_minimal_action_server:/home/chris/ros2_ws/install/examples_rclpy_minimal_action_client:/home/chris/ros2_ws/install/examples_rclpy_guard_conditions:/home/chris/ros2_ws/install/examples_rclpy_executors:/opt/ros/humble /usr/bin/cmake --build /home/chris/ros2_ws/build/polygon_base -- -j20 -l20
[1.502s] Invoking command in '/home/chris/ros2_ws/build/polygon_base': CMAKE_PREFIX_PATH=${CMAKE_PREFIX_PATH}:/home/chris/ros2_ws/src/install/examples_rclpy_minimal_action_server:/home/chris/ros2_ws/install/launch_testing_examples:/home/chris/ros2_ws/install/examples_rclpy_pointcloud_publisher:/home/chris/ros2_ws/install/examples_rclpy_minimal_subscriber:/home/chris/ros2_ws/install/examples_rclpy_minimal_service:/home/chris/ros2_ws/install/examples_rclpy_minimal_publisher:/home/chris/ros2_ws/install/examples_rclpy_minimal_client:/home/chris/ros2_ws/install/examples_rclpy_minimal_action_server:/home/chris/ros2_ws/install/examples_rclpy_minimal_action_client:/home/chris/ros2_ws/install/examples_rclpy_guard_conditions:/home/chris/ros2_ws/install/examples_rclpy_executors:/opt/ros/humble /usr/bin/cmake --install /home/chris/ros2_ws/build/polygon_base
[1.515s] -- Install configuration: ""
[1.516s] -- Installing: /home/chris/ros2_ws/install/polygon_base/include
[1.516s] -- Installing: /home/chris/ros2_ws/install/polygon_base/include/polygon_base
[1.516s] -- Installing: /home/chris/ros2_ws/install/polygon_base/include/polygon_base/regular_polygon.hpp
[1.516s] -- Installing: /home/chris/ros2_ws/install/polygon_base/lib/polygon_base/area_node
[1.517s] -- Set runtime path of "/home/chris/ros2_ws/install/polygon_base/lib/polygon_base/area_node" to ""
[1.517s] -- Installing: /home/chris/ros2_ws/install/polygon_base/share/ament_index/resource_index/package_run_dependencies/polygon_base
[1.517s] -- Installing: /home/chris/ros2_ws/install/polygon_base/share/ament_index/resource_index/parent_prefix_path/polygon_base
[1.517s] -- Installing: /home/chris/ros2_ws/install/polygon_base/share/polygon_base/environment/ament_prefix_path.sh
[1.517s] -- Installing: /home/chris/ros2_ws/install/polygon_base/share/polygon_base/environment/ament_prefix_path.dsv
[1.517s] -- Installing: /home/chris/ros2_ws/install/polygon_base/share/polygon_base/environment/path.sh
[1.517s] -- Installing: /home/chris/ros2_ws/install/polygon_base/share/polygon_base/environment/path.dsv
[1.518s] -- Installing: /home/chris/ros2_ws/install/polygon_base/share/polygon_base/local_setup.bash
[1.518s] -- Installing: /home/chris/ros2_ws/install/polygon_base/share/polygon_base/local_setup.sh
[1.519s] -- Installing: /home/chris/ros2_ws/install/polygon_base/share/polygon_base/local_setup.zsh
[1.519s] -- Installing: /home/chris/ros2_ws/install/polygon_base/share/polygon_base/local_setup.dsv
[1.520s] -- Installing: /home/chris/ros2_ws/install/polygon_base/share/polygon_base/package.dsv
[1.520s] -- Installing: /home/chris/ros2_ws/install/polygon_base/share/ament_index/resource_index/packages/polygon_base
[1.521s] -- Installing: /home/chris/ros2_ws/install/polygon_base/share/polygon_base/cmake/ament_cmake_export_include_directories-extras.cmake
[1.522s] -- Installing: /home/chris/ros2_ws/install/polygon_base/share/polygon_base/cmake/polygon_baseConfig.cmake
[1.522s] -- Installing: /home/chris/ros2_ws/install/polygon_base/share/polygon_base/cmake/polygon_baseConfig-version.cmake
[1.522s] -- Installing: /home/chris/ros2_ws/install/polygon_base/share/polygon_base/package.xml
[1.535s] Invoked command in '/home/chris/ros2_ws/build/polygon_base' returned '0': CMAKE_PREFIX_PATH=${CMAKE_PREFIX_PATH}:/home/chris/ros2_ws/src/install/examples_rclpy_minimal_action_server:/home/chris/ros2_ws/install/launch_testing_examples:/home/chris/ros2_ws/install/examples_rclpy_pointcloud_publisher:/home/chris/ros2_ws/install/examples_rclpy_minimal_subscriber:/home/chris/ros2_ws/install/examples_rclpy_minimal_service:/home/chris/ros2_ws/install/examples_rclpy_minimal_publisher:/home/chris/ros2_ws/install/examples_rclpy_minimal_client:/home/chris/ros2_ws/install/examples_rclpy_minimal_action_server:/home/chris/ros2_ws/install/examples_rclpy_minimal_action_client:/home/chris/ros2_ws/install/examples_rclpy_guard_conditions:/home/chris/ros2_ws/install/examples_rclpy_executors:/opt/ros/humble /usr/bin/cmake --install /home/chris/ros2_ws/build/polygon_base
