[1.395s] Invoking command in '/home/chris/rostut/build/my_package': CMAKE_PREFIX_PATH=${CMAKE_PREFIX_PATH}:/home/chris/rostut/install/launch_testing_examples:/home/chris/rostut/install/examples_rclpy_pointcloud_publisher:/home/chris/rostut/install/examples_rclpy_minimal_subscriber:/home/chris/rostut/install/examples_rclpy_minimal_service:/home/chris/rostut/install/examples_rclpy_minimal_publisher:/home/chris/rostut/install/examples_rclpy_minimal_client:/home/chris/rostut/install/examples_rclpy_minimal_action_server:/home/chris/rostut/install/examples_rclpy_minimal_action_client:/home/chris/rostut/install/examples_rclpy_guard_conditions:/home/chris/rostut/install/examples_rclpy_executors:/opt/ros/humble /usr/bin/cmake --build /home/chris/rostut/build/my_package -- -j20 -l20
[1.513s] -- Found ament_cmake: 1.3.6 (/opt/ros/humble/share/ament_cmake/cmake)
[1.546s] -- Found ament_lint_auto: 0.12.9 (/opt/ros/humble/share/ament_lint_auto/cmake)
[1.642s] -- Added test 'cppcheck' to perform static code analysis on C / C++ code
[1.642s] -- Configured cppcheck include dirs: $<BUILD_INTERFACE:/home/chris/rostut/src/my_package/include>
[1.642s] -- Configured cppcheck exclude dirs and/or files: 
[1.643s] -- Added test 'lint_cmake' to check CMake code style
[1.643s] -- Added test 'uncrustify' to check C / C++ code style
[1.643s] -- Configured uncrustify additional arguments: 
[1.643s] -- Added test 'xmllint' to check XML markup files
[1.644s] -- Configuring done
[1.647s] -- Generating done
[1.648s] -- Build files have been written to: /home/chris/rostut/build/my_package
[1.663s] [35m[1mConsolidate compiler generated dependencies of target my_node[0m
[1.668s] [100%] Built target my_node
[1.708s] Invoked command in '/home/chris/rostut/build/my_package' returned '0': CMAKE_PREFIX_PATH=${CMAKE_PREFIX_PATH}:/home/chris/rostut/install/launch_testing_examples:/home/chris/rostut/install/examples_rclpy_pointcloud_publisher:/home/chris/rostut/install/examples_rclpy_minimal_subscriber:/home/chris/rostut/install/examples_rclpy_minimal_service:/home/chris/rostut/install/examples_rclpy_minimal_publisher:/home/chris/rostut/install/examples_rclpy_minimal_client:/home/chris/rostut/install/examples_rclpy_minimal_action_server:/home/chris/rostut/install/examples_rclpy_minimal_action_client:/home/chris/rostut/install/examples_rclpy_guard_conditions:/home/chris/rostut/install/examples_rclpy_executors:/opt/ros/humble /usr/bin/cmake --build /home/chris/rostut/build/my_package -- -j20 -l20
[1.866s] Invoking command in '/home/chris/rostut/build/my_package': CMAKE_PREFIX_PATH=${CMAKE_PREFIX_PATH}:/home/chris/rostut/install/launch_testing_examples:/home/chris/rostut/install/examples_rclpy_pointcloud_publisher:/home/chris/rostut/install/examples_rclpy_minimal_subscriber:/home/chris/rostut/install/examples_rclpy_minimal_service:/home/chris/rostut/install/examples_rclpy_minimal_publisher:/home/chris/rostut/install/examples_rclpy_minimal_client:/home/chris/rostut/install/examples_rclpy_minimal_action_server:/home/chris/rostut/install/examples_rclpy_minimal_action_client:/home/chris/rostut/install/examples_rclpy_guard_conditions:/home/chris/rostut/install/examples_rclpy_executors:/opt/ros/humble /usr/bin/cmake --install /home/chris/rostut/build/my_package
[1.873s] -- Install configuration: ""
[1.873s] -- Up-to-date: /home/chris/rostut/install/my_package/lib/my_package/my_node
[1.873s] -- Up-to-date: /home/chris/rostut/install/my_package/share/ament_index/resource_index/package_run_dependencies/my_package
[1.874s] -- Installing: /home/chris/rostut/install/my_package/share/ament_index/resource_index/parent_prefix_path/my_package
[1.874s] -- Up-to-date: /home/chris/rostut/install/my_package/share/my_package/environment/ament_prefix_path.sh
[1.874s] -- Installing: /home/chris/rostut/install/my_package/share/my_package/environment/ament_prefix_path.dsv
[1.874s] -- Up-to-date: /home/chris/rostut/install/my_package/share/my_package/environment/path.sh
[1.874s] -- Installing: /home/chris/rostut/install/my_package/share/my_package/environment/path.dsv
[1.874s] -- Up-to-date: /home/chris/rostut/install/my_package/share/my_package/local_setup.bash
[1.874s] -- Up-to-date: /home/chris/rostut/install/my_package/share/my_package/local_setup.sh
[1.874s] -- Up-to-date: /home/chris/rostut/install/my_package/share/my_package/local_setup.zsh
[1.874s] -- Installing: /home/chris/rostut/install/my_package/share/my_package/local_setup.dsv
[1.875s] -- Installing: /home/chris/rostut/install/my_package/share/my_package/package.dsv
[1.875s] -- Up-to-date: /home/chris/rostut/install/my_package/share/ament_index/resource_index/packages/my_package
[1.875s] -- Up-to-date: /home/chris/rostut/install/my_package/share/my_package/cmake/my_packageConfig.cmake
[1.875s] -- Up-to-date: /home/chris/rostut/install/my_package/share/my_package/cmake/my_packageConfig-version.cmake
[1.875s] -- Installing: /home/chris/rostut/install/my_package/share/my_package/package.xml
[2.002s] Invoked command in '/home/chris/rostut/build/my_package' returned '0': CMAKE_PREFIX_PATH=${CMAKE_PREFIX_PATH}:/home/chris/rostut/install/launch_testing_examples:/home/chris/rostut/install/examples_rclpy_pointcloud_publisher:/home/chris/rostut/install/examples_rclpy_minimal_subscriber:/home/chris/rostut/install/examples_rclpy_minimal_service:/home/chris/rostut/install/examples_rclpy_minimal_publisher:/home/chris/rostut/install/examples_rclpy_minimal_client:/home/chris/rostut/install/examples_rclpy_minimal_action_server:/home/chris/rostut/install/examples_rclpy_minimal_action_client:/home/chris/rostut/install/examples_rclpy_guard_conditions:/home/chris/rostut/install/examples_rclpy_executors:/opt/ros/humble /usr/bin/cmake --install /home/chris/rostut/build/my_package
