[3.392s] Invoking command in '/home/chris/ros2_ws/src/examples/rclpy/services/minimal_client': PYTHONPATH=/home/chris/ros2_ws/src/build/examples_rclpy_minimal_client/prefix_override:/home/chris/ros2_ws/src/install/examples_rclpy_minimal_client/lib/python3.10/site-packages:${PYTHONPATH} /usr/bin/python3 setup.py egg_info --egg-base ../../../../build/examples_rclpy_minimal_client build --build-base /home/chris/ros2_ws/src/build/examples_rclpy_minimal_client/build install --record /home/chris/ros2_ws/src/build/examples_rclpy_minimal_client/install.log --single-version-externally-managed
[14.053s] /usr/lib/python3/dist-packages/setuptools/command/install.py:34: SetuptoolsDeprecationWarning: setup.py install is deprecated. Use build and pip and other standards-based tools.
[14.053s]   warnings.warn(
[14.054s] running egg_info
[14.054s] creating ../../../../build/examples_rclpy_minimal_client/examples_rclpy_minimal_client.egg-info
[14.054s] writing ../../../../build/examples_rclpy_minimal_client/examples_rclpy_minimal_client.egg-info/PKG-INFO
[14.054s] writing dependency_links to ../../../../build/examples_rclpy_minimal_client/examples_rclpy_minimal_client.egg-info/dependency_links.txt
[14.055s] writing entry points to ../../../../build/examples_rclpy_minimal_client/examples_rclpy_minimal_client.egg-info/entry_points.txt
[14.055s] writing requirements to ../../../../build/examples_rclpy_minimal_client/examples_rclpy_minimal_client.egg-info/requires.txt
[14.055s] writing top-level names to ../../../../build/examples_rclpy_minimal_client/examples_rclpy_minimal_client.egg-info/top_level.txt
[14.055s] writing manifest file '../../../../build/examples_rclpy_minimal_client/examples_rclpy_minimal_client.egg-info/SOURCES.txt'
[14.055s] reading manifest file '../../../../build/examples_rclpy_minimal_client/examples_rclpy_minimal_client.egg-info/SOURCES.txt'
[14.055s] writing manifest file '../../../../build/examples_rclpy_minimal_client/examples_rclpy_minimal_client.egg-info/SOURCES.txt'
[14.055s] running build
[14.055s] running build_py
[14.055s] creating /home/chris/ros2_ws/src/build/examples_rclpy_minimal_client/build
[14.055s] creating /home/chris/ros2_ws/src/build/examples_rclpy_minimal_client/build/lib
[14.055s] creating /home/chris/ros2_ws/src/build/examples_rclpy_minimal_client/build/lib/examples_rclpy_minimal_client
[14.055s] copying examples_rclpy_minimal_client/__init__.py -> /home/chris/ros2_ws/src/build/examples_rclpy_minimal_client/build/lib/examples_rclpy_minimal_client
[14.055s] copying examples_rclpy_minimal_client/client_async_callback.py -> /home/chris/ros2_ws/src/build/examples_rclpy_minimal_client/build/lib/examples_rclpy_minimal_client
[14.055s] copying examples_rclpy_minimal_client/client.py -> /home/chris/ros2_ws/src/build/examples_rclpy_minimal_client/build/lib/examples_rclpy_minimal_client
[14.055s] copying examples_rclpy_minimal_client/client_async_member_function.py -> /home/chris/ros2_ws/src/build/examples_rclpy_minimal_client/build/lib/examples_rclpy_minimal_client
[14.055s] copying examples_rclpy_minimal_client/client_async.py -> /home/chris/ros2_ws/src/build/examples_rclpy_minimal_client/build/lib/examples_rclpy_minimal_client
[14.055s] running install
[14.055s] running install_lib
[14.055s] creating /home/chris/ros2_ws/src/install/examples_rclpy_minimal_client/lib/python3.10/site-packages/examples_rclpy_minimal_client
[14.055s] copying /home/chris/ros2_ws/src/build/examples_rclpy_minimal_client/build/lib/examples_rclpy_minimal_client/__init__.py -> /home/chris/ros2_ws/src/install/examples_rclpy_minimal_client/lib/python3.10/site-packages/examples_rclpy_minimal_client
[14.055s] copying /home/chris/ros2_ws/src/build/examples_rclpy_minimal_client/build/lib/examples_rclpy_minimal_client/client_async_callback.py -> /home/chris/ros2_ws/src/install/examples_rclpy_minimal_client/lib/python3.10/site-packages/examples_rclpy_minimal_client
[14.055s] copying /home/chris/ros2_ws/src/build/examples_rclpy_minimal_client/build/lib/examples_rclpy_minimal_client/client.py -> /home/chris/ros2_ws/src/install/examples_rclpy_minimal_client/lib/python3.10/site-packages/examples_rclpy_minimal_client
[14.055s] copying /home/chris/ros2_ws/src/build/examples_rclpy_minimal_client/build/lib/examples_rclpy_minimal_client/client_async_member_function.py -> /home/chris/ros2_ws/src/install/examples_rclpy_minimal_client/lib/python3.10/site-packages/examples_rclpy_minimal_client
[14.055s] copying /home/chris/ros2_ws/src/build/examples_rclpy_minimal_client/build/lib/examples_rclpy_minimal_client/client_async.py -> /home/chris/ros2_ws/src/install/examples_rclpy_minimal_client/lib/python3.10/site-packages/examples_rclpy_minimal_client
[14.055s] byte-compiling /home/chris/ros2_ws/src/install/examples_rclpy_minimal_client/lib/python3.10/site-packages/examples_rclpy_minimal_client/__init__.py to __init__.cpython-310.pyc
[14.055s] byte-compiling /home/chris/ros2_ws/src/install/examples_rclpy_minimal_client/lib/python3.10/site-packages/examples_rclpy_minimal_client/client_async_callback.py to client_async_callback.cpython-310.pyc
[14.055s] byte-compiling /home/chris/ros2_ws/src/install/examples_rclpy_minimal_client/lib/python3.10/site-packages/examples_rclpy_minimal_client/client.py to client.cpython-310.pyc
[14.056s] byte-compiling /home/chris/ros2_ws/src/install/examples_rclpy_minimal_client/lib/python3.10/site-packages/examples_rclpy_minimal_client/client_async_member_function.py to client_async_member_function.cpython-310.pyc
[14.056s] byte-compiling /home/chris/ros2_ws/src/install/examples_rclpy_minimal_client/lib/python3.10/site-packages/examples_rclpy_minimal_client/client_async.py to client_async.cpython-310.pyc
[14.056s] running install_data
[14.056s] creating /home/chris/ros2_ws/src/install/examples_rclpy_minimal_client/share/ament_index
[14.056s] creating /home/chris/ros2_ws/src/install/examples_rclpy_minimal_client/share/ament_index/resource_index
[14.056s] creating /home/chris/ros2_ws/src/install/examples_rclpy_minimal_client/share/ament_index/resource_index/packages
[14.056s] copying resource/examples_rclpy_minimal_client -> /home/chris/ros2_ws/src/install/examples_rclpy_minimal_client/share/ament_index/resource_index/packages
[14.056s] copying package.xml -> /home/chris/ros2_ws/src/install/examples_rclpy_minimal_client/share/examples_rclpy_minimal_client
[14.056s] running install_egg_info
[14.056s] Copying ../../../../build/examples_rclpy_minimal_client/examples_rclpy_minimal_client.egg-info to /home/chris/ros2_ws/src/install/examples_rclpy_minimal_client/lib/python3.10/site-packages/examples_rclpy_minimal_client-0.15.1-py3.10.egg-info
[14.056s] running install_scripts
[14.056s] Installing client script to /home/chris/ros2_ws/src/install/examples_rclpy_minimal_client/lib/examples_rclpy_minimal_client
[14.056s] Installing client_async script to /home/chris/ros2_ws/src/install/examples_rclpy_minimal_client/lib/examples_rclpy_minimal_client
[14.056s] Installing client_async_callback script to /home/chris/ros2_ws/src/install/examples_rclpy_minimal_client/lib/examples_rclpy_minimal_client
[14.056s] Installing client_async_member_function script to /home/chris/ros2_ws/src/install/examples_rclpy_minimal_client/lib/examples_rclpy_minimal_client
[14.056s] writing list of installed files to '/home/chris/ros2_ws/src/build/examples_rclpy_minimal_client/install.log'
