[0.403s] Invoking command in '/home/chris/rostut/src/learning_tf2_py': CMAKE_PREFIX_PATH=/home/chris/rostut/install/turtlesim:/home/chris/rostut/install/learning_tf2_cpp:/home/chris/rostut/install/cpp_parameter_event_handler:/home/chris/rostut/install/action_tutorials_cpp:/home/chris/rostut/install/action_tutorials_interfaces:/home/chris/rostut/install/polygon_plugins:/home/chris/rostut/install/polygon_base:/home/chris/rostut/install/cpp_parameters:/home/chris/rostut/install/more_interfaces:/home/chris/rostut/install/tutorial_interfaces:/home/chris/rostut/install/cpp_srvcli:/home/chris/rostut/install/cpp_pubsub:/home/chris/rostut/install/my_package:/home/chris/rostut/install/examples_rclcpp_wait_set:/home/chris/rostut/install/examples_rclcpp_multithreaded_executor:/home/chris/rostut/install/examples_rclcpp_minimal_subscriber:/home/chris/rostut/install/examples_rclcpp_minimal_service:/home/chris/rostut/install/examples_rclcpp_minimal_publisher:/home/chris/rostut/install/examples_rclcpp_minimal_composition:/home/chris/rostut/install/examples_rclcpp_minimal_client:/home/chris/rostut/install/examples_rclcpp_minimal_action_server:/home/chris/rostut/install/examples_rclcpp_minimal_action_client:/home/chris/rostut/install/examples_rclcpp_cbg_executor:/home/chris/rostut/install/examples_rclcpp_async_client:/home/chris/rostut/install/examples_rclcpp_minimal_timer LD_LIBRARY_PATH=/home/chris/rostut/install/turtlesim/lib:/home/chris/rostut/install/action_tutorials_cpp/lib:/home/chris/rostut/install/action_tutorials_interfaces/lib:/home/chris/rostut/install/polygon_plugins/lib:/home/chris/rostut/install/more_interfaces/lib:/home/chris/rostut/install/tutorial_interfaces/lib:/home/chris/rostut/install/examples_rclcpp_wait_set/lib:/home/chris/rostut/install/examples_rclcpp_minimal_subscriber/lib:/home/chris/rostut/install/examples_rclcpp_minimal_composition/lib:/opt/ros/humble/opt/rviz_ogre_vendor/lib:/opt/ros/humble/lib/x86_64-linux-gnu:/opt/ros/humble/lib PYTHONPATH=/home/chris/rostut/build/learning_tf2_py/prefix_override:/home/chris/rostut/install/learning_tf2_py/lib/python3.10/site-packages:${PYTHONPATH} /usr/bin/python3 setup.py egg_info --egg-base ../../build/learning_tf2_py build --build-base /home/chris/rostut/build/learning_tf2_py/build install --record /home/chris/rostut/build/learning_tf2_py/install.log --single-version-externally-managed
[0.527s] running egg_info
[0.527s] creating ../../build/learning_tf2_py/learning_tf2_py.egg-info
[0.527s] writing ../../build/learning_tf2_py/learning_tf2_py.egg-info/PKG-INFO
[0.527s] writing dependency_links to ../../build/learning_tf2_py/learning_tf2_py.egg-info/dependency_links.txt
[0.527s] writing entry points to ../../build/learning_tf2_py/learning_tf2_py.egg-info/entry_points.txt
[0.527s] writing requirements to ../../build/learning_tf2_py/learning_tf2_py.egg-info/requires.txt
[0.527s] writing top-level names to ../../build/learning_tf2_py/learning_tf2_py.egg-info/top_level.txt
[0.527s] writing manifest file '../../build/learning_tf2_py/learning_tf2_py.egg-info/SOURCES.txt'
[0.528s] reading manifest file '../../build/learning_tf2_py/learning_tf2_py.egg-info/SOURCES.txt'
[0.528s] adding license file 'LICENSE'
[0.529s] writing manifest file '../../build/learning_tf2_py/learning_tf2_py.egg-info/SOURCES.txt'
[0.529s] running build
[0.529s] running build_py
[0.529s] creating /home/chris/rostut/build/learning_tf2_py/build
[0.529s] creating /home/chris/rostut/build/learning_tf2_py/build/lib
[0.529s] creating /home/chris/rostut/build/learning_tf2_py/build/lib/learning_tf2_py
[0.529s] copying learning_tf2_py/turtle_tf2_message_broadcaster.py -> /home/chris/rostut/build/learning_tf2_py/build/lib/learning_tf2_py
[0.529s] copying learning_tf2_py/static_turtle_tf2_broadcaster.py -> /home/chris/rostut/build/learning_tf2_py/build/lib/learning_tf2_py
[0.529s] copying learning_tf2_py/__init__.py -> /home/chris/rostut/build/learning_tf2_py/build/lib/learning_tf2_py
[0.529s] running install
[0.529s] /usr/lib/python3/dist-packages/setuptools/command/install.py:34: SetuptoolsDeprecationWarning: setup.py install is deprecated. Use build and pip and other standards-based tools.
[0.529s]   warnings.warn(
[0.529s] running install_lib
[0.530s] creating /home/chris/rostut/install/learning_tf2_py/lib/python3.10/site-packages/learning_tf2_py
[0.530s] copying /home/chris/rostut/build/learning_tf2_py/build/lib/learning_tf2_py/turtle_tf2_message_broadcaster.py -> /home/chris/rostut/install/learning_tf2_py/lib/python3.10/site-packages/learning_tf2_py
[0.530s] copying /home/chris/rostut/build/learning_tf2_py/build/lib/learning_tf2_py/static_turtle_tf2_broadcaster.py -> /home/chris/rostut/install/learning_tf2_py/lib/python3.10/site-packages/learning_tf2_py
[0.530s] copying /home/chris/rostut/build/learning_tf2_py/build/lib/learning_tf2_py/__init__.py -> /home/chris/rostut/install/learning_tf2_py/lib/python3.10/site-packages/learning_tf2_py
[0.530s] byte-compiling /home/chris/rostut/install/learning_tf2_py/lib/python3.10/site-packages/learning_tf2_py/turtle_tf2_message_broadcaster.py to turtle_tf2_message_broadcaster.cpython-310.pyc
[0.531s] byte-compiling /home/chris/rostut/install/learning_tf2_py/lib/python3.10/site-packages/learning_tf2_py/static_turtle_tf2_broadcaster.py to static_turtle_tf2_broadcaster.cpython-310.pyc
[0.531s] byte-compiling /home/chris/rostut/install/learning_tf2_py/lib/python3.10/site-packages/learning_tf2_py/__init__.py to __init__.cpython-310.pyc
[0.531s] running install_data
[0.531s] creating /home/chris/rostut/install/learning_tf2_py/share/ament_index
[0.531s] creating /home/chris/rostut/install/learning_tf2_py/share/ament_index/resource_index
[0.531s] creating /home/chris/rostut/install/learning_tf2_py/share/ament_index/resource_index/packages
[0.531s] copying resource/learning_tf2_py -> /home/chris/rostut/install/learning_tf2_py/share/ament_index/resource_index/packages
[0.531s] copying package.xml -> /home/chris/rostut/install/learning_tf2_py/share/learning_tf2_py
[0.531s] running install_egg_info
[0.533s] Copying ../../build/learning_tf2_py/learning_tf2_py.egg-info to /home/chris/rostut/install/learning_tf2_py/lib/python3.10/site-packages/learning_tf2_py-0.0.0-py3.10.egg-info
[0.533s] running install_scripts
[0.546s] Installing turtle_tf2_message_broadcaster script to /home/chris/rostut/install/learning_tf2_py/lib/learning_tf2_py
[0.546s] writing list of installed files to '/home/chris/rostut/build/learning_tf2_py/install.log'
[0.559s] Invoked command in '/home/chris/rostut/src/learning_tf2_py' returned '0': CMAKE_PREFIX_PATH=/home/chris/rostut/install/turtlesim:/home/chris/rostut/install/learning_tf2_cpp:/home/chris/rostut/install/cpp_parameter_event_handler:/home/chris/rostut/install/action_tutorials_cpp:/home/chris/rostut/install/action_tutorials_interfaces:/home/chris/rostut/install/polygon_plugins:/home/chris/rostut/install/polygon_base:/home/chris/rostut/install/cpp_parameters:/home/chris/rostut/install/more_interfaces:/home/chris/rostut/install/tutorial_interfaces:/home/chris/rostut/install/cpp_srvcli:/home/chris/rostut/install/cpp_pubsub:/home/chris/rostut/install/my_package:/home/chris/rostut/install/examples_rclcpp_wait_set:/home/chris/rostut/install/examples_rclcpp_multithreaded_executor:/home/chris/rostut/install/examples_rclcpp_minimal_subscriber:/home/chris/rostut/install/examples_rclcpp_minimal_service:/home/chris/rostut/install/examples_rclcpp_minimal_publisher:/home/chris/rostut/install/examples_rclcpp_minimal_composition:/home/chris/rostut/install/examples_rclcpp_minimal_client:/home/chris/rostut/install/examples_rclcpp_minimal_action_server:/home/chris/rostut/install/examples_rclcpp_minimal_action_client:/home/chris/rostut/install/examples_rclcpp_cbg_executor:/home/chris/rostut/install/examples_rclcpp_async_client:/home/chris/rostut/install/examples_rclcpp_minimal_timer LD_LIBRARY_PATH=/home/chris/rostut/install/turtlesim/lib:/home/chris/rostut/install/action_tutorials_cpp/lib:/home/chris/rostut/install/action_tutorials_interfaces/lib:/home/chris/rostut/install/polygon_plugins/lib:/home/chris/rostut/install/more_interfaces/lib:/home/chris/rostut/install/tutorial_interfaces/lib:/home/chris/rostut/install/examples_rclcpp_wait_set/lib:/home/chris/rostut/install/examples_rclcpp_minimal_subscriber/lib:/home/chris/rostut/install/examples_rclcpp_minimal_composition/lib:/opt/ros/humble/opt/rviz_ogre_vendor/lib:/opt/ros/humble/lib/x86_64-linux-gnu:/opt/ros/humble/lib PYTHONPATH=/home/chris/rostut/build/learning_tf2_py/prefix_override:/home/chris/rostut/install/learning_tf2_py/lib/python3.10/site-packages:${PYTHONPATH} /usr/bin/python3 setup.py egg_info --egg-base ../../build/learning_tf2_py build --build-base /home/chris/rostut/build/learning_tf2_py/build install --record /home/chris/rostut/build/learning_tf2_py/install.log --single-version-externally-managed
