[0.033s] Invoking command in '/home/chris/rostut/build/cpp_parameters': CMAKE_PREFIX_PATH=${CMAKE_PREFIX_PATH}:/home/chris/rostut/install/launch_testing_examples:/home/chris/rostut/install/examples_rclpy_pointcloud_publisher:/home/chris/rostut/install/examples_rclpy_minimal_subscriber:/home/chris/rostut/install/examples_rclpy_minimal_service:/home/chris/rostut/install/examples_rclpy_minimal_publisher:/home/chris/rostut/install/examples_rclpy_minimal_client:/home/chris/rostut/install/examples_rclpy_minimal_action_server:/home/chris/rostut/install/examples_rclpy_minimal_action_client:/home/chris/rostut/install/examples_rclpy_guard_conditions:/home/chris/rostut/install/examples_rclpy_executors:/opt/ros/humble /usr/bin/cmake /home/chris/rostut/src/cpp_parameters -DCMAKE_INSTALL_PREFIX=/home/chris/rostut/install/cpp_parameters
[0.064s] -- The C compiler identification is GNU 11.4.0
[0.092s] -- The CXX compiler identification is GNU 11.4.0
[0.096s] -- Detecting C compiler ABI info
[0.131s] -- Detecting C compiler ABI info - done
[0.135s] -- Check for working C compiler: /usr/bin/cc - skipped
[0.135s] -- Detecting C compile features
[0.135s] -- Detecting C compile features - done
[0.137s] -- Detecting CXX compiler ABI info
[0.179s] -- Detecting CXX compiler ABI info - done
[0.183s] -- Check for working CXX compiler: /usr/bin/c++ - skipped
[0.183s] -- Detecting CXX compile features
[0.183s] -- Detecting CXX compile features - done
[0.185s] -- Found ament_cmake: 1.3.6 (/opt/ros/humble/share/ament_cmake/cmake)
[0.298s] -- Found Python3: /usr/bin/python3.10 (found version "3.10.12") found components: Interpreter 
[0.360s] -- Found rclcpp: 16.0.7 (/opt/ros/humble/share/rclcpp/cmake)
[0.390s] -- Found rosidl_generator_c: 3.1.5 (/opt/ros/humble/share/rosidl_generator_c/cmake)
[0.394s] -- Found rosidl_adapter: 3.1.5 (/opt/ros/humble/share/rosidl_adapter/cmake)
[0.400s] -- Found rosidl_generator_cpp: 3.1.5 (/opt/ros/humble/share/rosidl_generator_cpp/cmake)
[0.409s] -- Using all available rosidl_typesupport_c: rosidl_typesupport_fastrtps_c;rosidl_typesupport_introspection_c
[0.422s] -- Using all available rosidl_typesupport_cpp: rosidl_typesupport_fastrtps_cpp;rosidl_typesupport_introspection_cpp
[0.466s] -- Found rmw_implementation_cmake: 6.1.1 (/opt/ros/humble/share/rmw_implementation_cmake/cmake)
[0.469s] -- Found rmw_fastrtps_cpp: 6.2.5 (/opt/ros/humble/share/rmw_fastrtps_cpp/cmake)
[0.525s] -- Found OpenSSL: /usr/lib/x86_64-linux-gnu/libcrypto.so (found version "3.0.2")  
[0.541s] -- Found FastRTPS: /opt/ros/humble/include  
[0.568s] -- Using RMW implementation 'rmw_fastrtps_cpp' as default
[0.575s] -- Looking for pthread.h
[0.612s] -- Looking for pthread.h - found
[0.612s] -- Performing Test CMAKE_HAVE_LIBC_PTHREAD
[0.651s] -- Performing Test CMAKE_HAVE_LIBC_PTHREAD - Success
[0.651s] -- Found Threads: TRUE  
[0.742s] -- Found ament_lint_auto: 0.12.9 (/opt/ros/humble/share/ament_lint_auto/cmake)
[0.793s] -- Added test 'cppcheck' to perform static code analysis on C / C++ code
[0.793s] -- Configured cppcheck include dirs: 
[0.793s] -- Configured cppcheck exclude dirs and/or files: 
[0.793s] -- Added test 'lint_cmake' to check CMake code style
[0.794s] -- Added test 'uncrustify' to check C / C++ code style
[0.794s] -- Configured uncrustify additional arguments: 
[0.794s] -- Added test 'xmllint' to check XML markup files
[0.795s] -- Configuring done
[0.799s] -- Generating done
[0.800s] -- Build files have been written to: /home/chris/rostut/build/cpp_parameters
[0.806s] Invoked command in '/home/chris/rostut/build/cpp_parameters' returned '0': CMAKE_PREFIX_PATH=${CMAKE_PREFIX_PATH}:/home/chris/rostut/install/launch_testing_examples:/home/chris/rostut/install/examples_rclpy_pointcloud_publisher:/home/chris/rostut/install/examples_rclpy_minimal_subscriber:/home/chris/rostut/install/examples_rclpy_minimal_service:/home/chris/rostut/install/examples_rclpy_minimal_publisher:/home/chris/rostut/install/examples_rclpy_minimal_client:/home/chris/rostut/install/examples_rclpy_minimal_action_server:/home/chris/rostut/install/examples_rclpy_minimal_action_client:/home/chris/rostut/install/examples_rclpy_guard_conditions:/home/chris/rostut/install/examples_rclpy_executors:/opt/ros/humble /usr/bin/cmake /home/chris/rostut/src/cpp_parameters -DCMAKE_INSTALL_PREFIX=/home/chris/rostut/install/cpp_parameters
[0.806s] Invoking command in '/home/chris/rostut/build/cpp_parameters': CMAKE_PREFIX_PATH=${CMAKE_PREFIX_PATH}:/home/chris/rostut/install/launch_testing_examples:/home/chris/rostut/install/examples_rclpy_pointcloud_publisher:/home/chris/rostut/install/examples_rclpy_minimal_subscriber:/home/chris/rostut/install/examples_rclpy_minimal_service:/home/chris/rostut/install/examples_rclpy_minimal_publisher:/home/chris/rostut/install/examples_rclpy_minimal_client:/home/chris/rostut/install/examples_rclpy_minimal_action_server:/home/chris/rostut/install/examples_rclpy_minimal_action_client:/home/chris/rostut/install/examples_rclpy_guard_conditions:/home/chris/rostut/install/examples_rclpy_executors:/opt/ros/humble /usr/bin/cmake --build /home/chris/rostut/build/cpp_parameters -- -j20 -l20
[0.829s] [ 50%] [32mBuilding CXX object CMakeFiles/minimal_param_node.dir/src/cpp_parameters_node.cpp.o[0m
[2.297s] [100%] [32m[1mLinking CXX executable minimal_param_node[0m
[2.362s] [100%] Built target minimal_param_node
[2.369s] Invoked command in '/home/chris/rostut/build/cpp_parameters' returned '0': CMAKE_PREFIX_PATH=${CMAKE_PREFIX_PATH}:/home/chris/rostut/install/launch_testing_examples:/home/chris/rostut/install/examples_rclpy_pointcloud_publisher:/home/chris/rostut/install/examples_rclpy_minimal_subscriber:/home/chris/rostut/install/examples_rclpy_minimal_service:/home/chris/rostut/install/examples_rclpy_minimal_publisher:/home/chris/rostut/install/examples_rclpy_minimal_client:/home/chris/rostut/install/examples_rclpy_minimal_action_server:/home/chris/rostut/install/examples_rclpy_minimal_action_client:/home/chris/rostut/install/examples_rclpy_guard_conditions:/home/chris/rostut/install/examples_rclpy_executors:/opt/ros/humble /usr/bin/cmake --build /home/chris/rostut/build/cpp_parameters -- -j20 -l20
[2.385s] Invoking command in '/home/chris/rostut/build/cpp_parameters': CMAKE_PREFIX_PATH=${CMAKE_PREFIX_PATH}:/home/chris/rostut/install/launch_testing_examples:/home/chris/rostut/install/examples_rclpy_pointcloud_publisher:/home/chris/rostut/install/examples_rclpy_minimal_subscriber:/home/chris/rostut/install/examples_rclpy_minimal_service:/home/chris/rostut/install/examples_rclpy_minimal_publisher:/home/chris/rostut/install/examples_rclpy_minimal_client:/home/chris/rostut/install/examples_rclpy_minimal_action_server:/home/chris/rostut/install/examples_rclpy_minimal_action_client:/home/chris/rostut/install/examples_rclpy_guard_conditions:/home/chris/rostut/install/examples_rclpy_executors:/opt/ros/humble /usr/bin/cmake --install /home/chris/rostut/build/cpp_parameters
[2.389s] -- Install configuration: ""
[2.389s] -- Installing: /home/chris/rostut/install/cpp_parameters/lib/cpp_parameters/minimal_param_node
[2.389s] -- Set runtime path of "/home/chris/rostut/install/cpp_parameters/lib/cpp_parameters/minimal_param_node" to ""
[2.389s] -- Installing: /home/chris/rostut/install/cpp_parameters/share/ament_index/resource_index/package_run_dependencies/cpp_parameters
[2.389s] -- Installing: /home/chris/rostut/install/cpp_parameters/share/ament_index/resource_index/parent_prefix_path/cpp_parameters
[2.389s] -- Installing: /home/chris/rostut/install/cpp_parameters/share/cpp_parameters/environment/ament_prefix_path.sh
[2.389s] -- Installing: /home/chris/rostut/install/cpp_parameters/share/cpp_parameters/environment/ament_prefix_path.dsv
[2.389s] -- Installing: /home/chris/rostut/install/cpp_parameters/share/cpp_parameters/environment/path.sh
[2.389s] -- Installing: /home/chris/rostut/install/cpp_parameters/share/cpp_parameters/environment/path.dsv
[2.389s] -- Installing: /home/chris/rostut/install/cpp_parameters/share/cpp_parameters/local_setup.bash
[2.389s] -- Installing: /home/chris/rostut/install/cpp_parameters/share/cpp_parameters/local_setup.sh
[2.390s] -- Installing: /home/chris/rostut/install/cpp_parameters/share/cpp_parameters/local_setup.zsh
[2.390s] -- Installing: /home/chris/rostut/install/cpp_parameters/share/cpp_parameters/local_setup.dsv
[2.390s] -- Installing: /home/chris/rostut/install/cpp_parameters/share/cpp_parameters/package.dsv
[2.390s] -- Installing: /home/chris/rostut/install/cpp_parameters/share/ament_index/resource_index/packages/cpp_parameters
[2.390s] -- Installing: /home/chris/rostut/install/cpp_parameters/share/cpp_parameters/cmake/cpp_parametersConfig.cmake
[2.390s] -- Installing: /home/chris/rostut/install/cpp_parameters/share/cpp_parameters/cmake/cpp_parametersConfig-version.cmake
[2.390s] -- Installing: /home/chris/rostut/install/cpp_parameters/share/cpp_parameters/package.xml
[2.392s] Invoked command in '/home/chris/rostut/build/cpp_parameters' returned '0': CMAKE_PREFIX_PATH=${CMAKE_PREFIX_PATH}:/home/chris/rostut/install/launch_testing_examples:/home/chris/rostut/install/examples_rclpy_pointcloud_publisher:/home/chris/rostut/install/examples_rclpy_minimal_subscriber:/home/chris/rostut/install/examples_rclpy_minimal_service:/home/chris/rostut/install/examples_rclpy_minimal_publisher:/home/chris/rostut/install/examples_rclpy_minimal_client:/home/chris/rostut/install/examples_rclpy_minimal_action_server:/home/chris/rostut/install/examples_rclpy_minimal_action_client:/home/chris/rostut/install/examples_rclpy_guard_conditions:/home/chris/rostut/install/examples_rclpy_executors:/opt/ros/humble /usr/bin/cmake --install /home/chris/rostut/build/cpp_parameters
