[0.675s] Invoking command in '/home/chris/ros2_ws/build/tutorial_interfaces': CMAKE_PREFIX_PATH=${CMAKE_PREFIX_PATH}:/home/chris/ros2_ws/src/install/examples_rclpy_minimal_action_server:/home/chris/ros2_ws/install/launch_testing_examples:/home/chris/ros2_ws/install/examples_rclpy_pointcloud_publisher:/home/chris/ros2_ws/install/examples_rclpy_minimal_subscriber:/home/chris/ros2_ws/install/examples_rclpy_minimal_service:/home/chris/ros2_ws/install/examples_rclpy_minimal_publisher:/home/chris/ros2_ws/install/examples_rclpy_minimal_client:/home/chris/ros2_ws/install/examples_rclpy_minimal_action_server:/home/chris/ros2_ws/install/examples_rclpy_minimal_action_client:/home/chris/ros2_ws/install/examples_rclpy_guard_conditions:/home/chris/ros2_ws/install/examples_rclpy_executors:/opt/ros/humble /usr/bin/cmake --build /home/chris/ros2_ws/build/tutorial_interfaces -- -j20 -l20
[1.477s] [35m[1mConsolidate compiler generated dependencies of target tutorial_interfaces__rosidl_generator_c[0m
[1.477s] [  2%] Built target tutorial_interfaces__cpp
[1.477s] [ 12%] Built target tutorial_interfaces__rosidl_generator_c
[1.477s] [35m[1mConsolidate compiler generated dependencies of target tutorial_interfaces__rosidl_typesupport_cpp[0m
[1.477s] [35m[1mConsolidate compiler generated dependencies of target tutorial_interfaces__rosidl_typesupport_introspection_cpp[0m
[1.478s] [35m[1mConsolidate compiler generated dependencies of target tutorial_interfaces__rosidl_typesupport_fastrtps_cpp[0m
[1.478s] [ 12%] Built target ament_cmake_python_copy_tutorial_interfaces
[1.478s] [ 23%] Built target tutorial_interfaces__rosidl_typesupport_cpp
[1.478s] [ 34%] Built target tutorial_interfaces__rosidl_typesupport_introspection_cpp
[1.478s] [35m[1mConsolidate compiler generated dependencies of target tutorial_interfaces__rosidl_typesupport_fastrtps_c[0m
[1.478s] [ 44%] Built target tutorial_interfaces__rosidl_typesupport_fastrtps_cpp
[1.478s] [35m[1mConsolidate compiler generated dependencies of target tutorial_interfaces__rosidl_typesupport_c[0m
[1.478s] [35m[1mConsolidate compiler generated dependencies of target tutorial_interfaces__rosidl_typesupport_introspection_c[0m
[1.478s] [ 55%] Built target tutorial_interfaces__rosidl_typesupport_c
[1.478s] [ 65%] Built target tutorial_interfaces__rosidl_typesupport_fastrtps_c
[1.478s] [ 76%] Built target tutorial_interfaces__rosidl_typesupport_introspection_c
[1.478s] [ 76%] Built target tutorial_interfaces
[1.478s] [ 78%] Built target tutorial_interfaces__py
[1.478s] [35m[1mConsolidate compiler generated dependencies of target tutorial_interfaces__rosidl_generator_py[0m
[1.478s] [ 87%] Built target tutorial_interfaces__rosidl_generator_py
[1.478s] [35m[1mConsolidate compiler generated dependencies of target tutorial_interfaces__rosidl_typesupport_introspection_c__pyext[0m
[1.478s] [35m[1mConsolidate compiler generated dependencies of target tutorial_interfaces__rosidl_typesupport_fastrtps_c__pyext[0m
[1.478s] [35m[1mConsolidate compiler generated dependencies of target tutorial_interfaces__rosidl_typesupport_c__pyext[0m
[1.478s] [ 95%] Built target tutorial_interfaces__rosidl_typesupport_introspection_c__pyext
[1.478s] [ 95%] Built target tutorial_interfaces__rosidl_typesupport_fastrtps_c__pyext
[1.478s] [100%] Built target tutorial_interfaces__rosidl_typesupport_c__pyext
[1.478s] running egg_info
[1.478s] writing tutorial_interfaces.egg-info/PKG-INFO
[1.478s] writing dependency_links to tutorial_interfaces.egg-info/dependency_links.txt
[1.478s] writing top-level names to tutorial_interfaces.egg-info/top_level.txt
[1.478s] reading manifest file 'tutorial_interfaces.egg-info/SOURCES.txt'
[1.478s] writing manifest file 'tutorial_interfaces.egg-info/SOURCES.txt'
[1.478s] [100%] Built target ament_cmake_python_build_tutorial_interfaces_egg
[1.498s] Invoked command in '/home/chris/ros2_ws/build/tutorial_interfaces' returned '0': CMAKE_PREFIX_PATH=${CMAKE_PREFIX_PATH}:/home/chris/ros2_ws/src/install/examples_rclpy_minimal_action_server:/home/chris/ros2_ws/install/launch_testing_examples:/home/chris/ros2_ws/install/examples_rclpy_pointcloud_publisher:/home/chris/ros2_ws/install/examples_rclpy_minimal_subscriber:/home/chris/ros2_ws/install/examples_rclpy_minimal_service:/home/chris/ros2_ws/install/examples_rclpy_minimal_publisher:/home/chris/ros2_ws/install/examples_rclpy_minimal_client:/home/chris/ros2_ws/install/examples_rclpy_minimal_action_server:/home/chris/ros2_ws/install/examples_rclpy_minimal_action_client:/home/chris/ros2_ws/install/examples_rclpy_guard_conditions:/home/chris/ros2_ws/install/examples_rclpy_executors:/opt/ros/humble /usr/bin/cmake --build /home/chris/ros2_ws/build/tutorial_interfaces -- -j20 -l20
