[0.377s] Invoking command in '/home/chris/ros2_ws/build/quality_of_service_demo_cpp': CMAKE_PREFIX_PATH=${CMAKE_PREFIX_PATH}:/home/chris/ros2_ws/src/install/examples_rclpy_minimal_action_server:/home/chris/ros2_ws/install/launch_testing_examples:/home/chris/ros2_ws/install/examples_rclpy_pointcloud_publisher:/home/chris/ros2_ws/install/examples_rclpy_minimal_subscriber:/home/chris/ros2_ws/install/examples_rclpy_minimal_service:/home/chris/ros2_ws/install/examples_rclpy_minimal_publisher:/home/chris/ros2_ws/install/examples_rclpy_minimal_client:/home/chris/ros2_ws/install/examples_rclpy_minimal_action_server:/home/chris/ros2_ws/install/examples_rclpy_minimal_action_client:/home/chris/ros2_ws/install/examples_rclpy_guard_conditions:/home/chris/ros2_ws/install/examples_rclpy_executors:/opt/ros/humble /usr/bin/cmake /home/chris/ros2_ws/src/demos/quality_of_service_demo/rclcpp -DCMAKE_INSTALL_PREFIX=/home/chris/ros2_ws/install/quality_of_service_demo_cpp
[0.950s] -- The C compiler identification is GNU 11.4.0
[0.950s] -- The CXX compiler identification is GNU 11.4.0
[0.950s] -- Detecting C compiler ABI info
[0.950s] -- Detecting C compiler ABI info - done
[0.950s] -- Check for working C compiler: /usr/bin/cc - skipped
[0.950s] -- Detecting C compile features
[0.950s] -- Detecting C compile features - done
[0.950s] -- Detecting CXX compiler ABI info
[0.950s] -- Detecting CXX compiler ABI info - done
[0.950s] -- Check for working CXX compiler: /usr/bin/c++ - skipped
[0.950s] -- Detecting CXX compile features
[0.951s] -- Detecting CXX compile features - done
[0.951s] -- Found ament_cmake: 1.3.6 (/opt/ros/humble/share/ament_cmake/cmake)
[0.951s] -- Found Python3: /usr/bin/python3.10 (found version "3.10.12") found components: Interpreter 
[0.951s] -- Found rclcpp: 16.0.7 (/opt/ros/humble/share/rclcpp/cmake)
[0.969s] -- Found rosidl_generator_c: 3.1.5 (/opt/ros/humble/share/rosidl_generator_c/cmake)
[0.979s] -- Found rosidl_adapter: 3.1.5 (/opt/ros/humble/share/rosidl_adapter/cmake)
[1.003s] -- Found rosidl_generator_cpp: 3.1.5 (/opt/ros/humble/share/rosidl_generator_cpp/cmake)
[1.016s] -- Using all available rosidl_typesupport_c: rosidl_typesupport_fastrtps_c;rosidl_typesupport_introspection_c
[1.040s] -- Using all available rosidl_typesupport_cpp: rosidl_typesupport_fastrtps_cpp;rosidl_typesupport_introspection_cpp
[1.115s] -- Found rmw_implementation_cmake: 6.1.1 (/opt/ros/humble/share/rmw_implementation_cmake/cmake)
[1.119s] -- Found rmw_fastrtps_cpp: 6.2.5 (/opt/ros/humble/share/rmw_fastrtps_cpp/cmake)
[1.204s] -- Found OpenSSL: /usr/lib/x86_64-linux-gnu/libcrypto.so (found version "3.0.2")  
[1.230s] -- Found FastRTPS: /opt/ros/humble/include  
[1.285s] -- Using RMW implementation 'rmw_fastrtps_cpp' as default
[1.299s] -- Looking for pthread.h
[1.348s] -- Looking for pthread.h - found
[1.348s] -- Performing Test CMAKE_HAVE_LIBC_PTHREAD
[1.398s] -- Performing Test CMAKE_HAVE_LIBC_PTHREAD - Success
[1.399s] -- Found Threads: TRUE  
[1.540s] -- Found rclcpp_components: 16.0.7 (/opt/ros/humble/share/rclcpp_components/cmake)
[1.593s] -- Found sensor_msgs: 4.2.3 (/opt/ros/humble/share/sensor_msgs/cmake)
[1.699s] -- Found ament_lint_auto: 0.12.9 (/opt/ros/humble/share/ament_lint_auto/cmake)
[1.800s] -- Added test 'copyright' to check source files copyright and LICENSE
[1.801s] -- Added test 'cppcheck' to perform static code analysis on C / C++ code
[1.802s] -- Configured cppcheck include dirs: /home/chris/ros2_ws/src/demos/quality_of_service_demo/rclcpp/include
[1.802s] -- Configured cppcheck exclude dirs and/or files: 
[1.802s] -- Added test 'cpplint' to check C / C++ code against the Google style
[1.803s] -- Configured cpplint exclude dirs and/or files: 
[1.804s] -- Added test 'lint_cmake' to check CMake code style
[1.805s] -- Added test 'uncrustify' to check C / C++ code style
[1.805s] -- Configured uncrustify additional arguments: 
[1.805s] -- Added test 'xmllint' to check XML markup files
[1.807s] -- Configuring done
[1.831s] -- Generating done
[1.832s] -- Build files have been written to: /home/chris/ros2_ws/build/quality_of_service_demo_cpp
