[0.138s] Invoking command in '/home/chris/rostut/build/action_tutorials_cpp': CMAKE_PREFIX_PATH=/home/chris/rostut/install/action_tutorials_interfaces:/home/chris/rostut/install/action_tutorials_cpp:/home/chris/rostut/install/polygon_plugins:/home/chris/rostut/install/polygon_base:/home/chris/rostut/install/cpp_parameters:/home/chris/rostut/install/more_interfaces:/home/chris/rostut/install/tutorial_interfaces:/home/chris/rostut/install/cpp_srvcli:/home/chris/rostut/install/cpp_pubsub:/home/chris/rostut/install/my_package:/home/chris/rostut/install/turtlesim:/home/chris/rostut/install/examples_rclcpp_wait_set:/home/chris/rostut/install/examples_rclcpp_multithreaded_executor:/home/chris/rostut/install/examples_rclcpp_minimal_subscriber:/home/chris/rostut/install/examples_rclcpp_minimal_service:/home/chris/rostut/install/examples_rclcpp_minimal_publisher:/home/chris/rostut/install/examples_rclcpp_minimal_composition:/home/chris/rostut/install/examples_rclcpp_minimal_client:/home/chris/rostut/install/examples_rclcpp_minimal_action_server:/home/chris/rostut/install/examples_rclcpp_minimal_action_client:/home/chris/rostut/install/examples_rclcpp_cbg_executor:/home/chris/rostut/install/examples_rclcpp_async_client:/home/chris/rostut/install/examples_rclcpp_minimal_timer:/home/chris/rostut/install/launch_testing_examples:/home/chris/rostut/install/examples_rclpy_pointcloud_publisher:/home/chris/rostut/install/examples_rclpy_minimal_subscriber:/home/chris/rostut/install/examples_rclpy_minimal_service:/home/chris/rostut/install/examples_rclpy_minimal_publisher:/home/chris/rostut/install/examples_rclpy_minimal_client:/home/chris/rostut/install/examples_rclpy_minimal_action_server:/home/chris/rostut/install/examples_rclpy_minimal_action_client:/home/chris/rostut/install/examples_rclpy_guard_conditions:/home/chris/rostut/install/examples_rclpy_executors:/opt/ros/humble LD_LIBRARY_PATH=/home/chris/rostut/install/action_tutorials_interfaces/lib:/home/chris/rostut/install/action_tutorials_cpp/lib:/home/chris/rostut/install/polygon_plugins/lib:/home/chris/rostut/install/more_interfaces/lib:/home/chris/rostut/install/tutorial_interfaces/lib:/home/chris/rostut/install/turtlesim/lib:/home/chris/rostut/install/examples_rclcpp_wait_set/lib:/home/chris/rostut/install/examples_rclcpp_minimal_subscriber/lib:/home/chris/rostut/install/examples_rclcpp_minimal_composition/lib:/opt/ros/humble/opt/rviz_ogre_vendor/lib:/opt/ros/humble/lib/x86_64-linux-gnu:/opt/ros/humble/lib /usr/bin/cmake --build /home/chris/rostut/build/action_tutorials_cpp -- -j20 -l20
[0.167s] -- Found ament_cmake: 1.3.6 (/opt/ros/humble/share/ament_cmake/cmake)
[0.288s] -- Found action_tutorials_interfaces: 0.0.0 (/home/chris/rostut/install/action_tutorials_interfaces/share/action_tutorials_interfaces/cmake)
[0.320s] -- Found rosidl_generator_c: 3.1.5 (/opt/ros/humble/share/rosidl_generator_c/cmake)
[0.322s] -- Found rosidl_adapter: 3.1.5 (/opt/ros/humble/share/rosidl_adapter/cmake)
[0.329s] -- Found rosidl_generator_cpp: 3.1.5 (/opt/ros/humble/share/rosidl_generator_cpp/cmake)
[0.345s] -- Using all available rosidl_typesupport_c: rosidl_typesupport_fastrtps_c;rosidl_typesupport_introspection_c
[0.364s] -- Using all available rosidl_typesupport_cpp: rosidl_typesupport_fastrtps_cpp;rosidl_typesupport_introspection_cpp
[0.472s] -- Found rclcpp: 16.0.7 (/opt/ros/humble/share/rclcpp/cmake)
[0.502s] -- Found rmw_implementation_cmake: 6.1.1 (/opt/ros/humble/share/rmw_implementation_cmake/cmake)
[0.505s] -- Found rmw_fastrtps_cpp: 6.2.5 (/opt/ros/humble/share/rmw_fastrtps_cpp/cmake)
[0.595s] -- Using RMW implementation 'rmw_fastrtps_cpp' as default
[0.695s] -- Found rclcpp_action: 16.0.7 (/opt/ros/humble/share/rclcpp_action/cmake)
[0.711s] -- Found rclcpp_components: 16.0.7 (/opt/ros/humble/share/rclcpp_components/cmake)
[0.751s] -- Found ament_lint_auto: 0.12.9 (/opt/ros/humble/share/ament_lint_auto/cmake)
[0.795s] -- Added test 'cppcheck' to perform static code analysis on C / C++ code
[0.795s] -- Configured cppcheck include dirs: $<BUILD_INTERFACE:/home/chris/rostut/src/action_tutorials_cpp/include>
[0.795s] -- Configured cppcheck exclude dirs and/or files: 
[0.795s] -- Added test 'lint_cmake' to check CMake code style
[0.795s] -- Added test 'uncrustify' to check C / C++ code style
[0.795s] -- Configured uncrustify additional arguments: 
[0.795s] -- Added test 'xmllint' to check XML markup files
[0.796s] -- Configuring done
[0.807s] -- Generating done
[0.807s] -- Build files have been written to: /home/chris/rostut/build/action_tutorials_cpp
[0.822s] [35m[1mConsolidate compiler generated dependencies of target fibonacci_action_server[0m
[0.822s] [35m[1mConsolidate compiler generated dependencies of target action_server[0m
[0.828s] [ 25%] [32mBuilding CXX object CMakeFiles/fibonacci_action_client.dir/rclcpp_components/node_main_fibonacci_action_client.cpp.o[0m
[0.828s] [ 25%] [32mBuilding CXX object CMakeFiles/action_client.dir/src/fibonacci_action_client.cpp.o[0m
[0.832s] [ 50%] Built target action_server
[0.832s] [ 75%] Built target fibonacci_action_server
[2.369s] [ 87%] [32m[1mLinking CXX executable fibonacci_action_client[0m
[2.433s] [ 87%] Built target fibonacci_action_client
[2.930s] [100%] [32m[1mLinking CXX shared library libaction_client.so[0m
[3.021s] [100%] Built target action_client
[3.032s] Invoked command in '/home/chris/rostut/build/action_tutorials_cpp' returned '0': CMAKE_PREFIX_PATH=/home/chris/rostut/install/action_tutorials_interfaces:/home/chris/rostut/install/action_tutorials_cpp:/home/chris/rostut/install/polygon_plugins:/home/chris/rostut/install/polygon_base:/home/chris/rostut/install/cpp_parameters:/home/chris/rostut/install/more_interfaces:/home/chris/rostut/install/tutorial_interfaces:/home/chris/rostut/install/cpp_srvcli:/home/chris/rostut/install/cpp_pubsub:/home/chris/rostut/install/my_package:/home/chris/rostut/install/turtlesim:/home/chris/rostut/install/examples_rclcpp_wait_set:/home/chris/rostut/install/examples_rclcpp_multithreaded_executor:/home/chris/rostut/install/examples_rclcpp_minimal_subscriber:/home/chris/rostut/install/examples_rclcpp_minimal_service:/home/chris/rostut/install/examples_rclcpp_minimal_publisher:/home/chris/rostut/install/examples_rclcpp_minimal_composition:/home/chris/rostut/install/examples_rclcpp_minimal_client:/home/chris/rostut/install/examples_rclcpp_minimal_action_server:/home/chris/rostut/install/examples_rclcpp_minimal_action_client:/home/chris/rostut/install/examples_rclcpp_cbg_executor:/home/chris/rostut/install/examples_rclcpp_async_client:/home/chris/rostut/install/examples_rclcpp_minimal_timer:/home/chris/rostut/install/launch_testing_examples:/home/chris/rostut/install/examples_rclpy_pointcloud_publisher:/home/chris/rostut/install/examples_rclpy_minimal_subscriber:/home/chris/rostut/install/examples_rclpy_minimal_service:/home/chris/rostut/install/examples_rclpy_minimal_publisher:/home/chris/rostut/install/examples_rclpy_minimal_client:/home/chris/rostut/install/examples_rclpy_minimal_action_server:/home/chris/rostut/install/examples_rclpy_minimal_action_client:/home/chris/rostut/install/examples_rclpy_guard_conditions:/home/chris/rostut/install/examples_rclpy_executors:/opt/ros/humble LD_LIBRARY_PATH=/home/chris/rostut/install/action_tutorials_interfaces/lib:/home/chris/rostut/install/action_tutorials_cpp/lib:/home/chris/rostut/install/polygon_plugins/lib:/home/chris/rostut/install/more_interfaces/lib:/home/chris/rostut/install/tutorial_interfaces/lib:/home/chris/rostut/install/turtlesim/lib:/home/chris/rostut/install/examples_rclcpp_wait_set/lib:/home/chris/rostut/install/examples_rclcpp_minimal_subscriber/lib:/home/chris/rostut/install/examples_rclcpp_minimal_composition/lib:/opt/ros/humble/opt/rviz_ogre_vendor/lib:/opt/ros/humble/lib/x86_64-linux-gnu:/opt/ros/humble/lib /usr/bin/cmake --build /home/chris/rostut/build/action_tutorials_cpp -- -j20 -l20
[3.053s] Invoking command in '/home/chris/rostut/build/action_tutorials_cpp': CMAKE_PREFIX_PATH=/home/chris/rostut/install/action_tutorials_interfaces:/home/chris/rostut/install/action_tutorials_cpp:/home/chris/rostut/install/polygon_plugins:/home/chris/rostut/install/polygon_base:/home/chris/rostut/install/cpp_parameters:/home/chris/rostut/install/more_interfaces:/home/chris/rostut/install/tutorial_interfaces:/home/chris/rostut/install/cpp_srvcli:/home/chris/rostut/install/cpp_pubsub:/home/chris/rostut/install/my_package:/home/chris/rostut/install/turtlesim:/home/chris/rostut/install/examples_rclcpp_wait_set:/home/chris/rostut/install/examples_rclcpp_multithreaded_executor:/home/chris/rostut/install/examples_rclcpp_minimal_subscriber:/home/chris/rostut/install/examples_rclcpp_minimal_service:/home/chris/rostut/install/examples_rclcpp_minimal_publisher:/home/chris/rostut/install/examples_rclcpp_minimal_composition:/home/chris/rostut/install/examples_rclcpp_minimal_client:/home/chris/rostut/install/examples_rclcpp_minimal_action_server:/home/chris/rostut/install/examples_rclcpp_minimal_action_client:/home/chris/rostut/install/examples_rclcpp_cbg_executor:/home/chris/rostut/install/examples_rclcpp_async_client:/home/chris/rostut/install/examples_rclcpp_minimal_timer:/home/chris/rostut/install/launch_testing_examples:/home/chris/rostut/install/examples_rclpy_pointcloud_publisher:/home/chris/rostut/install/examples_rclpy_minimal_subscriber:/home/chris/rostut/install/examples_rclpy_minimal_service:/home/chris/rostut/install/examples_rclpy_minimal_publisher:/home/chris/rostut/install/examples_rclpy_minimal_client:/home/chris/rostut/install/examples_rclpy_minimal_action_server:/home/chris/rostut/install/examples_rclpy_minimal_action_client:/home/chris/rostut/install/examples_rclpy_guard_conditions:/home/chris/rostut/install/examples_rclpy_executors:/opt/ros/humble LD_LIBRARY_PATH=/home/chris/rostut/install/action_tutorials_interfaces/lib:/home/chris/rostut/install/action_tutorials_cpp/lib:/home/chris/rostut/install/polygon_plugins/lib:/home/chris/rostut/install/more_interfaces/lib:/home/chris/rostut/install/tutorial_interfaces/lib:/home/chris/rostut/install/turtlesim/lib:/home/chris/rostut/install/examples_rclcpp_wait_set/lib:/home/chris/rostut/install/examples_rclcpp_minimal_subscriber/lib:/home/chris/rostut/install/examples_rclcpp_minimal_composition/lib:/opt/ros/humble/opt/rviz_ogre_vendor/lib:/opt/ros/humble/lib/x86_64-linux-gnu:/opt/ros/humble/lib /usr/bin/cmake --install /home/chris/rostut/build/action_tutorials_cpp
[3.057s] -- Install configuration: ""
[3.057s] -- Up-to-date: /home/chris/rostut/install/action_tutorials_cpp/lib/action_tutorials_cpp/fibonacci_action_server
[3.057s] -- Up-to-date: /home/chris/rostut/install/action_tutorials_cpp/lib/libaction_server.so
[3.057s] -- Installing: /home/chris/rostut/install/action_tutorials_cpp/lib/action_tutorials_cpp/fibonacci_action_client
[3.058s] -- Set runtime path of "/home/chris/rostut/install/action_tutorials_cpp/lib/action_tutorials_cpp/fibonacci_action_client" to ""
[3.058s] -- Installing: /home/chris/rostut/install/action_tutorials_cpp/lib/libaction_client.so
[3.059s] -- Set runtime path of "/home/chris/rostut/install/action_tutorials_cpp/lib/libaction_client.so" to ""
[3.059s] -- Up-to-date: /home/chris/rostut/install/action_tutorials_cpp/share/ament_index/resource_index/package_run_dependencies/action_tutorials_cpp
[3.059s] -- Installing: /home/chris/rostut/install/action_tutorials_cpp/share/ament_index/resource_index/parent_prefix_path/action_tutorials_cpp
[3.059s] -- Up-to-date: /home/chris/rostut/install/action_tutorials_cpp/share/action_tutorials_cpp/environment/ament_prefix_path.sh
[3.059s] -- Installing: /home/chris/rostut/install/action_tutorials_cpp/share/action_tutorials_cpp/environment/ament_prefix_path.dsv
[3.059s] -- Up-to-date: /home/chris/rostut/install/action_tutorials_cpp/share/action_tutorials_cpp/environment/path.sh
[3.059s] -- Installing: /home/chris/rostut/install/action_tutorials_cpp/share/action_tutorials_cpp/environment/path.dsv
[3.059s] -- Up-to-date: /home/chris/rostut/install/action_tutorials_cpp/share/action_tutorials_cpp/local_setup.bash
[3.059s] -- Up-to-date: /home/chris/rostut/install/action_tutorials_cpp/share/action_tutorials_cpp/local_setup.sh
[3.059s] -- Up-to-date: /home/chris/rostut/install/action_tutorials_cpp/share/action_tutorials_cpp/local_setup.zsh
[3.059s] -- Installing: /home/chris/rostut/install/action_tutorials_cpp/share/action_tutorials_cpp/local_setup.dsv
[3.060s] -- Installing: /home/chris/rostut/install/action_tutorials_cpp/share/action_tutorials_cpp/package.dsv
[3.060s] -- Up-to-date: /home/chris/rostut/install/action_tutorials_cpp/share/ament_index/resource_index/packages/action_tutorials_cpp
[3.060s] -- Installing: /home/chris/rostut/install/action_tutorials_cpp/share/ament_index/resource_index/rclcpp_components/action_tutorials_cpp
[3.060s] -- Up-to-date: /home/chris/rostut/install/action_tutorials_cpp/share/action_tutorials_cpp/cmake/action_tutorials_cppConfig.cmake
[3.060s] -- Up-to-date: /home/chris/rostut/install/action_tutorials_cpp/share/action_tutorials_cpp/cmake/action_tutorials_cppConfig-version.cmake
[3.060s] -- Up-to-date: /home/chris/rostut/install/action_tutorials_cpp/share/action_tutorials_cpp/package.xml
[3.061s] Invoked command in '/home/chris/rostut/build/action_tutorials_cpp' returned '0': CMAKE_PREFIX_PATH=/home/chris/rostut/install/action_tutorials_interfaces:/home/chris/rostut/install/action_tutorials_cpp:/home/chris/rostut/install/polygon_plugins:/home/chris/rostut/install/polygon_base:/home/chris/rostut/install/cpp_parameters:/home/chris/rostut/install/more_interfaces:/home/chris/rostut/install/tutorial_interfaces:/home/chris/rostut/install/cpp_srvcli:/home/chris/rostut/install/cpp_pubsub:/home/chris/rostut/install/my_package:/home/chris/rostut/install/turtlesim:/home/chris/rostut/install/examples_rclcpp_wait_set:/home/chris/rostut/install/examples_rclcpp_multithreaded_executor:/home/chris/rostut/install/examples_rclcpp_minimal_subscriber:/home/chris/rostut/install/examples_rclcpp_minimal_service:/home/chris/rostut/install/examples_rclcpp_minimal_publisher:/home/chris/rostut/install/examples_rclcpp_minimal_composition:/home/chris/rostut/install/examples_rclcpp_minimal_client:/home/chris/rostut/install/examples_rclcpp_minimal_action_server:/home/chris/rostut/install/examples_rclcpp_minimal_action_client:/home/chris/rostut/install/examples_rclcpp_cbg_executor:/home/chris/rostut/install/examples_rclcpp_async_client:/home/chris/rostut/install/examples_rclcpp_minimal_timer:/home/chris/rostut/install/launch_testing_examples:/home/chris/rostut/install/examples_rclpy_pointcloud_publisher:/home/chris/rostut/install/examples_rclpy_minimal_subscriber:/home/chris/rostut/install/examples_rclpy_minimal_service:/home/chris/rostut/install/examples_rclpy_minimal_publisher:/home/chris/rostut/install/examples_rclpy_minimal_client:/home/chris/rostut/install/examples_rclpy_minimal_action_server:/home/chris/rostut/install/examples_rclpy_minimal_action_client:/home/chris/rostut/install/examples_rclpy_guard_conditions:/home/chris/rostut/install/examples_rclpy_executors:/opt/ros/humble LD_LIBRARY_PATH=/home/chris/rostut/install/action_tutorials_interfaces/lib:/home/chris/rostut/install/action_tutorials_cpp/lib:/home/chris/rostut/install/polygon_plugins/lib:/home/chris/rostut/install/more_interfaces/lib:/home/chris/rostut/install/tutorial_interfaces/lib:/home/chris/rostut/install/turtlesim/lib:/home/chris/rostut/install/examples_rclcpp_wait_set/lib:/home/chris/rostut/install/examples_rclcpp_minimal_subscriber/lib:/home/chris/rostut/install/examples_rclcpp_minimal_composition/lib:/opt/ros/humble/opt/rviz_ogre_vendor/lib:/opt/ros/humble/lib/x86_64-linux-gnu:/opt/ros/humble/lib /usr/bin/cmake --install /home/chris/rostut/build/action_tutorials_cpp
