[0.047s] Invoking command in '/home/chris/rostut/build/bag_recorder_nodes': CMAKE_PREFIX_PATH=${CMAKE_PREFIX_PATH}:/home/chris/rostut/install/learning_tf2_py:/home/chris/rostut/src/learning_tf2_py/install/learning_tf2_py:/home/chris/rostut/install/launch_testing_examples:/home/chris/rostut/install/examples_rclpy_pointcloud_publisher:/home/chris/rostut/install/examples_rclpy_minimal_subscriber:/home/chris/rostut/install/examples_rclpy_minimal_service:/home/chris/rostut/install/examples_rclpy_minimal_publisher:/home/chris/rostut/install/examples_rclpy_minimal_client:/home/chris/rostut/install/examples_rclpy_minimal_action_server:/home/chris/rostut/install/examples_rclpy_minimal_action_client:/home/chris/rostut/install/examples_rclpy_guard_conditions:/home/chris/rostut/install/examples_rclpy_executors:/opt/ros/humble /usr/bin/cmake --build /home/chris/rostut/build/bag_recorder_nodes -- -j20 -l20
[0.069s] [35m[1mConsolidate compiler generated dependencies of target simple_bag_recorder[0m
[0.077s] [100%] Built target simple_bag_recorder
[0.083s] Invoked command in '/home/chris/rostut/build/bag_recorder_nodes' returned '0': CMAKE_PREFIX_PATH=${CMAKE_PREFIX_PATH}:/home/chris/rostut/install/learning_tf2_py:/home/chris/rostut/src/learning_tf2_py/install/learning_tf2_py:/home/chris/rostut/install/launch_testing_examples:/home/chris/rostut/install/examples_rclpy_pointcloud_publisher:/home/chris/rostut/install/examples_rclpy_minimal_subscriber:/home/chris/rostut/install/examples_rclpy_minimal_service:/home/chris/rostut/install/examples_rclpy_minimal_publisher:/home/chris/rostut/install/examples_rclpy_minimal_client:/home/chris/rostut/install/examples_rclpy_minimal_action_server:/home/chris/rostut/install/examples_rclpy_minimal_action_client:/home/chris/rostut/install/examples_rclpy_guard_conditions:/home/chris/rostut/install/examples_rclpy_executors:/opt/ros/humble /usr/bin/cmake --build /home/chris/rostut/build/bag_recorder_nodes -- -j20 -l20
[0.104s] Invoking command in '/home/chris/rostut/build/bag_recorder_nodes': CMAKE_PREFIX_PATH=${CMAKE_PREFIX_PATH}:/home/chris/rostut/install/learning_tf2_py:/home/chris/rostut/src/learning_tf2_py/install/learning_tf2_py:/home/chris/rostut/install/launch_testing_examples:/home/chris/rostut/install/examples_rclpy_pointcloud_publisher:/home/chris/rostut/install/examples_rclpy_minimal_subscriber:/home/chris/rostut/install/examples_rclpy_minimal_service:/home/chris/rostut/install/examples_rclpy_minimal_publisher:/home/chris/rostut/install/examples_rclpy_minimal_client:/home/chris/rostut/install/examples_rclpy_minimal_action_server:/home/chris/rostut/install/examples_rclpy_minimal_action_client:/home/chris/rostut/install/examples_rclpy_guard_conditions:/home/chris/rostut/install/examples_rclpy_executors:/opt/ros/humble /usr/bin/cmake --install /home/chris/rostut/build/bag_recorder_nodes
[0.108s] -- Install configuration: ""
[0.108s] -- Up-to-date: /home/chris/rostut/install/bag_recorder_nodes/lib/bag_recorder_nodes/simple_bag_recorder
[0.108s] -- Up-to-date: /home/chris/rostut/install/bag_recorder_nodes/share/ament_index/resource_index/package_run_dependencies/bag_recorder_nodes
[0.109s] -- Up-to-date: /home/chris/rostut/install/bag_recorder_nodes/share/ament_index/resource_index/parent_prefix_path/bag_recorder_nodes
[0.109s] -- Up-to-date: /home/chris/rostut/install/bag_recorder_nodes/share/bag_recorder_nodes/environment/ament_prefix_path.sh
[0.109s] -- Up-to-date: /home/chris/rostut/install/bag_recorder_nodes/share/bag_recorder_nodes/environment/ament_prefix_path.dsv
[0.109s] -- Up-to-date: /home/chris/rostut/install/bag_recorder_nodes/share/bag_recorder_nodes/environment/path.sh
[0.109s] -- Up-to-date: /home/chris/rostut/install/bag_recorder_nodes/share/bag_recorder_nodes/environment/path.dsv
[0.109s] -- Up-to-date: /home/chris/rostut/install/bag_recorder_nodes/share/bag_recorder_nodes/local_setup.bash
[0.109s] -- Up-to-date: /home/chris/rostut/install/bag_recorder_nodes/share/bag_recorder_nodes/local_setup.sh
[0.109s] -- Up-to-date: /home/chris/rostut/install/bag_recorder_nodes/share/bag_recorder_nodes/local_setup.zsh
[0.109s] -- Up-to-date: /home/chris/rostut/install/bag_recorder_nodes/share/bag_recorder_nodes/local_setup.dsv
[0.109s] -- Installing: /home/chris/rostut/install/bag_recorder_nodes/share/bag_recorder_nodes/package.dsv
[0.109s] -- Up-to-date: /home/chris/rostut/install/bag_recorder_nodes/share/ament_index/resource_index/packages/bag_recorder_nodes
[0.109s] -- Up-to-date: /home/chris/rostut/install/bag_recorder_nodes/share/bag_recorder_nodes/cmake/bag_recorder_nodesConfig.cmake
[0.109s] -- Up-to-date: /home/chris/rostut/install/bag_recorder_nodes/share/bag_recorder_nodes/cmake/bag_recorder_nodesConfig-version.cmake
[0.109s] -- Up-to-date: /home/chris/rostut/install/bag_recorder_nodes/share/bag_recorder_nodes/package.xml
[0.110s] Invoked command in '/home/chris/rostut/build/bag_recorder_nodes' returned '0': CMAKE_PREFIX_PATH=${CMAKE_PREFIX_PATH}:/home/chris/rostut/install/learning_tf2_py:/home/chris/rostut/src/learning_tf2_py/install/learning_tf2_py:/home/chris/rostut/install/launch_testing_examples:/home/chris/rostut/install/examples_rclpy_pointcloud_publisher:/home/chris/rostut/install/examples_rclpy_minimal_subscriber:/home/chris/rostut/install/examples_rclpy_minimal_service:/home/chris/rostut/install/examples_rclpy_minimal_publisher:/home/chris/rostut/install/examples_rclpy_minimal_client:/home/chris/rostut/install/examples_rclpy_minimal_action_server:/home/chris/rostut/install/examples_rclpy_minimal_action_client:/home/chris/rostut/install/examples_rclpy_guard_conditions:/home/chris/rostut/install/examples_rclpy_executors:/opt/ros/humble /usr/bin/cmake --install /home/chris/rostut/build/bag_recorder_nodes
