[0.035s] Invoking command in '/home/chris/rostut/build/cpp_parameter_event_handler': CMAKE_PREFIX_PATH=${CMAKE_PREFIX_PATH}:/home/chris/rostut/install/launch_testing_examples:/home/chris/rostut/install/examples_rclpy_pointcloud_publisher:/home/chris/rostut/install/examples_rclpy_minimal_subscriber:/home/chris/rostut/install/examples_rclpy_minimal_service:/home/chris/rostut/install/examples_rclpy_minimal_publisher:/home/chris/rostut/install/examples_rclpy_minimal_client:/home/chris/rostut/install/examples_rclpy_minimal_action_server:/home/chris/rostut/install/examples_rclpy_minimal_action_client:/home/chris/rostut/install/examples_rclpy_guard_conditions:/home/chris/rostut/install/examples_rclpy_executors:/opt/ros/humble /usr/bin/cmake --build /home/chris/rostut/build/cpp_parameter_event_handler -- -j20 -l20
[0.057s] [35m[1mConsolidate compiler generated dependencies of target parameter_event_handler[0m
[0.066s] [ 50%] [32mBuilding CXX object CMakeFiles/parameter_event_handler.dir/src/parameter_event_handler.cpp.o[0m
[4.008s] [100%] [32m[1mLinking CXX executable parameter_event_handler[0m
[4.187s] [100%] Built target parameter_event_handler
[4.197s] Invoked command in '/home/chris/rostut/build/cpp_parameter_event_handler' returned '0': CMAKE_PREFIX_PATH=${CMAKE_PREFIX_PATH}:/home/chris/rostut/install/launch_testing_examples:/home/chris/rostut/install/examples_rclpy_pointcloud_publisher:/home/chris/rostut/install/examples_rclpy_minimal_subscriber:/home/chris/rostut/install/examples_rclpy_minimal_service:/home/chris/rostut/install/examples_rclpy_minimal_publisher:/home/chris/rostut/install/examples_rclpy_minimal_client:/home/chris/rostut/install/examples_rclpy_minimal_action_server:/home/chris/rostut/install/examples_rclpy_minimal_action_client:/home/chris/rostut/install/examples_rclpy_guard_conditions:/home/chris/rostut/install/examples_rclpy_executors:/opt/ros/humble /usr/bin/cmake --build /home/chris/rostut/build/cpp_parameter_event_handler -- -j20 -l20
[4.214s] Invoking command in '/home/chris/rostut/build/cpp_parameter_event_handler': CMAKE_PREFIX_PATH=${CMAKE_PREFIX_PATH}:/home/chris/rostut/install/launch_testing_examples:/home/chris/rostut/install/examples_rclpy_pointcloud_publisher:/home/chris/rostut/install/examples_rclpy_minimal_subscriber:/home/chris/rostut/install/examples_rclpy_minimal_service:/home/chris/rostut/install/examples_rclpy_minimal_publisher:/home/chris/rostut/install/examples_rclpy_minimal_client:/home/chris/rostut/install/examples_rclpy_minimal_action_server:/home/chris/rostut/install/examples_rclpy_minimal_action_client:/home/chris/rostut/install/examples_rclpy_guard_conditions:/home/chris/rostut/install/examples_rclpy_executors:/opt/ros/humble /usr/bin/cmake --install /home/chris/rostut/build/cpp_parameter_event_handler
[4.217s] -- Install configuration: ""
[4.217s] -- Installing: /home/chris/rostut/install/cpp_parameter_event_handler/lib/cpp_parameter_event_handler/parameter_event_handler
[4.220s] -- Set runtime path of "/home/chris/rostut/install/cpp_parameter_event_handler/lib/cpp_parameter_event_handler/parameter_event_handler" to ""
[4.220s] -- Up-to-date: /home/chris/rostut/install/cpp_parameter_event_handler/share/ament_index/resource_index/package_run_dependencies/cpp_parameter_event_handler
[4.220s] -- Up-to-date: /home/chris/rostut/install/cpp_parameter_event_handler/share/ament_index/resource_index/parent_prefix_path/cpp_parameter_event_handler
[4.220s] -- Up-to-date: /home/chris/rostut/install/cpp_parameter_event_handler/share/cpp_parameter_event_handler/environment/ament_prefix_path.sh
[4.220s] -- Up-to-date: /home/chris/rostut/install/cpp_parameter_event_handler/share/cpp_parameter_event_handler/environment/ament_prefix_path.dsv
[4.220s] -- Up-to-date: /home/chris/rostut/install/cpp_parameter_event_handler/share/cpp_parameter_event_handler/environment/path.sh
[4.220s] -- Up-to-date: /home/chris/rostut/install/cpp_parameter_event_handler/share/cpp_parameter_event_handler/environment/path.dsv
[4.220s] -- Up-to-date: /home/chris/rostut/install/cpp_parameter_event_handler/share/cpp_parameter_event_handler/local_setup.bash
[4.220s] -- Up-to-date: /home/chris/rostut/install/cpp_parameter_event_handler/share/cpp_parameter_event_handler/local_setup.sh
[4.220s] -- Up-to-date: /home/chris/rostut/install/cpp_parameter_event_handler/share/cpp_parameter_event_handler/local_setup.zsh
[4.220s] -- Up-to-date: /home/chris/rostut/install/cpp_parameter_event_handler/share/cpp_parameter_event_handler/local_setup.dsv
[4.220s] -- Installing: /home/chris/rostut/install/cpp_parameter_event_handler/share/cpp_parameter_event_handler/package.dsv
[4.220s] -- Up-to-date: /home/chris/rostut/install/cpp_parameter_event_handler/share/ament_index/resource_index/packages/cpp_parameter_event_handler
[4.220s] -- Up-to-date: /home/chris/rostut/install/cpp_parameter_event_handler/share/cpp_parameter_event_handler/cmake/cpp_parameter_event_handlerConfig.cmake
[4.220s] -- Up-to-date: /home/chris/rostut/install/cpp_parameter_event_handler/share/cpp_parameter_event_handler/cmake/cpp_parameter_event_handlerConfig-version.cmake
[4.220s] -- Up-to-date: /home/chris/rostut/install/cpp_parameter_event_handler/share/cpp_parameter_event_handler/package.xml
[4.221s] Invoked command in '/home/chris/rostut/build/cpp_parameter_event_handler' returned '0': CMAKE_PREFIX_PATH=${CMAKE_PREFIX_PATH}:/home/chris/rostut/install/launch_testing_examples:/home/chris/rostut/install/examples_rclpy_pointcloud_publisher:/home/chris/rostut/install/examples_rclpy_minimal_subscriber:/home/chris/rostut/install/examples_rclpy_minimal_service:/home/chris/rostut/install/examples_rclpy_minimal_publisher:/home/chris/rostut/install/examples_rclpy_minimal_client:/home/chris/rostut/install/examples_rclpy_minimal_action_server:/home/chris/rostut/install/examples_rclpy_minimal_action_client:/home/chris/rostut/install/examples_rclpy_guard_conditions:/home/chris/rostut/install/examples_rclpy_executors:/opt/ros/humble /usr/bin/cmake --install /home/chris/rostut/build/cpp_parameter_event_handler
