[2.425s] Invoking command in '/home/chris/ros2_ws/build/examples_rclpy_minimal_action_server': PYTHONPATH=/home/chris/ros2_ws/build/examples_rclpy_minimal_action_server/prefix_override:/home/chris/ros2_ws/install/examples_rclpy_minimal_action_server/lib/python3.10/site-packages:${PYTHONPATH} /usr/bin/python3 setup.py develop --editable --build-directory /home/chris/ros2_ws/build/examples_rclpy_minimal_action_server/build --no-deps install_data
[21.920s] running develop
[21.922s] running egg_info
[21.922s] creating examples_rclpy_minimal_action_server.egg-info
[21.922s] writing examples_rclpy_minimal_action_server.egg-info/PKG-INFO
[21.922s] writing dependency_links to examples_rclpy_minimal_action_server.egg-info/dependency_links.txt
[21.923s] writing entry points to examples_rclpy_minimal_action_server.egg-info/entry_points.txt
[21.923s] writing requirements to examples_rclpy_minimal_action_server.egg-info/requires.txt
[21.923s] writing top-level names to examples_rclpy_minimal_action_server.egg-info/top_level.txt
[21.923s] writing manifest file 'examples_rclpy_minimal_action_server.egg-info/SOURCES.txt'
[21.923s] reading manifest file 'examples_rclpy_minimal_action_server.egg-info/SOURCES.txt'
[21.923s] writing manifest file 'examples_rclpy_minimal_action_server.egg-info/SOURCES.txt'
[21.923s] running build_ext
[21.923s] Creating /home/chris/ros2_ws/install/examples_rclpy_minimal_action_server/lib/python3.10/site-packages/examples-rclpy-minimal-action-server.egg-link (link to .)
[21.923s] Installing server script to /home/chris/ros2_ws/install/examples_rclpy_minimal_action_server/lib/examples_rclpy_minimal_action_server
[21.923s] Installing server_defer script to /home/chris/ros2_ws/install/examples_rclpy_minimal_action_server/lib/examples_rclpy_minimal_action_server
[21.923s] Installing server_not_composable script to /home/chris/ros2_ws/install/examples_rclpy_minimal_action_server/lib/examples_rclpy_minimal_action_server
[21.923s] Installing server_queue_goals script to /home/chris/ros2_ws/install/examples_rclpy_minimal_action_server/lib/examples_rclpy_minimal_action_server
[21.923s] Installing server_single_goal script to /home/chris/ros2_ws/install/examples_rclpy_minimal_action_server/lib/examples_rclpy_minimal_action_server
[21.923s] 
[21.923s] Installed /home/chris/ros2_ws/build/examples_rclpy_minimal_action_server
[21.924s] running install_data
[21.924s] creating /home/chris/ros2_ws/install/examples_rclpy_minimal_action_server/share/ament_index
[21.924s] creating /home/chris/ros2_ws/install/examples_rclpy_minimal_action_server/share/ament_index/resource_index
[21.924s] creating /home/chris/ros2_ws/install/examples_rclpy_minimal_action_server/share/ament_index/resource_index/packages
[21.925s] copying resource/examples_rclpy_minimal_action_server -> /home/chris/ros2_ws/install/examples_rclpy_minimal_action_server/share/ament_index/resource_index/packages
[21.925s] copying package.xml -> /home/chris/ros2_ws/install/examples_rclpy_minimal_action_server/share/examples_rclpy_minimal_action_server
[21.925s] /usr/lib/python3/dist-packages/setuptools/command/easy_install.py:158: EasyInstallDeprecationWarning: easy_install command is deprecated. Use build and pip and other standards-based tools.
[21.925s]   warnings.warn(
[21.925s] /usr/lib/python3/dist-packages/setuptools/command/install.py:34: SetuptoolsDeprecationWarning: setup.py install is deprecated. Use build and pip and other standards-based tools.
[21.925s]   warnings.warn(
[22.504s] Invoked command in '/home/chris/ros2_ws/build/examples_rclpy_minimal_action_server' returned '0': PYTHONPATH=/home/chris/ros2_ws/build/examples_rclpy_minimal_action_server/prefix_override:/home/chris/ros2_ws/install/examples_rclpy_minimal_action_server/lib/python3.10/site-packages:${PYTHONPATH} /usr/bin/python3 setup.py develop --editable --build-directory /home/chris/ros2_ws/build/examples_rclpy_minimal_action_server/build --no-deps install_data
