[2.454s] Invoking command in '/home/chris/ros2_ws/build/examples_rclpy_minimal_client': PYTHONPATH=/home/chris/ros2_ws/build/examples_rclpy_minimal_client/prefix_override:/home/chris/ros2_ws/install/examples_rclpy_minimal_client/lib/python3.10/site-packages:${PYTHONPATH} /usr/bin/python3 setup.py develop --uninstall --editable --build-directory /home/chris/ros2_ws/build/examples_rclpy_minimal_client/build
[2.603s] /usr/lib/python3/dist-packages/setuptools/command/easy_install.py:158: EasyInstallDeprecationWarning: easy_install command is deprecated. Use build and pip and other standards-based tools.
[2.603s]   warnings.warn(
[2.603s] running develop
[2.604s] /usr/lib/python3/dist-packages/setuptools/command/install.py:34: SetuptoolsDeprecationWarning: setup.py install is deprecated. Use build and pip and other standards-based tools.
[2.604s]   warnings.warn(
[2.686s] Removing /home/chris/ros2_ws/install/examples_rclpy_minimal_client/lib/python3.10/site-packages/examples-rclpy-minimal-client.egg-link (link to .)
[3.160s] Invoked command in '/home/chris/ros2_ws/build/examples_rclpy_minimal_client' returned '0': PYTHONPATH=/home/chris/ros2_ws/build/examples_rclpy_minimal_client/prefix_override:/home/chris/ros2_ws/install/examples_rclpy_minimal_client/lib/python3.10/site-packages:${PYTHONPATH} /usr/bin/python3 setup.py develop --uninstall --editable --build-directory /home/chris/ros2_ws/build/examples_rclpy_minimal_client/build
[3.162s] Invoking command in '/home/chris/ros2_ws/src/examples/rclpy/services/minimal_client': PYTHONPATH=/home/chris/ros2_ws/build/examples_rclpy_minimal_client/prefix_override:/home/chris/ros2_ws/install/examples_rclpy_minimal_client/lib/python3.10/site-packages:${PYTHONPATH} /usr/bin/python3 setup.py egg_info --egg-base ../../../../../build/examples_rclpy_minimal_client build --build-base /home/chris/ros2_ws/build/examples_rclpy_minimal_client/build install --record /home/chris/ros2_ws/build/examples_rclpy_minimal_client/install.log --single-version-externally-managed
[3.334s] running egg_info
[3.335s] writing ../../../../../build/examples_rclpy_minimal_client/examples_rclpy_minimal_client.egg-info/PKG-INFO
[3.337s] writing dependency_links to ../../../../../build/examples_rclpy_minimal_client/examples_rclpy_minimal_client.egg-info/dependency_links.txt
[3.337s] writing entry points to ../../../../../build/examples_rclpy_minimal_client/examples_rclpy_minimal_client.egg-info/entry_points.txt
[3.337s] writing requirements to ../../../../../build/examples_rclpy_minimal_client/examples_rclpy_minimal_client.egg-info/requires.txt
[3.337s] writing top-level names to ../../../../../build/examples_rclpy_minimal_client/examples_rclpy_minimal_client.egg-info/top_level.txt
[3.340s] reading manifest file '../../../../../build/examples_rclpy_minimal_client/examples_rclpy_minimal_client.egg-info/SOURCES.txt'
[3.340s] /usr/lib/python3/dist-packages/setuptools/command/install.py:34: SetuptoolsDeprecationWarning: setup.py install is deprecated. Use build and pip and other standards-based tools.
[3.340s]   warnings.warn(
[3.340s] writing manifest file '../../../../../build/examples_rclpy_minimal_client/examples_rclpy_minimal_client.egg-info/SOURCES.txt'
[3.341s] running build
[3.341s] running build_py
[3.341s] creating /home/chris/ros2_ws/build/examples_rclpy_minimal_client/build
[3.341s] creating /home/chris/ros2_ws/build/examples_rclpy_minimal_client/build/lib
[3.341s] creating /home/chris/ros2_ws/build/examples_rclpy_minimal_client/build/lib/examples_rclpy_minimal_client
[3.341s] copying examples_rclpy_minimal_client/__init__.py -> /home/chris/ros2_ws/build/examples_rclpy_minimal_client/build/lib/examples_rclpy_minimal_client
[3.341s] copying examples_rclpy_minimal_client/client_async_callback.py -> /home/chris/ros2_ws/build/examples_rclpy_minimal_client/build/lib/examples_rclpy_minimal_client
[3.341s] copying examples_rclpy_minimal_client/client.py -> /home/chris/ros2_ws/build/examples_rclpy_minimal_client/build/lib/examples_rclpy_minimal_client
[3.342s] copying examples_rclpy_minimal_client/client_async_member_function.py -> /home/chris/ros2_ws/build/examples_rclpy_minimal_client/build/lib/examples_rclpy_minimal_client
[3.342s] copying examples_rclpy_minimal_client/client_async.py -> /home/chris/ros2_ws/build/examples_rclpy_minimal_client/build/lib/examples_rclpy_minimal_client
[3.342s] running install
[3.342s] running install_lib
[3.342s] creating /home/chris/ros2_ws/install/examples_rclpy_minimal_client/lib/python3.10/site-packages/examples_rclpy_minimal_client
[3.342s] copying /home/chris/ros2_ws/build/examples_rclpy_minimal_client/build/lib/examples_rclpy_minimal_client/__init__.py -> /home/chris/ros2_ws/install/examples_rclpy_minimal_client/lib/python3.10/site-packages/examples_rclpy_minimal_client
[3.342s] copying /home/chris/ros2_ws/build/examples_rclpy_minimal_client/build/lib/examples_rclpy_minimal_client/client_async_callback.py -> /home/chris/ros2_ws/install/examples_rclpy_minimal_client/lib/python3.10/site-packages/examples_rclpy_minimal_client
[3.343s] copying /home/chris/ros2_ws/build/examples_rclpy_minimal_client/build/lib/examples_rclpy_minimal_client/client.py -> /home/chris/ros2_ws/install/examples_rclpy_minimal_client/lib/python3.10/site-packages/examples_rclpy_minimal_client
[3.343s] copying /home/chris/ros2_ws/build/examples_rclpy_minimal_client/build/lib/examples_rclpy_minimal_client/client_async_member_function.py -> /home/chris/ros2_ws/install/examples_rclpy_minimal_client/lib/python3.10/site-packages/examples_rclpy_minimal_client
[3.343s] copying /home/chris/ros2_ws/build/examples_rclpy_minimal_client/build/lib/examples_rclpy_minimal_client/client_async.py -> /home/chris/ros2_ws/install/examples_rclpy_minimal_client/lib/python3.10/site-packages/examples_rclpy_minimal_client
[3.344s] byte-compiling /home/chris/ros2_ws/install/examples_rclpy_minimal_client/lib/python3.10/site-packages/examples_rclpy_minimal_client/__init__.py to __init__.cpython-310.pyc
[3.344s] byte-compiling /home/chris/ros2_ws/install/examples_rclpy_minimal_client/lib/python3.10/site-packages/examples_rclpy_minimal_client/client_async_callback.py to client_async_callback.cpython-310.pyc
[3.344s] byte-compiling /home/chris/ros2_ws/install/examples_rclpy_minimal_client/lib/python3.10/site-packages/examples_rclpy_minimal_client/client.py to client.cpython-310.pyc
[3.344s] byte-compiling /home/chris/ros2_ws/install/examples_rclpy_minimal_client/lib/python3.10/site-packages/examples_rclpy_minimal_client/client_async_member_function.py to client_async_member_function.cpython-310.pyc
[3.344s] byte-compiling /home/chris/ros2_ws/install/examples_rclpy_minimal_client/lib/python3.10/site-packages/examples_rclpy_minimal_client/client_async.py to client_async.cpython-310.pyc
[3.344s] running install_data
[3.344s] running install_egg_info
[3.344s] Copying ../../../../../build/examples_rclpy_minimal_client/examples_rclpy_minimal_client.egg-info to /home/chris/ros2_ws/install/examples_rclpy_minimal_client/lib/python3.10/site-packages/examples_rclpy_minimal_client-0.15.1-py3.10.egg-info
[3.344s] running install_scripts
[3.357s] Installing client script to /home/chris/ros2_ws/install/examples_rclpy_minimal_client/lib/examples_rclpy_minimal_client
[3.357s] Installing client_async script to /home/chris/ros2_ws/install/examples_rclpy_minimal_client/lib/examples_rclpy_minimal_client
[3.357s] Installing client_async_callback script to /home/chris/ros2_ws/install/examples_rclpy_minimal_client/lib/examples_rclpy_minimal_client
[3.358s] Installing client_async_member_function script to /home/chris/ros2_ws/install/examples_rclpy_minimal_client/lib/examples_rclpy_minimal_client
[3.358s] writing list of installed files to '/home/chris/ros2_ws/build/examples_rclpy_minimal_client/install.log'
[3.527s] Invoked command in '/home/chris/ros2_ws/src/examples/rclpy/services/minimal_client' returned '0': PYTHONPATH=/home/chris/ros2_ws/build/examples_rclpy_minimal_client/prefix_override:/home/chris/ros2_ws/install/examples_rclpy_minimal_client/lib/python3.10/site-packages:${PYTHONPATH} /usr/bin/python3 setup.py egg_info --egg-base ../../../../../build/examples_rclpy_minimal_client build --build-base /home/chris/ros2_ws/build/examples_rclpy_minimal_client/build install --record /home/chris/ros2_ws/build/examples_rclpy_minimal_client/install.log --single-version-externally-managed
