[1.260s] Invoking command in '/home/chris/rostut/src/examples/rclpy/topics/pointcloud_publisher': PYTHONPATH=/home/chris/rostut/build/examples_rclpy_pointcloud_publisher/prefix_override:/home/chris/rostut/install/examples_rclpy_pointcloud_publisher/lib/python3.10/site-packages:${PYTHONPATH} /usr/bin/python3 setup.py egg_info --egg-base ../../../../../build/examples_rclpy_pointcloud_publisher build --build-base /home/chris/rostut/build/examples_rclpy_pointcloud_publisher/build install --record /home/chris/rostut/build/examples_rclpy_pointcloud_publisher/install.log --single-version-externally-managed
[1.392s] running egg_info
[1.392s] writing ../../../../../build/examples_rclpy_pointcloud_publisher/examples_rclpy_pointcloud_publisher.egg-info/PKG-INFO
[1.392s] writing dependency_links to ../../../../../build/examples_rclpy_pointcloud_publisher/examples_rclpy_pointcloud_publisher.egg-info/dependency_links.txt
[1.393s] writing entry points to ../../../../../build/examples_rclpy_pointcloud_publisher/examples_rclpy_pointcloud_publisher.egg-info/entry_points.txt
[1.393s] writing requirements to ../../../../../build/examples_rclpy_pointcloud_publisher/examples_rclpy_pointcloud_publisher.egg-info/requires.txt
[1.393s] writing top-level names to ../../../../../build/examples_rclpy_pointcloud_publisher/examples_rclpy_pointcloud_publisher.egg-info/top_level.txt
[1.393s] reading manifest file '../../../../../build/examples_rclpy_pointcloud_publisher/examples_rclpy_pointcloud_publisher.egg-info/SOURCES.txt'
[1.394s] writing manifest file '../../../../../build/examples_rclpy_pointcloud_publisher/examples_rclpy_pointcloud_publisher.egg-info/SOURCES.txt'
[1.394s] running build
[1.394s] running build_py
[1.394s] running install
[1.395s] running install_lib
[1.395s] /usr/lib/python3/dist-packages/setuptools/command/install.py:34: SetuptoolsDeprecationWarning: setup.py install is deprecated. Use build and pip and other standards-based tools.
[1.395s]   warnings.warn(
[1.396s] running install_data
[1.396s] running install_egg_info
[1.396s] removing '/home/chris/rostut/install/examples_rclpy_pointcloud_publisher/lib/python3.10/site-packages/examples_rclpy_pointcloud_publisher-0.15.1-py3.10.egg-info' (and everything under it)
[1.396s] Copying ../../../../../build/examples_rclpy_pointcloud_publisher/examples_rclpy_pointcloud_publisher.egg-info to /home/chris/rostut/install/examples_rclpy_pointcloud_publisher/lib/python3.10/site-packages/examples_rclpy_pointcloud_publisher-0.15.1-py3.10.egg-info
[1.396s] running install_scripts
[1.410s] Installing pointcloud_publisher script to /home/chris/rostut/install/examples_rclpy_pointcloud_publisher/lib/examples_rclpy_pointcloud_publisher
[1.410s] writing list of installed files to '/home/chris/rostut/build/examples_rclpy_pointcloud_publisher/install.log'
[1.452s] Invoked command in '/home/chris/rostut/src/examples/rclpy/topics/pointcloud_publisher' returned '0': PYTHONPATH=/home/chris/rostut/build/examples_rclpy_pointcloud_publisher/prefix_override:/home/chris/rostut/install/examples_rclpy_pointcloud_publisher/lib/python3.10/site-packages:${PYTHONPATH} /usr/bin/python3 setup.py egg_info --egg-base ../../../../../build/examples_rclpy_pointcloud_publisher build --build-base /home/chris/rostut/build/examples_rclpy_pointcloud_publisher/build install --record /home/chris/rostut/build/examples_rclpy_pointcloud_publisher/install.log --single-version-externally-managed
