[3.865s] Invoking command in '/home/chris/ros2_ws/src/examples/rclpy/services/minimal_service': PYTHONPATH=/home/chris/ros2_ws/src/build/examples_rclpy_minimal_service/prefix_override:/home/chris/ros2_ws/src/install/examples_rclpy_minimal_service/lib/python3.10/site-packages:${PYTHONPATH} /usr/bin/python3 setup.py egg_info --egg-base ../../../../build/examples_rclpy_minimal_service build --build-base /home/chris/ros2_ws/src/build/examples_rclpy_minimal_service/build install --record /home/chris/ros2_ws/src/build/examples_rclpy_minimal_service/install.log --single-version-externally-managed
[13.999s] running egg_info
[14.000s] creating ../../../../build/examples_rclpy_minimal_service/examples_rclpy_minimal_service.egg-info
[14.000s] writing ../../../../build/examples_rclpy_minimal_service/examples_rclpy_minimal_service.egg-info/PKG-INFO
[14.000s] writing dependency_links to ../../../../build/examples_rclpy_minimal_service/examples_rclpy_minimal_service.egg-info/dependency_links.txt
[14.000s] writing entry points to ../../../../build/examples_rclpy_minimal_service/examples_rclpy_minimal_service.egg-info/entry_points.txt
[14.000s] writing requirements to ../../../../build/examples_rclpy_minimal_service/examples_rclpy_minimal_service.egg-info/requires.txt
[14.000s] writing top-level names to ../../../../build/examples_rclpy_minimal_service/examples_rclpy_minimal_service.egg-info/top_level.txt
[14.000s] writing manifest file '../../../../build/examples_rclpy_minimal_service/examples_rclpy_minimal_service.egg-info/SOURCES.txt'
[14.000s] reading manifest file '../../../../build/examples_rclpy_minimal_service/examples_rclpy_minimal_service.egg-info/SOURCES.txt'
[14.000s] writing manifest file '../../../../build/examples_rclpy_minimal_service/examples_rclpy_minimal_service.egg-info/SOURCES.txt'
[14.000s] running build
[14.000s] running build_py
[14.000s] creating /home/chris/ros2_ws/src/build/examples_rclpy_minimal_service/build
[14.000s] creating /home/chris/ros2_ws/src/build/examples_rclpy_minimal_service/build/lib
[14.000s] creating /home/chris/ros2_ws/src/build/examples_rclpy_minimal_service/build/lib/examples_rclpy_minimal_service
[14.000s] copying examples_rclpy_minimal_service/service_member_function.py -> /home/chris/ros2_ws/src/build/examples_rclpy_minimal_service/build/lib/examples_rclpy_minimal_service
[14.000s] copying examples_rclpy_minimal_service/__init__.py -> /home/chris/ros2_ws/src/build/examples_rclpy_minimal_service/build/lib/examples_rclpy_minimal_service
[14.000s] copying examples_rclpy_minimal_service/service.py -> /home/chris/ros2_ws/src/build/examples_rclpy_minimal_service/build/lib/examples_rclpy_minimal_service
[14.000s] running install
[14.000s] running install_lib
[14.000s] creating /home/chris/ros2_ws/src/install/examples_rclpy_minimal_service/lib/python3.10/site-packages/examples_rclpy_minimal_service
[14.000s] copying /home/chris/ros2_ws/src/build/examples_rclpy_minimal_service/build/lib/examples_rclpy_minimal_service/service_member_function.py -> /home/chris/ros2_ws/src/install/examples_rclpy_minimal_service/lib/python3.10/site-packages/examples_rclpy_minimal_service
[14.000s] copying /home/chris/ros2_ws/src/build/examples_rclpy_minimal_service/build/lib/examples_rclpy_minimal_service/__init__.py -> /home/chris/ros2_ws/src/install/examples_rclpy_minimal_service/lib/python3.10/site-packages/examples_rclpy_minimal_service
[14.000s] copying /home/chris/ros2_ws/src/build/examples_rclpy_minimal_service/build/lib/examples_rclpy_minimal_service/service.py -> /home/chris/ros2_ws/src/install/examples_rclpy_minimal_service/lib/python3.10/site-packages/examples_rclpy_minimal_service
[14.000s] byte-compiling /home/chris/ros2_ws/src/install/examples_rclpy_minimal_service/lib/python3.10/site-packages/examples_rclpy_minimal_service/service_member_function.py to service_member_function.cpython-310.pyc
[14.000s] byte-compiling /home/chris/ros2_ws/src/install/examples_rclpy_minimal_service/lib/python3.10/site-packages/examples_rclpy_minimal_service/__init__.py to __init__.cpython-310.pyc
[14.000s] byte-compiling /home/chris/ros2_ws/src/install/examples_rclpy_minimal_service/lib/python3.10/site-packages/examples_rclpy_minimal_service/service.py to service.cpython-310.pyc
[14.000s] running install_data
[14.000s] creating /home/chris/ros2_ws/src/install/examples_rclpy_minimal_service/share/ament_index
[14.000s] creating /home/chris/ros2_ws/src/install/examples_rclpy_minimal_service/share/ament_index/resource_index
[14.000s] creating /home/chris/ros2_ws/src/install/examples_rclpy_minimal_service/share/ament_index/resource_index/packages
[14.000s] copying resource/examples_rclpy_minimal_service -> /home/chris/ros2_ws/src/install/examples_rclpy_minimal_service/share/ament_index/resource_index/packages
[14.000s] copying package.xml -> /home/chris/ros2_ws/src/install/examples_rclpy_minimal_service/share/examples_rclpy_minimal_service
[14.000s] running install_egg_info
[14.000s] Copying ../../../../build/examples_rclpy_minimal_service/examples_rclpy_minimal_service.egg-info to /home/chris/ros2_ws/src/install/examples_rclpy_minimal_service/lib/python3.10/site-packages/examples_rclpy_minimal_service-0.15.1-py3.10.egg-info
[14.001s] running install_scripts
[14.001s] Installing service script to /home/chris/ros2_ws/src/install/examples_rclpy_minimal_service/lib/examples_rclpy_minimal_service
[14.001s] Installing service_member_function script to /home/chris/ros2_ws/src/install/examples_rclpy_minimal_service/lib/examples_rclpy_minimal_service
[14.001s] writing list of installed files to '/home/chris/ros2_ws/src/build/examples_rclpy_minimal_service/install.log'
[14.004s] /usr/lib/python3/dist-packages/setuptools/command/install.py:34: SetuptoolsDeprecationWarning: setup.py install is deprecated. Use build and pip and other standards-based tools.
[14.004s]   warnings.warn(
