[0.349s] Invoking command in '/home/chris/ros2_ws/build/demo_nodes_cpp': CMAKE_PREFIX_PATH=${CMAKE_PREFIX_PATH}:/home/chris/ros2_ws/src/install/examples_rclpy_minimal_action_server:/home/chris/ros2_ws/install/launch_testing_examples:/home/chris/ros2_ws/install/examples_rclpy_pointcloud_publisher:/home/chris/ros2_ws/install/examples_rclpy_minimal_subscriber:/home/chris/ros2_ws/install/examples_rclpy_minimal_service:/home/chris/ros2_ws/install/examples_rclpy_minimal_publisher:/home/chris/ros2_ws/install/examples_rclpy_minimal_client:/home/chris/ros2_ws/install/examples_rclpy_minimal_action_server:/home/chris/ros2_ws/install/examples_rclpy_minimal_action_client:/home/chris/ros2_ws/install/examples_rclpy_guard_conditions:/home/chris/ros2_ws/install/examples_rclpy_executors:/opt/ros/humble /usr/bin/cmake /home/chris/ros2_ws/src/demos/demo_nodes_cpp -DCMAKE_INSTALL_PREFIX=/home/chris/ros2_ws/install/demo_nodes_cpp
[1.135s] -- The C compiler identification is GNU 11.4.0
[1.136s] -- The CXX compiler identification is GNU 11.4.0
[1.136s] -- Detecting C compiler ABI info
[1.136s] -- Detecting C compiler ABI info - done
[1.136s] -- Check for working C compiler: /usr/bin/cc - skipped
[1.137s] -- Detecting C compile features
[1.137s] -- Detecting C compile features - done
[1.137s] -- Detecting CXX compiler ABI info
[1.137s] -- Detecting CXX compiler ABI info - done
[1.137s] -- Check for working CXX compiler: /usr/bin/c++ - skipped
[1.137s] -- Detecting CXX compile features
[1.137s] -- Detecting CXX compile features - done
[1.137s] -- Found ament_cmake: 1.3.6 (/opt/ros/humble/share/ament_cmake/cmake)
[1.137s] -- Found Python3: /usr/bin/python3.10 (found version "3.10.12") found components: Interpreter 
[1.137s] -- Found example_interfaces: 0.9.3 (/opt/ros/humble/share/example_interfaces/cmake)
[1.137s] -- Found rosidl_generator_c: 3.1.5 (/opt/ros/humble/share/rosidl_generator_c/cmake)
[1.137s] -- Found rosidl_adapter: 3.1.5 (/opt/ros/humble/share/rosidl_adapter/cmake)
[1.137s] -- Found rosidl_generator_cpp: 3.1.5 (/opt/ros/humble/share/rosidl_generator_cpp/cmake)
[1.137s] -- Using all available rosidl_typesupport_c: rosidl_typesupport_fastrtps_c;rosidl_typesupport_introspection_c
[1.137s] -- Using all available rosidl_typesupport_cpp: rosidl_typesupport_fastrtps_cpp;rosidl_typesupport_introspection_cpp
[1.137s] -- Found rcl: 5.3.6 (/opt/ros/humble/share/rcl/cmake)
[1.146s] -- Found rmw_implementation_cmake: 6.1.1 (/opt/ros/humble/share/rmw_implementation_cmake/cmake)
[1.147s] -- Found rmw_fastrtps_cpp: 6.2.5 (/opt/ros/humble/share/rmw_fastrtps_cpp/cmake)
[1.233s] -- Found OpenSSL: /usr/lib/x86_64-linux-gnu/libcrypto.so (found version "3.0.2")  
[1.268s] -- Found FastRTPS: /opt/ros/humble/include  
[1.328s] -- Using RMW implementation 'rmw_fastrtps_cpp' as default
[1.356s] -- Looking for pthread.h
[1.418s] -- Looking for pthread.h - found
[1.419s] -- Performing Test CMAKE_HAVE_LIBC_PTHREAD
[1.481s] -- Performing Test CMAKE_HAVE_LIBC_PTHREAD - Success
[1.482s] -- Found Threads: TRUE  
[1.496s] -- Found rclcpp: 16.0.7 (/opt/ros/humble/share/rclcpp/cmake)
[1.731s] -- Found rclcpp_components: 16.0.7 (/opt/ros/humble/share/rclcpp_components/cmake)
[1.913s] -- Found ament_lint_auto: 0.12.9 (/opt/ros/humble/share/ament_lint_auto/cmake)
[2.013s] -- Found python_cmake_module: 0.10.0 (/opt/ros/humble/share/python_cmake_module/cmake)
[2.031s] -- Found PythonInterp: /usr/bin/python3 (found suitable version "3.10.12", minimum required is "3.6") 
[2.038s] -- Found PythonLibs: /usr/lib/x86_64-linux-gnu/libpython3.10.so (found suitable version "3.10.12", minimum required is "3.5") 
[2.038s] -- Using PYTHON_EXECUTABLE: /usr/bin/python3
[2.038s] -- Using PYTHON_INCLUDE_DIRS: /usr/include/python3.10
[2.038s] -- Using PYTHON_LIBRARIES: /usr/lib/x86_64-linux-gnu/libpython3.10.so
[2.057s] -- Found PythonExtra: .so  
[2.071s] -- Added test 'copyright' to check source files copyright and LICENSE
[2.073s] -- Added test 'cppcheck' to perform static code analysis on C / C++ code
[2.074s] -- Configured cppcheck include dirs: $<BUILD_INTERFACE:/home/chris/ros2_ws/src/demos/demo_nodes_cpp/include>
[2.074s] -- Configured cppcheck exclude dirs and/or files: 
[2.076s] -- Added test 'cpplint' to check C / C++ code against the Google style
[2.076s] -- Configured cpplint exclude dirs and/or files: 
[2.077s] -- Added test 'flake8' to check Python code syntax and style conventions
[2.078s] -- Added test 'lint_cmake' to check CMake code style
[2.079s] -- Added test 'pep257' to check Python code against some of the docstring style conventions in PEP 257
[2.080s] -- Added test 'uncrustify' to check C / C++ code style
[2.080s] -- Configured uncrustify additional arguments: 
[2.081s] -- Added test 'xmllint' to check XML markup files
[2.082s] -- Configuring done
[2.157s] -- Generating done
[2.159s] -- Build files have been written to: /home/chris/ros2_ws/build/demo_nodes_cpp
