[1.370s] Invoking command in '/home/chris/ros2_ws/build/examples_rclpy_pointcloud_publisher': PYTHONPATH=/home/chris/ros2_ws/build/examples_rclpy_pointcloud_publisher/prefix_override:/home/chris/ros2_ws/install/examples_rclpy_pointcloud_publisher/lib/python3.10/site-packages:${PYTHONPATH} /usr/bin/python3 setup.py develop --editable --build-directory /home/chris/ros2_ws/build/examples_rclpy_pointcloud_publisher/build --no-deps install_data
[1.527s] running develop
[1.527s] /usr/lib/python3/dist-packages/setuptools/command/easy_install.py:158: EasyInstallDeprecationWarning: easy_install command is deprecated. Use build and pip and other standards-based tools.
[1.527s]   warnings.warn(
[1.528s] /usr/lib/python3/dist-packages/setuptools/command/install.py:34: SetuptoolsDeprecationWarning: setup.py install is deprecated. Use build and pip and other standards-based tools.
[1.528s]   warnings.warn(
[1.615s] running egg_info
[1.615s] creating examples_rclpy_pointcloud_publisher.egg-info
[1.615s] writing examples_rclpy_pointcloud_publisher.egg-info/PKG-INFO
[1.615s] writing dependency_links to examples_rclpy_pointcloud_publisher.egg-info/dependency_links.txt
[1.615s] writing entry points to examples_rclpy_pointcloud_publisher.egg-info/entry_points.txt
[1.616s] writing requirements to examples_rclpy_pointcloud_publisher.egg-info/requires.txt
[1.616s] writing top-level names to examples_rclpy_pointcloud_publisher.egg-info/top_level.txt
[1.616s] writing manifest file 'examples_rclpy_pointcloud_publisher.egg-info/SOURCES.txt'
[1.616s] reading manifest file 'examples_rclpy_pointcloud_publisher.egg-info/SOURCES.txt'
[1.616s] writing manifest file 'examples_rclpy_pointcloud_publisher.egg-info/SOURCES.txt'
[1.617s] running build_ext
[1.617s] Creating /home/chris/ros2_ws/install/examples_rclpy_pointcloud_publisher/lib/python3.10/site-packages/examples-rclpy-pointcloud-publisher.egg-link (link to .)
[1.618s] Installing pointcloud_publisher script to /home/chris/ros2_ws/install/examples_rclpy_pointcloud_publisher/lib/examples_rclpy_pointcloud_publisher
[1.618s] 
[1.618s] Installed /home/chris/ros2_ws/build/examples_rclpy_pointcloud_publisher
[1.618s] running install_data
[1.618s] creating /home/chris/ros2_ws/install/examples_rclpy_pointcloud_publisher/share/ament_index
[1.618s] creating /home/chris/ros2_ws/install/examples_rclpy_pointcloud_publisher/share/ament_index/resource_index
[1.618s] creating /home/chris/ros2_ws/install/examples_rclpy_pointcloud_publisher/share/ament_index/resource_index/packages
[1.618s] copying resource/examples_rclpy_pointcloud_publisher -> /home/chris/ros2_ws/install/examples_rclpy_pointcloud_publisher/share/ament_index/resource_index/packages
[1.618s] copying package.xml -> /home/chris/ros2_ws/install/examples_rclpy_pointcloud_publisher/share/examples_rclpy_pointcloud_publisher
[1.636s] Invoked command in '/home/chris/ros2_ws/build/examples_rclpy_pointcloud_publisher' returned '0': PYTHONPATH=/home/chris/ros2_ws/build/examples_rclpy_pointcloud_publisher/prefix_override:/home/chris/ros2_ws/install/examples_rclpy_pointcloud_publisher/lib/python3.10/site-packages:${PYTHONPATH} /usr/bin/python3 setup.py develop --editable --build-directory /home/chris/ros2_ws/build/examples_rclpy_pointcloud_publisher/build --no-deps install_data
