[3.561s] Invoking command in '/home/chris/ros2_ws/build/examples_rclpy_minimal_action_server': PYTHONPATH=/home/chris/ros2_ws/build/examples_rclpy_minimal_action_server/prefix_override:/home/chris/ros2_ws/install/examples_rclpy_minimal_action_server/lib/python3.10/site-packages:${PYTHONPATH} /usr/bin/python3 setup.py develop --editable --build-directory /home/chris/ros2_ws/build/examples_rclpy_minimal_action_server/build --no-deps install_data
[3.917s] running develop
[3.918s] /usr/lib/python3/dist-packages/setuptools/command/easy_install.py:158: EasyInstallDeprecationWarning: easy_install command is deprecated. Use build and pip and other standards-based tools.
[3.918s]   warnings.warn(
[3.918s] /usr/lib/python3/dist-packages/setuptools/command/install.py:34: SetuptoolsDeprecationWarning: setup.py install is deprecated. Use build and pip and other standards-based tools.
[3.918s]   warnings.warn(
[4.028s] running egg_info
[4.028s] writing examples_rclpy_minimal_action_server.egg-info/PKG-INFO
[4.028s] writing dependency_links to examples_rclpy_minimal_action_server.egg-info/dependency_links.txt
[4.028s] writing entry points to examples_rclpy_minimal_action_server.egg-info/entry_points.txt
[4.029s] writing requirements to examples_rclpy_minimal_action_server.egg-info/requires.txt
[4.029s] writing top-level names to examples_rclpy_minimal_action_server.egg-info/top_level.txt
[4.030s] reading manifest file 'examples_rclpy_minimal_action_server.egg-info/SOURCES.txt'
[4.030s] writing manifest file 'examples_rclpy_minimal_action_server.egg-info/SOURCES.txt'
[4.031s] running build_ext
[4.032s] Creating /home/chris/ros2_ws/install/examples_rclpy_minimal_action_server/lib/python3.10/site-packages/examples-rclpy-minimal-action-server.egg-link (link to .)
[4.032s] Installing server script to /home/chris/ros2_ws/install/examples_rclpy_minimal_action_server/lib/examples_rclpy_minimal_action_server
[4.033s] Installing server_defer script to /home/chris/ros2_ws/install/examples_rclpy_minimal_action_server/lib/examples_rclpy_minimal_action_server
[4.033s] Installing server_not_composable script to /home/chris/ros2_ws/install/examples_rclpy_minimal_action_server/lib/examples_rclpy_minimal_action_server
[4.033s] Installing server_queue_goals script to /home/chris/ros2_ws/install/examples_rclpy_minimal_action_server/lib/examples_rclpy_minimal_action_server
[4.033s] Installing server_single_goal script to /home/chris/ros2_ws/install/examples_rclpy_minimal_action_server/lib/examples_rclpy_minimal_action_server
[4.033s] 
[4.033s] Installed /home/chris/ros2_ws/build/examples_rclpy_minimal_action_server
[4.033s] running install_data
[4.661s] Invoked command in '/home/chris/ros2_ws/build/examples_rclpy_minimal_action_server' returned '0': PYTHONPATH=/home/chris/ros2_ws/build/examples_rclpy_minimal_action_server/prefix_override:/home/chris/ros2_ws/install/examples_rclpy_minimal_action_server/lib/python3.10/site-packages:${PYTHONPATH} /usr/bin/python3 setup.py develop --editable --build-directory /home/chris/ros2_ws/build/examples_rclpy_minimal_action_server/build --no-deps install_data
