[1.520s] Invoking command in '/home/chris/rostut/src/examples/rclpy/actions/minimal_action_client': PYTHONPATH=/home/chris/rostut/build/examples_rclpy_minimal_action_client/prefix_override:/home/chris/rostut/install/examples_rclpy_minimal_action_client/lib/python3.10/site-packages:${PYTHONPATH} /usr/bin/python3 setup.py egg_info --egg-base ../../../../../build/examples_rclpy_minimal_action_client build --build-base /home/chris/rostut/build/examples_rclpy_minimal_action_client/build install --record /home/chris/rostut/build/examples_rclpy_minimal_action_client/install.log --single-version-externally-managed
[1.767s] /usr/lib/python3/dist-packages/setuptools/command/install.py:34: SetuptoolsDeprecationWarning: setup.py install is deprecated. Use build and pip and other standards-based tools.
[1.767s]   warnings.warn(
[1.767s] running egg_info
[1.768s] writing ../../../../../build/examples_rclpy_minimal_action_client/examples_rclpy_minimal_action_client.egg-info/PKG-INFO
[1.768s] writing dependency_links to ../../../../../build/examples_rclpy_minimal_action_client/examples_rclpy_minimal_action_client.egg-info/dependency_links.txt
[1.768s] writing entry points to ../../../../../build/examples_rclpy_minimal_action_client/examples_rclpy_minimal_action_client.egg-info/entry_points.txt
[1.768s] writing requirements to ../../../../../build/examples_rclpy_minimal_action_client/examples_rclpy_minimal_action_client.egg-info/requires.txt
[1.768s] writing top-level names to ../../../../../build/examples_rclpy_minimal_action_client/examples_rclpy_minimal_action_client.egg-info/top_level.txt
[1.769s] reading manifest file '../../../../../build/examples_rclpy_minimal_action_client/examples_rclpy_minimal_action_client.egg-info/SOURCES.txt'
[1.769s] writing manifest file '../../../../../build/examples_rclpy_minimal_action_client/examples_rclpy_minimal_action_client.egg-info/SOURCES.txt'
[1.769s] running build
[1.769s] running build_py
[1.769s] running install
[1.770s] running install_lib
[1.770s] running install_data
[1.770s] running install_egg_info
[1.770s] removing '/home/chris/rostut/install/examples_rclpy_minimal_action_client/lib/python3.10/site-packages/examples_rclpy_minimal_action_client-0.15.1-py3.10.egg-info' (and everything under it)
[1.770s] Copying ../../../../../build/examples_rclpy_minimal_action_client/examples_rclpy_minimal_action_client.egg-info to /home/chris/rostut/install/examples_rclpy_minimal_action_client/lib/python3.10/site-packages/examples_rclpy_minimal_action_client-0.15.1-py3.10.egg-info
[1.771s] running install_scripts
[1.771s] Installing client script to /home/chris/rostut/install/examples_rclpy_minimal_action_client/lib/examples_rclpy_minimal_action_client
[1.771s] Installing client_asyncio script to /home/chris/rostut/install/examples_rclpy_minimal_action_client/lib/examples_rclpy_minimal_action_client
[1.771s] Installing client_cancel script to /home/chris/rostut/install/examples_rclpy_minimal_action_client/lib/examples_rclpy_minimal_action_client
[1.772s] Installing client_not_composable script to /home/chris/rostut/install/examples_rclpy_minimal_action_client/lib/examples_rclpy_minimal_action_client
[1.772s] writing list of installed files to '/home/chris/rostut/build/examples_rclpy_minimal_action_client/install.log'
[2.423s] Invoked command in '/home/chris/rostut/src/examples/rclpy/actions/minimal_action_client' returned '0': PYTHONPATH=/home/chris/rostut/build/examples_rclpy_minimal_action_client/prefix_override:/home/chris/rostut/install/examples_rclpy_minimal_action_client/lib/python3.10/site-packages:${PYTHONPATH} /usr/bin/python3 setup.py egg_info --egg-base ../../../../../build/examples_rclpy_minimal_action_client build --build-base /home/chris/rostut/build/examples_rclpy_minimal_action_client/build install --record /home/chris/rostut/build/examples_rclpy_minimal_action_client/install.log --single-version-externally-managed
