[0.719s] Invoking command in '/home/chris/rostut/build/my_package': CMAKE_PREFIX_PATH=${CMAKE_PREFIX_PATH}:/home/chris/rostut/install/launch_testing_examples:/home/chris/rostut/install/examples_rclpy_pointcloud_publisher:/home/chris/rostut/install/examples_rclpy_minimal_subscriber:/home/chris/rostut/install/examples_rclpy_minimal_service:/home/chris/rostut/install/examples_rclpy_minimal_publisher:/home/chris/rostut/install/examples_rclpy_minimal_client:/home/chris/rostut/install/examples_rclpy_minimal_action_server:/home/chris/rostut/install/examples_rclpy_minimal_action_client:/home/chris/rostut/install/examples_rclpy_guard_conditions:/home/chris/rostut/install/examples_rclpy_executors:/opt/ros/humble /usr/bin/cmake /home/chris/rostut/src/my_package -DCMAKE_INSTALL_PREFIX=/home/chris/rostut/install/my_package
[0.751s] -- The C compiler identification is GNU 11.4.0
[0.793s] -- The CXX compiler identification is GNU 11.4.0
[0.797s] -- Detecting C compiler ABI info
[0.835s] -- Detecting C compiler ABI info - done
[0.841s] -- Check for working C compiler: /usr/bin/cc - skipped
[0.841s] -- Detecting C compile features
[0.841s] -- Detecting C compile features - done
[0.843s] -- Detecting CXX compiler ABI info
[0.891s] -- Detecting CXX compiler ABI info - done
[0.898s] -- Check for working CXX compiler: /usr/bin/c++ - skipped
[0.898s] -- Detecting CXX compile features
[0.898s] -- Detecting CXX compile features - done
[0.900s] -- Found ament_cmake: 1.3.6 (/opt/ros/humble/share/ament_cmake/cmake)
[1.043s] -- Found Python3: /usr/bin/python3.10 (found version "3.10.12") found components: Interpreter 
[1.116s] -- Found ament_lint_auto: 0.12.9 (/opt/ros/humble/share/ament_lint_auto/cmake)
[1.172s] -- Added test 'cppcheck' to perform static code analysis on C / C++ code
[1.172s] -- Configured cppcheck include dirs: $<BUILD_INTERFACE:/home/chris/rostut/src/my_package/include>
[1.172s] -- Configured cppcheck exclude dirs and/or files: 
[1.173s] -- Added test 'lint_cmake' to check CMake code style
[1.174s] -- Added test 'uncrustify' to check C / C++ code style
[1.174s] -- Configured uncrustify additional arguments: 
[1.174s] -- Added test 'xmllint' to check XML markup files
[1.175s] -- Configuring done
[1.177s] -- Generating done
[1.177s] -- Build files have been written to: /home/chris/rostut/build/my_package
[1.181s] Invoked command in '/home/chris/rostut/build/my_package' returned '0': CMAKE_PREFIX_PATH=${CMAKE_PREFIX_PATH}:/home/chris/rostut/install/launch_testing_examples:/home/chris/rostut/install/examples_rclpy_pointcloud_publisher:/home/chris/rostut/install/examples_rclpy_minimal_subscriber:/home/chris/rostut/install/examples_rclpy_minimal_service:/home/chris/rostut/install/examples_rclpy_minimal_publisher:/home/chris/rostut/install/examples_rclpy_minimal_client:/home/chris/rostut/install/examples_rclpy_minimal_action_server:/home/chris/rostut/install/examples_rclpy_minimal_action_client:/home/chris/rostut/install/examples_rclpy_guard_conditions:/home/chris/rostut/install/examples_rclpy_executors:/opt/ros/humble /usr/bin/cmake /home/chris/rostut/src/my_package -DCMAKE_INSTALL_PREFIX=/home/chris/rostut/install/my_package
[1.182s] Invoking command in '/home/chris/rostut/build/my_package': CMAKE_PREFIX_PATH=${CMAKE_PREFIX_PATH}:/home/chris/rostut/install/launch_testing_examples:/home/chris/rostut/install/examples_rclpy_pointcloud_publisher:/home/chris/rostut/install/examples_rclpy_minimal_subscriber:/home/chris/rostut/install/examples_rclpy_minimal_service:/home/chris/rostut/install/examples_rclpy_minimal_publisher:/home/chris/rostut/install/examples_rclpy_minimal_client:/home/chris/rostut/install/examples_rclpy_minimal_action_server:/home/chris/rostut/install/examples_rclpy_minimal_action_client:/home/chris/rostut/install/examples_rclpy_guard_conditions:/home/chris/rostut/install/examples_rclpy_executors:/opt/ros/humble /usr/bin/cmake --build /home/chris/rostut/build/my_package -- -j20 -l20
[1.204s] [ 50%] [32mBuilding CXX object CMakeFiles/my_node.dir/src/my_node.cpp.o[0m
[1.219s] [100%] [32m[1mLinking CXX executable my_node[0m
[1.242s] [100%] Built target my_node
[1.269s] Invoked command in '/home/chris/rostut/build/my_package' returned '0': CMAKE_PREFIX_PATH=${CMAKE_PREFIX_PATH}:/home/chris/rostut/install/launch_testing_examples:/home/chris/rostut/install/examples_rclpy_pointcloud_publisher:/home/chris/rostut/install/examples_rclpy_minimal_subscriber:/home/chris/rostut/install/examples_rclpy_minimal_service:/home/chris/rostut/install/examples_rclpy_minimal_publisher:/home/chris/rostut/install/examples_rclpy_minimal_client:/home/chris/rostut/install/examples_rclpy_minimal_action_server:/home/chris/rostut/install/examples_rclpy_minimal_action_client:/home/chris/rostut/install/examples_rclpy_guard_conditions:/home/chris/rostut/install/examples_rclpy_executors:/opt/ros/humble /usr/bin/cmake --build /home/chris/rostut/build/my_package -- -j20 -l20
[1.282s] Invoking command in '/home/chris/rostut/build/my_package': CMAKE_PREFIX_PATH=${CMAKE_PREFIX_PATH}:/home/chris/rostut/install/launch_testing_examples:/home/chris/rostut/install/examples_rclpy_pointcloud_publisher:/home/chris/rostut/install/examples_rclpy_minimal_subscriber:/home/chris/rostut/install/examples_rclpy_minimal_service:/home/chris/rostut/install/examples_rclpy_minimal_publisher:/home/chris/rostut/install/examples_rclpy_minimal_client:/home/chris/rostut/install/examples_rclpy_minimal_action_server:/home/chris/rostut/install/examples_rclpy_minimal_action_client:/home/chris/rostut/install/examples_rclpy_guard_conditions:/home/chris/rostut/install/examples_rclpy_executors:/opt/ros/humble /usr/bin/cmake --install /home/chris/rostut/build/my_package
[1.286s] -- Install configuration: ""
[1.286s] -- Installing: /home/chris/rostut/install/my_package/lib/my_package/my_node
[1.286s] -- Installing: /home/chris/rostut/install/my_package/share/ament_index/resource_index/package_run_dependencies/my_package
[1.286s] -- Installing: /home/chris/rostut/install/my_package/share/ament_index/resource_index/parent_prefix_path/my_package
[1.286s] -- Installing: /home/chris/rostut/install/my_package/share/my_package/environment/ament_prefix_path.sh
[1.286s] -- Installing: /home/chris/rostut/install/my_package/share/my_package/environment/ament_prefix_path.dsv
[1.287s] -- Installing: /home/chris/rostut/install/my_package/share/my_package/environment/path.sh
[1.287s] -- Installing: /home/chris/rostut/install/my_package/share/my_package/environment/path.dsv
[1.287s] -- Installing: /home/chris/rostut/install/my_package/share/my_package/local_setup.bash
[1.287s] -- Installing: /home/chris/rostut/install/my_package/share/my_package/local_setup.sh
[1.287s] -- Installing: /home/chris/rostut/install/my_package/share/my_package/local_setup.zsh
[1.287s] -- Installing: /home/chris/rostut/install/my_package/share/my_package/local_setup.dsv
[1.287s] -- Installing: /home/chris/rostut/install/my_package/share/my_package/package.dsv
[1.287s] -- Installing: /home/chris/rostut/install/my_package/share/ament_index/resource_index/packages/my_package
[1.287s] -- Installing: /home/chris/rostut/install/my_package/share/my_package/cmake/my_packageConfig.cmake
[1.287s] -- Installing: /home/chris/rostut/install/my_package/share/my_package/cmake/my_packageConfig-version.cmake
[1.287s] -- Installing: /home/chris/rostut/install/my_package/share/my_package/package.xml
[1.288s] Invoked command in '/home/chris/rostut/build/my_package' returned '0': CMAKE_PREFIX_PATH=${CMAKE_PREFIX_PATH}:/home/chris/rostut/install/launch_testing_examples:/home/chris/rostut/install/examples_rclpy_pointcloud_publisher:/home/chris/rostut/install/examples_rclpy_minimal_subscriber:/home/chris/rostut/install/examples_rclpy_minimal_service:/home/chris/rostut/install/examples_rclpy_minimal_publisher:/home/chris/rostut/install/examples_rclpy_minimal_client:/home/chris/rostut/install/examples_rclpy_minimal_action_server:/home/chris/rostut/install/examples_rclpy_minimal_action_client:/home/chris/rostut/install/examples_rclpy_guard_conditions:/home/chris/rostut/install/examples_rclpy_executors:/opt/ros/humble /usr/bin/cmake --install /home/chris/rostut/build/my_package
