[1.427s] Invoking command in '/home/chris/ros2_ws/build/turtlesim': CMAKE_PREFIX_PATH=${CMAKE_PREFIX_PATH}:/home/chris/ros2_ws/src/install/examples_rclpy_minimal_action_server:/home/chris/ros2_ws/install/launch_testing_examples:/home/chris/ros2_ws/install/examples_rclpy_pointcloud_publisher:/home/chris/ros2_ws/install/examples_rclpy_minimal_subscriber:/home/chris/ros2_ws/install/examples_rclpy_minimal_service:/home/chris/ros2_ws/install/examples_rclpy_minimal_publisher:/home/chris/ros2_ws/install/examples_rclpy_minimal_client:/home/chris/ros2_ws/install/examples_rclpy_minimal_action_server:/home/chris/ros2_ws/install/examples_rclpy_minimal_action_client:/home/chris/ros2_ws/install/examples_rclpy_guard_conditions:/home/chris/ros2_ws/install/examples_rclpy_executors:/opt/ros/humble /usr/bin/cmake --build /home/chris/ros2_ws/build/turtlesim -- -j20 -l20
[1.487s] [  1%] Built target turtlesim__cpp
[1.487s] [ 11%] Built target turtlesim__rosidl_generator_c
[1.487s] [ 11%] Built target ament_cmake_python_copy_turtlesim
[1.487s] [ 21%] Built target turtlesim__rosidl_typesupport_introspection_cpp
[1.487s] [ 31%] Built target turtlesim__rosidl_typesupport_fastrtps_cpp
[1.487s] [ 41%] Built target turtlesim__rosidl_typesupport_cpp
[1.491s] [ 51%] Built target turtlesim__rosidl_typesupport_fastrtps_c
[1.491s] [ 67%] Built target turtlesim__rosidl_typesupport_introspection_c
[1.491s] [ 71%] Built target turtlesim__rosidl_typesupport_c
[1.509s] [ 71%] Built target turtlesim
[1.510s] [ 75%] Built target mimic
[1.510s] [ 75%] Built target turtle_teleop_key
[1.511s] [ 77%] Built target draw_square
[1.512s] [ 83%] Built target turtlesim_node
[1.532s] [ 84%] Built target turtlesim__py
[1.551s] [ 93%] Built target turtlesim__rosidl_generator_py
[1.567s] [ 95%] Built target turtlesim__rosidl_typesupport_fastrtps_c__pyext
[1.574s] [ 97%] Built target turtlesim__rosidl_typesupport_c__pyext
[1.574s] [100%] Built target turtlesim__rosidl_typesupport_introspection_c__pyext
[1.674s] running egg_info
[1.675s] writing turtlesim.egg-info/PKG-INFO
[1.675s] writing dependency_links to turtlesim.egg-info/dependency_links.txt
[1.675s] writing top-level names to turtlesim.egg-info/top_level.txt
[1.677s] reading manifest file 'turtlesim.egg-info/SOURCES.txt'
[1.678s] writing manifest file 'turtlesim.egg-info/SOURCES.txt'
[1.697s] [100%] Built target ament_cmake_python_build_turtlesim_egg
[1.778s] Invoked command in '/home/chris/ros2_ws/build/turtlesim' returned '0': CMAKE_PREFIX_PATH=${CMAKE_PREFIX_PATH}:/home/chris/ros2_ws/src/install/examples_rclpy_minimal_action_server:/home/chris/ros2_ws/install/launch_testing_examples:/home/chris/ros2_ws/install/examples_rclpy_pointcloud_publisher:/home/chris/ros2_ws/install/examples_rclpy_minimal_subscriber:/home/chris/ros2_ws/install/examples_rclpy_minimal_service:/home/chris/ros2_ws/install/examples_rclpy_minimal_publisher:/home/chris/ros2_ws/install/examples_rclpy_minimal_client:/home/chris/ros2_ws/install/examples_rclpy_minimal_action_server:/home/chris/ros2_ws/install/examples_rclpy_minimal_action_client:/home/chris/ros2_ws/install/examples_rclpy_guard_conditions:/home/chris/ros2_ws/install/examples_rclpy_executors:/opt/ros/humble /usr/bin/cmake --build /home/chris/ros2_ws/build/turtlesim -- -j20 -l20
[2.011s] Invoking command in '/home/chris/ros2_ws/build/turtlesim': CMAKE_PREFIX_PATH=${CMAKE_PREFIX_PATH}:/home/chris/ros2_ws/src/install/examples_rclpy_minimal_action_server:/home/chris/ros2_ws/install/launch_testing_examples:/home/chris/ros2_ws/install/examples_rclpy_pointcloud_publisher:/home/chris/ros2_ws/install/examples_rclpy_minimal_subscriber:/home/chris/ros2_ws/install/examples_rclpy_minimal_service:/home/chris/ros2_ws/install/examples_rclpy_minimal_publisher:/home/chris/ros2_ws/install/examples_rclpy_minimal_client:/home/chris/ros2_ws/install/examples_rclpy_minimal_action_server:/home/chris/ros2_ws/install/examples_rclpy_minimal_action_client:/home/chris/ros2_ws/install/examples_rclpy_guard_conditions:/home/chris/ros2_ws/install/examples_rclpy_executors:/opt/ros/humble /usr/bin/cmake --install /home/chris/ros2_ws/build/turtlesim
[2.152s] -- Install configuration: ""
[2.153s] -- Up-to-date: /home/chris/ros2_ws/install/turtlesim/share/ament_index/resource_index/rosidl_interfaces/turtlesim
[2.154s] -- Up-to-date: /home/chris/ros2_ws/install/turtlesim/include/turtlesim/turtlesim
[2.155s] -- Up-to-date: /home/chris/ros2_ws/install/turtlesim/include/turtlesim/turtlesim/action
[2.155s] -- Up-to-date: /home/chris/ros2_ws/install/turtlesim/include/turtlesim/turtlesim/action/detail
[2.155s] -- Up-to-date: /home/chris/ros2_ws/install/turtlesim/include/turtlesim/turtlesim/action/detail/rotate_absolute__functions.h
[2.156s] -- Up-to-date: /home/chris/ros2_ws/install/turtlesim/include/turtlesim/turtlesim/action/detail/rotate_absolute__type_support.h
[2.156s] -- Up-to-date: /home/chris/ros2_ws/install/turtlesim/include/turtlesim/turtlesim/action/detail/rotate_absolute__functions.c
[2.156s] -- Up-to-date: /home/chris/ros2_ws/install/turtlesim/include/turtlesim/turtlesim/action/detail/rotate_absolute__struct.h
[2.156s] -- Up-to-date: /home/chris/ros2_ws/install/turtlesim/include/turtlesim/turtlesim/action/rotate_absolute.h
[2.157s] -- Up-to-date: /home/chris/ros2_ws/install/turtlesim/include/turtlesim/turtlesim/srv
[2.157s] -- Up-to-date: /home/chris/ros2_ws/install/turtlesim/include/turtlesim/turtlesim/srv/detail
[2.157s] -- Up-to-date: /home/chris/ros2_ws/install/turtlesim/include/turtlesim/turtlesim/srv/detail/teleport_absolute__struct.h
[2.157s] -- Up-to-date: /home/chris/ros2_ws/install/turtlesim/include/turtlesim/turtlesim/srv/detail/teleport_relative__type_support.h
[2.157s] -- Up-to-date: /home/chris/ros2_ws/install/turtlesim/include/turtlesim/turtlesim/srv/detail/spawn__struct.h
[2.157s] -- Up-to-date: /home/chris/ros2_ws/install/turtlesim/include/turtlesim/turtlesim/srv/detail/teleport_relative__struct.h
[2.158s] -- Up-to-date: /home/chris/ros2_ws/install/turtlesim/include/turtlesim/turtlesim/srv/detail/set_pen__functions.h
[2.158s] -- Up-to-date: /home/chris/ros2_ws/install/turtlesim/include/turtlesim/turtlesim/srv/detail/teleport_absolute__type_support.h
[2.158s] -- Up-to-date: /home/chris/ros2_ws/install/turtlesim/include/turtlesim/turtlesim/srv/detail/kill__functions.c
[2.158s] -- Up-to-date: /home/chris/ros2_ws/install/turtlesim/include/turtlesim/turtlesim/srv/detail/teleport_relative__functions.c
[2.158s] -- Up-to-date: /home/chris/ros2_ws/install/turtlesim/include/turtlesim/turtlesim/srv/detail/teleport_absolute__functions.h
[2.158s] -- Up-to-date: /home/chris/ros2_ws/install/turtlesim/include/turtlesim/turtlesim/srv/detail/set_pen__functions.c
[2.158s] -- Up-to-date: /home/chris/ros2_ws/install/turtlesim/include/turtlesim/turtlesim/srv/detail/spawn__type_support.h
[2.158s] -- Up-to-date: /home/chris/ros2_ws/install/turtlesim/include/turtlesim/turtlesim/srv/detail/teleport_absolute__functions.c
[2.158s] -- Up-to-date: /home/chris/ros2_ws/install/turtlesim/include/turtlesim/turtlesim/srv/detail/spawn__functions.c
[2.158s] -- Up-to-date: /home/chris/ros2_ws/install/turtlesim/include/turtlesim/turtlesim/srv/detail/teleport_relative__functions.h
[2.158s] -- Up-to-date: /home/chris/ros2_ws/install/turtlesim/include/turtlesim/turtlesim/srv/detail/kill__functions.h
[2.158s] -- Up-to-date: /home/chris/ros2_ws/install/turtlesim/include/turtlesim/turtlesim/srv/detail/set_pen__type_support.h
[2.158s] -- Up-to-date: /home/chris/ros2_ws/install/turtlesim/include/turtlesim/turtlesim/srv/detail/set_pen__struct.h
[2.159s] -- Up-to-date: /home/chris/ros2_ws/install/turtlesim/include/turtlesim/turtlesim/srv/detail/kill__type_support.h
[2.159s] -- Up-to-date: /home/chris/ros2_ws/install/turtlesim/include/turtlesim/turtlesim/srv/detail/kill__struct.h
[2.159s] -- Up-to-date: /home/chris/ros2_ws/install/turtlesim/include/turtlesim/turtlesim/srv/detail/spawn__functions.h
[2.159s] -- Up-to-date: /home/chris/ros2_ws/install/turtlesim/include/turtlesim/turtlesim/srv/kill.h
[2.159s] -- Up-to-date: /home/chris/ros2_ws/install/turtlesim/include/turtlesim/turtlesim/srv/set_pen.h
[2.159s] -- Up-to-date: /home/chris/ros2_ws/install/turtlesim/include/turtlesim/turtlesim/srv/spawn.h
[2.159s] -- Up-to-date: /home/chris/ros2_ws/install/turtlesim/include/turtlesim/turtlesim/srv/teleport_absolute.h
[2.159s] -- Up-to-date: /home/chris/ros2_ws/install/turtlesim/include/turtlesim/turtlesim/srv/teleport_relative.h
[2.159s] -- Up-to-date: /home/chris/ros2_ws/install/turtlesim/include/turtlesim/turtlesim/msg
[2.159s] -- Up-to-date: /home/chris/ros2_ws/install/turtlesim/include/turtlesim/turtlesim/msg/detail
[2.159s] -- Up-to-date: /home/chris/ros2_ws/install/turtlesim/include/turtlesim/turtlesim/msg/detail/pose__type_support.h
[2.159s] -- Up-to-date: /home/chris/ros2_ws/install/turtlesim/include/turtlesim/turtlesim/msg/detail/color__struct.h
[2.159s] -- Up-to-date: /home/chris/ros2_ws/install/turtlesim/include/turtlesim/turtlesim/msg/detail/pose__struct.h
[2.159s] -- Up-to-date: /home/chris/ros2_ws/install/turtlesim/include/turtlesim/turtlesim/msg/detail/color__functions.c
[2.159s] -- Up-to-date: /home/chris/ros2_ws/install/turtlesim/include/turtlesim/turtlesim/msg/detail/pose__functions.c
[2.159s] -- Up-to-date: /home/chris/ros2_ws/install/turtlesim/include/turtlesim/turtlesim/msg/detail/color__functions.h
[2.159s] -- Up-to-date: /home/chris/ros2_ws/install/turtlesim/include/turtlesim/turtlesim/msg/detail/color__type_support.h
[2.159s] -- Up-to-date: /home/chris/ros2_ws/install/turtlesim/include/turtlesim/turtlesim/msg/detail/pose__functions.h
[2.159s] -- Up-to-date: /home/chris/ros2_ws/install/turtlesim/include/turtlesim/turtlesim/msg/color.h
[2.159s] -- Up-to-date: /home/chris/ros2_ws/install/turtlesim/include/turtlesim/turtlesim/msg/rosidl_generator_c__visibility_control.h
[2.159s] -- Up-to-date: /home/chris/ros2_ws/install/turtlesim/include/turtlesim/turtlesim/msg/pose.h
[2.159s] -- Up-to-date: /home/chris/ros2_ws/install/turtlesim/share/turtlesim/environment/library_path.sh
[2.159s] -- Up-to-date: /home/chris/ros2_ws/install/turtlesim/share/turtlesim/environment/library_path.dsv
[2.159s] -- Up-to-date: /home/chris/ros2_ws/install/turtlesim/lib/libturtlesim__rosidl_generator_c.so
[2.159s] -- Up-to-date: /home/chris/ros2_ws/install/turtlesim/include/turtlesim/turtlesim
[2.159s] -- Up-to-date: /home/chris/ros2_ws/install/turtlesim/include/turtlesim/turtlesim/action
[2.159s] -- Up-to-date: /home/chris/ros2_ws/install/turtlesim/include/turtlesim/turtlesim/action/detail
[2.160s] -- Up-to-date: /home/chris/ros2_ws/install/turtlesim/include/turtlesim/turtlesim/action/detail/rotate_absolute__rosidl_typesupport_fastrtps_c.h
[2.160s] -- Up-to-date: /home/chris/ros2_ws/install/turtlesim/include/turtlesim/turtlesim/srv
[2.160s] -- Up-to-date: /home/chris/ros2_ws/install/turtlesim/include/turtlesim/turtlesim/srv/detail
[2.160s] -- Up-to-date: /home/chris/ros2_ws/install/turtlesim/include/turtlesim/turtlesim/srv/detail/teleport_relative__rosidl_typesupport_fastrtps_c.h
[2.160s] -- Up-to-date: /home/chris/ros2_ws/install/turtlesim/include/turtlesim/turtlesim/srv/detail/set_pen__rosidl_typesupport_fastrtps_c.h
[2.160s] -- Up-to-date: /home/chris/ros2_ws/install/turtlesim/include/turtlesim/turtlesim/srv/detail/teleport_absolute__rosidl_typesupport_fastrtps_c.h
[2.160s] -- Up-to-date: /home/chris/ros2_ws/install/turtlesim/include/turtlesim/turtlesim/srv/detail/spawn__rosidl_typesupport_fastrtps_c.h
[2.160s] -- Up-to-date: /home/chris/ros2_ws/install/turtlesim/include/turtlesim/turtlesim/srv/detail/kill__rosidl_typesupport_fastrtps_c.h
[2.160s] -- Up-to-date: /home/chris/ros2_ws/install/turtlesim/include/turtlesim/turtlesim/msg
[2.160s] -- Up-to-date: /home/chris/ros2_ws/install/turtlesim/include/turtlesim/turtlesim/msg/rosidl_typesupport_fastrtps_c__visibility_control.h
[2.160s] -- Up-to-date: /home/chris/ros2_ws/install/turtlesim/include/turtlesim/turtlesim/msg/detail
[2.160s] -- Up-to-date: /home/chris/ros2_ws/install/turtlesim/include/turtlesim/turtlesim/msg/detail/pose__rosidl_typesupport_fastrtps_c.h
[2.160s] -- Up-to-date: /home/chris/ros2_ws/install/turtlesim/include/turtlesim/turtlesim/msg/detail/color__rosidl_typesupport_fastrtps_c.h
[2.160s] -- Up-to-date: /home/chris/ros2_ws/install/turtlesim/lib/libturtlesim__rosidl_typesupport_fastrtps_c.so
[2.160s] -- Up-to-date: /home/chris/ros2_ws/install/turtlesim/include/turtlesim/turtlesim
[2.160s] -- Up-to-date: /home/chris/ros2_ws/install/turtlesim/include/turtlesim/turtlesim/action
[2.160s] -- Up-to-date: /home/chris/ros2_ws/install/turtlesim/include/turtlesim/turtlesim/action/detail
[2.160s] -- Up-to-date: /home/chris/ros2_ws/install/turtlesim/include/turtlesim/turtlesim/action/detail/rotate_absolute__struct.hpp
[2.160s] -- Up-to-date: /home/chris/ros2_ws/install/turtlesim/include/turtlesim/turtlesim/action/detail/rotate_absolute__builder.hpp
[2.160s] -- Up-to-date: /home/chris/ros2_ws/install/turtlesim/include/turtlesim/turtlesim/action/detail/rotate_absolute__traits.hpp
[2.160s] -- Up-to-date: /home/chris/ros2_ws/install/turtlesim/include/turtlesim/turtlesim/action/rotate_absolute.hpp
[2.161s] -- Up-to-date: /home/chris/ros2_ws/install/turtlesim/include/turtlesim/turtlesim/srv
[2.161s] -- Up-to-date: /home/chris/ros2_ws/install/turtlesim/include/turtlesim/turtlesim/srv/teleport_relative.hpp
[2.161s] -- Up-to-date: /home/chris/ros2_ws/install/turtlesim/include/turtlesim/turtlesim/srv/teleport_absolute.hpp
[2.161s] -- Up-to-date: /home/chris/ros2_ws/install/turtlesim/include/turtlesim/turtlesim/srv/set_pen.hpp
[2.161s] -- Up-to-date: /home/chris/ros2_ws/install/turtlesim/include/turtlesim/turtlesim/srv/detail
[2.161s] -- Up-to-date: /home/chris/ros2_ws/install/turtlesim/include/turtlesim/turtlesim/srv/detail/set_pen__traits.hpp
[2.161s] -- Up-to-date: /home/chris/ros2_ws/install/turtlesim/include/turtlesim/turtlesim/srv/detail/kill__traits.hpp
[2.161s] -- Up-to-date: /home/chris/ros2_ws/install/turtlesim/include/turtlesim/turtlesim/srv/detail/teleport_absolute__builder.hpp
[2.161s] -- Up-to-date: /home/chris/ros2_ws/install/turtlesim/include/turtlesim/turtlesim/srv/detail/kill__builder.hpp
[2.161s] -- Up-to-date: /home/chris/ros2_ws/install/turtlesim/include/turtlesim/turtlesim/srv/detail/set_pen__struct.hpp
[2.161s] -- Up-to-date: /home/chris/ros2_ws/install/turtlesim/include/turtlesim/turtlesim/srv/detail/kill__struct.hpp
[2.161s] -- Up-to-date: /home/chris/ros2_ws/install/turtlesim/include/turtlesim/turtlesim/srv/detail/teleport_relative__builder.hpp
[2.161s] -- Up-to-date: /home/chris/ros2_ws/install/turtlesim/include/turtlesim/turtlesim/srv/detail/teleport_absolute__struct.hpp
[2.161s] -- Up-to-date: /home/chris/ros2_ws/install/turtlesim/include/turtlesim/turtlesim/srv/detail/teleport_relative__traits.hpp
[2.161s] -- Up-to-date: /home/chris/ros2_ws/install/turtlesim/include/turtlesim/turtlesim/srv/detail/teleport_relative__struct.hpp
[2.161s] -- Up-to-date: /home/chris/ros2_ws/install/turtlesim/include/turtlesim/turtlesim/srv/detail/spawn__struct.hpp
[2.161s] -- Up-to-date: /home/chris/ros2_ws/install/turtlesim/include/turtlesim/turtlesim/srv/detail/teleport_absolute__traits.hpp
[2.161s] -- Up-to-date: /home/chris/ros2_ws/install/turtlesim/include/turtlesim/turtlesim/srv/detail/spawn__traits.hpp
[2.161s] -- Up-to-date: /home/chris/ros2_ws/install/turtlesim/include/turtlesim/turtlesim/srv/detail/set_pen__builder.hpp
[2.161s] -- Up-to-date: /home/chris/ros2_ws/install/turtlesim/include/turtlesim/turtlesim/srv/detail/spawn__builder.hpp
[2.161s] -- Up-to-date: /home/chris/ros2_ws/install/turtlesim/include/turtlesim/turtlesim/srv/spawn.hpp
[2.161s] -- Up-to-date: /home/chris/ros2_ws/install/turtlesim/include/turtlesim/turtlesim/srv/kill.hpp
[2.161s] -- Up-to-date: /home/chris/ros2_ws/install/turtlesim/include/turtlesim/turtlesim/msg
[2.161s] -- Up-to-date: /home/chris/ros2_ws/install/turtlesim/include/turtlesim/turtlesim/msg/pose.hpp
[2.162s] -- Up-to-date: /home/chris/ros2_ws/install/turtlesim/include/turtlesim/turtlesim/msg/color.hpp
[2.162s] -- Up-to-date: /home/chris/ros2_ws/install/turtlesim/include/turtlesim/turtlesim/msg/detail
[2.162s] -- Up-to-date: /home/chris/ros2_ws/install/turtlesim/include/turtlesim/turtlesim/msg/detail/color__struct.hpp
[2.162s] -- Up-to-date: /home/chris/ros2_ws/install/turtlesim/include/turtlesim/turtlesim/msg/detail/color__builder.hpp
[2.162s] -- Up-to-date: /home/chris/ros2_ws/install/turtlesim/include/turtlesim/turtlesim/msg/detail/color__traits.hpp
[2.162s] -- Up-to-date: /home/chris/ros2_ws/install/turtlesim/include/turtlesim/turtlesim/msg/detail/pose__builder.hpp
[2.162s] -- Up-to-date: /home/chris/ros2_ws/install/turtlesim/include/turtlesim/turtlesim/msg/detail/pose__traits.hpp
[2.162s] -- Up-to-date: /home/chris/ros2_ws/install/turtlesim/include/turtlesim/turtlesim/msg/detail/pose__struct.hpp
[2.162s] -- Up-to-date: /home/chris/ros2_ws/install/turtlesim/include/turtlesim/turtlesim
[2.162s] -- Up-to-date: /home/chris/ros2_ws/install/turtlesim/include/turtlesim/turtlesim/action
[2.162s] -- Up-to-date: /home/chris/ros2_ws/install/turtlesim/include/turtlesim/turtlesim/action/detail
[2.162s] -- Up-to-date: /home/chris/ros2_ws/install/turtlesim/include/turtlesim/turtlesim/action/detail/dds_fastrtps
[2.162s] -- Up-to-date: /home/chris/ros2_ws/install/turtlesim/include/turtlesim/turtlesim/action/detail/rotate_absolute__rosidl_typesupport_fastrtps_cpp.hpp
[2.162s] -- Up-to-date: /home/chris/ros2_ws/install/turtlesim/include/turtlesim/turtlesim/srv
[2.162s] -- Up-to-date: /home/chris/ros2_ws/install/turtlesim/include/turtlesim/turtlesim/srv/detail
[2.162s] -- Up-to-date: /home/chris/ros2_ws/install/turtlesim/include/turtlesim/turtlesim/srv/detail/dds_fastrtps
[2.162s] -- Up-to-date: /home/chris/ros2_ws/install/turtlesim/include/turtlesim/turtlesim/srv/detail/kill__rosidl_typesupport_fastrtps_cpp.hpp
[2.162s] -- Up-to-date: /home/chris/ros2_ws/install/turtlesim/include/turtlesim/turtlesim/srv/detail/teleport_absolute__rosidl_typesupport_fastrtps_cpp.hpp
[2.162s] -- Up-to-date: /home/chris/ros2_ws/install/turtlesim/include/turtlesim/turtlesim/srv/detail/teleport_relative__rosidl_typesupport_fastrtps_cpp.hpp
[2.162s] -- Up-to-date: /home/chris/ros2_ws/install/turtlesim/include/turtlesim/turtlesim/srv/detail/set_pen__rosidl_typesupport_fastrtps_cpp.hpp
[2.162s] -- Up-to-date: /home/chris/ros2_ws/install/turtlesim/include/turtlesim/turtlesim/srv/detail/spawn__rosidl_typesupport_fastrtps_cpp.hpp
[2.162s] -- Up-to-date: /home/chris/ros2_ws/install/turtlesim/include/turtlesim/turtlesim/msg
[2.162s] -- Up-to-date: /home/chris/ros2_ws/install/turtlesim/include/turtlesim/turtlesim/msg/rosidl_typesupport_fastrtps_cpp__visibility_control.h
[2.162s] -- Up-to-date: /home/chris/ros2_ws/install/turtlesim/include/turtlesim/turtlesim/msg/detail
[2.162s] -- Up-to-date: /home/chris/ros2_ws/install/turtlesim/include/turtlesim/turtlesim/msg/detail/dds_fastrtps
[2.162s] -- Up-to-date: /home/chris/ros2_ws/install/turtlesim/include/turtlesim/turtlesim/msg/detail/pose__rosidl_typesupport_fastrtps_cpp.hpp
[2.163s] -- Up-to-date: /home/chris/ros2_ws/install/turtlesim/include/turtlesim/turtlesim/msg/detail/color__rosidl_typesupport_fastrtps_cpp.hpp
[2.163s] -- Up-to-date: /home/chris/ros2_ws/install/turtlesim/lib/libturtlesim__rosidl_typesupport_fastrtps_cpp.so
[2.163s] -- Up-to-date: /home/chris/ros2_ws/install/turtlesim/include/turtlesim/turtlesim
[2.163s] -- Up-to-date: /home/chris/ros2_ws/install/turtlesim/include/turtlesim/turtlesim/action
[2.163s] -- Up-to-date: /home/chris/ros2_ws/install/turtlesim/include/turtlesim/turtlesim/action/detail
[2.163s] -- Up-to-date: /home/chris/ros2_ws/install/turtlesim/include/turtlesim/turtlesim/action/detail/rotate_absolute__rosidl_typesupport_introspection_c.h
[2.163s] -- Up-to-date: /home/chris/ros2_ws/install/turtlesim/include/turtlesim/turtlesim/action/detail/rotate_absolute__type_support.c
[2.163s] -- Up-to-date: /home/chris/ros2_ws/install/turtlesim/include/turtlesim/turtlesim/srv
[2.163s] -- Up-to-date: /home/chris/ros2_ws/install/turtlesim/include/turtlesim/turtlesim/srv/detail
[2.163s] -- Up-to-date: /home/chris/ros2_ws/install/turtlesim/include/turtlesim/turtlesim/srv/detail/kill__type_support.c
[2.163s] -- Up-to-date: /home/chris/ros2_ws/install/turtlesim/include/turtlesim/turtlesim/srv/detail/kill__rosidl_typesupport_introspection_c.h
[2.163s] -- Up-to-date: /home/chris/ros2_ws/install/turtlesim/include/turtlesim/turtlesim/srv/detail/set_pen__rosidl_typesupport_introspection_c.h
[2.163s] -- Up-to-date: /home/chris/ros2_ws/install/turtlesim/include/turtlesim/turtlesim/srv/detail/spawn__rosidl_typesupport_introspection_c.h
[2.163s] -- Up-to-date: /home/chris/ros2_ws/install/turtlesim/include/turtlesim/turtlesim/srv/detail/teleport_absolute__type_support.c
[2.163s] -- Up-to-date: /home/chris/ros2_ws/install/turtlesim/include/turtlesim/turtlesim/srv/detail/teleport_relative__rosidl_typesupport_introspection_c.h
[2.163s] -- Up-to-date: /home/chris/ros2_ws/install/turtlesim/include/turtlesim/turtlesim/srv/detail/set_pen__type_support.c
[2.163s] -- Up-to-date: /home/chris/ros2_ws/install/turtlesim/include/turtlesim/turtlesim/srv/detail/teleport_relative__type_support.c
[2.163s] -- Up-to-date: /home/chris/ros2_ws/install/turtlesim/include/turtlesim/turtlesim/srv/detail/spawn__type_support.c
[2.163s] -- Up-to-date: /home/chris/ros2_ws/install/turtlesim/include/turtlesim/turtlesim/srv/detail/teleport_absolute__rosidl_typesupport_introspection_c.h
[2.163s] -- Up-to-date: /home/chris/ros2_ws/install/turtlesim/include/turtlesim/turtlesim/msg
[2.163s] -- Up-to-date: /home/chris/ros2_ws/install/turtlesim/include/turtlesim/turtlesim/msg/detail
[2.163s] -- Up-to-date: /home/chris/ros2_ws/install/turtlesim/include/turtlesim/turtlesim/msg/detail/pose__type_support.c
[2.163s] -- Up-to-date: /home/chris/ros2_ws/install/turtlesim/include/turtlesim/turtlesim/msg/detail/color__rosidl_typesupport_introspection_c.h
[2.163s] -- Up-to-date: /home/chris/ros2_ws/install/turtlesim/include/turtlesim/turtlesim/msg/detail/pose__rosidl_typesupport_introspection_c.h
[2.163s] -- Up-to-date: /home/chris/ros2_ws/install/turtlesim/include/turtlesim/turtlesim/msg/detail/color__type_support.c
[2.164s] -- Up-to-date: /home/chris/ros2_ws/install/turtlesim/include/turtlesim/turtlesim/msg/rosidl_typesupport_introspection_c__visibility_control.h
[2.164s] -- Up-to-date: /home/chris/ros2_ws/install/turtlesim/lib/libturtlesim__rosidl_typesupport_introspection_c.so
[2.164s] -- Up-to-date: /home/chris/ros2_ws/install/turtlesim/lib/libturtlesim__rosidl_typesupport_c.so
[2.164s] -- Up-to-date: /home/chris/ros2_ws/install/turtlesim/include/turtlesim/turtlesim
[2.164s] -- Up-to-date: /home/chris/ros2_ws/install/turtlesim/include/turtlesim/turtlesim/action
[2.164s] -- Up-to-date: /home/chris/ros2_ws/install/turtlesim/include/turtlesim/turtlesim/action/detail
[2.164s] -- Up-to-date: /home/chris/ros2_ws/install/turtlesim/include/turtlesim/turtlesim/action/detail/rotate_absolute__type_support.cpp
[2.164s] -- Up-to-date: /home/chris/ros2_ws/install/turtlesim/include/turtlesim/turtlesim/action/detail/rotate_absolute__rosidl_typesupport_introspection_cpp.hpp
[2.164s] -- Up-to-date: /home/chris/ros2_ws/install/turtlesim/include/turtlesim/turtlesim/srv
[2.164s] -- Up-to-date: /home/chris/ros2_ws/install/turtlesim/include/turtlesim/turtlesim/srv/detail
[2.164s] -- Up-to-date: /home/chris/ros2_ws/install/turtlesim/include/turtlesim/turtlesim/srv/detail/set_pen__rosidl_typesupport_introspection_cpp.hpp
[2.164s] -- Up-to-date: /home/chris/ros2_ws/install/turtlesim/include/turtlesim/turtlesim/srv/detail/spawn__rosidl_typesupport_introspection_cpp.hpp
[2.164s] -- Up-to-date: /home/chris/ros2_ws/install/turtlesim/include/turtlesim/turtlesim/srv/detail/spawn__type_support.cpp
[2.164s] -- Up-to-date: /home/chris/ros2_ws/install/turtlesim/include/turtlesim/turtlesim/srv/detail/kill__type_support.cpp
[2.164s] -- Up-to-date: /home/chris/ros2_ws/install/turtlesim/include/turtlesim/turtlesim/srv/detail/teleport_relative__rosidl_typesupport_introspection_cpp.hpp
[2.164s] -- Up-to-date: /home/chris/ros2_ws/install/turtlesim/include/turtlesim/turtlesim/srv/detail/set_pen__type_support.cpp
[2.164s] -- Up-to-date: /home/chris/ros2_ws/install/turtlesim/include/turtlesim/turtlesim/srv/detail/kill__rosidl_typesupport_introspection_cpp.hpp
[2.164s] -- Up-to-date: /home/chris/ros2_ws/install/turtlesim/include/turtlesim/turtlesim/srv/detail/teleport_absolute__type_support.cpp
[2.164s] -- Up-to-date: /home/chris/ros2_ws/install/turtlesim/include/turtlesim/turtlesim/srv/detail/teleport_relative__type_support.cpp
[2.164s] -- Up-to-date: /home/chris/ros2_ws/install/turtlesim/include/turtlesim/turtlesim/srv/detail/teleport_absolute__rosidl_typesupport_introspection_cpp.hpp
[2.164s] -- Up-to-date: /home/chris/ros2_ws/install/turtlesim/include/turtlesim/turtlesim/msg
[2.164s] -- Up-to-date: /home/chris/ros2_ws/install/turtlesim/include/turtlesim/turtlesim/msg/detail
[2.164s] -- Up-to-date: /home/chris/ros2_ws/install/turtlesim/include/turtlesim/turtlesim/msg/detail/color__type_support.cpp
[2.164s] -- Up-to-date: /home/chris/ros2_ws/install/turtlesim/include/turtlesim/turtlesim/msg/detail/pose__rosidl_typesupport_introspection_cpp.hpp
[2.165s] -- Up-to-date: /home/chris/ros2_ws/install/turtlesim/include/turtlesim/turtlesim/msg/detail/pose__type_support.cpp
[2.165s] -- Up-to-date: /home/chris/ros2_ws/install/turtlesim/include/turtlesim/turtlesim/msg/detail/color__rosidl_typesupport_introspection_cpp.hpp
[2.165s] -- Up-to-date: /home/chris/ros2_ws/install/turtlesim/lib/libturtlesim__rosidl_typesupport_introspection_cpp.so
[2.165s] -- Up-to-date: /home/chris/ros2_ws/install/turtlesim/lib/libturtlesim__rosidl_typesupport_cpp.so
[2.165s] -- Up-to-date: /home/chris/ros2_ws/install/turtlesim/share/turtlesim/environment/pythonpath.sh
[2.165s] -- Up-to-date: /home/chris/ros2_ws/install/turtlesim/share/turtlesim/environment/pythonpath.dsv
[2.165s] -- Up-to-date: /home/chris/ros2_ws/install/turtlesim/local/lib/python3.10/dist-packages/turtlesim-1.4.2-py3.10.egg-info
[2.165s] -- Installing: /home/chris/ros2_ws/install/turtlesim/local/lib/python3.10/dist-packages/turtlesim-1.4.2-py3.10.egg-info/dependency_links.txt
[2.165s] -- Installing: /home/chris/ros2_ws/install/turtlesim/local/lib/python3.10/dist-packages/turtlesim-1.4.2-py3.10.egg-info/PKG-INFO
[2.165s] -- Installing: /home/chris/ros2_ws/install/turtlesim/local/lib/python3.10/dist-packages/turtlesim-1.4.2-py3.10.egg-info/top_level.txt
[2.165s] -- Installing: /home/chris/ros2_ws/install/turtlesim/local/lib/python3.10/dist-packages/turtlesim-1.4.2-py3.10.egg-info/SOURCES.txt
[2.165s] -- Up-to-date: /home/chris/ros2_ws/install/turtlesim/local/lib/python3.10/dist-packages/turtlesim
[2.165s] -- Up-to-date: /home/chris/ros2_ws/install/turtlesim/local/lib/python3.10/dist-packages/turtlesim/libturtlesim__rosidl_generator_py.so
[2.165s] -- Up-to-date: /home/chris/ros2_ws/install/turtlesim/local/lib/python3.10/dist-packages/turtlesim/_turtlesim_s.ep.rosidl_typesupport_introspection_c.c
[2.165s] -- Up-to-date: /home/chris/ros2_ws/install/turtlesim/local/lib/python3.10/dist-packages/turtlesim/_turtlesim_s.ep.rosidl_typesupport_fastrtps_c.c
[2.165s] -- Up-to-date: /home/chris/ros2_ws/install/turtlesim/local/lib/python3.10/dist-packages/turtlesim/action
[2.166s] -- Up-to-date: /home/chris/ros2_ws/install/turtlesim/local/lib/python3.10/dist-packages/turtlesim/action/_rotate_absolute_s.c
[2.166s] -- Up-to-date: /home/chris/ros2_ws/install/turtlesim/local/lib/python3.10/dist-packages/turtlesim/action/__init__.py
[2.166s] -- Up-to-date: /home/chris/ros2_ws/install/turtlesim/local/lib/python3.10/dist-packages/turtlesim/action/_rotate_absolute.py
[2.166s] -- Up-to-date: /home/chris/ros2_ws/install/turtlesim/local/lib/python3.10/dist-packages/turtlesim/srv
[2.166s] -- Up-to-date: /home/chris/ros2_ws/install/turtlesim/local/lib/python3.10/dist-packages/turtlesim/srv/_kill.py
[2.166s] -- Up-to-date: /home/chris/ros2_ws/install/turtlesim/local/lib/python3.10/dist-packages/turtlesim/srv/_kill_s.c
[2.166s] -- Up-to-date: /home/chris/ros2_ws/install/turtlesim/local/lib/python3.10/dist-packages/turtlesim/srv/_teleport_absolute.py
[2.166s] -- Up-to-date: /home/chris/ros2_ws/install/turtlesim/local/lib/python3.10/dist-packages/turtlesim/srv/_spawn.py
[2.166s] -- Up-to-date: /home/chris/ros2_ws/install/turtlesim/local/lib/python3.10/dist-packages/turtlesim/srv/_spawn_s.c
[2.166s] -- Up-to-date: /home/chris/ros2_ws/install/turtlesim/local/lib/python3.10/dist-packages/turtlesim/srv/__init__.py
[2.166s] -- Up-to-date: /home/chris/ros2_ws/install/turtlesim/local/lib/python3.10/dist-packages/turtlesim/srv/_teleport_relative_s.c
[2.166s] -- Up-to-date: /home/chris/ros2_ws/install/turtlesim/local/lib/python3.10/dist-packages/turtlesim/srv/_set_pen_s.c
[2.166s] -- Up-to-date: /home/chris/ros2_ws/install/turtlesim/local/lib/python3.10/dist-packages/turtlesim/srv/_teleport_absolute_s.c
[2.166s] -- Up-to-date: /home/chris/ros2_ws/install/turtlesim/local/lib/python3.10/dist-packages/turtlesim/srv/_set_pen.py
[2.166s] -- Up-to-date: /home/chris/ros2_ws/install/turtlesim/local/lib/python3.10/dist-packages/turtlesim/srv/_teleport_relative.py
[2.166s] -- Up-to-date: /home/chris/ros2_ws/install/turtlesim/local/lib/python3.10/dist-packages/turtlesim/__init__.py
[2.166s] -- Up-to-date: /home/chris/ros2_ws/install/turtlesim/local/lib/python3.10/dist-packages/turtlesim/turtlesim_s__rosidl_typesupport_fastrtps_c.cpython-310-x86_64-linux-gnu.so
[2.166s] -- Up-to-date: /home/chris/ros2_ws/install/turtlesim/local/lib/python3.10/dist-packages/turtlesim/msg
[2.166s] -- Up-to-date: /home/chris/ros2_ws/install/turtlesim/local/lib/python3.10/dist-packages/turtlesim/msg/_pose_s.c
[2.166s] -- Up-to-date: /home/chris/ros2_ws/install/turtlesim/local/lib/python3.10/dist-packages/turtlesim/msg/__init__.py
[2.166s] -- Up-to-date: /home/chris/ros2_ws/install/turtlesim/local/lib/python3.10/dist-packages/turtlesim/msg/_color_s.c
[2.166s] -- Up-to-date: /home/chris/ros2_ws/install/turtlesim/local/lib/python3.10/dist-packages/turtlesim/msg/_color.py
[2.166s] -- Up-to-date: /home/chris/ros2_ws/install/turtlesim/local/lib/python3.10/dist-packages/turtlesim/msg/_pose.py
[2.167s] -- Up-to-date: /home/chris/ros2_ws/install/turtlesim/local/lib/python3.10/dist-packages/turtlesim/turtlesim_s__rosidl_typesupport_c.cpython-310-x86_64-linux-gnu.so
[2.167s] -- Up-to-date: /home/chris/ros2_ws/install/turtlesim/local/lib/python3.10/dist-packages/turtlesim/turtlesim_s__rosidl_typesupport_introspection_c.cpython-310-x86_64-linux-gnu.so
[2.167s] -- Up-to-date: /home/chris/ros2_ws/install/turtlesim/local/lib/python3.10/dist-packages/turtlesim/_turtlesim_s.ep.rosidl_typesupport_c.c
[2.186s] Listing '/home/chris/ros2_ws/install/turtlesim/local/lib/python3.10/dist-packages/turtlesim'...
[2.186s] Listing '/home/chris/ros2_ws/install/turtlesim/local/lib/python3.10/dist-packages/turtlesim/action'...
[2.186s] Listing '/home/chris/ros2_ws/install/turtlesim/local/lib/python3.10/dist-packages/turtlesim/msg'...
[2.186s] Listing '/home/chris/ros2_ws/install/turtlesim/local/lib/python3.10/dist-packages/turtlesim/srv'...
[2.189s] -- Up-to-date: /home/chris/ros2_ws/install/turtlesim/local/lib/python3.10/dist-packages/turtlesim/turtlesim_s__rosidl_typesupport_fastrtps_c.cpython-310-x86_64-linux-gnu.so
[2.190s] -- Up-to-date: /home/chris/ros2_ws/install/turtlesim/local/lib/python3.10/dist-packages/turtlesim/turtlesim_s__rosidl_typesupport_introspection_c.cpython-310-x86_64-linux-gnu.so
[2.190s] -- Up-to-date: /home/chris/ros2_ws/install/turtlesim/local/lib/python3.10/dist-packages/turtlesim/turtlesim_s__rosidl_typesupport_c.cpython-310-x86_64-linux-gnu.so
[2.191s] -- Up-to-date: /home/chris/ros2_ws/install/turtlesim/lib/libturtlesim__rosidl_generator_py.so
[2.191s] -- Up-to-date: /home/chris/ros2_ws/install/turtlesim/share/turtlesim/action/RotateAbsolute.idl
[2.192s] -- Up-to-date: /home/chris/ros2_ws/install/turtlesim/share/turtlesim/msg/Color.idl
[2.193s] -- Up-to-date: /home/chris/ros2_ws/install/turtlesim/share/turtlesim/msg/Pose.idl
[2.193s] -- Up-to-date: /home/chris/ros2_ws/install/turtlesim/share/turtlesim/srv/Kill.idl
[2.193s] -- Up-to-date: /home/chris/ros2_ws/install/turtlesim/share/turtlesim/srv/SetPen.idl
[2.193s] -- Up-to-date: /home/chris/ros2_ws/install/turtlesim/share/turtlesim/srv/Spawn.idl
[2.193s] -- Up-to-date: /home/chris/ros2_ws/install/turtlesim/share/turtlesim/srv/TeleportAbsolute.idl
[2.193s] -- Up-to-date: /home/chris/ros2_ws/install/turtlesim/share/turtlesim/srv/TeleportRelative.idl
[2.193s] -- Up-to-date: /home/chris/ros2_ws/install/turtlesim/share/turtlesim/action/RotateAbsolute.action
[2.193s] -- Up-to-date: /home/chris/ros2_ws/install/turtlesim/share/turtlesim/msg/Color.msg
[2.193s] -- Up-to-date: /home/chris/ros2_ws/install/turtlesim/share/turtlesim/msg/Pose.msg
[2.193s] -- Up-to-date: /home/chris/ros2_ws/install/turtlesim/share/turtlesim/srv/Kill.srv
[2.193s] -- Up-to-date: /home/chris/ros2_ws/install/turtlesim/share/turtlesim/srv/Kill_Request.msg
[2.193s] -- Up-to-date: /home/chris/ros2_ws/install/turtlesim/share/turtlesim/srv/Kill_Response.msg
[2.193s] -- Up-to-date: /home/chris/ros2_ws/install/turtlesim/share/turtlesim/srv/SetPen.srv
[2.193s] -- Up-to-date: /home/chris/ros2_ws/install/turtlesim/share/turtlesim/srv/SetPen_Request.msg
[2.193s] -- Up-to-date: /home/chris/ros2_ws/install/turtlesim/share/turtlesim/srv/SetPen_Response.msg
[2.193s] -- Up-to-date: /home/chris/ros2_ws/install/turtlesim/share/turtlesim/srv/Spawn.srv
[2.194s] -- Up-to-date: /home/chris/ros2_ws/install/turtlesim/share/turtlesim/srv/Spawn_Request.msg
[2.194s] -- Up-to-date: /home/chris/ros2_ws/install/turtlesim/share/turtlesim/srv/Spawn_Response.msg
[2.194s] -- Up-to-date: /home/chris/ros2_ws/install/turtlesim/share/turtlesim/srv/TeleportAbsolute.srv
[2.194s] -- Up-to-date: /home/chris/ros2_ws/install/turtlesim/share/turtlesim/srv/TeleportAbsolute_Request.msg
[2.194s] -- Up-to-date: /home/chris/ros2_ws/install/turtlesim/share/turtlesim/srv/TeleportAbsolute_Response.msg
[2.194s] -- Up-to-date: /home/chris/ros2_ws/install/turtlesim/share/turtlesim/srv/TeleportRelative.srv
[2.194s] -- Up-to-date: /home/chris/ros2_ws/install/turtlesim/share/turtlesim/srv/TeleportRelative_Request.msg
[2.194s] -- Up-to-date: /home/chris/ros2_ws/install/turtlesim/share/turtlesim/srv/TeleportRelative_Response.msg
[2.194s] -- Up-to-date: /home/chris/ros2_ws/install/turtlesim/lib/turtlesim/turtlesim_node
[2.194s] -- Up-to-date: /home/chris/ros2_ws/install/turtlesim/lib/turtlesim/turtle_teleop_key
[2.194s] -- Up-to-date: /home/chris/ros2_ws/install/turtlesim/lib/turtlesim/draw_square
[2.194s] -- Up-to-date: /home/chris/ros2_ws/install/turtlesim/lib/turtlesim/mimic
[2.194s] -- Up-to-date: /home/chris/ros2_ws/install/turtlesim/share/turtlesim/images
[2.194s] -- Up-to-date: /home/chris/ros2_ws/install/turtlesim/share/turtlesim/images/rolling.png
[2.194s] -- Up-to-date: /home/chris/ros2_ws/install/turtlesim/share/turtlesim/images/eloquent.png
[2.194s] -- Up-to-date: /home/chris/ros2_ws/install/turtlesim/share/turtlesim/images/galactic.png
[2.194s] -- Up-to-date: /home/chris/ros2_ws/install/turtlesim/share/turtlesim/images/crystal.png
[2.194s] -- Up-to-date: /home/chris/ros2_ws/install/turtlesim/share/turtlesim/images/dashing.png
[2.194s] -- Up-to-date: /home/chris/ros2_ws/install/turtlesim/share/turtlesim/images/bouncy.png
[2.194s] -- Up-to-date: /home/chris/ros2_ws/install/turtlesim/share/turtlesim/images/humble.png
[2.194s] -- Up-to-date: /home/chris/ros2_ws/install/turtlesim/share/turtlesim/images/ardent.png
[2.194s] -- Up-to-date: /home/chris/ros2_ws/install/turtlesim/share/turtlesim/images/foxy.png
[2.194s] -- Up-to-date: /home/chris/ros2_ws/install/turtlesim/share/turtlesim/launch
[2.195s] -- Up-to-date: /home/chris/ros2_ws/install/turtlesim/share/turtlesim/launch/multisim.launch.py
[2.195s] -- Up-to-date: /home/chris/ros2_ws/install/turtlesim/share/ament_index/resource_index/package_run_dependencies/turtlesim
[2.195s] -- Up-to-date: /home/chris/ros2_ws/install/turtlesim/share/ament_index/resource_index/parent_prefix_path/turtlesim
[2.195s] -- Up-to-date: /home/chris/ros2_ws/install/turtlesim/share/turtlesim/environment/ament_prefix_path.sh
[2.195s] -- Up-to-date: /home/chris/ros2_ws/install/turtlesim/share/turtlesim/environment/ament_prefix_path.dsv
[2.195s] -- Up-to-date: /home/chris/ros2_ws/install/turtlesim/share/turtlesim/environment/path.sh
[2.195s] -- Up-to-date: /home/chris/ros2_ws/install/turtlesim/share/turtlesim/environment/path.dsv
[2.195s] -- Up-to-date: /home/chris/ros2_ws/install/turtlesim/share/turtlesim/local_setup.bash
[2.195s] -- Up-to-date: /home/chris/ros2_ws/install/turtlesim/share/turtlesim/local_setup.sh
[2.195s] -- Up-to-date: /home/chris/ros2_ws/install/turtlesim/share/turtlesim/local_setup.zsh
[2.195s] -- Up-to-date: /home/chris/ros2_ws/install/turtlesim/share/turtlesim/local_setup.dsv
[2.195s] -- Installing: /home/chris/ros2_ws/install/turtlesim/share/turtlesim/package.dsv
[2.195s] -- Up-to-date: /home/chris/ros2_ws/install/turtlesim/share/ament_index/resource_index/packages/turtlesim
[2.195s] -- Up-to-date: /home/chris/ros2_ws/install/turtlesim/share/turtlesim/cmake/export_turtlesim__rosidl_generator_cExport.cmake
[2.195s] -- Up-to-date: /home/chris/ros2_ws/install/turtlesim/share/turtlesim/cmake/export_turtlesim__rosidl_generator_cExport-noconfig.cmake
[2.195s] -- Up-to-date: /home/chris/ros2_ws/install/turtlesim/share/turtlesim/cmake/export_turtlesim__rosidl_typesupport_fastrtps_cExport.cmake
[2.195s] -- Up-to-date: /home/chris/ros2_ws/install/turtlesim/share/turtlesim/cmake/export_turtlesim__rosidl_typesupport_fastrtps_cExport-noconfig.cmake
[2.195s] -- Up-to-date: /home/chris/ros2_ws/install/turtlesim/share/turtlesim/cmake/export_turtlesim__rosidl_generator_cppExport.cmake
[2.195s] -- Up-to-date: /home/chris/ros2_ws/install/turtlesim/share/turtlesim/cmake/export_turtlesim__rosidl_typesupport_fastrtps_cppExport.cmake
[2.195s] -- Up-to-date: /home/chris/ros2_ws/install/turtlesim/share/turtlesim/cmake/export_turtlesim__rosidl_typesupport_fastrtps_cppExport-noconfig.cmake
[2.195s] -- Up-to-date: /home/chris/ros2_ws/install/turtlesim/share/turtlesim/cmake/turtlesim__rosidl_typesupport_introspection_cExport.cmake
[2.195s] -- Up-to-date: /home/chris/ros2_ws/install/turtlesim/share/turtlesim/cmake/turtlesim__rosidl_typesupport_introspection_cExport-noconfig.cmake
[2.195s] -- Up-to-date: /home/chris/ros2_ws/install/turtlesim/share/turtlesim/cmake/turtlesim__rosidl_typesupport_cExport.cmake
[2.195s] -- Up-to-date: /home/chris/ros2_ws/install/turtlesim/share/turtlesim/cmake/turtlesim__rosidl_typesupport_cExport-noconfig.cmake
[2.196s] -- Up-to-date: /home/chris/ros2_ws/install/turtlesim/share/turtlesim/cmake/turtlesim__rosidl_typesupport_introspection_cppExport.cmake
[2.196s] -- Up-to-date: /home/chris/ros2_ws/install/turtlesim/share/turtlesim/cmake/turtlesim__rosidl_typesupport_introspection_cppExport-noconfig.cmake
[2.196s] -- Up-to-date: /home/chris/ros2_ws/install/turtlesim/share/turtlesim/cmake/turtlesim__rosidl_typesupport_cppExport.cmake
[2.196s] -- Up-to-date: /home/chris/ros2_ws/install/turtlesim/share/turtlesim/cmake/turtlesim__rosidl_typesupport_cppExport-noconfig.cmake
[2.196s] -- Up-to-date: /home/chris/ros2_ws/install/turtlesim/share/turtlesim/cmake/export_turtlesim__rosidl_generator_pyExport.cmake
[2.196s] -- Up-to-date: /home/chris/ros2_ws/install/turtlesim/share/turtlesim/cmake/export_turtlesim__rosidl_generator_pyExport-noconfig.cmake
[2.196s] -- Up-to-date: /home/chris/ros2_ws/install/turtlesim/share/turtlesim/cmake/rosidl_cmake-extras.cmake
[2.196s] -- Up-to-date: /home/chris/ros2_ws/install/turtlesim/share/turtlesim/cmake/ament_cmake_export_dependencies-extras.cmake
[2.196s] -- Up-to-date: /home/chris/ros2_ws/install/turtlesim/share/turtlesim/cmake/ament_cmake_export_include_directories-extras.cmake
[2.196s] -- Up-to-date: /home/chris/ros2_ws/install/turtlesim/share/turtlesim/cmake/ament_cmake_export_libraries-extras.cmake
[2.196s] -- Up-to-date: /home/chris/ros2_ws/install/turtlesim/share/turtlesim/cmake/ament_cmake_export_targets-extras.cmake
[2.196s] -- Up-to-date: /home/chris/ros2_ws/install/turtlesim/share/turtlesim/cmake/rosidl_cmake_export_typesupport_targets-extras.cmake
[2.196s] -- Up-to-date: /home/chris/ros2_ws/install/turtlesim/share/turtlesim/cmake/rosidl_cmake_export_typesupport_libraries-extras.cmake
[2.196s] -- Up-to-date: /home/chris/ros2_ws/install/turtlesim/share/turtlesim/cmake/turtlesimConfig.cmake
[2.196s] -- Up-to-date: /home/chris/ros2_ws/install/turtlesim/share/turtlesim/cmake/turtlesimConfig-version.cmake
[2.196s] -- Up-to-date: /home/chris/ros2_ws/install/turtlesim/share/turtlesim/package.xml
[2.343s] Invoked command in '/home/chris/ros2_ws/build/turtlesim' returned '0': CMAKE_PREFIX_PATH=${CMAKE_PREFIX_PATH}:/home/chris/ros2_ws/src/install/examples_rclpy_minimal_action_server:/home/chris/ros2_ws/install/launch_testing_examples:/home/chris/ros2_ws/install/examples_rclpy_pointcloud_publisher:/home/chris/ros2_ws/install/examples_rclpy_minimal_subscriber:/home/chris/ros2_ws/install/examples_rclpy_minimal_service:/home/chris/ros2_ws/install/examples_rclpy_minimal_publisher:/home/chris/ros2_ws/install/examples_rclpy_minimal_client:/home/chris/ros2_ws/install/examples_rclpy_minimal_action_server:/home/chris/ros2_ws/install/examples_rclpy_minimal_action_client:/home/chris/ros2_ws/install/examples_rclpy_guard_conditions:/home/chris/ros2_ws/install/examples_rclpy_executors:/opt/ros/humble /usr/bin/cmake --install /home/chris/ros2_ws/build/turtlesim
