[1.398s] Invoking command in '/home/chris/rostut/build/more_interfaces': CMAKE_PREFIX_PATH=${CMAKE_PREFIX_PATH}:/home/chris/rostut/install/launch_testing_examples:/home/chris/rostut/install/examples_rclpy_pointcloud_publisher:/home/chris/rostut/install/examples_rclpy_minimal_subscriber:/home/chris/rostut/install/examples_rclpy_minimal_service:/home/chris/rostut/install/examples_rclpy_minimal_publisher:/home/chris/rostut/install/examples_rclpy_minimal_client:/home/chris/rostut/install/examples_rclpy_minimal_action_server:/home/chris/rostut/install/examples_rclpy_minimal_action_client:/home/chris/rostut/install/examples_rclpy_guard_conditions:/home/chris/rostut/install/examples_rclpy_executors:/opt/ros/humble /usr/bin/cmake --build /home/chris/rostut/build/more_interfaces -- -j20 -l20
[1.539s] [  3%] Built target more_interfaces__cpp
[1.539s] [ 12%] Built target more_interfaces__rosidl_generator_c
[1.539s] [ 12%] Built target ament_cmake_python_copy_more_interfaces
[1.539s] [ 21%] Built target more_interfaces__rosidl_typesupport_cpp
[1.539s] [ 30%] Built target more_interfaces__rosidl_typesupport_c
[1.539s] [ 39%] Built target more_interfaces__rosidl_typesupport_introspection_cpp
[1.539s] [ 48%] Built target more_interfaces__rosidl_typesupport_fastrtps_cpp
[1.539s] [ 57%] Built target more_interfaces__rosidl_typesupport_fastrtps_c
[1.539s] [ 66%] Built target more_interfaces__rosidl_typesupport_introspection_c
[1.539s] [ 66%] Built target more_interfaces
[1.540s] [ 72%] Built target publish_address_book
[1.540s] [ 75%] Built target more_interfaces__py
[1.540s] [ 81%] Built target more_interfaces__rosidl_generator_py
[1.540s] [ 93%] Built target more_interfaces__rosidl_typesupport_introspection_c__pyext
[1.540s] [ 93%] Built target more_interfaces__rosidl_typesupport_fastrtps_c__pyext
[1.540s] [100%] Built target more_interfaces__rosidl_typesupport_c__pyext
[1.664s] running egg_info
[1.665s] writing more_interfaces.egg-info/PKG-INFO
[1.665s] writing dependency_links to more_interfaces.egg-info/dependency_links.txt
[1.666s] writing top-level names to more_interfaces.egg-info/top_level.txt
[1.667s] reading manifest file 'more_interfaces.egg-info/SOURCES.txt'
[1.668s] writing manifest file 'more_interfaces.egg-info/SOURCES.txt'
[1.697s] [100%] Built target ament_cmake_python_build_more_interfaces_egg
[1.813s] Invoked command in '/home/chris/rostut/build/more_interfaces' returned '0': CMAKE_PREFIX_PATH=${CMAKE_PREFIX_PATH}:/home/chris/rostut/install/launch_testing_examples:/home/chris/rostut/install/examples_rclpy_pointcloud_publisher:/home/chris/rostut/install/examples_rclpy_minimal_subscriber:/home/chris/rostut/install/examples_rclpy_minimal_service:/home/chris/rostut/install/examples_rclpy_minimal_publisher:/home/chris/rostut/install/examples_rclpy_minimal_client:/home/chris/rostut/install/examples_rclpy_minimal_action_server:/home/chris/rostut/install/examples_rclpy_minimal_action_client:/home/chris/rostut/install/examples_rclpy_guard_conditions:/home/chris/rostut/install/examples_rclpy_executors:/opt/ros/humble /usr/bin/cmake --build /home/chris/rostut/build/more_interfaces -- -j20 -l20
[1.915s] Invoking command in '/home/chris/rostut/build/more_interfaces': CMAKE_PREFIX_PATH=${CMAKE_PREFIX_PATH}:/home/chris/rostut/install/launch_testing_examples:/home/chris/rostut/install/examples_rclpy_pointcloud_publisher:/home/chris/rostut/install/examples_rclpy_minimal_subscriber:/home/chris/rostut/install/examples_rclpy_minimal_service:/home/chris/rostut/install/examples_rclpy_minimal_publisher:/home/chris/rostut/install/examples_rclpy_minimal_client:/home/chris/rostut/install/examples_rclpy_minimal_action_server:/home/chris/rostut/install/examples_rclpy_minimal_action_client:/home/chris/rostut/install/examples_rclpy_guard_conditions:/home/chris/rostut/install/examples_rclpy_executors:/opt/ros/humble /usr/bin/cmake --install /home/chris/rostut/build/more_interfaces
[1.922s] -- Install configuration: ""
[1.922s] -- Up-to-date: /home/chris/rostut/install/more_interfaces/lib/more_interfaces/publish_address_book
[1.922s] -- Up-to-date: /home/chris/rostut/install/more_interfaces/share/ament_index/resource_index/rosidl_interfaces/more_interfaces
[1.923s] -- Up-to-date: /home/chris/rostut/install/more_interfaces/include/more_interfaces/more_interfaces
[1.923s] -- Up-to-date: /home/chris/rostut/install/more_interfaces/include/more_interfaces/more_interfaces/msg
[1.923s] -- Up-to-date: /home/chris/rostut/install/more_interfaces/include/more_interfaces/more_interfaces/msg/detail
[1.923s] -- Up-to-date: /home/chris/rostut/install/more_interfaces/include/more_interfaces/more_interfaces/msg/detail/address_book__struct.h
[1.923s] -- Up-to-date: /home/chris/rostut/install/more_interfaces/include/more_interfaces/more_interfaces/msg/detail/address_book__type_support.h
[1.923s] -- Up-to-date: /home/chris/rostut/install/more_interfaces/include/more_interfaces/more_interfaces/msg/detail/address_book__functions.h
[1.923s] -- Up-to-date: /home/chris/rostut/install/more_interfaces/include/more_interfaces/more_interfaces/msg/detail/address_book__functions.c
[1.923s] -- Up-to-date: /home/chris/rostut/install/more_interfaces/include/more_interfaces/more_interfaces/msg/rosidl_generator_c__visibility_control.h
[1.923s] -- Up-to-date: /home/chris/rostut/install/more_interfaces/include/more_interfaces/more_interfaces/msg/address_book.h
[1.924s] -- Up-to-date: /home/chris/rostut/install/more_interfaces/share/more_interfaces/environment/library_path.sh
[1.924s] -- Up-to-date: /home/chris/rostut/install/more_interfaces/share/more_interfaces/environment/library_path.dsv
[1.924s] -- Up-to-date: /home/chris/rostut/install/more_interfaces/lib/libmore_interfaces__rosidl_generator_c.so
[1.924s] -- Up-to-date: /home/chris/rostut/install/more_interfaces/include/more_interfaces/more_interfaces
[1.924s] -- Up-to-date: /home/chris/rostut/install/more_interfaces/include/more_interfaces/more_interfaces/msg
[1.924s] -- Up-to-date: /home/chris/rostut/install/more_interfaces/include/more_interfaces/more_interfaces/msg/rosidl_typesupport_fastrtps_c__visibility_control.h
[1.924s] -- Up-to-date: /home/chris/rostut/install/more_interfaces/include/more_interfaces/more_interfaces/msg/detail
[1.924s] -- Up-to-date: /home/chris/rostut/install/more_interfaces/include/more_interfaces/more_interfaces/msg/detail/address_book__rosidl_typesupport_fastrtps_c.h
[1.924s] -- Up-to-date: /home/chris/rostut/install/more_interfaces/lib/libmore_interfaces__rosidl_typesupport_fastrtps_c.so
[1.924s] -- Up-to-date: /home/chris/rostut/install/more_interfaces/include/more_interfaces/more_interfaces
[1.924s] -- Up-to-date: /home/chris/rostut/install/more_interfaces/include/more_interfaces/more_interfaces/msg
[1.924s] -- Up-to-date: /home/chris/rostut/install/more_interfaces/include/more_interfaces/more_interfaces/msg/detail
[1.925s] -- Up-to-date: /home/chris/rostut/install/more_interfaces/include/more_interfaces/more_interfaces/msg/detail/address_book__type_support.c
[1.925s] -- Up-to-date: /home/chris/rostut/install/more_interfaces/include/more_interfaces/more_interfaces/msg/detail/address_book__rosidl_typesupport_introspection_c.h
[1.925s] -- Up-to-date: /home/chris/rostut/install/more_interfaces/include/more_interfaces/more_interfaces/msg/rosidl_typesupport_introspection_c__visibility_control.h
[1.925s] -- Up-to-date: /home/chris/rostut/install/more_interfaces/lib/libmore_interfaces__rosidl_typesupport_introspection_c.so
[1.925s] -- Up-to-date: /home/chris/rostut/install/more_interfaces/lib/libmore_interfaces__rosidl_typesupport_c.so
[1.925s] -- Up-to-date: /home/chris/rostut/install/more_interfaces/include/more_interfaces/more_interfaces
[1.925s] -- Up-to-date: /home/chris/rostut/install/more_interfaces/include/more_interfaces/more_interfaces/msg
[1.925s] -- Up-to-date: /home/chris/rostut/install/more_interfaces/include/more_interfaces/more_interfaces/msg/address_book.hpp
[1.925s] -- Up-to-date: /home/chris/rostut/install/more_interfaces/include/more_interfaces/more_interfaces/msg/detail
[1.925s] -- Up-to-date: /home/chris/rostut/install/more_interfaces/include/more_interfaces/more_interfaces/msg/detail/address_book__traits.hpp
[1.925s] -- Up-to-date: /home/chris/rostut/install/more_interfaces/include/more_interfaces/more_interfaces/msg/detail/address_book__builder.hpp
[1.925s] -- Up-to-date: /home/chris/rostut/install/more_interfaces/include/more_interfaces/more_interfaces/msg/detail/address_book__struct.hpp
[1.925s] -- Up-to-date: /home/chris/rostut/install/more_interfaces/include/more_interfaces/more_interfaces
[1.925s] -- Up-to-date: /home/chris/rostut/install/more_interfaces/include/more_interfaces/more_interfaces/msg
[1.926s] -- Up-to-date: /home/chris/rostut/install/more_interfaces/include/more_interfaces/more_interfaces/msg/rosidl_typesupport_fastrtps_cpp__visibility_control.h
[1.926s] -- Up-to-date: /home/chris/rostut/install/more_interfaces/include/more_interfaces/more_interfaces/msg/detail
[1.926s] -- Up-to-date: /home/chris/rostut/install/more_interfaces/include/more_interfaces/more_interfaces/msg/detail/dds_fastrtps
[1.926s] -- Up-to-date: /home/chris/rostut/install/more_interfaces/include/more_interfaces/more_interfaces/msg/detail/address_book__rosidl_typesupport_fastrtps_cpp.hpp
[1.926s] -- Up-to-date: /home/chris/rostut/install/more_interfaces/lib/libmore_interfaces__rosidl_typesupport_fastrtps_cpp.so
[1.926s] -- Up-to-date: /home/chris/rostut/install/more_interfaces/include/more_interfaces/more_interfaces
[1.926s] -- Up-to-date: /home/chris/rostut/install/more_interfaces/include/more_interfaces/more_interfaces/msg
[1.926s] -- Up-to-date: /home/chris/rostut/install/more_interfaces/include/more_interfaces/more_interfaces/msg/detail
[1.926s] -- Up-to-date: /home/chris/rostut/install/more_interfaces/include/more_interfaces/more_interfaces/msg/detail/address_book__rosidl_typesupport_introspection_cpp.hpp
[1.926s] -- Up-to-date: /home/chris/rostut/install/more_interfaces/include/more_interfaces/more_interfaces/msg/detail/address_book__type_support.cpp
[1.926s] -- Up-to-date: /home/chris/rostut/install/more_interfaces/lib/libmore_interfaces__rosidl_typesupport_introspection_cpp.so
[1.926s] -- Up-to-date: /home/chris/rostut/install/more_interfaces/lib/libmore_interfaces__rosidl_typesupport_cpp.so
[1.927s] -- Up-to-date: /home/chris/rostut/install/more_interfaces/share/more_interfaces/environment/pythonpath.sh
[1.927s] -- Up-to-date: /home/chris/rostut/install/more_interfaces/share/more_interfaces/environment/pythonpath.dsv
[1.927s] -- Up-to-date: /home/chris/rostut/install/more_interfaces/local/lib/python3.10/dist-packages/more_interfaces-0.0.0-py3.10.egg-info
[1.927s] -- Installing: /home/chris/rostut/install/more_interfaces/local/lib/python3.10/dist-packages/more_interfaces-0.0.0-py3.10.egg-info/dependency_links.txt
[1.927s] -- Installing: /home/chris/rostut/install/more_interfaces/local/lib/python3.10/dist-packages/more_interfaces-0.0.0-py3.10.egg-info/PKG-INFO
[1.927s] -- Installing: /home/chris/rostut/install/more_interfaces/local/lib/python3.10/dist-packages/more_interfaces-0.0.0-py3.10.egg-info/top_level.txt
[1.927s] -- Installing: /home/chris/rostut/install/more_interfaces/local/lib/python3.10/dist-packages/more_interfaces-0.0.0-py3.10.egg-info/SOURCES.txt
[1.927s] -- Up-to-date: /home/chris/rostut/install/more_interfaces/local/lib/python3.10/dist-packages/more_interfaces
[1.927s] -- Up-to-date: /home/chris/rostut/install/more_interfaces/local/lib/python3.10/dist-packages/more_interfaces/_more_interfaces_s.ep.rosidl_typesupport_fastrtps_c.c
[1.927s] -- Up-to-date: /home/chris/rostut/install/more_interfaces/local/lib/python3.10/dist-packages/more_interfaces/libmore_interfaces__rosidl_generator_py.so
[1.927s] -- Up-to-date: /home/chris/rostut/install/more_interfaces/local/lib/python3.10/dist-packages/more_interfaces/more_interfaces_s__rosidl_typesupport_c.cpython-310-x86_64-linux-gnu.so
[1.927s] -- Up-to-date: /home/chris/rostut/install/more_interfaces/local/lib/python3.10/dist-packages/more_interfaces/_more_interfaces_s.ep.rosidl_typesupport_c.c
[1.928s] -- Up-to-date: /home/chris/rostut/install/more_interfaces/local/lib/python3.10/dist-packages/more_interfaces/__init__.py
[1.928s] -- Up-to-date: /home/chris/rostut/install/more_interfaces/local/lib/python3.10/dist-packages/more_interfaces/msg
[1.928s] -- Up-to-date: /home/chris/rostut/install/more_interfaces/local/lib/python3.10/dist-packages/more_interfaces/msg/_address_book.py
[1.928s] -- Up-to-date: /home/chris/rostut/install/more_interfaces/local/lib/python3.10/dist-packages/more_interfaces/msg/__init__.py
[1.928s] -- Up-to-date: /home/chris/rostut/install/more_interfaces/local/lib/python3.10/dist-packages/more_interfaces/msg/_address_book_s.c
[1.928s] -- Up-to-date: /home/chris/rostut/install/more_interfaces/local/lib/python3.10/dist-packages/more_interfaces/_more_interfaces_s.ep.rosidl_typesupport_introspection_c.c
[1.928s] -- Up-to-date: /home/chris/rostut/install/more_interfaces/local/lib/python3.10/dist-packages/more_interfaces/more_interfaces_s__rosidl_typesupport_fastrtps_c.cpython-310-x86_64-linux-gnu.so
[1.928s] -- Up-to-date: /home/chris/rostut/install/more_interfaces/local/lib/python3.10/dist-packages/more_interfaces/more_interfaces_s__rosidl_typesupport_introspection_c.cpython-310-x86_64-linux-gnu.so
[1.951s] Listing '/home/chris/rostut/install/more_interfaces/local/lib/python3.10/dist-packages/more_interfaces'...
[1.952s] Listing '/home/chris/rostut/install/more_interfaces/local/lib/python3.10/dist-packages/more_interfaces/msg'...
[1.954s] -- Up-to-date: /home/chris/rostut/install/more_interfaces/local/lib/python3.10/dist-packages/more_interfaces/more_interfaces_s__rosidl_typesupport_fastrtps_c.cpython-310-x86_64-linux-gnu.so
[1.955s] -- Up-to-date: /home/chris/rostut/install/more_interfaces/local/lib/python3.10/dist-packages/more_interfaces/more_interfaces_s__rosidl_typesupport_introspection_c.cpython-310-x86_64-linux-gnu.so
[1.956s] -- Up-to-date: /home/chris/rostut/install/more_interfaces/local/lib/python3.10/dist-packages/more_interfaces/more_interfaces_s__rosidl_typesupport_c.cpython-310-x86_64-linux-gnu.so
[1.956s] -- Up-to-date: /home/chris/rostut/install/more_interfaces/lib/libmore_interfaces__rosidl_generator_py.so
[1.956s] -- Up-to-date: /home/chris/rostut/install/more_interfaces/share/more_interfaces/msg/AddressBook.idl
[1.957s] -- Up-to-date: /home/chris/rostut/install/more_interfaces/share/more_interfaces/msg/AddressBook.msg
[1.957s] -- Up-to-date: /home/chris/rostut/install/more_interfaces/share/ament_index/resource_index/package_run_dependencies/more_interfaces
[1.957s] -- Up-to-date: /home/chris/rostut/install/more_interfaces/share/ament_index/resource_index/parent_prefix_path/more_interfaces
[1.957s] -- Up-to-date: /home/chris/rostut/install/more_interfaces/share/more_interfaces/environment/ament_prefix_path.sh
[1.957s] -- Up-to-date: /home/chris/rostut/install/more_interfaces/share/more_interfaces/environment/ament_prefix_path.dsv
[1.958s] -- Up-to-date: /home/chris/rostut/install/more_interfaces/share/more_interfaces/environment/path.sh
[1.959s] -- Up-to-date: /home/chris/rostut/install/more_interfaces/share/more_interfaces/environment/path.dsv
[1.959s] -- Up-to-date: /home/chris/rostut/install/more_interfaces/share/more_interfaces/local_setup.bash
[1.960s] -- Up-to-date: /home/chris/rostut/install/more_interfaces/share/more_interfaces/local_setup.sh
[1.960s] -- Up-to-date: /home/chris/rostut/install/more_interfaces/share/more_interfaces/local_setup.zsh
[1.960s] -- Up-to-date: /home/chris/rostut/install/more_interfaces/share/more_interfaces/local_setup.dsv
[1.960s] -- Installing: /home/chris/rostut/install/more_interfaces/share/more_interfaces/package.dsv
[1.960s] -- Up-to-date: /home/chris/rostut/install/more_interfaces/share/ament_index/resource_index/packages/more_interfaces
[1.961s] -- Up-to-date: /home/chris/rostut/install/more_interfaces/share/more_interfaces/cmake/export_more_interfaces__rosidl_generator_cExport.cmake
[1.961s] -- Up-to-date: /home/chris/rostut/install/more_interfaces/share/more_interfaces/cmake/export_more_interfaces__rosidl_generator_cExport-noconfig.cmake
[1.961s] -- Up-to-date: /home/chris/rostut/install/more_interfaces/share/more_interfaces/cmake/export_more_interfaces__rosidl_typesupport_fastrtps_cExport.cmake
[1.961s] -- Up-to-date: /home/chris/rostut/install/more_interfaces/share/more_interfaces/cmake/export_more_interfaces__rosidl_typesupport_fastrtps_cExport-noconfig.cmake
[1.962s] -- Up-to-date: /home/chris/rostut/install/more_interfaces/share/more_interfaces/cmake/more_interfaces__rosidl_typesupport_introspection_cExport.cmake
[1.962s] -- Up-to-date: /home/chris/rostut/install/more_interfaces/share/more_interfaces/cmake/more_interfaces__rosidl_typesupport_introspection_cExport-noconfig.cmake
[1.962s] -- Up-to-date: /home/chris/rostut/install/more_interfaces/share/more_interfaces/cmake/more_interfaces__rosidl_typesupport_cExport.cmake
[1.962s] -- Up-to-date: /home/chris/rostut/install/more_interfaces/share/more_interfaces/cmake/more_interfaces__rosidl_typesupport_cExport-noconfig.cmake
[1.962s] -- Up-to-date: /home/chris/rostut/install/more_interfaces/share/more_interfaces/cmake/export_more_interfaces__rosidl_generator_cppExport.cmake
[1.962s] -- Up-to-date: /home/chris/rostut/install/more_interfaces/share/more_interfaces/cmake/export_more_interfaces__rosidl_typesupport_fastrtps_cppExport.cmake
[1.962s] -- Up-to-date: /home/chris/rostut/install/more_interfaces/share/more_interfaces/cmake/export_more_interfaces__rosidl_typesupport_fastrtps_cppExport-noconfig.cmake
[1.962s] -- Up-to-date: /home/chris/rostut/install/more_interfaces/share/more_interfaces/cmake/more_interfaces__rosidl_typesupport_introspection_cppExport.cmake
[1.962s] -- Up-to-date: /home/chris/rostut/install/more_interfaces/share/more_interfaces/cmake/more_interfaces__rosidl_typesupport_introspection_cppExport-noconfig.cmake
[1.962s] -- Up-to-date: /home/chris/rostut/install/more_interfaces/share/more_interfaces/cmake/more_interfaces__rosidl_typesupport_cppExport.cmake
[1.962s] -- Up-to-date: /home/chris/rostut/install/more_interfaces/share/more_interfaces/cmake/more_interfaces__rosidl_typesupport_cppExport-noconfig.cmake
[1.962s] -- Up-to-date: /home/chris/rostut/install/more_interfaces/share/more_interfaces/cmake/export_more_interfaces__rosidl_generator_pyExport.cmake
[1.962s] -- Up-to-date: /home/chris/rostut/install/more_interfaces/share/more_interfaces/cmake/export_more_interfaces__rosidl_generator_pyExport-noconfig.cmake
[1.962s] -- Up-to-date: /home/chris/rostut/install/more_interfaces/share/more_interfaces/cmake/rosidl_cmake-extras.cmake
[1.963s] -- Up-to-date: /home/chris/rostut/install/more_interfaces/share/more_interfaces/cmake/ament_cmake_export_include_directories-extras.cmake
[1.963s] -- Up-to-date: /home/chris/rostut/install/more_interfaces/share/more_interfaces/cmake/ament_cmake_export_libraries-extras.cmake
[1.963s] -- Up-to-date: /home/chris/rostut/install/more_interfaces/share/more_interfaces/cmake/ament_cmake_export_targets-extras.cmake
[1.963s] -- Up-to-date: /home/chris/rostut/install/more_interfaces/share/more_interfaces/cmake/rosidl_cmake_export_typesupport_targets-extras.cmake
[1.963s] -- Up-to-date: /home/chris/rostut/install/more_interfaces/share/more_interfaces/cmake/ament_cmake_export_dependencies-extras.cmake
[1.963s] -- Up-to-date: /home/chris/rostut/install/more_interfaces/share/more_interfaces/cmake/rosidl_cmake_export_typesupport_libraries-extras.cmake
[1.963s] -- Up-to-date: /home/chris/rostut/install/more_interfaces/share/more_interfaces/cmake/more_interfacesConfig.cmake
[1.963s] -- Up-to-date: /home/chris/rostut/install/more_interfaces/share/more_interfaces/cmake/more_interfacesConfig-version.cmake
[1.963s] -- Up-to-date: /home/chris/rostut/install/more_interfaces/share/more_interfaces/package.xml
[2.023s] Invoked command in '/home/chris/rostut/build/more_interfaces' returned '0': CMAKE_PREFIX_PATH=${CMAKE_PREFIX_PATH}:/home/chris/rostut/install/launch_testing_examples:/home/chris/rostut/install/examples_rclpy_pointcloud_publisher:/home/chris/rostut/install/examples_rclpy_minimal_subscriber:/home/chris/rostut/install/examples_rclpy_minimal_service:/home/chris/rostut/install/examples_rclpy_minimal_publisher:/home/chris/rostut/install/examples_rclpy_minimal_client:/home/chris/rostut/install/examples_rclpy_minimal_action_server:/home/chris/rostut/install/examples_rclpy_minimal_action_client:/home/chris/rostut/install/examples_rclpy_guard_conditions:/home/chris/rostut/install/examples_rclpy_executors:/opt/ros/humble /usr/bin/cmake --install /home/chris/rostut/build/more_interfaces
