[0.036s] Invoking command in '/home/chris/rostut/build/polygon_plugins': AMENT_PREFIX_PATH=/home/chris/rostut/install/polygon_base:${AMENT_PREFIX_PATH} CMAKE_PREFIX_PATH=/home/chris/rostut/install/polygon_base:/home/chris/rostut/install/cpp_parameters:/home/chris/rostut/install/more_interfaces:/home/chris/rostut/install/tutorial_interfaces:/home/chris/rostut/install/cpp_srvcli:/home/chris/rostut/install/cpp_pubsub:/home/chris/rostut/install/my_package:/home/chris/rostut/install/turtlesim:/home/chris/rostut/install/examples_rclcpp_wait_set:/home/chris/rostut/install/examples_rclcpp_multithreaded_executor:/home/chris/rostut/install/examples_rclcpp_minimal_subscriber:/home/chris/rostut/install/examples_rclcpp_minimal_service:/home/chris/rostut/install/examples_rclcpp_minimal_publisher:/home/chris/rostut/install/examples_rclcpp_minimal_composition:/home/chris/rostut/install/examples_rclcpp_minimal_client:/home/chris/rostut/install/examples_rclcpp_minimal_action_server:/home/chris/rostut/install/examples_rclcpp_minimal_action_client:/home/chris/rostut/install/examples_rclcpp_cbg_executor:/home/chris/rostut/install/examples_rclcpp_async_client:/home/chris/rostut/install/examples_rclcpp_minimal_timer:/home/chris/rostut/install/launch_testing_examples:/home/chris/rostut/install/examples_rclpy_pointcloud_publisher:/home/chris/rostut/install/examples_rclpy_minimal_subscriber:/home/chris/rostut/install/examples_rclpy_minimal_service:/home/chris/rostut/install/examples_rclpy_minimal_publisher:/home/chris/rostut/install/examples_rclpy_minimal_client:/home/chris/rostut/install/examples_rclpy_minimal_action_server:/home/chris/rostut/install/examples_rclpy_minimal_action_client:/home/chris/rostut/install/examples_rclpy_guard_conditions:/home/chris/rostut/install/examples_rclpy_executors:/opt/ros/humble /usr/bin/cmake /home/chris/rostut/src/polygon_plugins -DCMAKE_INSTALL_PREFIX=/home/chris/rostut/install/polygon_plugins
[0.065s] -- The C compiler identification is GNU 11.4.0
[0.098s] -- The CXX compiler identification is GNU 11.4.0
[0.101s] -- Detecting C compiler ABI info
[0.143s] -- Detecting C compiler ABI info - done
[0.147s] -- Check for working C compiler: /usr/bin/cc - skipped
[0.147s] -- Detecting C compile features
[0.147s] -- Detecting C compile features - done
[0.149s] -- Detecting CXX compiler ABI info
[0.192s] -- Detecting CXX compiler ABI info - done
[0.196s] -- Check for working CXX compiler: /usr/bin/c++ - skipped
[0.196s] -- Detecting CXX compile features
[0.196s] -- Detecting CXX compile features - done
[0.198s] -- Found ament_cmake: 1.3.6 (/opt/ros/humble/share/ament_cmake/cmake)
[0.312s] -- Found Python3: /usr/bin/python3.10 (found version "3.10.12") found components: Interpreter 
[0.375s] -- Found ament_cmake_ros: 0.10.0 (/opt/ros/humble/share/ament_cmake_ros/cmake)
[0.380s] -- Found polygon_base: 0.0.0 (/home/chris/rostut/install/polygon_base/share/polygon_base/cmake)
[0.382s] -- Found pluginlib: 5.1.0 (/opt/ros/humble/share/pluginlib/cmake)
[0.413s] -- Found ament_lint_auto: 0.12.9 (/opt/ros/humble/share/ament_lint_auto/cmake)
[0.466s] -- Added test 'cppcheck' to perform static code analysis on C / C++ code
[0.466s] -- Configured cppcheck include dirs: $<BUILD_INTERFACE:/home/chris/rostut/src/polygon_plugins/include>
[0.466s] -- Configured cppcheck exclude dirs and/or files: 
[0.467s] -- Added test 'lint_cmake' to check CMake code style
[0.467s] -- Added test 'uncrustify' to check C / C++ code style
[0.467s] -- Configured uncrustify additional arguments: 
[0.468s] -- Added test 'xmllint' to check XML markup files
[0.469s] -- Configuring done
[0.471s] -- Generating done
[0.472s] -- Build files have been written to: /home/chris/rostut/build/polygon_plugins
[0.476s] Invoked command in '/home/chris/rostut/build/polygon_plugins' returned '0': AMENT_PREFIX_PATH=/home/chris/rostut/install/polygon_base:${AMENT_PREFIX_PATH} CMAKE_PREFIX_PATH=/home/chris/rostut/install/polygon_base:/home/chris/rostut/install/cpp_parameters:/home/chris/rostut/install/more_interfaces:/home/chris/rostut/install/tutorial_interfaces:/home/chris/rostut/install/cpp_srvcli:/home/chris/rostut/install/cpp_pubsub:/home/chris/rostut/install/my_package:/home/chris/rostut/install/turtlesim:/home/chris/rostut/install/examples_rclcpp_wait_set:/home/chris/rostut/install/examples_rclcpp_multithreaded_executor:/home/chris/rostut/install/examples_rclcpp_minimal_subscriber:/home/chris/rostut/install/examples_rclcpp_minimal_service:/home/chris/rostut/install/examples_rclcpp_minimal_publisher:/home/chris/rostut/install/examples_rclcpp_minimal_composition:/home/chris/rostut/install/examples_rclcpp_minimal_client:/home/chris/rostut/install/examples_rclcpp_minimal_action_server:/home/chris/rostut/install/examples_rclcpp_minimal_action_client:/home/chris/rostut/install/examples_rclcpp_cbg_executor:/home/chris/rostut/install/examples_rclcpp_async_client:/home/chris/rostut/install/examples_rclcpp_minimal_timer:/home/chris/rostut/install/launch_testing_examples:/home/chris/rostut/install/examples_rclpy_pointcloud_publisher:/home/chris/rostut/install/examples_rclpy_minimal_subscriber:/home/chris/rostut/install/examples_rclpy_minimal_service:/home/chris/rostut/install/examples_rclpy_minimal_publisher:/home/chris/rostut/install/examples_rclpy_minimal_client:/home/chris/rostut/install/examples_rclpy_minimal_action_server:/home/chris/rostut/install/examples_rclpy_minimal_action_client:/home/chris/rostut/install/examples_rclpy_guard_conditions:/home/chris/rostut/install/examples_rclpy_executors:/opt/ros/humble /usr/bin/cmake /home/chris/rostut/src/polygon_plugins -DCMAKE_INSTALL_PREFIX=/home/chris/rostut/install/polygon_plugins
[0.477s] Invoking command in '/home/chris/rostut/build/polygon_plugins': AMENT_PREFIX_PATH=/home/chris/rostut/install/polygon_base:${AMENT_PREFIX_PATH} CMAKE_PREFIX_PATH=/home/chris/rostut/install/polygon_base:/home/chris/rostut/install/cpp_parameters:/home/chris/rostut/install/more_interfaces:/home/chris/rostut/install/tutorial_interfaces:/home/chris/rostut/install/cpp_srvcli:/home/chris/rostut/install/cpp_pubsub:/home/chris/rostut/install/my_package:/home/chris/rostut/install/turtlesim:/home/chris/rostut/install/examples_rclcpp_wait_set:/home/chris/rostut/install/examples_rclcpp_multithreaded_executor:/home/chris/rostut/install/examples_rclcpp_minimal_subscriber:/home/chris/rostut/install/examples_rclcpp_minimal_service:/home/chris/rostut/install/examples_rclcpp_minimal_publisher:/home/chris/rostut/install/examples_rclcpp_minimal_composition:/home/chris/rostut/install/examples_rclcpp_minimal_client:/home/chris/rostut/install/examples_rclcpp_minimal_action_server:/home/chris/rostut/install/examples_rclcpp_minimal_action_client:/home/chris/rostut/install/examples_rclcpp_cbg_executor:/home/chris/rostut/install/examples_rclcpp_async_client:/home/chris/rostut/install/examples_rclcpp_minimal_timer:/home/chris/rostut/install/launch_testing_examples:/home/chris/rostut/install/examples_rclpy_pointcloud_publisher:/home/chris/rostut/install/examples_rclpy_minimal_subscriber:/home/chris/rostut/install/examples_rclpy_minimal_service:/home/chris/rostut/install/examples_rclpy_minimal_publisher:/home/chris/rostut/install/examples_rclpy_minimal_client:/home/chris/rostut/install/examples_rclpy_minimal_action_server:/home/chris/rostut/install/examples_rclpy_minimal_action_client:/home/chris/rostut/install/examples_rclpy_guard_conditions:/home/chris/rostut/install/examples_rclpy_executors:/opt/ros/humble /usr/bin/cmake --build /home/chris/rostut/build/polygon_plugins -- -j20 -l20
[0.500s] [ 50%] [32mBuilding CXX object CMakeFiles/polygon_plugins.dir/src/polygon_plugins.cpp.o[0m
[0.796s] [100%] [32m[1mLinking CXX shared library libpolygon_plugins.so[0m
[0.838s] [100%] Built target polygon_plugins
[0.845s] Invoked command in '/home/chris/rostut/build/polygon_plugins' returned '0': AMENT_PREFIX_PATH=/home/chris/rostut/install/polygon_base:${AMENT_PREFIX_PATH} CMAKE_PREFIX_PATH=/home/chris/rostut/install/polygon_base:/home/chris/rostut/install/cpp_parameters:/home/chris/rostut/install/more_interfaces:/home/chris/rostut/install/tutorial_interfaces:/home/chris/rostut/install/cpp_srvcli:/home/chris/rostut/install/cpp_pubsub:/home/chris/rostut/install/my_package:/home/chris/rostut/install/turtlesim:/home/chris/rostut/install/examples_rclcpp_wait_set:/home/chris/rostut/install/examples_rclcpp_multithreaded_executor:/home/chris/rostut/install/examples_rclcpp_minimal_subscriber:/home/chris/rostut/install/examples_rclcpp_minimal_service:/home/chris/rostut/install/examples_rclcpp_minimal_publisher:/home/chris/rostut/install/examples_rclcpp_minimal_composition:/home/chris/rostut/install/examples_rclcpp_minimal_client:/home/chris/rostut/install/examples_rclcpp_minimal_action_server:/home/chris/rostut/install/examples_rclcpp_minimal_action_client:/home/chris/rostut/install/examples_rclcpp_cbg_executor:/home/chris/rostut/install/examples_rclcpp_async_client:/home/chris/rostut/install/examples_rclcpp_minimal_timer:/home/chris/rostut/install/launch_testing_examples:/home/chris/rostut/install/examples_rclpy_pointcloud_publisher:/home/chris/rostut/install/examples_rclpy_minimal_subscriber:/home/chris/rostut/install/examples_rclpy_minimal_service:/home/chris/rostut/install/examples_rclpy_minimal_publisher:/home/chris/rostut/install/examples_rclpy_minimal_client:/home/chris/rostut/install/examples_rclpy_minimal_action_server:/home/chris/rostut/install/examples_rclpy_minimal_action_client:/home/chris/rostut/install/examples_rclpy_guard_conditions:/home/chris/rostut/install/examples_rclpy_executors:/opt/ros/humble /usr/bin/cmake --build /home/chris/rostut/build/polygon_plugins -- -j20 -l20
[0.856s] Invoking command in '/home/chris/rostut/build/polygon_plugins': AMENT_PREFIX_PATH=/home/chris/rostut/install/polygon_base:${AMENT_PREFIX_PATH} CMAKE_PREFIX_PATH=/home/chris/rostut/install/polygon_base:/home/chris/rostut/install/cpp_parameters:/home/chris/rostut/install/more_interfaces:/home/chris/rostut/install/tutorial_interfaces:/home/chris/rostut/install/cpp_srvcli:/home/chris/rostut/install/cpp_pubsub:/home/chris/rostut/install/my_package:/home/chris/rostut/install/turtlesim:/home/chris/rostut/install/examples_rclcpp_wait_set:/home/chris/rostut/install/examples_rclcpp_multithreaded_executor:/home/chris/rostut/install/examples_rclcpp_minimal_subscriber:/home/chris/rostut/install/examples_rclcpp_minimal_service:/home/chris/rostut/install/examples_rclcpp_minimal_publisher:/home/chris/rostut/install/examples_rclcpp_minimal_composition:/home/chris/rostut/install/examples_rclcpp_minimal_client:/home/chris/rostut/install/examples_rclcpp_minimal_action_server:/home/chris/rostut/install/examples_rclcpp_minimal_action_client:/home/chris/rostut/install/examples_rclcpp_cbg_executor:/home/chris/rostut/install/examples_rclcpp_async_client:/home/chris/rostut/install/examples_rclcpp_minimal_timer:/home/chris/rostut/install/launch_testing_examples:/home/chris/rostut/install/examples_rclpy_pointcloud_publisher:/home/chris/rostut/install/examples_rclpy_minimal_subscriber:/home/chris/rostut/install/examples_rclpy_minimal_service:/home/chris/rostut/install/examples_rclpy_minimal_publisher:/home/chris/rostut/install/examples_rclpy_minimal_client:/home/chris/rostut/install/examples_rclpy_minimal_action_server:/home/chris/rostut/install/examples_rclpy_minimal_action_client:/home/chris/rostut/install/examples_rclpy_guard_conditions:/home/chris/rostut/install/examples_rclpy_executors:/opt/ros/humble /usr/bin/cmake --install /home/chris/rostut/build/polygon_plugins
[0.859s] -- Install configuration: ""
[0.859s] -- Installing: /home/chris/rostut/install/polygon_plugins/share/polygon_plugins/plugins.xml
[0.859s] -- Installing: /home/chris/rostut/install/polygon_plugins/include
[0.859s] -- Installing: /home/chris/rostut/install/polygon_plugins/include/polygon_plugins
[0.859s] -- Installing: /home/chris/rostut/install/polygon_plugins/include/polygon_plugins/polygon_plugins.hpp
[0.860s] -- Installing: /home/chris/rostut/install/polygon_plugins/include/polygon_plugins/visibility_control.h
[0.860s] -- Installing: /home/chris/rostut/install/polygon_plugins/lib/libpolygon_plugins.so
[0.860s] -- Set runtime path of "/home/chris/rostut/install/polygon_plugins/lib/libpolygon_plugins.so" to ""
[0.860s] -- Installing: /home/chris/rostut/install/polygon_plugins/share/polygon_plugins/environment/library_path.sh
[0.860s] -- Installing: /home/chris/rostut/install/polygon_plugins/share/polygon_plugins/environment/library_path.dsv
[0.860s] -- Installing: /home/chris/rostut/install/polygon_plugins/share/ament_index/resource_index/package_run_dependencies/polygon_plugins
[0.860s] -- Installing: /home/chris/rostut/install/polygon_plugins/share/ament_index/resource_index/parent_prefix_path/polygon_plugins
[0.860s] -- Installing: /home/chris/rostut/install/polygon_plugins/share/polygon_plugins/environment/ament_prefix_path.sh
[0.860s] -- Installing: /home/chris/rostut/install/polygon_plugins/share/polygon_plugins/environment/ament_prefix_path.dsv
[0.860s] -- Installing: /home/chris/rostut/install/polygon_plugins/share/polygon_plugins/environment/path.sh
[0.860s] -- Installing: /home/chris/rostut/install/polygon_plugins/share/polygon_plugins/environment/path.dsv
[0.860s] -- Installing: /home/chris/rostut/install/polygon_plugins/share/polygon_plugins/local_setup.bash
[0.860s] -- Installing: /home/chris/rostut/install/polygon_plugins/share/polygon_plugins/local_setup.sh
[0.860s] -- Installing: /home/chris/rostut/install/polygon_plugins/share/polygon_plugins/local_setup.zsh
[0.860s] -- Installing: /home/chris/rostut/install/polygon_plugins/share/polygon_plugins/local_setup.dsv
[0.861s] -- Installing: /home/chris/rostut/install/polygon_plugins/share/polygon_plugins/package.dsv
[0.861s] -- Installing: /home/chris/rostut/install/polygon_plugins/share/ament_index/resource_index/packages/polygon_plugins
[0.861s] -- Installing: /home/chris/rostut/install/polygon_plugins/share/ament_index/resource_index/polygon_base__pluginlib__plugin/polygon_plugins
[0.861s] -- Installing: /home/chris/rostut/install/polygon_plugins/share/polygon_plugins/cmake/export_polygon_pluginsExport.cmake
[0.861s] -- Installing: /home/chris/rostut/install/polygon_plugins/share/polygon_plugins/cmake/export_polygon_pluginsExport-noconfig.cmake
[0.861s] -- Installing: /home/chris/rostut/install/polygon_plugins/share/polygon_plugins/cmake/ament_cmake_export_include_directories-extras.cmake
[0.861s] -- Installing: /home/chris/rostut/install/polygon_plugins/share/polygon_plugins/cmake/ament_cmake_export_libraries-extras.cmake
[0.861s] -- Installing: /home/chris/rostut/install/polygon_plugins/share/polygon_plugins/cmake/ament_cmake_export_targets-extras.cmake
[0.861s] -- Installing: /home/chris/rostut/install/polygon_plugins/share/polygon_plugins/cmake/polygon_pluginsConfig.cmake
[0.861s] -- Installing: /home/chris/rostut/install/polygon_plugins/share/polygon_plugins/cmake/polygon_pluginsConfig-version.cmake
[0.861s] -- Installing: /home/chris/rostut/install/polygon_plugins/share/polygon_plugins/package.xml
[0.865s] Invoked command in '/home/chris/rostut/build/polygon_plugins' returned '0': AMENT_PREFIX_PATH=/home/chris/rostut/install/polygon_base:${AMENT_PREFIX_PATH} CMAKE_PREFIX_PATH=/home/chris/rostut/install/polygon_base:/home/chris/rostut/install/cpp_parameters:/home/chris/rostut/install/more_interfaces:/home/chris/rostut/install/tutorial_interfaces:/home/chris/rostut/install/cpp_srvcli:/home/chris/rostut/install/cpp_pubsub:/home/chris/rostut/install/my_package:/home/chris/rostut/install/turtlesim:/home/chris/rostut/install/examples_rclcpp_wait_set:/home/chris/rostut/install/examples_rclcpp_multithreaded_executor:/home/chris/rostut/install/examples_rclcpp_minimal_subscriber:/home/chris/rostut/install/examples_rclcpp_minimal_service:/home/chris/rostut/install/examples_rclcpp_minimal_publisher:/home/chris/rostut/install/examples_rclcpp_minimal_composition:/home/chris/rostut/install/examples_rclcpp_minimal_client:/home/chris/rostut/install/examples_rclcpp_minimal_action_server:/home/chris/rostut/install/examples_rclcpp_minimal_action_client:/home/chris/rostut/install/examples_rclcpp_cbg_executor:/home/chris/rostut/install/examples_rclcpp_async_client:/home/chris/rostut/install/examples_rclcpp_minimal_timer:/home/chris/rostut/install/launch_testing_examples:/home/chris/rostut/install/examples_rclpy_pointcloud_publisher:/home/chris/rostut/install/examples_rclpy_minimal_subscriber:/home/chris/rostut/install/examples_rclpy_minimal_service:/home/chris/rostut/install/examples_rclpy_minimal_publisher:/home/chris/rostut/install/examples_rclpy_minimal_client:/home/chris/rostut/install/examples_rclpy_minimal_action_server:/home/chris/rostut/install/examples_rclpy_minimal_action_client:/home/chris/rostut/install/examples_rclpy_guard_conditions:/home/chris/rostut/install/examples_rclpy_executors:/opt/ros/humble /usr/bin/cmake --install /home/chris/rostut/build/polygon_plugins
