[3.287s] Invoking command in '/home/chris/rostut/build/examples_rclpy_executors': PYTHONPATH=/home/chris/rostut/build/examples_rclpy_executors/prefix_override:/home/chris/rostut/install/examples_rclpy_executors/lib/python3.10/site-packages:${PYTHONPATH} /usr/bin/python3 setup.py develop --editable --build-directory /home/chris/rostut/build/examples_rclpy_executors/build --no-deps install_data
[78.149s] running develop
[78.156s] running egg_info
[78.156s] creating examples_rclpy_executors.egg-info
[78.156s] writing examples_rclpy_executors.egg-info/PKG-INFO
[78.156s] writing dependency_links to examples_rclpy_executors.egg-info/dependency_links.txt
[78.156s] writing entry points to examples_rclpy_executors.egg-info/entry_points.txt
[78.156s] writing requirements to examples_rclpy_executors.egg-info/requires.txt
[78.156s] writing top-level names to examples_rclpy_executors.egg-info/top_level.txt
[78.156s] writing manifest file 'examples_rclpy_executors.egg-info/SOURCES.txt'
[78.156s] reading manifest file 'examples_rclpy_executors.egg-info/SOURCES.txt'
[78.156s] writing manifest file 'examples_rclpy_executors.egg-info/SOURCES.txt'
[78.156s] running build_ext
[78.156s] Creating /home/chris/rostut/install/examples_rclpy_executors/lib/python3.10/site-packages/examples-rclpy-executors.egg-link (link to .)
[78.156s] Installing callback_group script to /home/chris/rostut/install/examples_rclpy_executors/lib/examples_rclpy_executors
[78.157s] Installing composed script to /home/chris/rostut/install/examples_rclpy_executors/lib/examples_rclpy_executors
[78.157s] Installing custom_callback_group script to /home/chris/rostut/install/examples_rclpy_executors/lib/examples_rclpy_executors
[78.157s] Installing custom_executor script to /home/chris/rostut/install/examples_rclpy_executors/lib/examples_rclpy_executors
[78.157s] Installing listener script to /home/chris/rostut/install/examples_rclpy_executors/lib/examples_rclpy_executors
[78.157s] Installing talker script to /home/chris/rostut/install/examples_rclpy_executors/lib/examples_rclpy_executors
[78.157s] 
[78.157s] Installed /home/chris/rostut/build/examples_rclpy_executors
[78.157s] running install_data
[78.157s] creating /home/chris/rostut/install/examples_rclpy_executors/share/ament_index
[78.157s] creating /home/chris/rostut/install/examples_rclpy_executors/share/ament_index/resource_index
[78.157s] creating /home/chris/rostut/install/examples_rclpy_executors/share/ament_index/resource_index/packages
[78.157s] copying resource/examples_rclpy_executors -> /home/chris/rostut/install/examples_rclpy_executors/share/ament_index/resource_index/packages
[78.157s] copying package.xml -> /home/chris/rostut/install/examples_rclpy_executors/share/examples_rclpy_executors
[78.157s] /usr/lib/python3/dist-packages/setuptools/command/easy_install.py:158: EasyInstallDeprecationWarning: easy_install command is deprecated. Use build and pip and other standards-based tools.
[78.157s]   warnings.warn(
[78.157s] /usr/lib/python3/dist-packages/setuptools/command/install.py:34: SetuptoolsDeprecationWarning: setup.py install is deprecated. Use build and pip and other standards-based tools.
[78.157s]   warnings.warn(
[78.220s] Invoked command in '/home/chris/rostut/build/examples_rclpy_executors' returned '0': PYTHONPATH=/home/chris/rostut/build/examples_rclpy_executors/prefix_override:/home/chris/rostut/install/examples_rclpy_executors/lib/python3.10/site-packages:${PYTHONPATH} /usr/bin/python3 setup.py develop --editable --build-directory /home/chris/rostut/build/examples_rclpy_executors/build --no-deps install_data
