[3.509s] Invoking command in '/home/chris/ros2_ws/src/examples/rclpy/topics/minimal_publisher': PYTHONPATH=/home/chris/ros2_ws/src/build/examples_rclpy_minimal_publisher/prefix_override:/home/chris/ros2_ws/src/install/examples_rclpy_minimal_publisher/lib/python3.10/site-packages:${PYTHONPATH} /usr/bin/python3 setup.py egg_info --egg-base ../../../../build/examples_rclpy_minimal_publisher build --build-base /home/chris/ros2_ws/src/build/examples_rclpy_minimal_publisher/build install --record /home/chris/ros2_ws/src/build/examples_rclpy_minimal_publisher/install.log --single-version-externally-managed
[14.029s] running egg_info
[14.029s] creating ../../../../build/examples_rclpy_minimal_publisher/examples_rclpy_minimal_publisher.egg-info
[14.029s] writing ../../../../build/examples_rclpy_minimal_publisher/examples_rclpy_minimal_publisher.egg-info/PKG-INFO
[14.029s] writing dependency_links to ../../../../build/examples_rclpy_minimal_publisher/examples_rclpy_minimal_publisher.egg-info/dependency_links.txt
[14.029s] writing entry points to ../../../../build/examples_rclpy_minimal_publisher/examples_rclpy_minimal_publisher.egg-info/entry_points.txt
[14.030s] writing requirements to ../../../../build/examples_rclpy_minimal_publisher/examples_rclpy_minimal_publisher.egg-info/requires.txt
[14.030s] writing top-level names to ../../../../build/examples_rclpy_minimal_publisher/examples_rclpy_minimal_publisher.egg-info/top_level.txt
[14.030s] writing manifest file '../../../../build/examples_rclpy_minimal_publisher/examples_rclpy_minimal_publisher.egg-info/SOURCES.txt'
[14.030s] reading manifest file '../../../../build/examples_rclpy_minimal_publisher/examples_rclpy_minimal_publisher.egg-info/SOURCES.txt'
[14.030s] writing manifest file '../../../../build/examples_rclpy_minimal_publisher/examples_rclpy_minimal_publisher.egg-info/SOURCES.txt'
[14.030s] running build
[14.030s] running build_py
[14.030s] creating /home/chris/ros2_ws/src/build/examples_rclpy_minimal_publisher/build
[14.030s] creating /home/chris/ros2_ws/src/build/examples_rclpy_minimal_publisher/build/lib
[14.030s] creating /home/chris/ros2_ws/src/build/examples_rclpy_minimal_publisher/build/lib/examples_rclpy_minimal_publisher
[14.030s] copying examples_rclpy_minimal_publisher/publisher_old_school.py -> /home/chris/ros2_ws/src/build/examples_rclpy_minimal_publisher/build/lib/examples_rclpy_minimal_publisher
[14.030s] copying examples_rclpy_minimal_publisher/publisher_member_function.py -> /home/chris/ros2_ws/src/build/examples_rclpy_minimal_publisher/build/lib/examples_rclpy_minimal_publisher
[14.030s] copying examples_rclpy_minimal_publisher/__init__.py -> /home/chris/ros2_ws/src/build/examples_rclpy_minimal_publisher/build/lib/examples_rclpy_minimal_publisher
[14.030s] copying examples_rclpy_minimal_publisher/publisher_local_function.py -> /home/chris/ros2_ws/src/build/examples_rclpy_minimal_publisher/build/lib/examples_rclpy_minimal_publisher
[14.030s] running install
[14.030s] running install_lib
[14.030s] creating /home/chris/ros2_ws/src/install/examples_rclpy_minimal_publisher/lib/python3.10/site-packages/examples_rclpy_minimal_publisher
[14.030s] copying /home/chris/ros2_ws/src/build/examples_rclpy_minimal_publisher/build/lib/examples_rclpy_minimal_publisher/publisher_old_school.py -> /home/chris/ros2_ws/src/install/examples_rclpy_minimal_publisher/lib/python3.10/site-packages/examples_rclpy_minimal_publisher
[14.030s] copying /home/chris/ros2_ws/src/build/examples_rclpy_minimal_publisher/build/lib/examples_rclpy_minimal_publisher/publisher_member_function.py -> /home/chris/ros2_ws/src/install/examples_rclpy_minimal_publisher/lib/python3.10/site-packages/examples_rclpy_minimal_publisher
[14.030s] copying /home/chris/ros2_ws/src/build/examples_rclpy_minimal_publisher/build/lib/examples_rclpy_minimal_publisher/__init__.py -> /home/chris/ros2_ws/src/install/examples_rclpy_minimal_publisher/lib/python3.10/site-packages/examples_rclpy_minimal_publisher
[14.030s] copying /home/chris/ros2_ws/src/build/examples_rclpy_minimal_publisher/build/lib/examples_rclpy_minimal_publisher/publisher_local_function.py -> /home/chris/ros2_ws/src/install/examples_rclpy_minimal_publisher/lib/python3.10/site-packages/examples_rclpy_minimal_publisher
[14.030s] byte-compiling /home/chris/ros2_ws/src/install/examples_rclpy_minimal_publisher/lib/python3.10/site-packages/examples_rclpy_minimal_publisher/publisher_old_school.py to publisher_old_school.cpython-310.pyc
[14.030s] byte-compiling /home/chris/ros2_ws/src/install/examples_rclpy_minimal_publisher/lib/python3.10/site-packages/examples_rclpy_minimal_publisher/publisher_member_function.py to publisher_member_function.cpython-310.pyc
[14.030s] byte-compiling /home/chris/ros2_ws/src/install/examples_rclpy_minimal_publisher/lib/python3.10/site-packages/examples_rclpy_minimal_publisher/__init__.py to __init__.cpython-310.pyc
[14.033s] byte-compiling /home/chris/ros2_ws/src/install/examples_rclpy_minimal_publisher/lib/python3.10/site-packages/examples_rclpy_minimal_publisher/publisher_local_function.py to publisher_local_function.cpython-310.pyc
[14.033s] running install_data
[14.033s] creating /home/chris/ros2_ws/src/install/examples_rclpy_minimal_publisher/share/ament_index
[14.033s] creating /home/chris/ros2_ws/src/install/examples_rclpy_minimal_publisher/share/ament_index/resource_index
[14.033s] creating /home/chris/ros2_ws/src/install/examples_rclpy_minimal_publisher/share/ament_index/resource_index/packages
[14.033s] copying resource/examples_rclpy_minimal_publisher -> /home/chris/ros2_ws/src/install/examples_rclpy_minimal_publisher/share/ament_index/resource_index/packages
[14.033s] copying package.xml -> /home/chris/ros2_ws/src/install/examples_rclpy_minimal_publisher/share/examples_rclpy_minimal_publisher
[14.033s] running install_egg_info
[14.033s] Copying ../../../../build/examples_rclpy_minimal_publisher/examples_rclpy_minimal_publisher.egg-info to /home/chris/ros2_ws/src/install/examples_rclpy_minimal_publisher/lib/python3.10/site-packages/examples_rclpy_minimal_publisher-0.15.1-py3.10.egg-info
[14.033s] running install_scripts
[14.033s] Installing publisher_local_function script to /home/chris/ros2_ws/src/install/examples_rclpy_minimal_publisher/lib/examples_rclpy_minimal_publisher
[14.033s] Installing publisher_member_function script to /home/chris/ros2_ws/src/install/examples_rclpy_minimal_publisher/lib/examples_rclpy_minimal_publisher
[14.033s] Installing publisher_old_school script to /home/chris/ros2_ws/src/install/examples_rclpy_minimal_publisher/lib/examples_rclpy_minimal_publisher
[14.033s] writing list of installed files to '/home/chris/ros2_ws/src/build/examples_rclpy_minimal_publisher/install.log'
[14.036s] /usr/lib/python3/dist-packages/setuptools/command/install.py:34: SetuptoolsDeprecationWarning: setup.py install is deprecated. Use build and pip and other standards-based tools.
[14.036s]   warnings.warn(
