[0.875s] Invoking command in '/home/chris/rostut/build/turtlesim': CMAKE_PREFIX_PATH=${CMAKE_PREFIX_PATH}:/home/chris/rostut/install/launch_testing_examples:/home/chris/rostut/install/examples_rclpy_pointcloud_publisher:/home/chris/rostut/install/examples_rclpy_minimal_subscriber:/home/chris/rostut/install/examples_rclpy_minimal_service:/home/chris/rostut/install/examples_rclpy_minimal_publisher:/home/chris/rostut/install/examples_rclpy_minimal_client:/home/chris/rostut/install/examples_rclpy_minimal_action_server:/home/chris/rostut/install/examples_rclpy_minimal_action_client:/home/chris/rostut/install/examples_rclpy_guard_conditions:/home/chris/rostut/install/examples_rclpy_executors:/opt/ros/humble /usr/bin/cmake --build /home/chris/rostut/build/turtlesim -- -j20 -l20
[0.898s] [35m[1mConsolidate compiler generated dependencies of target turtlesim__rosidl_generator_c[0m
[0.903s] [  1%] Built target turtlesim__cpp
[0.906s] [ 11%] Built target turtlesim__rosidl_generator_c
[0.911s] [35m[1mConsolidate compiler generated dependencies of target turtlesim__rosidl_typesupport_cpp[0m
[0.912s] [35m[1mConsolidate compiler generated dependencies of target turtlesim__rosidl_typesupport_fastrtps_cpp[0m
[0.912s] [35m[1mConsolidate compiler generated dependencies of target turtlesim__rosidl_typesupport_introspection_cpp[0m
[0.912s] [ 11%] Built target ament_cmake_python_copy_turtlesim
[0.914s] [35m[1mConsolidate compiler generated dependencies of target turtlesim__rosidl_typesupport_fastrtps_c[0m
[0.917s] [35m[1mConsolidate compiler generated dependencies of target turtlesim__rosidl_typesupport_c[0m
[0.917s] [35m[1mConsolidate compiler generated dependencies of target turtlesim__rosidl_typesupport_introspection_c[0m
[0.922s] [ 21%] Built target turtlesim__rosidl_typesupport_cpp
[0.926s] [ 37%] Built target turtlesim__rosidl_typesupport_introspection_c
[0.926s] [ 44%] Built target turtlesim__rosidl_typesupport_c
[0.926s] [ 51%] Built target turtlesim__rosidl_typesupport_fastrtps_cpp
[0.928s] [ 61%] Built target turtlesim__rosidl_typesupport_introspection_cpp
[0.929s] [ 71%] Built target turtlesim__rosidl_typesupport_fastrtps_c
[0.929s] [35m[1mConsolidate compiler generated dependencies of target mimic[0m
[0.932s] [35m[1mConsolidate compiler generated dependencies of target turtlesim_node[0m
[0.932s] [35m[1mConsolidate compiler generated dependencies of target draw_square[0m
[0.932s] [35m[1mConsolidate compiler generated dependencies of target turtle_teleop_key[0m
[0.943s] [ 73%] Built target mimic
[0.945s] [ 73%] Built target turtlesim
[0.945s] [ 75%] Built target draw_square
[0.946s] [ 77%] Built target turtle_teleop_key
[0.954s] [ 78%] [32mBuilding CXX object CMakeFiles/turtlesim_node.dir/src/turtle_frame.cpp.o[0m
[0.957s] [ 79%] Built target turtlesim__py
[0.964s] [35m[1mConsolidate compiler generated dependencies of target turtlesim__rosidl_generator_py[0m
[0.975s] [ 88%] Built target turtlesim__rosidl_generator_py
[0.982s] [35m[1mConsolidate compiler generated dependencies of target turtlesim__rosidl_typesupport_fastrtps_c__pyext[0m
[0.983s] [35m[1mConsolidate compiler generated dependencies of target turtlesim__rosidl_typesupport_c__pyext[0m
[0.984s] [35m[1mConsolidate compiler generated dependencies of target turtlesim__rosidl_typesupport_introspection_c__pyext[0m
[0.991s] [ 91%] Built target turtlesim__rosidl_typesupport_c__pyext
[0.991s] [ 92%] Built target turtlesim__rosidl_typesupport_fastrtps_c__pyext
[0.995s] [ 94%] Built target turtlesim__rosidl_typesupport_introspection_c__pyext
[1.085s] running egg_info
[1.085s] writing turtlesim.egg-info/PKG-INFO
[1.085s] writing dependency_links to turtlesim.egg-info/dependency_links.txt
[1.085s] writing top-level names to turtlesim.egg-info/top_level.txt
[1.089s] reading manifest file 'turtlesim.egg-info/SOURCES.txt'
[1.089s] writing manifest file 'turtlesim.egg-info/SOURCES.txt'
[1.103s] [ 94%] Built target ament_cmake_python_build_turtlesim_egg
[6.673s] [ 95%] [32m[1mLinking CXX executable turtlesim_node[0m
[7.631s] [100%] Built target turtlesim_node
[7.641s] Invoked command in '/home/chris/rostut/build/turtlesim' returned '0': CMAKE_PREFIX_PATH=${CMAKE_PREFIX_PATH}:/home/chris/rostut/install/launch_testing_examples:/home/chris/rostut/install/examples_rclpy_pointcloud_publisher:/home/chris/rostut/install/examples_rclpy_minimal_subscriber:/home/chris/rostut/install/examples_rclpy_minimal_service:/home/chris/rostut/install/examples_rclpy_minimal_publisher:/home/chris/rostut/install/examples_rclpy_minimal_client:/home/chris/rostut/install/examples_rclpy_minimal_action_server:/home/chris/rostut/install/examples_rclpy_minimal_action_client:/home/chris/rostut/install/examples_rclpy_guard_conditions:/home/chris/rostut/install/examples_rclpy_executors:/opt/ros/humble /usr/bin/cmake --build /home/chris/rostut/build/turtlesim -- -j20 -l20
[7.727s] Invoking command in '/home/chris/rostut/build/turtlesim': CMAKE_PREFIX_PATH=${CMAKE_PREFIX_PATH}:/home/chris/rostut/install/launch_testing_examples:/home/chris/rostut/install/examples_rclpy_pointcloud_publisher:/home/chris/rostut/install/examples_rclpy_minimal_subscriber:/home/chris/rostut/install/examples_rclpy_minimal_service:/home/chris/rostut/install/examples_rclpy_minimal_publisher:/home/chris/rostut/install/examples_rclpy_minimal_client:/home/chris/rostut/install/examples_rclpy_minimal_action_server:/home/chris/rostut/install/examples_rclpy_minimal_action_client:/home/chris/rostut/install/examples_rclpy_guard_conditions:/home/chris/rostut/install/examples_rclpy_executors:/opt/ros/humble /usr/bin/cmake --install /home/chris/rostut/build/turtlesim
[7.730s] -- Install configuration: ""
[7.730s] -- Up-to-date: /home/chris/rostut/install/turtlesim/share/ament_index/resource_index/rosidl_interfaces/turtlesim
[7.730s] -- Up-to-date: /home/chris/rostut/install/turtlesim/include/turtlesim/turtlesim
[7.730s] -- Up-to-date: /home/chris/rostut/install/turtlesim/include/turtlesim/turtlesim/action
[7.730s] -- Up-to-date: /home/chris/rostut/install/turtlesim/include/turtlesim/turtlesim/action/detail
[7.731s] -- Up-to-date: /home/chris/rostut/install/turtlesim/include/turtlesim/turtlesim/action/detail/rotate_absolute__functions.h
[7.731s] -- Up-to-date: /home/chris/rostut/install/turtlesim/include/turtlesim/turtlesim/action/detail/rotate_absolute__type_support.h
[7.731s] -- Up-to-date: /home/chris/rostut/install/turtlesim/include/turtlesim/turtlesim/action/detail/rotate_absolute__functions.c
[7.731s] -- Up-to-date: /home/chris/rostut/install/turtlesim/include/turtlesim/turtlesim/action/detail/rotate_absolute__struct.h
[7.731s] -- Up-to-date: /home/chris/rostut/install/turtlesim/include/turtlesim/turtlesim/action/rotate_absolute.h
[7.731s] -- Up-to-date: /home/chris/rostut/install/turtlesim/include/turtlesim/turtlesim/srv
[7.731s] -- Up-to-date: /home/chris/rostut/install/turtlesim/include/turtlesim/turtlesim/srv/detail
[7.731s] -- Up-to-date: /home/chris/rostut/install/turtlesim/include/turtlesim/turtlesim/srv/detail/teleport_absolute__struct.h
[7.731s] -- Up-to-date: /home/chris/rostut/install/turtlesim/include/turtlesim/turtlesim/srv/detail/teleport_relative__type_support.h
[7.731s] -- Up-to-date: /home/chris/rostut/install/turtlesim/include/turtlesim/turtlesim/srv/detail/spawn__struct.h
[7.731s] -- Up-to-date: /home/chris/rostut/install/turtlesim/include/turtlesim/turtlesim/srv/detail/teleport_relative__struct.h
[7.731s] -- Up-to-date: /home/chris/rostut/install/turtlesim/include/turtlesim/turtlesim/srv/detail/set_pen__functions.h
[7.731s] -- Up-to-date: /home/chris/rostut/install/turtlesim/include/turtlesim/turtlesim/srv/detail/teleport_absolute__type_support.h
[7.731s] -- Up-to-date: /home/chris/rostut/install/turtlesim/include/turtlesim/turtlesim/srv/detail/kill__functions.c
[7.732s] -- Up-to-date: /home/chris/rostut/install/turtlesim/include/turtlesim/turtlesim/srv/detail/teleport_relative__functions.c
[7.732s] -- Up-to-date: /home/chris/rostut/install/turtlesim/include/turtlesim/turtlesim/srv/detail/teleport_absolute__functions.h
[7.732s] -- Up-to-date: /home/chris/rostut/install/turtlesim/include/turtlesim/turtlesim/srv/detail/set_pen__functions.c
[7.732s] -- Up-to-date: /home/chris/rostut/install/turtlesim/include/turtlesim/turtlesim/srv/detail/spawn__type_support.h
[7.732s] -- Up-to-date: /home/chris/rostut/install/turtlesim/include/turtlesim/turtlesim/srv/detail/teleport_absolute__functions.c
[7.732s] -- Up-to-date: /home/chris/rostut/install/turtlesim/include/turtlesim/turtlesim/srv/detail/spawn__functions.c
[7.732s] -- Up-to-date: /home/chris/rostut/install/turtlesim/include/turtlesim/turtlesim/srv/detail/teleport_relative__functions.h
[7.732s] -- Up-to-date: /home/chris/rostut/install/turtlesim/include/turtlesim/turtlesim/srv/detail/kill__functions.h
[7.732s] -- Up-to-date: /home/chris/rostut/install/turtlesim/include/turtlesim/turtlesim/srv/detail/set_pen__type_support.h
[7.732s] -- Up-to-date: /home/chris/rostut/install/turtlesim/include/turtlesim/turtlesim/srv/detail/set_pen__struct.h
[7.732s] -- Up-to-date: /home/chris/rostut/install/turtlesim/include/turtlesim/turtlesim/srv/detail/kill__type_support.h
[7.732s] -- Up-to-date: /home/chris/rostut/install/turtlesim/include/turtlesim/turtlesim/srv/detail/kill__struct.h
[7.732s] -- Up-to-date: /home/chris/rostut/install/turtlesim/include/turtlesim/turtlesim/srv/detail/spawn__functions.h
[7.732s] -- Up-to-date: /home/chris/rostut/install/turtlesim/include/turtlesim/turtlesim/srv/kill.h
[7.732s] -- Up-to-date: /home/chris/rostut/install/turtlesim/include/turtlesim/turtlesim/srv/set_pen.h
[7.732s] -- Up-to-date: /home/chris/rostut/install/turtlesim/include/turtlesim/turtlesim/srv/spawn.h
[7.732s] -- Up-to-date: /home/chris/rostut/install/turtlesim/include/turtlesim/turtlesim/srv/teleport_absolute.h
[7.732s] -- Up-to-date: /home/chris/rostut/install/turtlesim/include/turtlesim/turtlesim/srv/teleport_relative.h
[7.732s] -- Up-to-date: /home/chris/rostut/install/turtlesim/include/turtlesim/turtlesim/msg
[7.732s] -- Up-to-date: /home/chris/rostut/install/turtlesim/include/turtlesim/turtlesim/msg/detail
[7.732s] -- Up-to-date: /home/chris/rostut/install/turtlesim/include/turtlesim/turtlesim/msg/detail/pose__type_support.h
[7.732s] -- Up-to-date: /home/chris/rostut/install/turtlesim/include/turtlesim/turtlesim/msg/detail/color__struct.h
[7.733s] -- Up-to-date: /home/chris/rostut/install/turtlesim/include/turtlesim/turtlesim/msg/detail/pose__struct.h
[7.733s] -- Up-to-date: /home/chris/rostut/install/turtlesim/include/turtlesim/turtlesim/msg/detail/color__functions.c
[7.733s] -- Up-to-date: /home/chris/rostut/install/turtlesim/include/turtlesim/turtlesim/msg/detail/pose__functions.c
[7.733s] -- Up-to-date: /home/chris/rostut/install/turtlesim/include/turtlesim/turtlesim/msg/detail/color__functions.h
[7.733s] -- Up-to-date: /home/chris/rostut/install/turtlesim/include/turtlesim/turtlesim/msg/detail/color__type_support.h
[7.733s] -- Up-to-date: /home/chris/rostut/install/turtlesim/include/turtlesim/turtlesim/msg/detail/pose__functions.h
[7.733s] -- Up-to-date: /home/chris/rostut/install/turtlesim/include/turtlesim/turtlesim/msg/color.h
[7.733s] -- Up-to-date: /home/chris/rostut/install/turtlesim/include/turtlesim/turtlesim/msg/rosidl_generator_c__visibility_control.h
[7.733s] -- Up-to-date: /home/chris/rostut/install/turtlesim/include/turtlesim/turtlesim/msg/pose.h
[7.733s] -- Up-to-date: /home/chris/rostut/install/turtlesim/share/turtlesim/environment/library_path.sh
[7.733s] -- Up-to-date: /home/chris/rostut/install/turtlesim/share/turtlesim/environment/library_path.dsv
[7.733s] -- Up-to-date: /home/chris/rostut/install/turtlesim/lib/libturtlesim__rosidl_generator_c.so
[7.733s] -- Up-to-date: /home/chris/rostut/install/turtlesim/include/turtlesim/turtlesim
[7.733s] -- Up-to-date: /home/chris/rostut/install/turtlesim/include/turtlesim/turtlesim/action
[7.733s] -- Up-to-date: /home/chris/rostut/install/turtlesim/include/turtlesim/turtlesim/action/detail
[7.733s] -- Up-to-date: /home/chris/rostut/install/turtlesim/include/turtlesim/turtlesim/action/detail/rotate_absolute__rosidl_typesupport_fastrtps_c.h
[7.733s] -- Up-to-date: /home/chris/rostut/install/turtlesim/include/turtlesim/turtlesim/srv
[7.733s] -- Up-to-date: /home/chris/rostut/install/turtlesim/include/turtlesim/turtlesim/srv/detail
[7.733s] -- Up-to-date: /home/chris/rostut/install/turtlesim/include/turtlesim/turtlesim/srv/detail/teleport_relative__rosidl_typesupport_fastrtps_c.h
[7.733s] -- Up-to-date: /home/chris/rostut/install/turtlesim/include/turtlesim/turtlesim/srv/detail/set_pen__rosidl_typesupport_fastrtps_c.h
[7.733s] -- Up-to-date: /home/chris/rostut/install/turtlesim/include/turtlesim/turtlesim/srv/detail/teleport_absolute__rosidl_typesupport_fastrtps_c.h
[7.733s] -- Up-to-date: /home/chris/rostut/install/turtlesim/include/turtlesim/turtlesim/srv/detail/spawn__rosidl_typesupport_fastrtps_c.h
[7.733s] -- Up-to-date: /home/chris/rostut/install/turtlesim/include/turtlesim/turtlesim/srv/detail/kill__rosidl_typesupport_fastrtps_c.h
[7.733s] -- Up-to-date: /home/chris/rostut/install/turtlesim/include/turtlesim/turtlesim/msg
[7.733s] -- Up-to-date: /home/chris/rostut/install/turtlesim/include/turtlesim/turtlesim/msg/rosidl_typesupport_fastrtps_c__visibility_control.h
[7.733s] -- Up-to-date: /home/chris/rostut/install/turtlesim/include/turtlesim/turtlesim/msg/detail
[7.733s] -- Up-to-date: /home/chris/rostut/install/turtlesim/include/turtlesim/turtlesim/msg/detail/pose__rosidl_typesupport_fastrtps_c.h
[7.733s] -- Up-to-date: /home/chris/rostut/install/turtlesim/include/turtlesim/turtlesim/msg/detail/color__rosidl_typesupport_fastrtps_c.h
[7.733s] -- Up-to-date: /home/chris/rostut/install/turtlesim/lib/libturtlesim__rosidl_typesupport_fastrtps_c.so
[7.733s] -- Up-to-date: /home/chris/rostut/install/turtlesim/include/turtlesim/turtlesim
[7.733s] -- Up-to-date: /home/chris/rostut/install/turtlesim/include/turtlesim/turtlesim/action
[7.733s] -- Up-to-date: /home/chris/rostut/install/turtlesim/include/turtlesim/turtlesim/action/detail
[7.733s] -- Up-to-date: /home/chris/rostut/install/turtlesim/include/turtlesim/turtlesim/action/detail/rotate_absolute__struct.hpp
[7.733s] -- Up-to-date: /home/chris/rostut/install/turtlesim/include/turtlesim/turtlesim/action/detail/rotate_absolute__builder.hpp
[7.733s] -- Up-to-date: /home/chris/rostut/install/turtlesim/include/turtlesim/turtlesim/action/detail/rotate_absolute__traits.hpp
[7.734s] -- Up-to-date: /home/chris/rostut/install/turtlesim/include/turtlesim/turtlesim/action/rotate_absolute.hpp
[7.734s] -- Up-to-date: /home/chris/rostut/install/turtlesim/include/turtlesim/turtlesim/srv
[7.734s] -- Up-to-date: /home/chris/rostut/install/turtlesim/include/turtlesim/turtlesim/srv/teleport_relative.hpp
[7.734s] -- Up-to-date: /home/chris/rostut/install/turtlesim/include/turtlesim/turtlesim/srv/teleport_absolute.hpp
[7.734s] -- Up-to-date: /home/chris/rostut/install/turtlesim/include/turtlesim/turtlesim/srv/set_pen.hpp
[7.734s] -- Up-to-date: /home/chris/rostut/install/turtlesim/include/turtlesim/turtlesim/srv/detail
[7.734s] -- Up-to-date: /home/chris/rostut/install/turtlesim/include/turtlesim/turtlesim/srv/detail/set_pen__traits.hpp
[7.734s] -- Up-to-date: /home/chris/rostut/install/turtlesim/include/turtlesim/turtlesim/srv/detail/kill__traits.hpp
[7.734s] -- Up-to-date: /home/chris/rostut/install/turtlesim/include/turtlesim/turtlesim/srv/detail/teleport_absolute__builder.hpp
[7.734s] -- Up-to-date: /home/chris/rostut/install/turtlesim/include/turtlesim/turtlesim/srv/detail/kill__builder.hpp
[7.734s] -- Up-to-date: /home/chris/rostut/install/turtlesim/include/turtlesim/turtlesim/srv/detail/set_pen__struct.hpp
[7.734s] -- Up-to-date: /home/chris/rostut/install/turtlesim/include/turtlesim/turtlesim/srv/detail/kill__struct.hpp
[7.734s] -- Up-to-date: /home/chris/rostut/install/turtlesim/include/turtlesim/turtlesim/srv/detail/teleport_relative__builder.hpp
[7.734s] -- Up-to-date: /home/chris/rostut/install/turtlesim/include/turtlesim/turtlesim/srv/detail/teleport_absolute__struct.hpp
[7.734s] -- Up-to-date: /home/chris/rostut/install/turtlesim/include/turtlesim/turtlesim/srv/detail/teleport_relative__traits.hpp
[7.734s] -- Up-to-date: /home/chris/rostut/install/turtlesim/include/turtlesim/turtlesim/srv/detail/teleport_relative__struct.hpp
[7.734s] -- Up-to-date: /home/chris/rostut/install/turtlesim/include/turtlesim/turtlesim/srv/detail/spawn__struct.hpp
[7.734s] -- Up-to-date: /home/chris/rostut/install/turtlesim/include/turtlesim/turtlesim/srv/detail/teleport_absolute__traits.hpp
[7.734s] -- Up-to-date: /home/chris/rostut/install/turtlesim/include/turtlesim/turtlesim/srv/detail/spawn__traits.hpp
[7.734s] -- Up-to-date: /home/chris/rostut/install/turtlesim/include/turtlesim/turtlesim/srv/detail/set_pen__builder.hpp
[7.734s] -- Up-to-date: /home/chris/rostut/install/turtlesim/include/turtlesim/turtlesim/srv/detail/spawn__builder.hpp
[7.734s] -- Up-to-date: /home/chris/rostut/install/turtlesim/include/turtlesim/turtlesim/srv/spawn.hpp
[7.734s] -- Up-to-date: /home/chris/rostut/install/turtlesim/include/turtlesim/turtlesim/srv/kill.hpp
[7.734s] -- Up-to-date: /home/chris/rostut/install/turtlesim/include/turtlesim/turtlesim/msg
[7.734s] -- Up-to-date: /home/chris/rostut/install/turtlesim/include/turtlesim/turtlesim/msg/pose.hpp
[7.734s] -- Up-to-date: /home/chris/rostut/install/turtlesim/include/turtlesim/turtlesim/msg/color.hpp
[7.734s] -- Up-to-date: /home/chris/rostut/install/turtlesim/include/turtlesim/turtlesim/msg/detail
[7.734s] -- Up-to-date: /home/chris/rostut/install/turtlesim/include/turtlesim/turtlesim/msg/detail/color__struct.hpp
[7.734s] -- Up-to-date: /home/chris/rostut/install/turtlesim/include/turtlesim/turtlesim/msg/detail/color__builder.hpp
[7.734s] -- Up-to-date: /home/chris/rostut/install/turtlesim/include/turtlesim/turtlesim/msg/detail/color__traits.hpp
[7.734s] -- Up-to-date: /home/chris/rostut/install/turtlesim/include/turtlesim/turtlesim/msg/detail/pose__builder.hpp
[7.734s] -- Up-to-date: /home/chris/rostut/install/turtlesim/include/turtlesim/turtlesim/msg/detail/pose__traits.hpp
[7.734s] -- Up-to-date: /home/chris/rostut/install/turtlesim/include/turtlesim/turtlesim/msg/detail/pose__struct.hpp
[7.734s] -- Up-to-date: /home/chris/rostut/install/turtlesim/include/turtlesim/turtlesim
[7.734s] -- Up-to-date: /home/chris/rostut/install/turtlesim/include/turtlesim/turtlesim/action
[7.734s] -- Up-to-date: /home/chris/rostut/install/turtlesim/include/turtlesim/turtlesim/action/detail
[7.734s] -- Up-to-date: /home/chris/rostut/install/turtlesim/include/turtlesim/turtlesim/action/detail/dds_fastrtps
[7.734s] -- Up-to-date: /home/chris/rostut/install/turtlesim/include/turtlesim/turtlesim/action/detail/rotate_absolute__rosidl_typesupport_fastrtps_cpp.hpp
[7.734s] -- Up-to-date: /home/chris/rostut/install/turtlesim/include/turtlesim/turtlesim/srv
[7.734s] -- Up-to-date: /home/chris/rostut/install/turtlesim/include/turtlesim/turtlesim/srv/detail
[7.734s] -- Up-to-date: /home/chris/rostut/install/turtlesim/include/turtlesim/turtlesim/srv/detail/dds_fastrtps
[7.734s] -- Up-to-date: /home/chris/rostut/install/turtlesim/include/turtlesim/turtlesim/srv/detail/kill__rosidl_typesupport_fastrtps_cpp.hpp
[7.734s] -- Up-to-date: /home/chris/rostut/install/turtlesim/include/turtlesim/turtlesim/srv/detail/teleport_absolute__rosidl_typesupport_fastrtps_cpp.hpp
[7.735s] -- Up-to-date: /home/chris/rostut/install/turtlesim/include/turtlesim/turtlesim/srv/detail/teleport_relative__rosidl_typesupport_fastrtps_cpp.hpp
[7.735s] -- Up-to-date: /home/chris/rostut/install/turtlesim/include/turtlesim/turtlesim/srv/detail/set_pen__rosidl_typesupport_fastrtps_cpp.hpp
[7.735s] -- Up-to-date: /home/chris/rostut/install/turtlesim/include/turtlesim/turtlesim/srv/detail/spawn__rosidl_typesupport_fastrtps_cpp.hpp
[7.735s] -- Up-to-date: /home/chris/rostut/install/turtlesim/include/turtlesim/turtlesim/msg
[7.735s] -- Up-to-date: /home/chris/rostut/install/turtlesim/include/turtlesim/turtlesim/msg/rosidl_typesupport_fastrtps_cpp__visibility_control.h
[7.735s] -- Up-to-date: /home/chris/rostut/install/turtlesim/include/turtlesim/turtlesim/msg/detail
[7.735s] -- Up-to-date: /home/chris/rostut/install/turtlesim/include/turtlesim/turtlesim/msg/detail/dds_fastrtps
[7.735s] -- Up-to-date: /home/chris/rostut/install/turtlesim/include/turtlesim/turtlesim/msg/detail/pose__rosidl_typesupport_fastrtps_cpp.hpp
[7.735s] -- Up-to-date: /home/chris/rostut/install/turtlesim/include/turtlesim/turtlesim/msg/detail/color__rosidl_typesupport_fastrtps_cpp.hpp
[7.735s] -- Up-to-date: /home/chris/rostut/install/turtlesim/lib/libturtlesim__rosidl_typesupport_fastrtps_cpp.so
[7.735s] -- Up-to-date: /home/chris/rostut/install/turtlesim/include/turtlesim/turtlesim
[7.735s] -- Up-to-date: /home/chris/rostut/install/turtlesim/include/turtlesim/turtlesim/action
[7.735s] -- Up-to-date: /home/chris/rostut/install/turtlesim/include/turtlesim/turtlesim/action/detail
[7.735s] -- Up-to-date: /home/chris/rostut/install/turtlesim/include/turtlesim/turtlesim/action/detail/rotate_absolute__rosidl_typesupport_introspection_c.h
[7.735s] -- Up-to-date: /home/chris/rostut/install/turtlesim/include/turtlesim/turtlesim/action/detail/rotate_absolute__type_support.c
[7.735s] -- Up-to-date: /home/chris/rostut/install/turtlesim/include/turtlesim/turtlesim/srv
[7.735s] -- Up-to-date: /home/chris/rostut/install/turtlesim/include/turtlesim/turtlesim/srv/detail
[7.735s] -- Up-to-date: /home/chris/rostut/install/turtlesim/include/turtlesim/turtlesim/srv/detail/kill__type_support.c
[7.735s] -- Up-to-date: /home/chris/rostut/install/turtlesim/include/turtlesim/turtlesim/srv/detail/kill__rosidl_typesupport_introspection_c.h
[7.735s] -- Up-to-date: /home/chris/rostut/install/turtlesim/include/turtlesim/turtlesim/srv/detail/set_pen__rosidl_typesupport_introspection_c.h
[7.735s] -- Up-to-date: /home/chris/rostut/install/turtlesim/include/turtlesim/turtlesim/srv/detail/spawn__rosidl_typesupport_introspection_c.h
[7.735s] -- Up-to-date: /home/chris/rostut/install/turtlesim/include/turtlesim/turtlesim/srv/detail/teleport_absolute__type_support.c
[7.735s] -- Up-to-date: /home/chris/rostut/install/turtlesim/include/turtlesim/turtlesim/srv/detail/teleport_relative__rosidl_typesupport_introspection_c.h
[7.735s] -- Up-to-date: /home/chris/rostut/install/turtlesim/include/turtlesim/turtlesim/srv/detail/set_pen__type_support.c
[7.735s] -- Up-to-date: /home/chris/rostut/install/turtlesim/include/turtlesim/turtlesim/srv/detail/teleport_relative__type_support.c
[7.735s] -- Up-to-date: /home/chris/rostut/install/turtlesim/include/turtlesim/turtlesim/srv/detail/spawn__type_support.c
[7.735s] -- Up-to-date: /home/chris/rostut/install/turtlesim/include/turtlesim/turtlesim/srv/detail/teleport_absolute__rosidl_typesupport_introspection_c.h
[7.735s] -- Up-to-date: /home/chris/rostut/install/turtlesim/include/turtlesim/turtlesim/msg
[7.735s] -- Up-to-date: /home/chris/rostut/install/turtlesim/include/turtlesim/turtlesim/msg/detail
[7.735s] -- Up-to-date: /home/chris/rostut/install/turtlesim/include/turtlesim/turtlesim/msg/detail/pose__type_support.c
[7.735s] -- Up-to-date: /home/chris/rostut/install/turtlesim/include/turtlesim/turtlesim/msg/detail/color__rosidl_typesupport_introspection_c.h
[7.735s] -- Up-to-date: /home/chris/rostut/install/turtlesim/include/turtlesim/turtlesim/msg/detail/pose__rosidl_typesupport_introspection_c.h
[7.735s] -- Up-to-date: /home/chris/rostut/install/turtlesim/include/turtlesim/turtlesim/msg/detail/color__type_support.c
[7.735s] -- Up-to-date: /home/chris/rostut/install/turtlesim/include/turtlesim/turtlesim/msg/rosidl_typesupport_introspection_c__visibility_control.h
[7.735s] -- Up-to-date: /home/chris/rostut/install/turtlesim/lib/libturtlesim__rosidl_typesupport_introspection_c.so
[7.735s] -- Up-to-date: /home/chris/rostut/install/turtlesim/lib/libturtlesim__rosidl_typesupport_c.so
[7.735s] -- Up-to-date: /home/chris/rostut/install/turtlesim/include/turtlesim/turtlesim
[7.735s] -- Up-to-date: /home/chris/rostut/install/turtlesim/include/turtlesim/turtlesim/action
[7.735s] -- Up-to-date: /home/chris/rostut/install/turtlesim/include/turtlesim/turtlesim/action/detail
[7.735s] -- Up-to-date: /home/chris/rostut/install/turtlesim/include/turtlesim/turtlesim/action/detail/rotate_absolute__type_support.cpp
[7.735s] -- Up-to-date: /home/chris/rostut/install/turtlesim/include/turtlesim/turtlesim/action/detail/rotate_absolute__rosidl_typesupport_introspection_cpp.hpp
[7.735s] -- Up-to-date: /home/chris/rostut/install/turtlesim/include/turtlesim/turtlesim/srv
[7.735s] -- Up-to-date: /home/chris/rostut/install/turtlesim/include/turtlesim/turtlesim/srv/detail
[7.736s] -- Up-to-date: /home/chris/rostut/install/turtlesim/include/turtlesim/turtlesim/srv/detail/set_pen__rosidl_typesupport_introspection_cpp.hpp
[7.736s] -- Up-to-date: /home/chris/rostut/install/turtlesim/include/turtlesim/turtlesim/srv/detail/spawn__rosidl_typesupport_introspection_cpp.hpp
[7.736s] -- Up-to-date: /home/chris/rostut/install/turtlesim/include/turtlesim/turtlesim/srv/detail/spawn__type_support.cpp
[7.736s] -- Up-to-date: /home/chris/rostut/install/turtlesim/include/turtlesim/turtlesim/srv/detail/kill__type_support.cpp
[7.736s] -- Up-to-date: /home/chris/rostut/install/turtlesim/include/turtlesim/turtlesim/srv/detail/teleport_relative__rosidl_typesupport_introspection_cpp.hpp
[7.736s] -- Up-to-date: /home/chris/rostut/install/turtlesim/include/turtlesim/turtlesim/srv/detail/set_pen__type_support.cpp
[7.736s] -- Up-to-date: /home/chris/rostut/install/turtlesim/include/turtlesim/turtlesim/srv/detail/kill__rosidl_typesupport_introspection_cpp.hpp
[7.736s] -- Up-to-date: /home/chris/rostut/install/turtlesim/include/turtlesim/turtlesim/srv/detail/teleport_absolute__type_support.cpp
[7.736s] -- Up-to-date: /home/chris/rostut/install/turtlesim/include/turtlesim/turtlesim/srv/detail/teleport_relative__type_support.cpp
[7.736s] -- Up-to-date: /home/chris/rostut/install/turtlesim/include/turtlesim/turtlesim/srv/detail/teleport_absolute__rosidl_typesupport_introspection_cpp.hpp
[7.736s] -- Up-to-date: /home/chris/rostut/install/turtlesim/include/turtlesim/turtlesim/msg
[7.736s] -- Up-to-date: /home/chris/rostut/install/turtlesim/include/turtlesim/turtlesim/msg/detail
[7.736s] -- Up-to-date: /home/chris/rostut/install/turtlesim/include/turtlesim/turtlesim/msg/detail/color__type_support.cpp
[7.736s] -- Up-to-date: /home/chris/rostut/install/turtlesim/include/turtlesim/turtlesim/msg/detail/pose__rosidl_typesupport_introspection_cpp.hpp
[7.736s] -- Up-to-date: /home/chris/rostut/install/turtlesim/include/turtlesim/turtlesim/msg/detail/pose__type_support.cpp
[7.736s] -- Up-to-date: /home/chris/rostut/install/turtlesim/include/turtlesim/turtlesim/msg/detail/color__rosidl_typesupport_introspection_cpp.hpp
[7.736s] -- Up-to-date: /home/chris/rostut/install/turtlesim/lib/libturtlesim__rosidl_typesupport_introspection_cpp.so
[7.736s] -- Up-to-date: /home/chris/rostut/install/turtlesim/lib/libturtlesim__rosidl_typesupport_cpp.so
[7.736s] -- Up-to-date: /home/chris/rostut/install/turtlesim/share/turtlesim/environment/pythonpath.sh
[7.736s] -- Up-to-date: /home/chris/rostut/install/turtlesim/share/turtlesim/environment/pythonpath.dsv
[7.736s] -- Up-to-date: /home/chris/rostut/install/turtlesim/local/lib/python3.10/dist-packages/turtlesim-1.4.2-py3.10.egg-info
[7.736s] -- Installing: /home/chris/rostut/install/turtlesim/local/lib/python3.10/dist-packages/turtlesim-1.4.2-py3.10.egg-info/dependency_links.txt
[7.736s] -- Installing: /home/chris/rostut/install/turtlesim/local/lib/python3.10/dist-packages/turtlesim-1.4.2-py3.10.egg-info/PKG-INFO
[7.736s] -- Installing: /home/chris/rostut/install/turtlesim/local/lib/python3.10/dist-packages/turtlesim-1.4.2-py3.10.egg-info/top_level.txt
[7.736s] -- Installing: /home/chris/rostut/install/turtlesim/local/lib/python3.10/dist-packages/turtlesim-1.4.2-py3.10.egg-info/SOURCES.txt
[7.736s] -- Up-to-date: /home/chris/rostut/install/turtlesim/local/lib/python3.10/dist-packages/turtlesim
[7.736s] -- Up-to-date: /home/chris/rostut/install/turtlesim/local/lib/python3.10/dist-packages/turtlesim/libturtlesim__rosidl_generator_py.so
[7.736s] -- Up-to-date: /home/chris/rostut/install/turtlesim/local/lib/python3.10/dist-packages/turtlesim/_turtlesim_s.ep.rosidl_typesupport_introspection_c.c
[7.736s] -- Up-to-date: /home/chris/rostut/install/turtlesim/local/lib/python3.10/dist-packages/turtlesim/_turtlesim_s.ep.rosidl_typesupport_fastrtps_c.c
[7.736s] -- Up-to-date: /home/chris/rostut/install/turtlesim/local/lib/python3.10/dist-packages/turtlesim/action
[7.736s] -- Up-to-date: /home/chris/rostut/install/turtlesim/local/lib/python3.10/dist-packages/turtlesim/action/_rotate_absolute_s.c
[7.736s] -- Up-to-date: /home/chris/rostut/install/turtlesim/local/lib/python3.10/dist-packages/turtlesim/action/__init__.py
[7.736s] -- Up-to-date: /home/chris/rostut/install/turtlesim/local/lib/python3.10/dist-packages/turtlesim/action/_rotate_absolute.py
[7.736s] -- Up-to-date: /home/chris/rostut/install/turtlesim/local/lib/python3.10/dist-packages/turtlesim/srv
[7.736s] -- Up-to-date: /home/chris/rostut/install/turtlesim/local/lib/python3.10/dist-packages/turtlesim/srv/_kill.py
[7.736s] -- Up-to-date: /home/chris/rostut/install/turtlesim/local/lib/python3.10/dist-packages/turtlesim/srv/_kill_s.c
[7.736s] -- Up-to-date: /home/chris/rostut/install/turtlesim/local/lib/python3.10/dist-packages/turtlesim/srv/_teleport_absolute.py
[7.736s] -- Up-to-date: /home/chris/rostut/install/turtlesim/local/lib/python3.10/dist-packages/turtlesim/srv/_spawn.py
[7.736s] -- Up-to-date: /home/chris/rostut/install/turtlesim/local/lib/python3.10/dist-packages/turtlesim/srv/_spawn_s.c
[7.736s] -- Up-to-date: /home/chris/rostut/install/turtlesim/local/lib/python3.10/dist-packages/turtlesim/srv/__init__.py
[7.736s] -- Up-to-date: /home/chris/rostut/install/turtlesim/local/lib/python3.10/dist-packages/turtlesim/srv/_teleport_relative_s.c
[7.736s] -- Up-to-date: /home/chris/rostut/install/turtlesim/local/lib/python3.10/dist-packages/turtlesim/srv/_set_pen_s.c
[7.736s] -- Up-to-date: /home/chris/rostut/install/turtlesim/local/lib/python3.10/dist-packages/turtlesim/srv/_teleport_absolute_s.c
[7.737s] -- Up-to-date: /home/chris/rostut/install/turtlesim/local/lib/python3.10/dist-packages/turtlesim/srv/_set_pen.py
[7.737s] -- Up-to-date: /home/chris/rostut/install/turtlesim/local/lib/python3.10/dist-packages/turtlesim/srv/_teleport_relative.py
[7.737s] -- Up-to-date: /home/chris/rostut/install/turtlesim/local/lib/python3.10/dist-packages/turtlesim/__init__.py
[7.737s] -- Up-to-date: /home/chris/rostut/install/turtlesim/local/lib/python3.10/dist-packages/turtlesim/turtlesim_s__rosidl_typesupport_fastrtps_c.cpython-310-x86_64-linux-gnu.so
[7.737s] -- Up-to-date: /home/chris/rostut/install/turtlesim/local/lib/python3.10/dist-packages/turtlesim/msg
[7.737s] -- Up-to-date: /home/chris/rostut/install/turtlesim/local/lib/python3.10/dist-packages/turtlesim/msg/_pose_s.c
[7.737s] -- Up-to-date: /home/chris/rostut/install/turtlesim/local/lib/python3.10/dist-packages/turtlesim/msg/__init__.py
[7.737s] -- Up-to-date: /home/chris/rostut/install/turtlesim/local/lib/python3.10/dist-packages/turtlesim/msg/_color_s.c
[7.737s] -- Up-to-date: /home/chris/rostut/install/turtlesim/local/lib/python3.10/dist-packages/turtlesim/msg/_color.py
[7.737s] -- Up-to-date: /home/chris/rostut/install/turtlesim/local/lib/python3.10/dist-packages/turtlesim/msg/_pose.py
[7.737s] -- Up-to-date: /home/chris/rostut/install/turtlesim/local/lib/python3.10/dist-packages/turtlesim/turtlesim_s__rosidl_typesupport_c.cpython-310-x86_64-linux-gnu.so
[7.737s] -- Up-to-date: /home/chris/rostut/install/turtlesim/local/lib/python3.10/dist-packages/turtlesim/turtlesim_s__rosidl_typesupport_introspection_c.cpython-310-x86_64-linux-gnu.so
[7.737s] -- Up-to-date: /home/chris/rostut/install/turtlesim/local/lib/python3.10/dist-packages/turtlesim/_turtlesim_s.ep.rosidl_typesupport_c.c
[7.755s] Listing '/home/chris/rostut/install/turtlesim/local/lib/python3.10/dist-packages/turtlesim'...
[7.755s] Listing '/home/chris/rostut/install/turtlesim/local/lib/python3.10/dist-packages/turtlesim/action'...
[7.755s] Listing '/home/chris/rostut/install/turtlesim/local/lib/python3.10/dist-packages/turtlesim/msg'...
[7.755s] Listing '/home/chris/rostut/install/turtlesim/local/lib/python3.10/dist-packages/turtlesim/srv'...
[7.757s] -- Up-to-date: /home/chris/rostut/install/turtlesim/local/lib/python3.10/dist-packages/turtlesim/turtlesim_s__rosidl_typesupport_fastrtps_c.cpython-310-x86_64-linux-gnu.so
[7.758s] -- Up-to-date: /home/chris/rostut/install/turtlesim/local/lib/python3.10/dist-packages/turtlesim/turtlesim_s__rosidl_typesupport_introspection_c.cpython-310-x86_64-linux-gnu.so
[7.758s] -- Up-to-date: /home/chris/rostut/install/turtlesim/local/lib/python3.10/dist-packages/turtlesim/turtlesim_s__rosidl_typesupport_c.cpython-310-x86_64-linux-gnu.so
[7.758s] -- Up-to-date: /home/chris/rostut/install/turtlesim/lib/libturtlesim__rosidl_generator_py.so
[7.758s] -- Up-to-date: /home/chris/rostut/install/turtlesim/share/turtlesim/action/RotateAbsolute.idl
[7.758s] -- Up-to-date: /home/chris/rostut/install/turtlesim/share/turtlesim/msg/Color.idl
[7.758s] -- Up-to-date: /home/chris/rostut/install/turtlesim/share/turtlesim/msg/Pose.idl
[7.758s] -- Up-to-date: /home/chris/rostut/install/turtlesim/share/turtlesim/srv/Kill.idl
[7.758s] -- Up-to-date: /home/chris/rostut/install/turtlesim/share/turtlesim/srv/SetPen.idl
[7.758s] -- Up-to-date: /home/chris/rostut/install/turtlesim/share/turtlesim/srv/Spawn.idl
[7.758s] -- Up-to-date: /home/chris/rostut/install/turtlesim/share/turtlesim/srv/TeleportAbsolute.idl
[7.758s] -- Up-to-date: /home/chris/rostut/install/turtlesim/share/turtlesim/srv/TeleportRelative.idl
[7.758s] -- Up-to-date: /home/chris/rostut/install/turtlesim/share/turtlesim/action/RotateAbsolute.action
[7.758s] -- Up-to-date: /home/chris/rostut/install/turtlesim/share/turtlesim/msg/Color.msg
[7.758s] -- Up-to-date: /home/chris/rostut/install/turtlesim/share/turtlesim/msg/Pose.msg
[7.758s] -- Up-to-date: /home/chris/rostut/install/turtlesim/share/turtlesim/srv/Kill.srv
[7.758s] -- Up-to-date: /home/chris/rostut/install/turtlesim/share/turtlesim/srv/Kill_Request.msg
[7.758s] -- Up-to-date: /home/chris/rostut/install/turtlesim/share/turtlesim/srv/Kill_Response.msg
[7.758s] -- Up-to-date: /home/chris/rostut/install/turtlesim/share/turtlesim/srv/SetPen.srv
[7.758s] -- Up-to-date: /home/chris/rostut/install/turtlesim/share/turtlesim/srv/SetPen_Request.msg
[7.758s] -- Up-to-date: /home/chris/rostut/install/turtlesim/share/turtlesim/srv/SetPen_Response.msg
[7.758s] -- Up-to-date: /home/chris/rostut/install/turtlesim/share/turtlesim/srv/Spawn.srv
[7.758s] -- Up-to-date: /home/chris/rostut/install/turtlesim/share/turtlesim/srv/Spawn_Request.msg
[7.758s] -- Up-to-date: /home/chris/rostut/install/turtlesim/share/turtlesim/srv/Spawn_Response.msg
[7.759s] -- Up-to-date: /home/chris/rostut/install/turtlesim/share/turtlesim/srv/TeleportAbsolute.srv
[7.759s] -- Up-to-date: /home/chris/rostut/install/turtlesim/share/turtlesim/srv/TeleportAbsolute_Request.msg
[7.759s] -- Up-to-date: /home/chris/rostut/install/turtlesim/share/turtlesim/srv/TeleportAbsolute_Response.msg
[7.759s] -- Up-to-date: /home/chris/rostut/install/turtlesim/share/turtlesim/srv/TeleportRelative.srv
[7.759s] -- Up-to-date: /home/chris/rostut/install/turtlesim/share/turtlesim/srv/TeleportRelative_Request.msg
[7.759s] -- Up-to-date: /home/chris/rostut/install/turtlesim/share/turtlesim/srv/TeleportRelative_Response.msg
[7.759s] -- Installing: /home/chris/rostut/install/turtlesim/lib/turtlesim/turtlesim_node
[7.763s] -- Set runtime path of "/home/chris/rostut/install/turtlesim/lib/turtlesim/turtlesim_node" to ""
[7.763s] -- Up-to-date: /home/chris/rostut/install/turtlesim/lib/turtlesim/turtle_teleop_key
[7.763s] -- Up-to-date: /home/chris/rostut/install/turtlesim/lib/turtlesim/draw_square
[7.763s] -- Up-to-date: /home/chris/rostut/install/turtlesim/lib/turtlesim/mimic
[7.763s] -- Up-to-date: /home/chris/rostut/install/turtlesim/share/turtlesim/images
[7.763s] -- Up-to-date: /home/chris/rostut/install/turtlesim/share/turtlesim/images/rolling.png
[7.763s] -- Up-to-date: /home/chris/rostut/install/turtlesim/share/turtlesim/images/eloquent.png
[7.763s] -- Up-to-date: /home/chris/rostut/install/turtlesim/share/turtlesim/images/galactic.png
[7.763s] -- Up-to-date: /home/chris/rostut/install/turtlesim/share/turtlesim/images/crystal.png
[7.763s] -- Up-to-date: /home/chris/rostut/install/turtlesim/share/turtlesim/images/dashing.png
[7.763s] -- Up-to-date: /home/chris/rostut/install/turtlesim/share/turtlesim/images/bouncy.png
[7.763s] -- Up-to-date: /home/chris/rostut/install/turtlesim/share/turtlesim/images/humble.png
[7.763s] -- Up-to-date: /home/chris/rostut/install/turtlesim/share/turtlesim/images/ardent.png
[7.763s] -- Up-to-date: /home/chris/rostut/install/turtlesim/share/turtlesim/images/foxy.png
[7.763s] -- Up-to-date: /home/chris/rostut/install/turtlesim/share/turtlesim/launch
[7.763s] -- Up-to-date: /home/chris/rostut/install/turtlesim/share/turtlesim/launch/multisim.launch.py
[7.763s] -- Up-to-date: /home/chris/rostut/install/turtlesim/share/ament_index/resource_index/package_run_dependencies/turtlesim
[7.763s] -- Up-to-date: /home/chris/rostut/install/turtlesim/share/ament_index/resource_index/parent_prefix_path/turtlesim
[7.763s] -- Up-to-date: /home/chris/rostut/install/turtlesim/share/turtlesim/environment/ament_prefix_path.sh
[7.763s] -- Up-to-date: /home/chris/rostut/install/turtlesim/share/turtlesim/environment/ament_prefix_path.dsv
[7.763s] -- Up-to-date: /home/chris/rostut/install/turtlesim/share/turtlesim/environment/path.sh
[7.763s] -- Up-to-date: /home/chris/rostut/install/turtlesim/share/turtlesim/environment/path.dsv
[7.763s] -- Up-to-date: /home/chris/rostut/install/turtlesim/share/turtlesim/local_setup.bash
[7.763s] -- Up-to-date: /home/chris/rostut/install/turtlesim/share/turtlesim/local_setup.sh
[7.763s] -- Up-to-date: /home/chris/rostut/install/turtlesim/share/turtlesim/local_setup.zsh
[7.763s] -- Up-to-date: /home/chris/rostut/install/turtlesim/share/turtlesim/local_setup.dsv
[7.763s] -- Installing: /home/chris/rostut/install/turtlesim/share/turtlesim/package.dsv
[7.763s] -- Up-to-date: /home/chris/rostut/install/turtlesim/share/ament_index/resource_index/packages/turtlesim
[7.763s] -- Up-to-date: /home/chris/rostut/install/turtlesim/share/turtlesim/cmake/export_turtlesim__rosidl_generator_cExport.cmake
[7.763s] -- Up-to-date: /home/chris/rostut/install/turtlesim/share/turtlesim/cmake/export_turtlesim__rosidl_generator_cExport-noconfig.cmake
[7.764s] -- Up-to-date: /home/chris/rostut/install/turtlesim/share/turtlesim/cmake/export_turtlesim__rosidl_typesupport_fastrtps_cExport.cmake
[7.764s] -- Up-to-date: /home/chris/rostut/install/turtlesim/share/turtlesim/cmake/export_turtlesim__rosidl_typesupport_fastrtps_cExport-noconfig.cmake
[7.764s] -- Up-to-date: /home/chris/rostut/install/turtlesim/share/turtlesim/cmake/export_turtlesim__rosidl_generator_cppExport.cmake
[7.764s] -- Up-to-date: /home/chris/rostut/install/turtlesim/share/turtlesim/cmake/export_turtlesim__rosidl_typesupport_fastrtps_cppExport.cmake
[7.764s] -- Up-to-date: /home/chris/rostut/install/turtlesim/share/turtlesim/cmake/export_turtlesim__rosidl_typesupport_fastrtps_cppExport-noconfig.cmake
[7.764s] -- Up-to-date: /home/chris/rostut/install/turtlesim/share/turtlesim/cmake/turtlesim__rosidl_typesupport_introspection_cExport.cmake
[7.764s] -- Up-to-date: /home/chris/rostut/install/turtlesim/share/turtlesim/cmake/turtlesim__rosidl_typesupport_introspection_cExport-noconfig.cmake
[7.764s] -- Up-to-date: /home/chris/rostut/install/turtlesim/share/turtlesim/cmake/turtlesim__rosidl_typesupport_cExport.cmake
[7.764s] -- Up-to-date: /home/chris/rostut/install/turtlesim/share/turtlesim/cmake/turtlesim__rosidl_typesupport_cExport-noconfig.cmake
[7.764s] -- Up-to-date: /home/chris/rostut/install/turtlesim/share/turtlesim/cmake/turtlesim__rosidl_typesupport_introspection_cppExport.cmake
[7.764s] -- Up-to-date: /home/chris/rostut/install/turtlesim/share/turtlesim/cmake/turtlesim__rosidl_typesupport_introspection_cppExport-noconfig.cmake
[7.764s] -- Up-to-date: /home/chris/rostut/install/turtlesim/share/turtlesim/cmake/turtlesim__rosidl_typesupport_cppExport.cmake
[7.764s] -- Up-to-date: /home/chris/rostut/install/turtlesim/share/turtlesim/cmake/turtlesim__rosidl_typesupport_cppExport-noconfig.cmake
[7.764s] -- Up-to-date: /home/chris/rostut/install/turtlesim/share/turtlesim/cmake/export_turtlesim__rosidl_generator_pyExport.cmake
[7.764s] -- Up-to-date: /home/chris/rostut/install/turtlesim/share/turtlesim/cmake/export_turtlesim__rosidl_generator_pyExport-noconfig.cmake
[7.764s] -- Up-to-date: /home/chris/rostut/install/turtlesim/share/turtlesim/cmake/rosidl_cmake-extras.cmake
[7.764s] -- Up-to-date: /home/chris/rostut/install/turtlesim/share/turtlesim/cmake/ament_cmake_export_dependencies-extras.cmake
[7.764s] -- Up-to-date: /home/chris/rostut/install/turtlesim/share/turtlesim/cmake/ament_cmake_export_include_directories-extras.cmake
[7.764s] -- Up-to-date: /home/chris/rostut/install/turtlesim/share/turtlesim/cmake/ament_cmake_export_libraries-extras.cmake
[7.764s] -- Up-to-date: /home/chris/rostut/install/turtlesim/share/turtlesim/cmake/ament_cmake_export_targets-extras.cmake
[7.764s] -- Up-to-date: /home/chris/rostut/install/turtlesim/share/turtlesim/cmake/rosidl_cmake_export_typesupport_targets-extras.cmake
[7.764s] -- Up-to-date: /home/chris/rostut/install/turtlesim/share/turtlesim/cmake/rosidl_cmake_export_typesupport_libraries-extras.cmake
[7.764s] -- Up-to-date: /home/chris/rostut/install/turtlesim/share/turtlesim/cmake/turtlesimConfig.cmake
[7.764s] -- Up-to-date: /home/chris/rostut/install/turtlesim/share/turtlesim/cmake/turtlesimConfig-version.cmake
[7.764s] -- Up-to-date: /home/chris/rostut/install/turtlesim/share/turtlesim/package.xml
[7.765s] Invoked command in '/home/chris/rostut/build/turtlesim' returned '0': CMAKE_PREFIX_PATH=${CMAKE_PREFIX_PATH}:/home/chris/rostut/install/launch_testing_examples:/home/chris/rostut/install/examples_rclpy_pointcloud_publisher:/home/chris/rostut/install/examples_rclpy_minimal_subscriber:/home/chris/rostut/install/examples_rclpy_minimal_service:/home/chris/rostut/install/examples_rclpy_minimal_publisher:/home/chris/rostut/install/examples_rclpy_minimal_client:/home/chris/rostut/install/examples_rclpy_minimal_action_server:/home/chris/rostut/install/examples_rclpy_minimal_action_client:/home/chris/rostut/install/examples_rclpy_guard_conditions:/home/chris/rostut/install/examples_rclpy_executors:/opt/ros/humble /usr/bin/cmake --install /home/chris/rostut/build/turtlesim
