[3.436s] Invoking command in '/home/chris/rostut/build/examples_rclpy_minimal_action_client': PYTHONPATH=/home/chris/rostut/build/examples_rclpy_minimal_action_client/prefix_override:/home/chris/rostut/install/examples_rclpy_minimal_action_client/lib/python3.10/site-packages:${PYTHONPATH} /usr/bin/python3 setup.py develop --editable --build-directory /home/chris/rostut/build/examples_rclpy_minimal_action_client/build --no-deps install_data
[78.115s] running develop
[78.115s] running egg_info
[78.115s] creating examples_rclpy_minimal_action_client.egg-info
[78.115s] writing examples_rclpy_minimal_action_client.egg-info/PKG-INFO
[78.115s] writing dependency_links to examples_rclpy_minimal_action_client.egg-info/dependency_links.txt
[78.115s] writing entry points to examples_rclpy_minimal_action_client.egg-info/entry_points.txt
[78.115s] writing requirements to examples_rclpy_minimal_action_client.egg-info/requires.txt
[78.115s] writing top-level names to examples_rclpy_minimal_action_client.egg-info/top_level.txt
[78.116s] writing manifest file 'examples_rclpy_minimal_action_client.egg-info/SOURCES.txt'
[78.116s] reading manifest file 'examples_rclpy_minimal_action_client.egg-info/SOURCES.txt'
[78.116s] writing manifest file 'examples_rclpy_minimal_action_client.egg-info/SOURCES.txt'
[78.116s] running build_ext
[78.116s] Creating /home/chris/rostut/install/examples_rclpy_minimal_action_client/lib/python3.10/site-packages/examples-rclpy-minimal-action-client.egg-link (link to .)
[78.116s] Installing client script to /home/chris/rostut/install/examples_rclpy_minimal_action_client/lib/examples_rclpy_minimal_action_client
[78.116s] Installing client_asyncio script to /home/chris/rostut/install/examples_rclpy_minimal_action_client/lib/examples_rclpy_minimal_action_client
[78.116s] Installing client_cancel script to /home/chris/rostut/install/examples_rclpy_minimal_action_client/lib/examples_rclpy_minimal_action_client
[78.116s] Installing client_not_composable script to /home/chris/rostut/install/examples_rclpy_minimal_action_client/lib/examples_rclpy_minimal_action_client
[78.116s] 
[78.116s] Installed /home/chris/rostut/build/examples_rclpy_minimal_action_client
[78.116s] running install_data
[78.116s] creating /home/chris/rostut/install/examples_rclpy_minimal_action_client/share/ament_index
[78.116s] creating /home/chris/rostut/install/examples_rclpy_minimal_action_client/share/ament_index/resource_index
[78.116s] creating /home/chris/rostut/install/examples_rclpy_minimal_action_client/share/ament_index/resource_index/packages
[78.116s] copying resource/examples_rclpy_minimal_action_client -> /home/chris/rostut/install/examples_rclpy_minimal_action_client/share/ament_index/resource_index/packages
[78.116s] copying package.xml -> /home/chris/rostut/install/examples_rclpy_minimal_action_client/share/examples_rclpy_minimal_action_client
[78.116s] /usr/lib/python3/dist-packages/setuptools/command/easy_install.py:158: EasyInstallDeprecationWarning: easy_install command is deprecated. Use build and pip and other standards-based tools.
[78.116s]   warnings.warn(
[78.116s] /usr/lib/python3/dist-packages/setuptools/command/install.py:34: SetuptoolsDeprecationWarning: setup.py install is deprecated. Use build and pip and other standards-based tools.
[78.117s]   warnings.warn(
[79.115s] Invoked command in '/home/chris/rostut/build/examples_rclpy_minimal_action_client' returned '0': PYTHONPATH=/home/chris/rostut/build/examples_rclpy_minimal_action_client/prefix_override:/home/chris/rostut/install/examples_rclpy_minimal_action_client/lib/python3.10/site-packages:${PYTHONPATH} /usr/bin/python3 setup.py develop --editable --build-directory /home/chris/rostut/build/examples_rclpy_minimal_action_client/build --no-deps install_data
