[0.599s] Invoking command in '/home/chris/rostut/build/cpp_parameter_event_handler': CMAKE_PREFIX_PATH=${CMAKE_PREFIX_PATH}:/home/chris/rostut/install/launch_testing_examples:/home/chris/rostut/install/examples_rclpy_pointcloud_publisher:/home/chris/rostut/install/examples_rclpy_minimal_subscriber:/home/chris/rostut/install/examples_rclpy_minimal_service:/home/chris/rostut/install/examples_rclpy_minimal_publisher:/home/chris/rostut/install/examples_rclpy_minimal_client:/home/chris/rostut/install/examples_rclpy_minimal_action_server:/home/chris/rostut/install/examples_rclpy_minimal_action_client:/home/chris/rostut/install/examples_rclpy_guard_conditions:/home/chris/rostut/install/examples_rclpy_executors:/opt/ros/humble /usr/bin/cmake --build /home/chris/rostut/build/cpp_parameter_event_handler -- -j20 -l20
[1.325s] [35m[1mConsolidate compiler generated dependencies of target parameter_event_handler[0m
[1.325s] [100%] Built target parameter_event_handler
[1.333s] Invoked command in '/home/chris/rostut/build/cpp_parameter_event_handler' returned '0': CMAKE_PREFIX_PATH=${CMAKE_PREFIX_PATH}:/home/chris/rostut/install/launch_testing_examples:/home/chris/rostut/install/examples_rclpy_pointcloud_publisher:/home/chris/rostut/install/examples_rclpy_minimal_subscriber:/home/chris/rostut/install/examples_rclpy_minimal_service:/home/chris/rostut/install/examples_rclpy_minimal_publisher:/home/chris/rostut/install/examples_rclpy_minimal_client:/home/chris/rostut/install/examples_rclpy_minimal_action_server:/home/chris/rostut/install/examples_rclpy_minimal_action_client:/home/chris/rostut/install/examples_rclpy_guard_conditions:/home/chris/rostut/install/examples_rclpy_executors:/opt/ros/humble /usr/bin/cmake --build /home/chris/rostut/build/cpp_parameter_event_handler -- -j20 -l20
[1.381s] Invoking command in '/home/chris/rostut/build/cpp_parameter_event_handler': CMAKE_PREFIX_PATH=${CMAKE_PREFIX_PATH}:/home/chris/rostut/install/launch_testing_examples:/home/chris/rostut/install/examples_rclpy_pointcloud_publisher:/home/chris/rostut/install/examples_rclpy_minimal_subscriber:/home/chris/rostut/install/examples_rclpy_minimal_service:/home/chris/rostut/install/examples_rclpy_minimal_publisher:/home/chris/rostut/install/examples_rclpy_minimal_client:/home/chris/rostut/install/examples_rclpy_minimal_action_server:/home/chris/rostut/install/examples_rclpy_minimal_action_client:/home/chris/rostut/install/examples_rclpy_guard_conditions:/home/chris/rostut/install/examples_rclpy_executors:/opt/ros/humble /usr/bin/cmake --install /home/chris/rostut/build/cpp_parameter_event_handler
[1.402s] -- Install configuration: ""
[1.403s] -- Up-to-date: /home/chris/rostut/install/cpp_parameter_event_handler/lib/cpp_parameter_event_handler/parameter_event_handler
[1.403s] -- Up-to-date: /home/chris/rostut/install/cpp_parameter_event_handler/share/ament_index/resource_index/package_run_dependencies/cpp_parameter_event_handler
[1.403s] -- Up-to-date: /home/chris/rostut/install/cpp_parameter_event_handler/share/ament_index/resource_index/parent_prefix_path/cpp_parameter_event_handler
[1.404s] -- Up-to-date: /home/chris/rostut/install/cpp_parameter_event_handler/share/cpp_parameter_event_handler/environment/ament_prefix_path.sh
[1.404s] -- Up-to-date: /home/chris/rostut/install/cpp_parameter_event_handler/share/cpp_parameter_event_handler/environment/ament_prefix_path.dsv
[1.404s] -- Up-to-date: /home/chris/rostut/install/cpp_parameter_event_handler/share/cpp_parameter_event_handler/environment/path.sh
[1.404s] -- Up-to-date: /home/chris/rostut/install/cpp_parameter_event_handler/share/cpp_parameter_event_handler/environment/path.dsv
[1.405s] -- Up-to-date: /home/chris/rostut/install/cpp_parameter_event_handler/share/cpp_parameter_event_handler/local_setup.bash
[1.405s] -- Up-to-date: /home/chris/rostut/install/cpp_parameter_event_handler/share/cpp_parameter_event_handler/local_setup.sh
[1.405s] -- Up-to-date: /home/chris/rostut/install/cpp_parameter_event_handler/share/cpp_parameter_event_handler/local_setup.zsh
[1.405s] -- Up-to-date: /home/chris/rostut/install/cpp_parameter_event_handler/share/cpp_parameter_event_handler/local_setup.dsv
[1.405s] -- Installing: /home/chris/rostut/install/cpp_parameter_event_handler/share/cpp_parameter_event_handler/package.dsv
[1.406s] -- Up-to-date: /home/chris/rostut/install/cpp_parameter_event_handler/share/ament_index/resource_index/packages/cpp_parameter_event_handler
[1.406s] -- Up-to-date: /home/chris/rostut/install/cpp_parameter_event_handler/share/cpp_parameter_event_handler/cmake/cpp_parameter_event_handlerConfig.cmake
[1.406s] -- Up-to-date: /home/chris/rostut/install/cpp_parameter_event_handler/share/cpp_parameter_event_handler/cmake/cpp_parameter_event_handlerConfig-version.cmake
[1.406s] -- Up-to-date: /home/chris/rostut/install/cpp_parameter_event_handler/share/cpp_parameter_event_handler/package.xml
[1.417s] Invoked command in '/home/chris/rostut/build/cpp_parameter_event_handler' returned '0': CMAKE_PREFIX_PATH=${CMAKE_PREFIX_PATH}:/home/chris/rostut/install/launch_testing_examples:/home/chris/rostut/install/examples_rclpy_pointcloud_publisher:/home/chris/rostut/install/examples_rclpy_minimal_subscriber:/home/chris/rostut/install/examples_rclpy_minimal_service:/home/chris/rostut/install/examples_rclpy_minimal_publisher:/home/chris/rostut/install/examples_rclpy_minimal_client:/home/chris/rostut/install/examples_rclpy_minimal_action_server:/home/chris/rostut/install/examples_rclpy_minimal_action_client:/home/chris/rostut/install/examples_rclpy_guard_conditions:/home/chris/rostut/install/examples_rclpy_executors:/opt/ros/humble /usr/bin/cmake --install /home/chris/rostut/build/cpp_parameter_event_handler
