[0.613s] Invoking command in '/home/chris/rostut/build/action_tutorials_interfaces': CMAKE_PREFIX_PATH=${CMAKE_PREFIX_PATH}:/home/chris/rostut/install/launch_testing_examples:/home/chris/rostut/install/examples_rclpy_pointcloud_publisher:/home/chris/rostut/install/examples_rclpy_minimal_subscriber:/home/chris/rostut/install/examples_rclpy_minimal_service:/home/chris/rostut/install/examples_rclpy_minimal_publisher:/home/chris/rostut/install/examples_rclpy_minimal_client:/home/chris/rostut/install/examples_rclpy_minimal_action_server:/home/chris/rostut/install/examples_rclpy_minimal_action_client:/home/chris/rostut/install/examples_rclpy_guard_conditions:/home/chris/rostut/install/examples_rclpy_executors:/opt/ros/humble /usr/bin/cmake /home/chris/rostut/src/action_tutorials_interfaces -DCMAKE_INSTALL_PREFIX=/home/chris/rostut/install/action_tutorials_interfaces
[1.382s] -- The C compiler identification is GNU 11.4.0
[1.382s] -- The CXX compiler identification is GNU 11.4.0
[1.382s] -- Detecting C compiler ABI info
[1.382s] -- Detecting C compiler ABI info - done
[1.382s] -- Check for working C compiler: /usr/bin/cc - skipped
[1.382s] -- Detecting C compile features
[1.382s] -- Detecting C compile features - done
[1.382s] -- Detecting CXX compiler ABI info
[1.382s] -- Detecting CXX compiler ABI info - done
[1.383s] -- Check for working CXX compiler: /usr/bin/c++ - skipped
[1.383s] -- Detecting CXX compile features
[1.383s] -- Detecting CXX compile features - done
[1.383s] -- Found ament_cmake: 1.3.6 (/opt/ros/humble/share/ament_cmake/cmake)
[1.383s] -- Found Python3: /usr/bin/python3.10 (found version "3.10.12") found components: Interpreter 
[1.383s] -- Found rosidl_default_generators: 1.2.0 (/opt/ros/humble/share/rosidl_default_generators/cmake)
[1.383s] -- Using all available rosidl_typesupport_c: rosidl_typesupport_fastrtps_c;rosidl_typesupport_introspection_c
[1.383s] -- Found rosidl_adapter: 3.1.5 (/opt/ros/humble/share/rosidl_adapter/cmake)
[1.383s] -- Using all available rosidl_typesupport_cpp: rosidl_typesupport_fastrtps_cpp;rosidl_typesupport_introspection_cpp
[1.383s] -- Found ament_cmake_ros: 0.10.0 (/opt/ros/humble/share/ament_cmake_ros/cmake)
[1.410s] -- Using all available rosidl_typesupport_c: rosidl_typesupport_fastrtps_c;rosidl_typesupport_introspection_c
[1.635s] -- Using all available rosidl_typesupport_cpp: rosidl_typesupport_fastrtps_cpp;rosidl_typesupport_introspection_cpp
[1.651s] -- Found PythonInterp: /usr/bin/python3 (found suitable version "3.10.12", minimum required is "3.6") 
[1.653s] -- Found python_cmake_module: 0.10.0 (/opt/ros/humble/share/python_cmake_module/cmake)
[1.671s] -- Found PythonLibs: /usr/lib/x86_64-linux-gnu/libpython3.10.so (found suitable version "3.10.12", minimum required is "3.5") 
[1.671s] -- Using PYTHON_EXECUTABLE: /usr/bin/python3
[1.672s] -- Using PYTHON_INCLUDE_DIRS: /usr/include/python3.10
[1.672s] -- Using PYTHON_LIBRARIES: /usr/lib/x86_64-linux-gnu/libpython3.10.so
[1.686s] -- Found PythonExtra: .so  
[1.724s] -- Found ament_lint_auto: 0.12.9 (/opt/ros/humble/share/ament_lint_auto/cmake)
[1.740s] -- Added test 'lint_cmake' to check CMake code style
[1.740s] -- Added test 'xmllint' to check XML markup files
[1.742s] -- Configuring done
[1.756s] -- Generating done
[1.758s] -- Build files have been written to: /home/chris/rostut/build/action_tutorials_interfaces
[2.052s] Invoked command in '/home/chris/rostut/build/action_tutorials_interfaces' returned '0': CMAKE_PREFIX_PATH=${CMAKE_PREFIX_PATH}:/home/chris/rostut/install/launch_testing_examples:/home/chris/rostut/install/examples_rclpy_pointcloud_publisher:/home/chris/rostut/install/examples_rclpy_minimal_subscriber:/home/chris/rostut/install/examples_rclpy_minimal_service:/home/chris/rostut/install/examples_rclpy_minimal_publisher:/home/chris/rostut/install/examples_rclpy_minimal_client:/home/chris/rostut/install/examples_rclpy_minimal_action_server:/home/chris/rostut/install/examples_rclpy_minimal_action_client:/home/chris/rostut/install/examples_rclpy_guard_conditions:/home/chris/rostut/install/examples_rclpy_executors:/opt/ros/humble /usr/bin/cmake /home/chris/rostut/src/action_tutorials_interfaces -DCMAKE_INSTALL_PREFIX=/home/chris/rostut/install/action_tutorials_interfaces
[2.052s] Invoking command in '/home/chris/rostut/build/action_tutorials_interfaces': CMAKE_PREFIX_PATH=${CMAKE_PREFIX_PATH}:/home/chris/rostut/install/launch_testing_examples:/home/chris/rostut/install/examples_rclpy_pointcloud_publisher:/home/chris/rostut/install/examples_rclpy_minimal_subscriber:/home/chris/rostut/install/examples_rclpy_minimal_service:/home/chris/rostut/install/examples_rclpy_minimal_publisher:/home/chris/rostut/install/examples_rclpy_minimal_client:/home/chris/rostut/install/examples_rclpy_minimal_action_server:/home/chris/rostut/install/examples_rclpy_minimal_action_client:/home/chris/rostut/install/examples_rclpy_guard_conditions:/home/chris/rostut/install/examples_rclpy_executors:/opt/ros/humble /usr/bin/cmake --build /home/chris/rostut/build/action_tutorials_interfaces -- -j20 -l20
[2.190s] [  3%] [34m[1mGenerating C code for ROS interfaces[0m
[2.190s] [  6%] [34m[1mGenerating C++ code for ROS interfaces[0m
[2.190s] [  6%] Built target ament_cmake_python_copy_action_tutorials_interfaces
[2.255s] running egg_info
[2.257s] creating action_tutorials_interfaces.egg-info
[2.257s] writing action_tutorials_interfaces.egg-info/PKG-INFO
[2.258s] writing dependency_links to action_tutorials_interfaces.egg-info/dependency_links.txt
[2.258s] writing top-level names to action_tutorials_interfaces.egg-info/top_level.txt
[2.259s] writing manifest file 'action_tutorials_interfaces.egg-info/SOURCES.txt'
[2.259s] reading manifest file 'action_tutorials_interfaces.egg-info/SOURCES.txt'
[2.260s] writing manifest file 'action_tutorials_interfaces.egg-info/SOURCES.txt'
[2.273s] [  6%] Built target ament_cmake_python_build_action_tutorials_interfaces_egg
[2.388s] [  6%] Built target action_tutorials_interfaces__cpp
[2.388s] [  9%] [32mBuilding C object CMakeFiles/action_tutorials_interfaces__rosidl_generator_c.dir/rosidl_generator_c/action_tutorials_interfaces/action/detail/fibonacci__functions.c.o[0m
[2.393s] [ 12%] [34m[1mGenerating C++ type support dispatch for ROS interfaces[0m
[2.394s] [ 16%] [34m[1mGenerating C++ type support for eProsima Fast-RTPS[0m
[2.394s] [ 19%] [34m[1mGenerating C++ introspection for ROS interfaces[0m
[2.472s] [ 22%] [32m[1mLinking C shared library libaction_tutorials_interfaces__rosidl_generator_c.so[0m
[2.493s] [ 22%] Built target action_tutorials_interfaces__rosidl_generator_c
[2.499s] [ 29%] [34m[1mGenerating C introspection for ROS interfaces[0m
[2.499s] [ 29%] [34m[1mGenerating C type support for eProsima Fast-RTPS[0m
[2.503s] [ 32%] [34m[1mGenerating C type support dispatch for ROS interfaces[0m
[2.580s] [ 35%] [32mBuilding CXX object CMakeFiles/action_tutorials_interfaces__rosidl_typesupport_cpp.dir/rosidl_typesupport_cpp/action_tutorials_interfaces/action/fibonacci__type_support.cpp.o[0m
[2.609s] [ 38%] [32mBuilding CXX object CMakeFiles/action_tutorials_interfaces__rosidl_typesupport_introspection_cpp.dir/rosidl_typesupport_introspection_cpp/action_tutorials_interfaces/action/detail/fibonacci__type_support.cpp.o[0m
[2.638s] [ 41%] [32mBuilding CXX object CMakeFiles/action_tutorials_interfaces__rosidl_typesupport_fastrtps_cpp.dir/rosidl_typesupport_fastrtps_cpp/action_tutorials_interfaces/action/detail/dds_fastrtps/fibonacci__type_support.cpp.o[0m
[2.709s] [ 45%] [32mBuilding CXX object CMakeFiles/action_tutorials_interfaces__rosidl_typesupport_c.dir/rosidl_typesupport_c/action_tutorials_interfaces/action/fibonacci__type_support.cpp.o[0m
[2.731s] [ 48%] [32mBuilding C object CMakeFiles/action_tutorials_interfaces__rosidl_typesupport_introspection_c.dir/rosidl_typesupport_introspection_c/action_tutorials_interfaces/action/detail/fibonacci__type_support.c.o[0m
[2.737s] [ 51%] [32m[1mLinking CXX shared library libaction_tutorials_interfaces__rosidl_typesupport_c.so[0m
[2.742s] [ 54%] [32mBuilding CXX object CMakeFiles/action_tutorials_interfaces__rosidl_typesupport_fastrtps_c.dir/rosidl_typesupport_fastrtps_c/action_tutorials_interfaces/action/detail/fibonacci__type_support_c.cpp.o[0m
[2.762s] [ 54%] Built target action_tutorials_interfaces__rosidl_typesupport_c
[2.763s] [ 58%] [32m[1mLinking C shared library libaction_tutorials_interfaces__rosidl_typesupport_introspection_c.so[0m
[2.782s] [ 58%] Built target action_tutorials_interfaces__rosidl_typesupport_introspection_c
[2.900s] [ 61%] [32m[1mLinking CXX shared library libaction_tutorials_interfaces__rosidl_typesupport_cpp.so[0m
[2.924s] [ 61%] Built target action_tutorials_interfaces__rosidl_typesupport_cpp
[2.954s] [ 64%] [32m[1mLinking CXX shared library libaction_tutorials_interfaces__rosidl_typesupport_fastrtps_c.so[0m
[2.959s] [ 67%] [32m[1mLinking CXX shared library libaction_tutorials_interfaces__rosidl_typesupport_introspection_cpp.so[0m
[2.980s] [ 70%] [32m[1mLinking CXX shared library libaction_tutorials_interfaces__rosidl_typesupport_fastrtps_cpp.so[0m
[3.000s] [ 70%] Built target action_tutorials_interfaces__rosidl_typesupport_fastrtps_c
[3.002s] [ 70%] Built target action_tutorials_interfaces__rosidl_typesupport_introspection_cpp
[3.022s] [ 70%] Built target action_tutorials_interfaces__rosidl_typesupport_fastrtps_cpp
[3.032s] [ 70%] Built target action_tutorials_interfaces
[3.042s] [ 74%] [34m[1mGenerating Python code for ROS interfaces[0m
[3.384s] [ 74%] Built target action_tutorials_interfaces__py
[3.393s] [ 77%] [32mBuilding C object CMakeFiles/action_tutorials_interfaces__rosidl_generator_py.dir/rosidl_generator_py/action_tutorials_interfaces/action/_fibonacci_s.c.o[0m
[3.470s] [ 80%] [32m[1mLinking C shared library rosidl_generator_py/action_tutorials_interfaces/libaction_tutorials_interfaces__rosidl_generator_py.so[0m
[3.493s] [ 80%] Built target action_tutorials_interfaces__rosidl_generator_py
[3.504s] [ 90%] [32mBuilding C object CMakeFiles/action_tutorials_interfaces__rosidl_typesupport_fastrtps_c__pyext.dir/rosidl_generator_py/action_tutorials_interfaces/_action_tutorials_interfaces_s.ep.rosidl_typesupport_fastrtps_c.c.o[0m
[3.504s] [ 90%] [32mBuilding C object CMakeFiles/action_tutorials_interfaces__rosidl_typesupport_introspection_c__pyext.dir/rosidl_generator_py/action_tutorials_interfaces/_action_tutorials_interfaces_s.ep.rosidl_typesupport_introspection_c.c.o[0m
[3.504s] [ 90%] [32mBuilding C object CMakeFiles/action_tutorials_interfaces__rosidl_typesupport_c__pyext.dir/rosidl_generator_py/action_tutorials_interfaces/_action_tutorials_interfaces_s.ep.rosidl_typesupport_c.c.o[0m
[3.566s] [ 96%] [32m[1mLinking C shared library rosidl_generator_py/action_tutorials_interfaces/action_tutorials_interfaces_s__rosidl_typesupport_fastrtps_c.cpython-310-x86_64-linux-gnu.so[0m
[3.567s] [ 96%] [32m[1mLinking C shared library rosidl_generator_py/action_tutorials_interfaces/action_tutorials_interfaces_s__rosidl_typesupport_c.cpython-310-x86_64-linux-gnu.so[0m
[3.567s] [100%] [32m[1mLinking C shared library rosidl_generator_py/action_tutorials_interfaces/action_tutorials_interfaces_s__rosidl_typesupport_introspection_c.cpython-310-x86_64-linux-gnu.so[0m
[3.588s] [100%] Built target action_tutorials_interfaces__rosidl_typesupport_c__pyext
[3.588s] [100%] Built target action_tutorials_interfaces__rosidl_typesupport_introspection_c__pyext
[3.588s] [100%] Built target action_tutorials_interfaces__rosidl_typesupport_fastrtps_c__pyext
[4.207s] Invoked command in '/home/chris/rostut/build/action_tutorials_interfaces' returned '0': CMAKE_PREFIX_PATH=${CMAKE_PREFIX_PATH}:/home/chris/rostut/install/launch_testing_examples:/home/chris/rostut/install/examples_rclpy_pointcloud_publisher:/home/chris/rostut/install/examples_rclpy_minimal_subscriber:/home/chris/rostut/install/examples_rclpy_minimal_service:/home/chris/rostut/install/examples_rclpy_minimal_publisher:/home/chris/rostut/install/examples_rclpy_minimal_client:/home/chris/rostut/install/examples_rclpy_minimal_action_server:/home/chris/rostut/install/examples_rclpy_minimal_action_client:/home/chris/rostut/install/examples_rclpy_guard_conditions:/home/chris/rostut/install/examples_rclpy_executors:/opt/ros/humble /usr/bin/cmake --build /home/chris/rostut/build/action_tutorials_interfaces -- -j20 -l20
[4.287s] Invoking command in '/home/chris/rostut/build/action_tutorials_interfaces': CMAKE_PREFIX_PATH=${CMAKE_PREFIX_PATH}:/home/chris/rostut/install/launch_testing_examples:/home/chris/rostut/install/examples_rclpy_pointcloud_publisher:/home/chris/rostut/install/examples_rclpy_minimal_subscriber:/home/chris/rostut/install/examples_rclpy_minimal_service:/home/chris/rostut/install/examples_rclpy_minimal_publisher:/home/chris/rostut/install/examples_rclpy_minimal_client:/home/chris/rostut/install/examples_rclpy_minimal_action_server:/home/chris/rostut/install/examples_rclpy_minimal_action_client:/home/chris/rostut/install/examples_rclpy_guard_conditions:/home/chris/rostut/install/examples_rclpy_executors:/opt/ros/humble /usr/bin/cmake --install /home/chris/rostut/build/action_tutorials_interfaces
[4.291s] -- Install configuration: ""
[4.292s] -- Installing: /home/chris/rostut/install/action_tutorials_interfaces/share/ament_index/resource_index/rosidl_interfaces/action_tutorials_interfaces
[4.292s] -- Installing: /home/chris/rostut/install/action_tutorials_interfaces/include/action_tutorials_interfaces/action_tutorials_interfaces
[4.292s] -- Installing: /home/chris/rostut/install/action_tutorials_interfaces/include/action_tutorials_interfaces/action_tutorials_interfaces/action
[4.292s] -- Installing: /home/chris/rostut/install/action_tutorials_interfaces/include/action_tutorials_interfaces/action_tutorials_interfaces/action/fibonacci.h
[4.292s] -- Installing: /home/chris/rostut/install/action_tutorials_interfaces/include/action_tutorials_interfaces/action_tutorials_interfaces/action/detail
[4.292s] -- Installing: /home/chris/rostut/install/action_tutorials_interfaces/include/action_tutorials_interfaces/action_tutorials_interfaces/action/detail/fibonacci__type_support.h
[4.292s] -- Installing: /home/chris/rostut/install/action_tutorials_interfaces/include/action_tutorials_interfaces/action_tutorials_interfaces/action/detail/fibonacci__functions.c
[4.292s] -- Installing: /home/chris/rostut/install/action_tutorials_interfaces/include/action_tutorials_interfaces/action_tutorials_interfaces/action/detail/fibonacci__functions.h
[4.292s] -- Installing: /home/chris/rostut/install/action_tutorials_interfaces/include/action_tutorials_interfaces/action_tutorials_interfaces/action/detail/fibonacci__struct.h
[4.292s] -- Installing: /home/chris/rostut/install/action_tutorials_interfaces/include/action_tutorials_interfaces/action_tutorials_interfaces/msg
[4.292s] -- Installing: /home/chris/rostut/install/action_tutorials_interfaces/include/action_tutorials_interfaces/action_tutorials_interfaces/msg/rosidl_generator_c__visibility_control.h
[4.292s] -- Installing: /home/chris/rostut/install/action_tutorials_interfaces/share/action_tutorials_interfaces/environment/library_path.sh
[4.292s] -- Installing: /home/chris/rostut/install/action_tutorials_interfaces/share/action_tutorials_interfaces/environment/library_path.dsv
[4.293s] -- Installing: /home/chris/rostut/install/action_tutorials_interfaces/lib/libaction_tutorials_interfaces__rosidl_generator_c.so
[4.293s] -- Set runtime path of "/home/chris/rostut/install/action_tutorials_interfaces/lib/libaction_tutorials_interfaces__rosidl_generator_c.so" to ""
[4.293s] -- Up-to-date: /home/chris/rostut/install/action_tutorials_interfaces/include/action_tutorials_interfaces/action_tutorials_interfaces
[4.293s] -- Up-to-date: /home/chris/rostut/install/action_tutorials_interfaces/include/action_tutorials_interfaces/action_tutorials_interfaces/action
[4.293s] -- Up-to-date: /home/chris/rostut/install/action_tutorials_interfaces/include/action_tutorials_interfaces/action_tutorials_interfaces/action/detail
[4.293s] -- Installing: /home/chris/rostut/install/action_tutorials_interfaces/include/action_tutorials_interfaces/action_tutorials_interfaces/action/detail/fibonacci__rosidl_typesupport_fastrtps_c.h
[4.293s] -- Up-to-date: /home/chris/rostut/install/action_tutorials_interfaces/include/action_tutorials_interfaces/action_tutorials_interfaces/msg
[4.293s] -- Installing: /home/chris/rostut/install/action_tutorials_interfaces/include/action_tutorials_interfaces/action_tutorials_interfaces/msg/rosidl_typesupport_fastrtps_c__visibility_control.h
[4.293s] -- Installing: /home/chris/rostut/install/action_tutorials_interfaces/lib/libaction_tutorials_interfaces__rosidl_typesupport_fastrtps_c.so
[4.294s] -- Set runtime path of "/home/chris/rostut/install/action_tutorials_interfaces/lib/libaction_tutorials_interfaces__rosidl_typesupport_fastrtps_c.so" to ""
[4.294s] -- Up-to-date: /home/chris/rostut/install/action_tutorials_interfaces/include/action_tutorials_interfaces/action_tutorials_interfaces
[4.295s] -- Up-to-date: /home/chris/rostut/install/action_tutorials_interfaces/include/action_tutorials_interfaces/action_tutorials_interfaces/action
[4.295s] -- Up-to-date: /home/chris/rostut/install/action_tutorials_interfaces/include/action_tutorials_interfaces/action_tutorials_interfaces/action/detail
[4.295s] -- Installing: /home/chris/rostut/install/action_tutorials_interfaces/include/action_tutorials_interfaces/action_tutorials_interfaces/action/detail/fibonacci__rosidl_typesupport_introspection_c.h
[4.295s] -- Installing: /home/chris/rostut/install/action_tutorials_interfaces/include/action_tutorials_interfaces/action_tutorials_interfaces/action/detail/fibonacci__type_support.c
[4.296s] -- Up-to-date: /home/chris/rostut/install/action_tutorials_interfaces/include/action_tutorials_interfaces/action_tutorials_interfaces/msg
[4.296s] -- Installing: /home/chris/rostut/install/action_tutorials_interfaces/include/action_tutorials_interfaces/action_tutorials_interfaces/msg/rosidl_typesupport_introspection_c__visibility_control.h
[4.296s] -- Installing: /home/chris/rostut/install/action_tutorials_interfaces/lib/libaction_tutorials_interfaces__rosidl_typesupport_introspection_c.so
[4.296s] -- Set runtime path of "/home/chris/rostut/install/action_tutorials_interfaces/lib/libaction_tutorials_interfaces__rosidl_typesupport_introspection_c.so" to ""
[4.296s] -- Installing: /home/chris/rostut/install/action_tutorials_interfaces/lib/libaction_tutorials_interfaces__rosidl_typesupport_c.so
[4.296s] -- Set runtime path of "/home/chris/rostut/install/action_tutorials_interfaces/lib/libaction_tutorials_interfaces__rosidl_typesupport_c.so" to ""
[4.296s] -- Up-to-date: /home/chris/rostut/install/action_tutorials_interfaces/include/action_tutorials_interfaces/action_tutorials_interfaces
[4.296s] -- Up-to-date: /home/chris/rostut/install/action_tutorials_interfaces/include/action_tutorials_interfaces/action_tutorials_interfaces/action
[4.296s] -- Up-to-date: /home/chris/rostut/install/action_tutorials_interfaces/include/action_tutorials_interfaces/action_tutorials_interfaces/action/detail
[4.296s] -- Installing: /home/chris/rostut/install/action_tutorials_interfaces/include/action_tutorials_interfaces/action_tutorials_interfaces/action/detail/fibonacci__builder.hpp
[4.298s] -- Installing: /home/chris/rostut/install/action_tutorials_interfaces/include/action_tutorials_interfaces/action_tutorials_interfaces/action/detail/fibonacci__struct.hpp
[4.298s] -- Installing: /home/chris/rostut/install/action_tutorials_interfaces/include/action_tutorials_interfaces/action_tutorials_interfaces/action/detail/fibonacci__traits.hpp
[4.298s] -- Installing: /home/chris/rostut/install/action_tutorials_interfaces/include/action_tutorials_interfaces/action_tutorials_interfaces/action/fibonacci.hpp
[4.298s] -- Up-to-date: /home/chris/rostut/install/action_tutorials_interfaces/include/action_tutorials_interfaces/action_tutorials_interfaces
[4.298s] -- Up-to-date: /home/chris/rostut/install/action_tutorials_interfaces/include/action_tutorials_interfaces/action_tutorials_interfaces/action
[4.298s] -- Up-to-date: /home/chris/rostut/install/action_tutorials_interfaces/include/action_tutorials_interfaces/action_tutorials_interfaces/action/detail
[4.298s] -- Installing: /home/chris/rostut/install/action_tutorials_interfaces/include/action_tutorials_interfaces/action_tutorials_interfaces/action/detail/dds_fastrtps
[4.298s] -- Installing: /home/chris/rostut/install/action_tutorials_interfaces/include/action_tutorials_interfaces/action_tutorials_interfaces/action/detail/fibonacci__rosidl_typesupport_fastrtps_cpp.hpp
[4.299s] -- Up-to-date: /home/chris/rostut/install/action_tutorials_interfaces/include/action_tutorials_interfaces/action_tutorials_interfaces/msg
[4.299s] -- Installing: /home/chris/rostut/install/action_tutorials_interfaces/include/action_tutorials_interfaces/action_tutorials_interfaces/msg/rosidl_typesupport_fastrtps_cpp__visibility_control.h
[4.299s] -- Installing: /home/chris/rostut/install/action_tutorials_interfaces/lib/libaction_tutorials_interfaces__rosidl_typesupport_fastrtps_cpp.so
[4.299s] -- Set runtime path of "/home/chris/rostut/install/action_tutorials_interfaces/lib/libaction_tutorials_interfaces__rosidl_typesupport_fastrtps_cpp.so" to ""
[4.299s] -- Up-to-date: /home/chris/rostut/install/action_tutorials_interfaces/include/action_tutorials_interfaces/action_tutorials_interfaces
[4.299s] -- Up-to-date: /home/chris/rostut/install/action_tutorials_interfaces/include/action_tutorials_interfaces/action_tutorials_interfaces/action
[4.299s] -- Up-to-date: /home/chris/rostut/install/action_tutorials_interfaces/include/action_tutorials_interfaces/action_tutorials_interfaces/action/detail
[4.299s] -- Installing: /home/chris/rostut/install/action_tutorials_interfaces/include/action_tutorials_interfaces/action_tutorials_interfaces/action/detail/fibonacci__rosidl_typesupport_introspection_cpp.hpp
[4.299s] -- Installing: /home/chris/rostut/install/action_tutorials_interfaces/include/action_tutorials_interfaces/action_tutorials_interfaces/action/detail/fibonacci__type_support.cpp
[4.300s] -- Installing: /home/chris/rostut/install/action_tutorials_interfaces/lib/libaction_tutorials_interfaces__rosidl_typesupport_introspection_cpp.so
[4.300s] -- Set runtime path of "/home/chris/rostut/install/action_tutorials_interfaces/lib/libaction_tutorials_interfaces__rosidl_typesupport_introspection_cpp.so" to ""
[4.300s] -- Installing: /home/chris/rostut/install/action_tutorials_interfaces/lib/libaction_tutorials_interfaces__rosidl_typesupport_cpp.so
[4.300s] -- Set runtime path of "/home/chris/rostut/install/action_tutorials_interfaces/lib/libaction_tutorials_interfaces__rosidl_typesupport_cpp.so" to ""
[4.300s] -- Installing: /home/chris/rostut/install/action_tutorials_interfaces/share/action_tutorials_interfaces/environment/pythonpath.sh
[4.300s] -- Installing: /home/chris/rostut/install/action_tutorials_interfaces/share/action_tutorials_interfaces/environment/pythonpath.dsv
[4.300s] -- Installing: /home/chris/rostut/install/action_tutorials_interfaces/local/lib/python3.10/dist-packages/action_tutorials_interfaces-0.0.0-py3.10.egg-info
[4.301s] -- Installing: /home/chris/rostut/install/action_tutorials_interfaces/local/lib/python3.10/dist-packages/action_tutorials_interfaces-0.0.0-py3.10.egg-info/dependency_links.txt
[4.301s] -- Installing: /home/chris/rostut/install/action_tutorials_interfaces/local/lib/python3.10/dist-packages/action_tutorials_interfaces-0.0.0-py3.10.egg-info/PKG-INFO
[4.301s] -- Installing: /home/chris/rostut/install/action_tutorials_interfaces/local/lib/python3.10/dist-packages/action_tutorials_interfaces-0.0.0-py3.10.egg-info/top_level.txt
[4.301s] -- Installing: /home/chris/rostut/install/action_tutorials_interfaces/local/lib/python3.10/dist-packages/action_tutorials_interfaces-0.0.0-py3.10.egg-info/SOURCES.txt
[4.301s] -- Installing: /home/chris/rostut/install/action_tutorials_interfaces/local/lib/python3.10/dist-packages/action_tutorials_interfaces
[4.301s] -- Installing: /home/chris/rostut/install/action_tutorials_interfaces/local/lib/python3.10/dist-packages/action_tutorials_interfaces/action
[4.301s] -- Installing: /home/chris/rostut/install/action_tutorials_interfaces/local/lib/python3.10/dist-packages/action_tutorials_interfaces/action/_fibonacci.py
[4.301s] -- Installing: /home/chris/rostut/install/action_tutorials_interfaces/local/lib/python3.10/dist-packages/action_tutorials_interfaces/action/__init__.py
[4.301s] -- Installing: /home/chris/rostut/install/action_tutorials_interfaces/local/lib/python3.10/dist-packages/action_tutorials_interfaces/action/_fibonacci_s.c
[4.301s] -- Installing: /home/chris/rostut/install/action_tutorials_interfaces/local/lib/python3.10/dist-packages/action_tutorials_interfaces/_action_tutorials_interfaces_s.ep.rosidl_typesupport_introspection_c.c
[4.302s] -- Installing: /home/chris/rostut/install/action_tutorials_interfaces/local/lib/python3.10/dist-packages/action_tutorials_interfaces/_action_tutorials_interfaces_s.ep.rosidl_typesupport_c.c
[4.302s] -- Installing: /home/chris/rostut/install/action_tutorials_interfaces/local/lib/python3.10/dist-packages/action_tutorials_interfaces/__init__.py
[4.302s] -- Installing: /home/chris/rostut/install/action_tutorials_interfaces/local/lib/python3.10/dist-packages/action_tutorials_interfaces/libaction_tutorials_interfaces__rosidl_generator_py.so
[4.302s] -- Installing: /home/chris/rostut/install/action_tutorials_interfaces/local/lib/python3.10/dist-packages/action_tutorials_interfaces/_action_tutorials_interfaces_s.ep.rosidl_typesupport_fastrtps_c.c
[4.302s] -- Installing: /home/chris/rostut/install/action_tutorials_interfaces/local/lib/python3.10/dist-packages/action_tutorials_interfaces/action_tutorials_interfaces_s__rosidl_typesupport_fastrtps_c.cpython-310-x86_64-linux-gnu.so
[4.302s] -- Installing: /home/chris/rostut/install/action_tutorials_interfaces/local/lib/python3.10/dist-packages/action_tutorials_interfaces/action_tutorials_interfaces_s__rosidl_typesupport_introspection_c.cpython-310-x86_64-linux-gnu.so
[4.303s] -- Installing: /home/chris/rostut/install/action_tutorials_interfaces/local/lib/python3.10/dist-packages/action_tutorials_interfaces/action_tutorials_interfaces_s__rosidl_typesupport_c.cpython-310-x86_64-linux-gnu.so
[4.329s] Listing '/home/chris/rostut/install/action_tutorials_interfaces/local/lib/python3.10/dist-packages/action_tutorials_interfaces'...
[4.329s] Compiling '/home/chris/rostut/install/action_tutorials_interfaces/local/lib/python3.10/dist-packages/action_tutorials_interfaces/__init__.py'...
[4.330s] Listing '/home/chris/rostut/install/action_tutorials_interfaces/local/lib/python3.10/dist-packages/action_tutorials_interfaces/action'...
[4.330s] Compiling '/home/chris/rostut/install/action_tutorials_interfaces/local/lib/python3.10/dist-packages/action_tutorials_interfaces/action/__init__.py'...
[4.330s] Compiling '/home/chris/rostut/install/action_tutorials_interfaces/local/lib/python3.10/dist-packages/action_tutorials_interfaces/action/_fibonacci.py'...
[4.333s] -- Installing: /home/chris/rostut/install/action_tutorials_interfaces/local/lib/python3.10/dist-packages/action_tutorials_interfaces/action_tutorials_interfaces_s__rosidl_typesupport_fastrtps_c.cpython-310-x86_64-linux-gnu.so
[4.333s] -- Set runtime path of "/home/chris/rostut/install/action_tutorials_interfaces/local/lib/python3.10/dist-packages/action_tutorials_interfaces/action_tutorials_interfaces_s__rosidl_typesupport_fastrtps_c.cpython-310-x86_64-linux-gnu.so" to ""
[4.333s] -- Installing: /home/chris/rostut/install/action_tutorials_interfaces/local/lib/python3.10/dist-packages/action_tutorials_interfaces/action_tutorials_interfaces_s__rosidl_typesupport_introspection_c.cpython-310-x86_64-linux-gnu.so
[4.333s] -- Set runtime path of "/home/chris/rostut/install/action_tutorials_interfaces/local/lib/python3.10/dist-packages/action_tutorials_interfaces/action_tutorials_interfaces_s__rosidl_typesupport_introspection_c.cpython-310-x86_64-linux-gnu.so" to ""
[4.333s] -- Installing: /home/chris/rostut/install/action_tutorials_interfaces/local/lib/python3.10/dist-packages/action_tutorials_interfaces/action_tutorials_interfaces_s__rosidl_typesupport_c.cpython-310-x86_64-linux-gnu.so
[4.333s] -- Set runtime path of "/home/chris/rostut/install/action_tutorials_interfaces/local/lib/python3.10/dist-packages/action_tutorials_interfaces/action_tutorials_interfaces_s__rosidl_typesupport_c.cpython-310-x86_64-linux-gnu.so" to ""
[4.333s] -- Installing: /home/chris/rostut/install/action_tutorials_interfaces/lib/libaction_tutorials_interfaces__rosidl_generator_py.so
[4.333s] -- Set runtime path of "/home/chris/rostut/install/action_tutorials_interfaces/lib/libaction_tutorials_interfaces__rosidl_generator_py.so" to ""
[4.333s] -- Installing: /home/chris/rostut/install/action_tutorials_interfaces/share/action_tutorials_interfaces/action/Fibonacci.idl
[4.333s] -- Installing: /home/chris/rostut/install/action_tutorials_interfaces/share/action_tutorials_interfaces/action/Fibonacci.action
[4.334s] -- Installing: /home/chris/rostut/install/action_tutorials_interfaces/share/ament_index/resource_index/package_run_dependencies/action_tutorials_interfaces
[4.334s] -- Installing: /home/chris/rostut/install/action_tutorials_interfaces/share/ament_index/resource_index/parent_prefix_path/action_tutorials_interfaces
[4.334s] -- Installing: /home/chris/rostut/install/action_tutorials_interfaces/share/action_tutorials_interfaces/environment/ament_prefix_path.sh
[4.334s] -- Installing: /home/chris/rostut/install/action_tutorials_interfaces/share/action_tutorials_interfaces/environment/ament_prefix_path.dsv
[4.334s] -- Installing: /home/chris/rostut/install/action_tutorials_interfaces/share/action_tutorials_interfaces/environment/path.sh
[4.334s] -- Installing: /home/chris/rostut/install/action_tutorials_interfaces/share/action_tutorials_interfaces/environment/path.dsv
[4.334s] -- Installing: /home/chris/rostut/install/action_tutorials_interfaces/share/action_tutorials_interfaces/local_setup.bash
[4.334s] -- Installing: /home/chris/rostut/install/action_tutorials_interfaces/share/action_tutorials_interfaces/local_setup.sh
[4.334s] -- Installing: /home/chris/rostut/install/action_tutorials_interfaces/share/action_tutorials_interfaces/local_setup.zsh
[4.334s] -- Installing: /home/chris/rostut/install/action_tutorials_interfaces/share/action_tutorials_interfaces/local_setup.dsv
[4.334s] -- Installing: /home/chris/rostut/install/action_tutorials_interfaces/share/action_tutorials_interfaces/package.dsv
[4.335s] -- Installing: /home/chris/rostut/install/action_tutorials_interfaces/share/ament_index/resource_index/packages/action_tutorials_interfaces
[4.335s] -- Installing: /home/chris/rostut/install/action_tutorials_interfaces/share/action_tutorials_interfaces/cmake/export_action_tutorials_interfaces__rosidl_generator_cExport.cmake
[4.336s] -- Installing: /home/chris/rostut/install/action_tutorials_interfaces/share/action_tutorials_interfaces/cmake/export_action_tutorials_interfaces__rosidl_generator_cExport-noconfig.cmake
[4.336s] -- Installing: /home/chris/rostut/install/action_tutorials_interfaces/share/action_tutorials_interfaces/cmake/export_action_tutorials_interfaces__rosidl_typesupport_fastrtps_cExport.cmake
[4.336s] -- Installing: /home/chris/rostut/install/action_tutorials_interfaces/share/action_tutorials_interfaces/cmake/export_action_tutorials_interfaces__rosidl_typesupport_fastrtps_cExport-noconfig.cmake
[4.336s] -- Installing: /home/chris/rostut/install/action_tutorials_interfaces/share/action_tutorials_interfaces/cmake/action_tutorials_interfaces__rosidl_typesupport_introspection_cExport.cmake
[4.336s] -- Installing: /home/chris/rostut/install/action_tutorials_interfaces/share/action_tutorials_interfaces/cmake/action_tutorials_interfaces__rosidl_typesupport_introspection_cExport-noconfig.cmake
[4.336s] -- Installing: /home/chris/rostut/install/action_tutorials_interfaces/share/action_tutorials_interfaces/cmake/action_tutorials_interfaces__rosidl_typesupport_cExport.cmake
[4.336s] -- Installing: /home/chris/rostut/install/action_tutorials_interfaces/share/action_tutorials_interfaces/cmake/action_tutorials_interfaces__rosidl_typesupport_cExport-noconfig.cmake
[4.337s] -- Installing: /home/chris/rostut/install/action_tutorials_interfaces/share/action_tutorials_interfaces/cmake/export_action_tutorials_interfaces__rosidl_generator_cppExport.cmake
[4.337s] -- Installing: /home/chris/rostut/install/action_tutorials_interfaces/share/action_tutorials_interfaces/cmake/export_action_tutorials_interfaces__rosidl_typesupport_fastrtps_cppExport.cmake
[4.337s] -- Installing: /home/chris/rostut/install/action_tutorials_interfaces/share/action_tutorials_interfaces/cmake/export_action_tutorials_interfaces__rosidl_typesupport_fastrtps_cppExport-noconfig.cmake
[4.337s] -- Installing: /home/chris/rostut/install/action_tutorials_interfaces/share/action_tutorials_interfaces/cmake/action_tutorials_interfaces__rosidl_typesupport_introspection_cppExport.cmake
[4.337s] -- Installing: /home/chris/rostut/install/action_tutorials_interfaces/share/action_tutorials_interfaces/cmake/action_tutorials_interfaces__rosidl_typesupport_introspection_cppExport-noconfig.cmake
[4.337s] -- Installing: /home/chris/rostut/install/action_tutorials_interfaces/share/action_tutorials_interfaces/cmake/action_tutorials_interfaces__rosidl_typesupport_cppExport.cmake
[4.337s] -- Installing: /home/chris/rostut/install/action_tutorials_interfaces/share/action_tutorials_interfaces/cmake/action_tutorials_interfaces__rosidl_typesupport_cppExport-noconfig.cmake
[4.337s] -- Installing: /home/chris/rostut/install/action_tutorials_interfaces/share/action_tutorials_interfaces/cmake/export_action_tutorials_interfaces__rosidl_generator_pyExport.cmake
[4.337s] -- Installing: /home/chris/rostut/install/action_tutorials_interfaces/share/action_tutorials_interfaces/cmake/export_action_tutorials_interfaces__rosidl_generator_pyExport-noconfig.cmake
[4.337s] -- Installing: /home/chris/rostut/install/action_tutorials_interfaces/share/action_tutorials_interfaces/cmake/rosidl_cmake-extras.cmake
[4.338s] -- Installing: /home/chris/rostut/install/action_tutorials_interfaces/share/action_tutorials_interfaces/cmake/ament_cmake_export_dependencies-extras.cmake
[4.338s] -- Installing: /home/chris/rostut/install/action_tutorials_interfaces/share/action_tutorials_interfaces/cmake/ament_cmake_export_include_directories-extras.cmake
[4.338s] -- Installing: /home/chris/rostut/install/action_tutorials_interfaces/share/action_tutorials_interfaces/cmake/ament_cmake_export_libraries-extras.cmake
[4.338s] -- Installing: /home/chris/rostut/install/action_tutorials_interfaces/share/action_tutorials_interfaces/cmake/ament_cmake_export_targets-extras.cmake
[4.338s] -- Installing: /home/chris/rostut/install/action_tutorials_interfaces/share/action_tutorials_interfaces/cmake/rosidl_cmake_export_typesupport_targets-extras.cmake
[4.338s] -- Installing: /home/chris/rostut/install/action_tutorials_interfaces/share/action_tutorials_interfaces/cmake/rosidl_cmake_export_typesupport_libraries-extras.cmake
[4.338s] -- Installing: /home/chris/rostut/install/action_tutorials_interfaces/share/action_tutorials_interfaces/cmake/action_tutorials_interfacesConfig.cmake
[4.338s] -- Installing: /home/chris/rostut/install/action_tutorials_interfaces/share/action_tutorials_interfaces/cmake/action_tutorials_interfacesConfig-version.cmake
[4.338s] -- Installing: /home/chris/rostut/install/action_tutorials_interfaces/share/action_tutorials_interfaces/package.xml
[4.396s] Invoked command in '/home/chris/rostut/build/action_tutorials_interfaces' returned '0': CMAKE_PREFIX_PATH=${CMAKE_PREFIX_PATH}:/home/chris/rostut/install/launch_testing_examples:/home/chris/rostut/install/examples_rclpy_pointcloud_publisher:/home/chris/rostut/install/examples_rclpy_minimal_subscriber:/home/chris/rostut/install/examples_rclpy_minimal_service:/home/chris/rostut/install/examples_rclpy_minimal_publisher:/home/chris/rostut/install/examples_rclpy_minimal_client:/home/chris/rostut/install/examples_rclpy_minimal_action_server:/home/chris/rostut/install/examples_rclpy_minimal_action_client:/home/chris/rostut/install/examples_rclpy_guard_conditions:/home/chris/rostut/install/examples_rclpy_executors:/opt/ros/humble /usr/bin/cmake --install /home/chris/rostut/build/action_tutorials_interfaces
