[0.037s] Invoking command in '/home/chris/rostut/build/tutorial_interfaces': CMAKE_PREFIX_PATH=${CMAKE_PREFIX_PATH}:/home/chris/rostut/install/launch_testing_examples:/home/chris/rostut/install/examples_rclpy_pointcloud_publisher:/home/chris/rostut/install/examples_rclpy_minimal_subscriber:/home/chris/rostut/install/examples_rclpy_minimal_service:/home/chris/rostut/install/examples_rclpy_minimal_publisher:/home/chris/rostut/install/examples_rclpy_minimal_client:/home/chris/rostut/install/examples_rclpy_minimal_action_server:/home/chris/rostut/install/examples_rclpy_minimal_action_client:/home/chris/rostut/install/examples_rclpy_guard_conditions:/home/chris/rostut/install/examples_rclpy_executors:/opt/ros/humble /usr/bin/cmake /home/chris/rostut/src/tutorial_interfaces -DCMAKE_INSTALL_PREFIX=/home/chris/rostut/install/tutorial_interfaces
[0.068s] -- The C compiler identification is GNU 11.4.0
[0.097s] -- The CXX compiler identification is GNU 11.4.0
[0.101s] -- Detecting C compiler ABI info
[0.139s] -- Detecting C compiler ABI info - done
[0.143s] -- Check for working C compiler: /usr/bin/cc - skipped
[0.144s] -- Detecting C compile features
[0.144s] -- Detecting C compile features - done
[0.145s] -- Detecting CXX compiler ABI info
[0.186s] -- Detecting CXX compiler ABI info - done
[0.189s] -- Check for working CXX compiler: /usr/bin/c++ - skipped
[0.189s] -- Detecting CXX compile features
[0.190s] -- Detecting CXX compile features - done
[0.191s] -- Found ament_cmake: 1.3.6 (/opt/ros/humble/share/ament_cmake/cmake)
[0.301s] -- Found Python3: /usr/bin/python3.10 (found version "3.10.12") found components: Interpreter 
[0.361s] -- Found geometry_msgs: 4.2.3 (/opt/ros/humble/share/geometry_msgs/cmake)
[0.388s] -- Found rosidl_generator_c: 3.1.5 (/opt/ros/humble/share/rosidl_generator_c/cmake)
[0.392s] -- Found rosidl_adapter: 3.1.5 (/opt/ros/humble/share/rosidl_adapter/cmake)
[0.398s] -- Found rosidl_generator_cpp: 3.1.5 (/opt/ros/humble/share/rosidl_generator_cpp/cmake)
[0.407s] -- Using all available rosidl_typesupport_c: rosidl_typesupport_fastrtps_c;rosidl_typesupport_introspection_c
[0.420s] -- Using all available rosidl_typesupport_cpp: rosidl_typesupport_fastrtps_cpp;rosidl_typesupport_introspection_cpp
[0.489s] -- Found rosidl_default_generators: 1.2.0 (/opt/ros/humble/share/rosidl_default_generators/cmake)
[0.683s] -- Found ament_cmake_ros: 0.10.0 (/opt/ros/humble/share/ament_cmake_ros/cmake)
[0.943s] -- Using all available rosidl_typesupport_c: rosidl_typesupport_fastrtps_c;rosidl_typesupport_introspection_c
[1.042s] -- Using all available rosidl_typesupport_cpp: rosidl_typesupport_fastrtps_cpp;rosidl_typesupport_introspection_cpp
[1.056s] -- Found PythonInterp: /usr/bin/python3 (found suitable version "3.10.12", minimum required is "3.6") 
[1.057s] -- Found python_cmake_module: 0.10.0 (/opt/ros/humble/share/python_cmake_module/cmake)
[1.075s] -- Found PythonLibs: /usr/lib/x86_64-linux-gnu/libpython3.10.so (found suitable version "3.10.12", minimum required is "3.5") 
[1.075s] -- Using PYTHON_EXECUTABLE: /usr/bin/python3
[1.075s] -- Using PYTHON_INCLUDE_DIRS: /usr/include/python3.10
[1.075s] -- Using PYTHON_LIBRARIES: /usr/lib/x86_64-linux-gnu/libpython3.10.so
[1.089s] -- Found PythonExtra: .so  
[1.129s] -- Found ament_lint_auto: 0.12.9 (/opt/ros/humble/share/ament_lint_auto/cmake)
[1.143s] -- Added test 'lint_cmake' to check CMake code style
[1.143s] -- Added test 'xmllint' to check XML markup files
[1.145s] -- Configuring done
[1.162s] -- Generating done
[1.163s] -- Build files have been written to: /home/chris/rostut/build/tutorial_interfaces
[1.169s] Invoked command in '/home/chris/rostut/build/tutorial_interfaces' returned '0': CMAKE_PREFIX_PATH=${CMAKE_PREFIX_PATH}:/home/chris/rostut/install/launch_testing_examples:/home/chris/rostut/install/examples_rclpy_pointcloud_publisher:/home/chris/rostut/install/examples_rclpy_minimal_subscriber:/home/chris/rostut/install/examples_rclpy_minimal_service:/home/chris/rostut/install/examples_rclpy_minimal_publisher:/home/chris/rostut/install/examples_rclpy_minimal_client:/home/chris/rostut/install/examples_rclpy_minimal_action_server:/home/chris/rostut/install/examples_rclpy_minimal_action_client:/home/chris/rostut/install/examples_rclpy_guard_conditions:/home/chris/rostut/install/examples_rclpy_executors:/opt/ros/humble /usr/bin/cmake /home/chris/rostut/src/tutorial_interfaces -DCMAKE_INSTALL_PREFIX=/home/chris/rostut/install/tutorial_interfaces
[1.170s] Invoking command in '/home/chris/rostut/build/tutorial_interfaces': CMAKE_PREFIX_PATH=${CMAKE_PREFIX_PATH}:/home/chris/rostut/install/launch_testing_examples:/home/chris/rostut/install/examples_rclpy_pointcloud_publisher:/home/chris/rostut/install/examples_rclpy_minimal_subscriber:/home/chris/rostut/install/examples_rclpy_minimal_service:/home/chris/rostut/install/examples_rclpy_minimal_publisher:/home/chris/rostut/install/examples_rclpy_minimal_client:/home/chris/rostut/install/examples_rclpy_minimal_action_server:/home/chris/rostut/install/examples_rclpy_minimal_action_client:/home/chris/rostut/install/examples_rclpy_guard_conditions:/home/chris/rostut/install/examples_rclpy_executors:/opt/ros/humble /usr/bin/cmake --build /home/chris/rostut/build/tutorial_interfaces -- -j20 -l20
[1.190s] [  2%] [34m[1mGenerating C code for ROS interfaces[0m
[1.195s] [  4%] [34m[1mGenerating C++ code for ROS interfaces[0m
[1.199s] [  4%] Built target ament_cmake_python_copy_tutorial_interfaces
[1.333s] running egg_info
[1.333s] creating tutorial_interfaces.egg-info
[1.334s] writing tutorial_interfaces.egg-info/PKG-INFO
[1.334s] writing dependency_links to tutorial_interfaces.egg-info/dependency_links.txt
[1.334s] writing top-level names to tutorial_interfaces.egg-info/top_level.txt
[1.334s] writing manifest file 'tutorial_interfaces.egg-info/SOURCES.txt'
[1.335s] reading manifest file 'tutorial_interfaces.egg-info/SOURCES.txt'
[1.335s] writing manifest file 'tutorial_interfaces.egg-info/SOURCES.txt'
[1.350s] [  4%] Built target ament_cmake_python_build_tutorial_interfaces_egg
[1.384s] [  4%] Built target tutorial_interfaces__cpp
[1.389s] [  6%] [34m[1mGenerating C++ type support dispatch for ROS interfaces[0m
[1.389s] [  8%] [34m[1mGenerating C++ type support for eProsima Fast-RTPS[0m
[1.389s] [ 10%] [34m[1mGenerating C++ introspection for ROS interfaces[0m
[1.438s] [ 17%] [32mBuilding C object CMakeFiles/tutorial_interfaces__rosidl_generator_c.dir/rosidl_generator_c/tutorial_interfaces/msg/detail/num__functions.c.o[0m
[1.439s] [ 17%] [32mBuilding C object CMakeFiles/tutorial_interfaces__rosidl_generator_c.dir/rosidl_generator_c/tutorial_interfaces/srv/detail/add_three_ints__functions.c.o[0m
[1.439s] [ 17%] [32mBuilding C object CMakeFiles/tutorial_interfaces__rosidl_generator_c.dir/rosidl_generator_c/tutorial_interfaces/msg/detail/sphere__functions.c.o[0m
[1.479s] [ 19%] [32m[1mLinking C shared library libtutorial_interfaces__rosidl_generator_c.so[0m
[1.501s] [ 19%] Built target tutorial_interfaces__rosidl_generator_c
[1.508s] [ 23%] [34m[1mGenerating C introspection for ROS interfaces[0m
[1.508s] [ 23%] [34m[1mGenerating C type support for eProsima Fast-RTPS[0m
[1.508s] [ 25%] [34m[1mGenerating C type support dispatch for ROS interfaces[0m
[1.601s] [ 27%] [32mBuilding CXX object CMakeFiles/tutorial_interfaces__rosidl_typesupport_introspection_cpp.dir/rosidl_typesupport_introspection_cpp/tutorial_interfaces/srv/detail/add_three_ints__type_support.cpp.o[0m
[1.602s] [ 29%] [32mBuilding CXX object CMakeFiles/tutorial_interfaces__rosidl_typesupport_introspection_cpp.dir/rosidl_typesupport_introspection_cpp/tutorial_interfaces/msg/detail/num__type_support.cpp.o[0m
[1.602s] [ 31%] [32mBuilding CXX object CMakeFiles/tutorial_interfaces__rosidl_typesupport_introspection_cpp.dir/rosidl_typesupport_introspection_cpp/tutorial_interfaces/msg/detail/sphere__type_support.cpp.o[0m
[1.620s] [ 36%] [32mBuilding CXX object CMakeFiles/tutorial_interfaces__rosidl_typesupport_fastrtps_cpp.dir/rosidl_typesupport_fastrtps_cpp/tutorial_interfaces/msg/detail/dds_fastrtps/sphere__type_support.cpp.o[0m
[1.620s] [ 36%] [32mBuilding CXX object CMakeFiles/tutorial_interfaces__rosidl_typesupport_fastrtps_cpp.dir/rosidl_typesupport_fastrtps_cpp/tutorial_interfaces/msg/detail/dds_fastrtps/num__type_support.cpp.o[0m
[1.622s] [ 38%] [32mBuilding CXX object CMakeFiles/tutorial_interfaces__rosidl_typesupport_cpp.dir/rosidl_typesupport_cpp/tutorial_interfaces/msg/num__type_support.cpp.o[0m
[1.622s] [ 40%] [32mBuilding CXX object CMakeFiles/tutorial_interfaces__rosidl_typesupport_fastrtps_cpp.dir/rosidl_typesupport_fastrtps_cpp/tutorial_interfaces/srv/detail/dds_fastrtps/add_three_ints__type_support.cpp.o[0m
[1.624s] [ 44%] [32mBuilding CXX object CMakeFiles/tutorial_interfaces__rosidl_typesupport_cpp.dir/rosidl_typesupport_cpp/tutorial_interfaces/srv/add_three_ints__type_support.cpp.o[0m
[1.625s] [ 44%] [32mBuilding CXX object CMakeFiles/tutorial_interfaces__rosidl_typesupport_cpp.dir/rosidl_typesupport_cpp/tutorial_interfaces/msg/sphere__type_support.cpp.o[0m
[1.708s] [ 46%] [32mBuilding CXX object CMakeFiles/tutorial_interfaces__rosidl_typesupport_c.dir/rosidl_typesupport_c/tutorial_interfaces/msg/num__type_support.cpp.o[0m
[1.710s] [ 51%] [32mBuilding CXX object CMakeFiles/tutorial_interfaces__rosidl_typesupport_c.dir/rosidl_typesupport_c/tutorial_interfaces/msg/sphere__type_support.cpp.o[0m
[1.711s] [ 51%] [32mBuilding CXX object CMakeFiles/tutorial_interfaces__rosidl_typesupport_c.dir/rosidl_typesupport_c/tutorial_interfaces/srv/add_three_ints__type_support.cpp.o[0m
[1.733s] [ 53%] [32mBuilding C object CMakeFiles/tutorial_interfaces__rosidl_typesupport_introspection_c.dir/rosidl_typesupport_introspection_c/tutorial_interfaces/msg/detail/num__type_support.c.o[0m
[1.733s] [ 55%] [32mBuilding C object CMakeFiles/tutorial_interfaces__rosidl_typesupport_introspection_c.dir/rosidl_typesupport_introspection_c/tutorial_interfaces/msg/detail/sphere__type_support.c.o[0m
[1.734s] [ 57%] [32mBuilding C object CMakeFiles/tutorial_interfaces__rosidl_typesupport_introspection_c.dir/rosidl_typesupport_introspection_c/tutorial_interfaces/srv/detail/add_three_ints__type_support.c.o[0m
[1.742s] [ 59%] [32m[1mLinking CXX shared library libtutorial_interfaces__rosidl_typesupport_c.so[0m
[1.748s] [ 63%] [32mBuilding CXX object CMakeFiles/tutorial_interfaces__rosidl_typesupport_fastrtps_c.dir/rosidl_typesupport_fastrtps_c/tutorial_interfaces/srv/detail/add_three_ints__type_support_c.cpp.o[0m
[1.748s] [ 63%] [32mBuilding CXX object CMakeFiles/tutorial_interfaces__rosidl_typesupport_fastrtps_c.dir/rosidl_typesupport_fastrtps_c/tutorial_interfaces/msg/detail/sphere__type_support_c.cpp.o[0m
[1.749s] [ 65%] [32mBuilding CXX object CMakeFiles/tutorial_interfaces__rosidl_typesupport_fastrtps_c.dir/rosidl_typesupport_fastrtps_c/tutorial_interfaces/msg/detail/num__type_support_c.cpp.o[0m
[1.764s] [ 68%] [32m[1mLinking C shared library libtutorial_interfaces__rosidl_typesupport_introspection_c.so[0m
[1.772s] [ 68%] Built target tutorial_interfaces__rosidl_typesupport_c
[1.786s] [ 68%] Built target tutorial_interfaces__rosidl_typesupport_introspection_c
[1.930s] [ 70%] [32m[1mLinking CXX shared library libtutorial_interfaces__rosidl_typesupport_cpp.so[0m
[1.954s] [ 70%] Built target tutorial_interfaces__rosidl_typesupport_cpp
[1.966s] [ 72%] [32m[1mLinking CXX shared library libtutorial_interfaces__rosidl_typesupport_fastrtps_c.so[0m
[1.980s] [ 74%] [32m[1mLinking CXX shared library libtutorial_interfaces__rosidl_typesupport_introspection_cpp.so[0m
[1.985s] [ 76%] [32m[1mLinking CXX shared library libtutorial_interfaces__rosidl_typesupport_fastrtps_cpp.so[0m
[2.008s] [ 76%] Built target tutorial_interfaces__rosidl_typesupport_fastrtps_c
[2.016s] [ 76%] Built target tutorial_interfaces__rosidl_typesupport_introspection_cpp
[2.026s] [ 76%] Built target tutorial_interfaces__rosidl_typesupport_fastrtps_cpp
[2.036s] [ 76%] Built target tutorial_interfaces
[2.045s] [ 78%] [34m[1mGenerating Python code for ROS interfaces[0m
[2.295s] [ 78%] Built target tutorial_interfaces__py
[2.304s] [ 80%] [32mBuilding C object CMakeFiles/tutorial_interfaces__rosidl_generator_py.dir/rosidl_generator_py/tutorial_interfaces/msg/_num_s.c.o[0m
[2.304s] [ 82%] [32mBuilding C object CMakeFiles/tutorial_interfaces__rosidl_generator_py.dir/rosidl_generator_py/tutorial_interfaces/msg/_sphere_s.c.o[0m
[2.304s] [ 85%] [32mBuilding C object CMakeFiles/tutorial_interfaces__rosidl_generator_py.dir/rosidl_generator_py/tutorial_interfaces/srv/_add_three_ints_s.c.o[0m
[2.358s] [ 87%] [32m[1mLinking C shared library rosidl_generator_py/tutorial_interfaces/libtutorial_interfaces__rosidl_generator_py.so[0m
[2.378s] [ 87%] Built target tutorial_interfaces__rosidl_generator_py
[2.388s] [ 89%] [32mBuilding C object CMakeFiles/tutorial_interfaces__rosidl_typesupport_fastrtps_c__pyext.dir/rosidl_generator_py/tutorial_interfaces/_tutorial_interfaces_s.ep.rosidl_typesupport_fastrtps_c.c.o[0m
[2.388s] [ 91%] [32mBuilding C object CMakeFiles/tutorial_interfaces__rosidl_typesupport_introspection_c__pyext.dir/rosidl_generator_py/tutorial_interfaces/_tutorial_interfaces_s.ep.rosidl_typesupport_introspection_c.c.o[0m
[2.388s] [ 93%] [32mBuilding C object CMakeFiles/tutorial_interfaces__rosidl_typesupport_c__pyext.dir/rosidl_generator_py/tutorial_interfaces/_tutorial_interfaces_s.ep.rosidl_typesupport_c.c.o[0m
[2.443s] [100%] [32m[1mLinking C shared library rosidl_generator_py/tutorial_interfaces/tutorial_interfaces_s__rosidl_typesupport_fastrtps_c.cpython-310-x86_64-linux-gnu.so[0m
[2.443s] [100%] [32m[1mLinking C shared library rosidl_generator_py/tutorial_interfaces/tutorial_interfaces_s__rosidl_typesupport_introspection_c.cpython-310-x86_64-linux-gnu.so[0m
[2.443s] [100%] [32m[1mLinking C shared library rosidl_generator_py/tutorial_interfaces/tutorial_interfaces_s__rosidl_typesupport_c.cpython-310-x86_64-linux-gnu.so[0m
[2.464s] [100%] Built target tutorial_interfaces__rosidl_typesupport_introspection_c__pyext
[2.464s] [100%] Built target tutorial_interfaces__rosidl_typesupport_fastrtps_c__pyext
[2.464s] [100%] Built target tutorial_interfaces__rosidl_typesupport_c__pyext
[2.470s] Invoked command in '/home/chris/rostut/build/tutorial_interfaces' returned '0': CMAKE_PREFIX_PATH=${CMAKE_PREFIX_PATH}:/home/chris/rostut/install/launch_testing_examples:/home/chris/rostut/install/examples_rclpy_pointcloud_publisher:/home/chris/rostut/install/examples_rclpy_minimal_subscriber:/home/chris/rostut/install/examples_rclpy_minimal_service:/home/chris/rostut/install/examples_rclpy_minimal_publisher:/home/chris/rostut/install/examples_rclpy_minimal_client:/home/chris/rostut/install/examples_rclpy_minimal_action_server:/home/chris/rostut/install/examples_rclpy_minimal_action_client:/home/chris/rostut/install/examples_rclpy_guard_conditions:/home/chris/rostut/install/examples_rclpy_executors:/opt/ros/humble /usr/bin/cmake --build /home/chris/rostut/build/tutorial_interfaces -- -j20 -l20
[2.514s] Invoking command in '/home/chris/rostut/build/tutorial_interfaces': CMAKE_PREFIX_PATH=${CMAKE_PREFIX_PATH}:/home/chris/rostut/install/launch_testing_examples:/home/chris/rostut/install/examples_rclpy_pointcloud_publisher:/home/chris/rostut/install/examples_rclpy_minimal_subscriber:/home/chris/rostut/install/examples_rclpy_minimal_service:/home/chris/rostut/install/examples_rclpy_minimal_publisher:/home/chris/rostut/install/examples_rclpy_minimal_client:/home/chris/rostut/install/examples_rclpy_minimal_action_server:/home/chris/rostut/install/examples_rclpy_minimal_action_client:/home/chris/rostut/install/examples_rclpy_guard_conditions:/home/chris/rostut/install/examples_rclpy_executors:/opt/ros/humble /usr/bin/cmake --install /home/chris/rostut/build/tutorial_interfaces
[2.517s] -- Install configuration: ""
[2.517s] -- Installing: /home/chris/rostut/install/tutorial_interfaces/share/ament_index/resource_index/rosidl_interfaces/tutorial_interfaces
[2.517s] -- Installing: /home/chris/rostut/install/tutorial_interfaces/include/tutorial_interfaces/tutorial_interfaces
[2.517s] -- Installing: /home/chris/rostut/install/tutorial_interfaces/include/tutorial_interfaces/tutorial_interfaces/srv
[2.517s] -- Installing: /home/chris/rostut/install/tutorial_interfaces/include/tutorial_interfaces/tutorial_interfaces/srv/add_three_ints.h
[2.517s] -- Installing: /home/chris/rostut/install/tutorial_interfaces/include/tutorial_interfaces/tutorial_interfaces/srv/detail
[2.518s] -- Installing: /home/chris/rostut/install/tutorial_interfaces/include/tutorial_interfaces/tutorial_interfaces/srv/detail/add_three_ints__struct.h
[2.518s] -- Installing: /home/chris/rostut/install/tutorial_interfaces/include/tutorial_interfaces/tutorial_interfaces/srv/detail/add_three_ints__type_support.h
[2.518s] -- Installing: /home/chris/rostut/install/tutorial_interfaces/include/tutorial_interfaces/tutorial_interfaces/srv/detail/add_three_ints__functions.c
[2.518s] -- Installing: /home/chris/rostut/install/tutorial_interfaces/include/tutorial_interfaces/tutorial_interfaces/srv/detail/add_three_ints__functions.h
[2.518s] -- Installing: /home/chris/rostut/install/tutorial_interfaces/include/tutorial_interfaces/tutorial_interfaces/msg
[2.518s] -- Installing: /home/chris/rostut/install/tutorial_interfaces/include/tutorial_interfaces/tutorial_interfaces/msg/detail
[2.518s] -- Installing: /home/chris/rostut/install/tutorial_interfaces/include/tutorial_interfaces/tutorial_interfaces/msg/detail/num__struct.h
[2.518s] -- Installing: /home/chris/rostut/install/tutorial_interfaces/include/tutorial_interfaces/tutorial_interfaces/msg/detail/num__functions.c
[2.518s] -- Installing: /home/chris/rostut/install/tutorial_interfaces/include/tutorial_interfaces/tutorial_interfaces/msg/detail/num__type_support.h
[2.518s] -- Installing: /home/chris/rostut/install/tutorial_interfaces/include/tutorial_interfaces/tutorial_interfaces/msg/detail/sphere__functions.h
[2.518s] -- Installing: /home/chris/rostut/install/tutorial_interfaces/include/tutorial_interfaces/tutorial_interfaces/msg/detail/sphere__type_support.h
[2.518s] -- Installing: /home/chris/rostut/install/tutorial_interfaces/include/tutorial_interfaces/tutorial_interfaces/msg/detail/num__functions.h
[2.518s] -- Installing: /home/chris/rostut/install/tutorial_interfaces/include/tutorial_interfaces/tutorial_interfaces/msg/detail/sphere__functions.c
[2.518s] -- Installing: /home/chris/rostut/install/tutorial_interfaces/include/tutorial_interfaces/tutorial_interfaces/msg/detail/sphere__struct.h
[2.518s] -- Installing: /home/chris/rostut/install/tutorial_interfaces/include/tutorial_interfaces/tutorial_interfaces/msg/sphere.h
[2.518s] -- Installing: /home/chris/rostut/install/tutorial_interfaces/include/tutorial_interfaces/tutorial_interfaces/msg/num.h
[2.518s] -- Installing: /home/chris/rostut/install/tutorial_interfaces/include/tutorial_interfaces/tutorial_interfaces/msg/rosidl_generator_c__visibility_control.h
[2.518s] -- Installing: /home/chris/rostut/install/tutorial_interfaces/share/tutorial_interfaces/environment/library_path.sh
[2.518s] -- Installing: /home/chris/rostut/install/tutorial_interfaces/share/tutorial_interfaces/environment/library_path.dsv
[2.518s] -- Installing: /home/chris/rostut/install/tutorial_interfaces/lib/libtutorial_interfaces__rosidl_generator_c.so
[2.518s] -- Set runtime path of "/home/chris/rostut/install/tutorial_interfaces/lib/libtutorial_interfaces__rosidl_generator_c.so" to ""
[2.518s] -- Up-to-date: /home/chris/rostut/install/tutorial_interfaces/include/tutorial_interfaces/tutorial_interfaces
[2.518s] -- Up-to-date: /home/chris/rostut/install/tutorial_interfaces/include/tutorial_interfaces/tutorial_interfaces/srv
[2.518s] -- Up-to-date: /home/chris/rostut/install/tutorial_interfaces/include/tutorial_interfaces/tutorial_interfaces/srv/detail
[2.518s] -- Installing: /home/chris/rostut/install/tutorial_interfaces/include/tutorial_interfaces/tutorial_interfaces/srv/detail/add_three_ints__rosidl_typesupport_fastrtps_c.h
[2.518s] -- Up-to-date: /home/chris/rostut/install/tutorial_interfaces/include/tutorial_interfaces/tutorial_interfaces/msg
[2.518s] -- Installing: /home/chris/rostut/install/tutorial_interfaces/include/tutorial_interfaces/tutorial_interfaces/msg/rosidl_typesupport_fastrtps_c__visibility_control.h
[2.518s] -- Up-to-date: /home/chris/rostut/install/tutorial_interfaces/include/tutorial_interfaces/tutorial_interfaces/msg/detail
[2.518s] -- Installing: /home/chris/rostut/install/tutorial_interfaces/include/tutorial_interfaces/tutorial_interfaces/msg/detail/num__rosidl_typesupport_fastrtps_c.h
[2.518s] -- Installing: /home/chris/rostut/install/tutorial_interfaces/include/tutorial_interfaces/tutorial_interfaces/msg/detail/sphere__rosidl_typesupport_fastrtps_c.h
[2.518s] -- Installing: /home/chris/rostut/install/tutorial_interfaces/lib/libtutorial_interfaces__rosidl_typesupport_fastrtps_c.so
[2.518s] -- Set runtime path of "/home/chris/rostut/install/tutorial_interfaces/lib/libtutorial_interfaces__rosidl_typesupport_fastrtps_c.so" to ""
[2.519s] -- Up-to-date: /home/chris/rostut/install/tutorial_interfaces/include/tutorial_interfaces/tutorial_interfaces
[2.519s] -- Up-to-date: /home/chris/rostut/install/tutorial_interfaces/include/tutorial_interfaces/tutorial_interfaces/srv
[2.519s] -- Up-to-date: /home/chris/rostut/install/tutorial_interfaces/include/tutorial_interfaces/tutorial_interfaces/srv/detail
[2.519s] -- Installing: /home/chris/rostut/install/tutorial_interfaces/include/tutorial_interfaces/tutorial_interfaces/srv/detail/add_three_ints__struct.hpp
[2.519s] -- Installing: /home/chris/rostut/install/tutorial_interfaces/include/tutorial_interfaces/tutorial_interfaces/srv/detail/add_three_ints__builder.hpp
[2.519s] -- Installing: /home/chris/rostut/install/tutorial_interfaces/include/tutorial_interfaces/tutorial_interfaces/srv/detail/add_three_ints__traits.hpp
[2.519s] -- Installing: /home/chris/rostut/install/tutorial_interfaces/include/tutorial_interfaces/tutorial_interfaces/srv/add_three_ints.hpp
[2.519s] -- Up-to-date: /home/chris/rostut/install/tutorial_interfaces/include/tutorial_interfaces/tutorial_interfaces/msg
[2.519s] -- Installing: /home/chris/rostut/install/tutorial_interfaces/include/tutorial_interfaces/tutorial_interfaces/msg/num.hpp
[2.519s] -- Up-to-date: /home/chris/rostut/install/tutorial_interfaces/include/tutorial_interfaces/tutorial_interfaces/msg/detail
[2.519s] -- Installing: /home/chris/rostut/install/tutorial_interfaces/include/tutorial_interfaces/tutorial_interfaces/msg/detail/num__builder.hpp
[2.519s] -- Installing: /home/chris/rostut/install/tutorial_interfaces/include/tutorial_interfaces/tutorial_interfaces/msg/detail/sphere__builder.hpp
[2.519s] -- Installing: /home/chris/rostut/install/tutorial_interfaces/include/tutorial_interfaces/tutorial_interfaces/msg/detail/sphere__struct.hpp
[2.519s] -- Installing: /home/chris/rostut/install/tutorial_interfaces/include/tutorial_interfaces/tutorial_interfaces/msg/detail/sphere__traits.hpp
[2.519s] -- Installing: /home/chris/rostut/install/tutorial_interfaces/include/tutorial_interfaces/tutorial_interfaces/msg/detail/num__struct.hpp
[2.519s] -- Installing: /home/chris/rostut/install/tutorial_interfaces/include/tutorial_interfaces/tutorial_interfaces/msg/detail/num__traits.hpp
[2.519s] -- Installing: /home/chris/rostut/install/tutorial_interfaces/include/tutorial_interfaces/tutorial_interfaces/msg/sphere.hpp
[2.519s] -- Up-to-date: /home/chris/rostut/install/tutorial_interfaces/include/tutorial_interfaces/tutorial_interfaces
[2.519s] -- Up-to-date: /home/chris/rostut/install/tutorial_interfaces/include/tutorial_interfaces/tutorial_interfaces/srv
[2.519s] -- Up-to-date: /home/chris/rostut/install/tutorial_interfaces/include/tutorial_interfaces/tutorial_interfaces/srv/detail
[2.519s] -- Installing: /home/chris/rostut/install/tutorial_interfaces/include/tutorial_interfaces/tutorial_interfaces/srv/detail/dds_fastrtps
[2.519s] -- Installing: /home/chris/rostut/install/tutorial_interfaces/include/tutorial_interfaces/tutorial_interfaces/srv/detail/add_three_ints__rosidl_typesupport_fastrtps_cpp.hpp
[2.519s] -- Up-to-date: /home/chris/rostut/install/tutorial_interfaces/include/tutorial_interfaces/tutorial_interfaces/msg
[2.519s] -- Installing: /home/chris/rostut/install/tutorial_interfaces/include/tutorial_interfaces/tutorial_interfaces/msg/rosidl_typesupport_fastrtps_cpp__visibility_control.h
[2.519s] -- Up-to-date: /home/chris/rostut/install/tutorial_interfaces/include/tutorial_interfaces/tutorial_interfaces/msg/detail
[2.519s] -- Installing: /home/chris/rostut/install/tutorial_interfaces/include/tutorial_interfaces/tutorial_interfaces/msg/detail/dds_fastrtps
[2.519s] -- Installing: /home/chris/rostut/install/tutorial_interfaces/include/tutorial_interfaces/tutorial_interfaces/msg/detail/sphere__rosidl_typesupport_fastrtps_cpp.hpp
[2.519s] -- Installing: /home/chris/rostut/install/tutorial_interfaces/include/tutorial_interfaces/tutorial_interfaces/msg/detail/num__rosidl_typesupport_fastrtps_cpp.hpp
[2.519s] -- Installing: /home/chris/rostut/install/tutorial_interfaces/lib/libtutorial_interfaces__rosidl_typesupport_fastrtps_cpp.so
[2.520s] -- Set runtime path of "/home/chris/rostut/install/tutorial_interfaces/lib/libtutorial_interfaces__rosidl_typesupport_fastrtps_cpp.so" to ""
[2.520s] -- Up-to-date: /home/chris/rostut/install/tutorial_interfaces/include/tutorial_interfaces/tutorial_interfaces
[2.520s] -- Up-to-date: /home/chris/rostut/install/tutorial_interfaces/include/tutorial_interfaces/tutorial_interfaces/srv
[2.520s] -- Up-to-date: /home/chris/rostut/install/tutorial_interfaces/include/tutorial_interfaces/tutorial_interfaces/srv/detail
[2.520s] -- Installing: /home/chris/rostut/install/tutorial_interfaces/include/tutorial_interfaces/tutorial_interfaces/srv/detail/add_three_ints__type_support.c
[2.520s] -- Installing: /home/chris/rostut/install/tutorial_interfaces/include/tutorial_interfaces/tutorial_interfaces/srv/detail/add_three_ints__rosidl_typesupport_introspection_c.h
[2.520s] -- Up-to-date: /home/chris/rostut/install/tutorial_interfaces/include/tutorial_interfaces/tutorial_interfaces/msg
[2.520s] -- Up-to-date: /home/chris/rostut/install/tutorial_interfaces/include/tutorial_interfaces/tutorial_interfaces/msg/detail
[2.520s] -- Installing: /home/chris/rostut/install/tutorial_interfaces/include/tutorial_interfaces/tutorial_interfaces/msg/detail/num__rosidl_typesupport_introspection_c.h
[2.520s] -- Installing: /home/chris/rostut/install/tutorial_interfaces/include/tutorial_interfaces/tutorial_interfaces/msg/detail/num__type_support.c
[2.520s] -- Installing: /home/chris/rostut/install/tutorial_interfaces/include/tutorial_interfaces/tutorial_interfaces/msg/detail/sphere__rosidl_typesupport_introspection_c.h
[2.520s] -- Installing: /home/chris/rostut/install/tutorial_interfaces/include/tutorial_interfaces/tutorial_interfaces/msg/detail/sphere__type_support.c
[2.520s] -- Installing: /home/chris/rostut/install/tutorial_interfaces/include/tutorial_interfaces/tutorial_interfaces/msg/rosidl_typesupport_introspection_c__visibility_control.h
[2.520s] -- Installing: /home/chris/rostut/install/tutorial_interfaces/lib/libtutorial_interfaces__rosidl_typesupport_introspection_c.so
[2.520s] -- Set runtime path of "/home/chris/rostut/install/tutorial_interfaces/lib/libtutorial_interfaces__rosidl_typesupport_introspection_c.so" to ""
[2.520s] -- Installing: /home/chris/rostut/install/tutorial_interfaces/lib/libtutorial_interfaces__rosidl_typesupport_c.so
[2.520s] -- Set runtime path of "/home/chris/rostut/install/tutorial_interfaces/lib/libtutorial_interfaces__rosidl_typesupport_c.so" to ""
[2.520s] -- Up-to-date: /home/chris/rostut/install/tutorial_interfaces/include/tutorial_interfaces/tutorial_interfaces
[2.520s] -- Up-to-date: /home/chris/rostut/install/tutorial_interfaces/include/tutorial_interfaces/tutorial_interfaces/srv
[2.520s] -- Up-to-date: /home/chris/rostut/install/tutorial_interfaces/include/tutorial_interfaces/tutorial_interfaces/srv/detail
[2.520s] -- Installing: /home/chris/rostut/install/tutorial_interfaces/include/tutorial_interfaces/tutorial_interfaces/srv/detail/add_three_ints__rosidl_typesupport_introspection_cpp.hpp
[2.520s] -- Installing: /home/chris/rostut/install/tutorial_interfaces/include/tutorial_interfaces/tutorial_interfaces/srv/detail/add_three_ints__type_support.cpp
[2.520s] -- Up-to-date: /home/chris/rostut/install/tutorial_interfaces/include/tutorial_interfaces/tutorial_interfaces/msg
[2.520s] -- Up-to-date: /home/chris/rostut/install/tutorial_interfaces/include/tutorial_interfaces/tutorial_interfaces/msg/detail
[2.520s] -- Installing: /home/chris/rostut/install/tutorial_interfaces/include/tutorial_interfaces/tutorial_interfaces/msg/detail/num__rosidl_typesupport_introspection_cpp.hpp
[2.520s] -- Installing: /home/chris/rostut/install/tutorial_interfaces/include/tutorial_interfaces/tutorial_interfaces/msg/detail/sphere__rosidl_typesupport_introspection_cpp.hpp
[2.520s] -- Installing: /home/chris/rostut/install/tutorial_interfaces/include/tutorial_interfaces/tutorial_interfaces/msg/detail/sphere__type_support.cpp
[2.520s] -- Installing: /home/chris/rostut/install/tutorial_interfaces/include/tutorial_interfaces/tutorial_interfaces/msg/detail/num__type_support.cpp
[2.521s] -- Installing: /home/chris/rostut/install/tutorial_interfaces/lib/libtutorial_interfaces__rosidl_typesupport_introspection_cpp.so
[2.521s] -- Set runtime path of "/home/chris/rostut/install/tutorial_interfaces/lib/libtutorial_interfaces__rosidl_typesupport_introspection_cpp.so" to ""
[2.521s] -- Installing: /home/chris/rostut/install/tutorial_interfaces/lib/libtutorial_interfaces__rosidl_typesupport_cpp.so
[2.521s] -- Set runtime path of "/home/chris/rostut/install/tutorial_interfaces/lib/libtutorial_interfaces__rosidl_typesupport_cpp.so" to ""
[2.521s] -- Installing: /home/chris/rostut/install/tutorial_interfaces/share/tutorial_interfaces/environment/pythonpath.sh
[2.521s] -- Installing: /home/chris/rostut/install/tutorial_interfaces/share/tutorial_interfaces/environment/pythonpath.dsv
[2.521s] -- Installing: /home/chris/rostut/install/tutorial_interfaces/local/lib/python3.10/dist-packages/tutorial_interfaces-0.0.0-py3.10.egg-info
[2.521s] -- Installing: /home/chris/rostut/install/tutorial_interfaces/local/lib/python3.10/dist-packages/tutorial_interfaces-0.0.0-py3.10.egg-info/dependency_links.txt
[2.521s] -- Installing: /home/chris/rostut/install/tutorial_interfaces/local/lib/python3.10/dist-packages/tutorial_interfaces-0.0.0-py3.10.egg-info/PKG-INFO
[2.521s] -- Installing: /home/chris/rostut/install/tutorial_interfaces/local/lib/python3.10/dist-packages/tutorial_interfaces-0.0.0-py3.10.egg-info/top_level.txt
[2.521s] -- Installing: /home/chris/rostut/install/tutorial_interfaces/local/lib/python3.10/dist-packages/tutorial_interfaces-0.0.0-py3.10.egg-info/SOURCES.txt
[2.521s] -- Installing: /home/chris/rostut/install/tutorial_interfaces/local/lib/python3.10/dist-packages/tutorial_interfaces
[2.521s] -- Installing: /home/chris/rostut/install/tutorial_interfaces/local/lib/python3.10/dist-packages/tutorial_interfaces/_tutorial_interfaces_s.ep.rosidl_typesupport_fastrtps_c.c
[2.521s] -- Installing: /home/chris/rostut/install/tutorial_interfaces/local/lib/python3.10/dist-packages/tutorial_interfaces/tutorial_interfaces_s__rosidl_typesupport_c.cpython-310-x86_64-linux-gnu.so
[2.521s] -- Installing: /home/chris/rostut/install/tutorial_interfaces/local/lib/python3.10/dist-packages/tutorial_interfaces/srv
[2.521s] -- Installing: /home/chris/rostut/install/tutorial_interfaces/local/lib/python3.10/dist-packages/tutorial_interfaces/srv/_add_three_ints_s.c
[2.521s] -- Installing: /home/chris/rostut/install/tutorial_interfaces/local/lib/python3.10/dist-packages/tutorial_interfaces/srv/_add_three_ints.py
[2.521s] -- Installing: /home/chris/rostut/install/tutorial_interfaces/local/lib/python3.10/dist-packages/tutorial_interfaces/srv/__init__.py
[2.521s] -- Installing: /home/chris/rostut/install/tutorial_interfaces/local/lib/python3.10/dist-packages/tutorial_interfaces/__init__.py
[2.521s] -- Installing: /home/chris/rostut/install/tutorial_interfaces/local/lib/python3.10/dist-packages/tutorial_interfaces/msg
[2.521s] -- Installing: /home/chris/rostut/install/tutorial_interfaces/local/lib/python3.10/dist-packages/tutorial_interfaces/msg/_num.py
[2.521s] -- Installing: /home/chris/rostut/install/tutorial_interfaces/local/lib/python3.10/dist-packages/tutorial_interfaces/msg/_sphere.py
[2.521s] -- Installing: /home/chris/rostut/install/tutorial_interfaces/local/lib/python3.10/dist-packages/tutorial_interfaces/msg/__init__.py
[2.521s] -- Installing: /home/chris/rostut/install/tutorial_interfaces/local/lib/python3.10/dist-packages/tutorial_interfaces/msg/_sphere_s.c
[2.521s] -- Installing: /home/chris/rostut/install/tutorial_interfaces/local/lib/python3.10/dist-packages/tutorial_interfaces/msg/_num_s.c
[2.521s] -- Installing: /home/chris/rostut/install/tutorial_interfaces/local/lib/python3.10/dist-packages/tutorial_interfaces/_tutorial_interfaces_s.ep.rosidl_typesupport_introspection_c.c
[2.521s] -- Installing: /home/chris/rostut/install/tutorial_interfaces/local/lib/python3.10/dist-packages/tutorial_interfaces/libtutorial_interfaces__rosidl_generator_py.so
[2.521s] -- Installing: /home/chris/rostut/install/tutorial_interfaces/local/lib/python3.10/dist-packages/tutorial_interfaces/tutorial_interfaces_s__rosidl_typesupport_introspection_c.cpython-310-x86_64-linux-gnu.so
[2.521s] -- Installing: /home/chris/rostut/install/tutorial_interfaces/local/lib/python3.10/dist-packages/tutorial_interfaces/_tutorial_interfaces_s.ep.rosidl_typesupport_c.c
[2.521s] -- Installing: /home/chris/rostut/install/tutorial_interfaces/local/lib/python3.10/dist-packages/tutorial_interfaces/tutorial_interfaces_s__rosidl_typesupport_fastrtps_c.cpython-310-x86_64-linux-gnu.so
[2.545s] Listing '/home/chris/rostut/install/tutorial_interfaces/local/lib/python3.10/dist-packages/tutorial_interfaces'...
[2.546s] Compiling '/home/chris/rostut/install/tutorial_interfaces/local/lib/python3.10/dist-packages/tutorial_interfaces/__init__.py'...
[2.546s] Listing '/home/chris/rostut/install/tutorial_interfaces/local/lib/python3.10/dist-packages/tutorial_interfaces/msg'...
[2.546s] Compiling '/home/chris/rostut/install/tutorial_interfaces/local/lib/python3.10/dist-packages/tutorial_interfaces/msg/__init__.py'...
[2.546s] Compiling '/home/chris/rostut/install/tutorial_interfaces/local/lib/python3.10/dist-packages/tutorial_interfaces/msg/_num.py'...
[2.546s] Compiling '/home/chris/rostut/install/tutorial_interfaces/local/lib/python3.10/dist-packages/tutorial_interfaces/msg/_sphere.py'...
[2.546s] Listing '/home/chris/rostut/install/tutorial_interfaces/local/lib/python3.10/dist-packages/tutorial_interfaces/srv'...
[2.546s] Compiling '/home/chris/rostut/install/tutorial_interfaces/local/lib/python3.10/dist-packages/tutorial_interfaces/srv/__init__.py'...
[2.546s] Compiling '/home/chris/rostut/install/tutorial_interfaces/local/lib/python3.10/dist-packages/tutorial_interfaces/srv/_add_three_ints.py'...
[2.548s] -- Installing: /home/chris/rostut/install/tutorial_interfaces/local/lib/python3.10/dist-packages/tutorial_interfaces/tutorial_interfaces_s__rosidl_typesupport_fastrtps_c.cpython-310-x86_64-linux-gnu.so
[2.548s] -- Set runtime path of "/home/chris/rostut/install/tutorial_interfaces/local/lib/python3.10/dist-packages/tutorial_interfaces/tutorial_interfaces_s__rosidl_typesupport_fastrtps_c.cpython-310-x86_64-linux-gnu.so" to ""
[2.548s] -- Installing: /home/chris/rostut/install/tutorial_interfaces/local/lib/python3.10/dist-packages/tutorial_interfaces/tutorial_interfaces_s__rosidl_typesupport_introspection_c.cpython-310-x86_64-linux-gnu.so
[2.549s] -- Set runtime path of "/home/chris/rostut/install/tutorial_interfaces/local/lib/python3.10/dist-packages/tutorial_interfaces/tutorial_interfaces_s__rosidl_typesupport_introspection_c.cpython-310-x86_64-linux-gnu.so" to ""
[2.549s] -- Installing: /home/chris/rostut/install/tutorial_interfaces/local/lib/python3.10/dist-packages/tutorial_interfaces/tutorial_interfaces_s__rosidl_typesupport_c.cpython-310-x86_64-linux-gnu.so
[2.549s] -- Set runtime path of "/home/chris/rostut/install/tutorial_interfaces/local/lib/python3.10/dist-packages/tutorial_interfaces/tutorial_interfaces_s__rosidl_typesupport_c.cpython-310-x86_64-linux-gnu.so" to ""
[2.549s] -- Installing: /home/chris/rostut/install/tutorial_interfaces/lib/libtutorial_interfaces__rosidl_generator_py.so
[2.549s] -- Set runtime path of "/home/chris/rostut/install/tutorial_interfaces/lib/libtutorial_interfaces__rosidl_generator_py.so" to ""
[2.549s] -- Installing: /home/chris/rostut/install/tutorial_interfaces/share/tutorial_interfaces/msg/Num.idl
[2.549s] -- Installing: /home/chris/rostut/install/tutorial_interfaces/share/tutorial_interfaces/msg/Sphere.idl
[2.549s] -- Installing: /home/chris/rostut/install/tutorial_interfaces/share/tutorial_interfaces/srv/AddThreeInts.idl
[2.549s] -- Installing: /home/chris/rostut/install/tutorial_interfaces/share/tutorial_interfaces/msg/Num.msg
[2.549s] -- Installing: /home/chris/rostut/install/tutorial_interfaces/share/tutorial_interfaces/msg/Sphere.msg
[2.549s] -- Installing: /home/chris/rostut/install/tutorial_interfaces/share/tutorial_interfaces/srv/AddThreeInts.srv
[2.549s] -- Installing: /home/chris/rostut/install/tutorial_interfaces/share/tutorial_interfaces/srv/AddThreeInts_Request.msg
[2.549s] -- Installing: /home/chris/rostut/install/tutorial_interfaces/share/tutorial_interfaces/srv/AddThreeInts_Response.msg
[2.549s] -- Installing: /home/chris/rostut/install/tutorial_interfaces/share/ament_index/resource_index/package_run_dependencies/tutorial_interfaces
[2.549s] -- Installing: /home/chris/rostut/install/tutorial_interfaces/share/ament_index/resource_index/parent_prefix_path/tutorial_interfaces
[2.549s] -- Installing: /home/chris/rostut/install/tutorial_interfaces/share/tutorial_interfaces/environment/ament_prefix_path.sh
[2.549s] -- Installing: /home/chris/rostut/install/tutorial_interfaces/share/tutorial_interfaces/environment/ament_prefix_path.dsv
[2.549s] -- Installing: /home/chris/rostut/install/tutorial_interfaces/share/tutorial_interfaces/environment/path.sh
[2.549s] -- Installing: /home/chris/rostut/install/tutorial_interfaces/share/tutorial_interfaces/environment/path.dsv
[2.549s] -- Installing: /home/chris/rostut/install/tutorial_interfaces/share/tutorial_interfaces/local_setup.bash
[2.549s] -- Installing: /home/chris/rostut/install/tutorial_interfaces/share/tutorial_interfaces/local_setup.sh
[2.549s] -- Installing: /home/chris/rostut/install/tutorial_interfaces/share/tutorial_interfaces/local_setup.zsh
[2.549s] -- Installing: /home/chris/rostut/install/tutorial_interfaces/share/tutorial_interfaces/local_setup.dsv
[2.549s] -- Installing: /home/chris/rostut/install/tutorial_interfaces/share/tutorial_interfaces/package.dsv
[2.549s] -- Installing: /home/chris/rostut/install/tutorial_interfaces/share/ament_index/resource_index/packages/tutorial_interfaces
[2.550s] -- Installing: /home/chris/rostut/install/tutorial_interfaces/share/tutorial_interfaces/cmake/export_tutorial_interfaces__rosidl_generator_cExport.cmake
[2.550s] -- Installing: /home/chris/rostut/install/tutorial_interfaces/share/tutorial_interfaces/cmake/export_tutorial_interfaces__rosidl_generator_cExport-noconfig.cmake
[2.550s] -- Installing: /home/chris/rostut/install/tutorial_interfaces/share/tutorial_interfaces/cmake/export_tutorial_interfaces__rosidl_typesupport_fastrtps_cExport.cmake
[2.550s] -- Installing: /home/chris/rostut/install/tutorial_interfaces/share/tutorial_interfaces/cmake/export_tutorial_interfaces__rosidl_typesupport_fastrtps_cExport-noconfig.cmake
[2.550s] -- Installing: /home/chris/rostut/install/tutorial_interfaces/share/tutorial_interfaces/cmake/export_tutorial_interfaces__rosidl_generator_cppExport.cmake
[2.550s] -- Installing: /home/chris/rostut/install/tutorial_interfaces/share/tutorial_interfaces/cmake/export_tutorial_interfaces__rosidl_typesupport_fastrtps_cppExport.cmake
[2.550s] -- Installing: /home/chris/rostut/install/tutorial_interfaces/share/tutorial_interfaces/cmake/export_tutorial_interfaces__rosidl_typesupport_fastrtps_cppExport-noconfig.cmake
[2.550s] -- Installing: /home/chris/rostut/install/tutorial_interfaces/share/tutorial_interfaces/cmake/tutorial_interfaces__rosidl_typesupport_introspection_cExport.cmake
[2.550s] -- Installing: /home/chris/rostut/install/tutorial_interfaces/share/tutorial_interfaces/cmake/tutorial_interfaces__rosidl_typesupport_introspection_cExport-noconfig.cmake
[2.550s] -- Installing: /home/chris/rostut/install/tutorial_interfaces/share/tutorial_interfaces/cmake/tutorial_interfaces__rosidl_typesupport_cExport.cmake
[2.550s] -- Installing: /home/chris/rostut/install/tutorial_interfaces/share/tutorial_interfaces/cmake/tutorial_interfaces__rosidl_typesupport_cExport-noconfig.cmake
[2.550s] -- Installing: /home/chris/rostut/install/tutorial_interfaces/share/tutorial_interfaces/cmake/tutorial_interfaces__rosidl_typesupport_introspection_cppExport.cmake
[2.550s] -- Installing: /home/chris/rostut/install/tutorial_interfaces/share/tutorial_interfaces/cmake/tutorial_interfaces__rosidl_typesupport_introspection_cppExport-noconfig.cmake
[2.550s] -- Installing: /home/chris/rostut/install/tutorial_interfaces/share/tutorial_interfaces/cmake/tutorial_interfaces__rosidl_typesupport_cppExport.cmake
[2.550s] -- Installing: /home/chris/rostut/install/tutorial_interfaces/share/tutorial_interfaces/cmake/tutorial_interfaces__rosidl_typesupport_cppExport-noconfig.cmake
[2.550s] -- Installing: /home/chris/rostut/install/tutorial_interfaces/share/tutorial_interfaces/cmake/export_tutorial_interfaces__rosidl_generator_pyExport.cmake
[2.550s] -- Installing: /home/chris/rostut/install/tutorial_interfaces/share/tutorial_interfaces/cmake/export_tutorial_interfaces__rosidl_generator_pyExport-noconfig.cmake
[2.550s] -- Installing: /home/chris/rostut/install/tutorial_interfaces/share/tutorial_interfaces/cmake/rosidl_cmake-extras.cmake
[2.550s] -- Installing: /home/chris/rostut/install/tutorial_interfaces/share/tutorial_interfaces/cmake/ament_cmake_export_dependencies-extras.cmake
[2.550s] -- Installing: /home/chris/rostut/install/tutorial_interfaces/share/tutorial_interfaces/cmake/ament_cmake_export_include_directories-extras.cmake
[2.550s] -- Installing: /home/chris/rostut/install/tutorial_interfaces/share/tutorial_interfaces/cmake/ament_cmake_export_libraries-extras.cmake
[2.550s] -- Installing: /home/chris/rostut/install/tutorial_interfaces/share/tutorial_interfaces/cmake/ament_cmake_export_targets-extras.cmake
[2.550s] -- Installing: /home/chris/rostut/install/tutorial_interfaces/share/tutorial_interfaces/cmake/rosidl_cmake_export_typesupport_targets-extras.cmake
[2.550s] -- Installing: /home/chris/rostut/install/tutorial_interfaces/share/tutorial_interfaces/cmake/rosidl_cmake_export_typesupport_libraries-extras.cmake
[2.550s] -- Installing: /home/chris/rostut/install/tutorial_interfaces/share/tutorial_interfaces/cmake/tutorial_interfacesConfig.cmake
[2.550s] -- Installing: /home/chris/rostut/install/tutorial_interfaces/share/tutorial_interfaces/cmake/tutorial_interfacesConfig-version.cmake
[2.550s] -- Installing: /home/chris/rostut/install/tutorial_interfaces/share/tutorial_interfaces/package.xml
[2.552s] Invoked command in '/home/chris/rostut/build/tutorial_interfaces' returned '0': CMAKE_PREFIX_PATH=${CMAKE_PREFIX_PATH}:/home/chris/rostut/install/launch_testing_examples:/home/chris/rostut/install/examples_rclpy_pointcloud_publisher:/home/chris/rostut/install/examples_rclpy_minimal_subscriber:/home/chris/rostut/install/examples_rclpy_minimal_service:/home/chris/rostut/install/examples_rclpy_minimal_publisher:/home/chris/rostut/install/examples_rclpy_minimal_client:/home/chris/rostut/install/examples_rclpy_minimal_action_server:/home/chris/rostut/install/examples_rclpy_minimal_action_client:/home/chris/rostut/install/examples_rclpy_guard_conditions:/home/chris/rostut/install/examples_rclpy_executors:/opt/ros/humble /usr/bin/cmake --install /home/chris/rostut/build/tutorial_interfaces
