[3.450s] Invoking command in '/home/chris/ros2_ws/src/examples/rclpy/guard_conditions': PYTHONPATH=/home/chris/ros2_ws/src/build/examples_rclpy_guard_conditions/prefix_override:/home/chris/ros2_ws/src/install/examples_rclpy_guard_conditions/lib/python3.10/site-packages:${PYTHONPATH} /usr/bin/python3 setup.py egg_info --egg-base ../../../build/examples_rclpy_guard_conditions build --build-base /home/chris/ros2_ws/src/build/examples_rclpy_guard_conditions/build install --record /home/chris/ros2_ws/src/build/examples_rclpy_guard_conditions/install.log --single-version-externally-managed
[14.148s] /usr/lib/python3/dist-packages/setuptools/command/install.py:34: SetuptoolsDeprecationWarning: setup.py install is deprecated. Use build and pip and other standards-based tools.
[14.148s]   warnings.warn(
[14.159s] running egg_info
[14.159s] creating ../../../build/examples_rclpy_guard_conditions/examples_rclpy_guard_conditions.egg-info
[14.159s] writing ../../../build/examples_rclpy_guard_conditions/examples_rclpy_guard_conditions.egg-info/PKG-INFO
[14.159s] writing dependency_links to ../../../build/examples_rclpy_guard_conditions/examples_rclpy_guard_conditions.egg-info/dependency_links.txt
[14.159s] writing entry points to ../../../build/examples_rclpy_guard_conditions/examples_rclpy_guard_conditions.egg-info/entry_points.txt
[14.159s] writing requirements to ../../../build/examples_rclpy_guard_conditions/examples_rclpy_guard_conditions.egg-info/requires.txt
[14.159s] writing top-level names to ../../../build/examples_rclpy_guard_conditions/examples_rclpy_guard_conditions.egg-info/top_level.txt
[14.159s] writing manifest file '../../../build/examples_rclpy_guard_conditions/examples_rclpy_guard_conditions.egg-info/SOURCES.txt'
[14.159s] reading manifest file '../../../build/examples_rclpy_guard_conditions/examples_rclpy_guard_conditions.egg-info/SOURCES.txt'
[14.159s] writing manifest file '../../../build/examples_rclpy_guard_conditions/examples_rclpy_guard_conditions.egg-info/SOURCES.txt'
[14.159s] running build
[14.159s] running build_py
[14.159s] creating /home/chris/ros2_ws/src/build/examples_rclpy_guard_conditions/build
[14.159s] creating /home/chris/ros2_ws/src/build/examples_rclpy_guard_conditions/build/lib
[14.159s] creating /home/chris/ros2_ws/src/build/examples_rclpy_guard_conditions/build/lib/examples_rclpy_guard_conditions
[14.159s] copying examples_rclpy_guard_conditions/trigger_guard_condition.py -> /home/chris/ros2_ws/src/build/examples_rclpy_guard_conditions/build/lib/examples_rclpy_guard_conditions
[14.159s] copying examples_rclpy_guard_conditions/__init__.py -> /home/chris/ros2_ws/src/build/examples_rclpy_guard_conditions/build/lib/examples_rclpy_guard_conditions
[14.159s] running install
[14.159s] running install_lib
[14.159s] creating /home/chris/ros2_ws/src/install/examples_rclpy_guard_conditions/lib/python3.10/site-packages/examples_rclpy_guard_conditions
[14.159s] copying /home/chris/ros2_ws/src/build/examples_rclpy_guard_conditions/build/lib/examples_rclpy_guard_conditions/trigger_guard_condition.py -> /home/chris/ros2_ws/src/install/examples_rclpy_guard_conditions/lib/python3.10/site-packages/examples_rclpy_guard_conditions
[14.159s] copying /home/chris/ros2_ws/src/build/examples_rclpy_guard_conditions/build/lib/examples_rclpy_guard_conditions/__init__.py -> /home/chris/ros2_ws/src/install/examples_rclpy_guard_conditions/lib/python3.10/site-packages/examples_rclpy_guard_conditions
[14.159s] byte-compiling /home/chris/ros2_ws/src/install/examples_rclpy_guard_conditions/lib/python3.10/site-packages/examples_rclpy_guard_conditions/trigger_guard_condition.py to trigger_guard_condition.cpython-310.pyc
[14.159s] byte-compiling /home/chris/ros2_ws/src/install/examples_rclpy_guard_conditions/lib/python3.10/site-packages/examples_rclpy_guard_conditions/__init__.py to __init__.cpython-310.pyc
[14.159s] running install_data
[14.159s] creating /home/chris/ros2_ws/src/install/examples_rclpy_guard_conditions/share/ament_index
[14.159s] creating /home/chris/ros2_ws/src/install/examples_rclpy_guard_conditions/share/ament_index/resource_index
[14.160s] creating /home/chris/ros2_ws/src/install/examples_rclpy_guard_conditions/share/ament_index/resource_index/packages
[14.160s] copying resource/examples_rclpy_guard_conditions -> /home/chris/ros2_ws/src/install/examples_rclpy_guard_conditions/share/ament_index/resource_index/packages
[14.160s] copying package.xml -> /home/chris/ros2_ws/src/install/examples_rclpy_guard_conditions/share/examples_rclpy_guard_conditions
[14.160s] running install_egg_info
[14.160s] Copying ../../../build/examples_rclpy_guard_conditions/examples_rclpy_guard_conditions.egg-info to /home/chris/ros2_ws/src/install/examples_rclpy_guard_conditions/lib/python3.10/site-packages/examples_rclpy_guard_conditions-0.15.1-py3.10.egg-info
[14.160s] running install_scripts
[14.160s] Installing trigger_guard_condition script to /home/chris/ros2_ws/src/install/examples_rclpy_guard_conditions/lib/examples_rclpy_guard_conditions
[14.160s] writing list of installed files to '/home/chris/ros2_ws/src/build/examples_rclpy_guard_conditions/install.log'
