[2.746s] Invoking command in '/home/chris/ros2_ws/build/examples_rclpy_minimal_client': PYTHONPATH=/home/chris/ros2_ws/build/examples_rclpy_minimal_client/prefix_override:/home/chris/ros2_ws/install/examples_rclpy_minimal_client/lib/python3.10/site-packages:${PYTHONPATH} /usr/bin/python3 setup.py develop --editable --build-directory /home/chris/ros2_ws/build/examples_rclpy_minimal_client/build --no-deps install_data
[22.041s] running develop
[22.052s] running egg_info
[22.052s] creating examples_rclpy_minimal_client.egg-info
[22.052s] writing examples_rclpy_minimal_client.egg-info/PKG-INFO
[22.052s] writing dependency_links to examples_rclpy_minimal_client.egg-info/dependency_links.txt
[22.052s] writing entry points to examples_rclpy_minimal_client.egg-info/entry_points.txt
[22.052s] writing requirements to examples_rclpy_minimal_client.egg-info/requires.txt
[22.052s] writing top-level names to examples_rclpy_minimal_client.egg-info/top_level.txt
[22.052s] writing manifest file 'examples_rclpy_minimal_client.egg-info/SOURCES.txt'
[22.052s] reading manifest file 'examples_rclpy_minimal_client.egg-info/SOURCES.txt'
[22.058s] writing manifest file 'examples_rclpy_minimal_client.egg-info/SOURCES.txt'
[22.058s] running build_ext
[22.058s] Creating /home/chris/ros2_ws/install/examples_rclpy_minimal_client/lib/python3.10/site-packages/examples-rclpy-minimal-client.egg-link (link to .)
[22.058s] Installing client script to /home/chris/ros2_ws/install/examples_rclpy_minimal_client/lib/examples_rclpy_minimal_client
[22.058s] Installing client_async script to /home/chris/ros2_ws/install/examples_rclpy_minimal_client/lib/examples_rclpy_minimal_client
[22.058s] Installing client_async_callback script to /home/chris/ros2_ws/install/examples_rclpy_minimal_client/lib/examples_rclpy_minimal_client
[22.059s] Installing client_async_member_function script to /home/chris/ros2_ws/install/examples_rclpy_minimal_client/lib/examples_rclpy_minimal_client
[22.059s] 
[22.059s] Installed /home/chris/ros2_ws/build/examples_rclpy_minimal_client
[22.059s] running install_data
[22.059s] creating /home/chris/ros2_ws/install/examples_rclpy_minimal_client/share/ament_index
[22.059s] creating /home/chris/ros2_ws/install/examples_rclpy_minimal_client/share/ament_index/resource_index
[22.059s] creating /home/chris/ros2_ws/install/examples_rclpy_minimal_client/share/ament_index/resource_index/packages
[22.059s] copying resource/examples_rclpy_minimal_client -> /home/chris/ros2_ws/install/examples_rclpy_minimal_client/share/ament_index/resource_index/packages
[22.059s] copying package.xml -> /home/chris/ros2_ws/install/examples_rclpy_minimal_client/share/examples_rclpy_minimal_client
[22.059s] /usr/lib/python3/dist-packages/setuptools/command/easy_install.py:158: EasyInstallDeprecationWarning: easy_install command is deprecated. Use build and pip and other standards-based tools.
[22.059s]   warnings.warn(
[22.059s] /usr/lib/python3/dist-packages/setuptools/command/install.py:34: SetuptoolsDeprecationWarning: setup.py install is deprecated. Use build and pip and other standards-based tools.
[22.059s]   warnings.warn(
[32.919s] Invoked command in '/home/chris/ros2_ws/build/examples_rclpy_minimal_client' returned '0': PYTHONPATH=/home/chris/ros2_ws/build/examples_rclpy_minimal_client/prefix_override:/home/chris/ros2_ws/install/examples_rclpy_minimal_client/lib/python3.10/site-packages:${PYTHONPATH} /usr/bin/python3 setup.py develop --editable --build-directory /home/chris/ros2_ws/build/examples_rclpy_minimal_client/build --no-deps install_data
