[0.501s] Invoking command in '/home/chris/rostut/build/examples_rclcpp_minimal_publisher': CMAKE_PREFIX_PATH=/opt/ros/humble /usr/bin/cmake /home/chris/rostut/src/examples/rclcpp/topics/minimal_publisher -DAMENT_CMAKE_SYMLINK_INSTALL=1 -DCMAKE_INSTALL_PREFIX=/home/chris/rostut/install/examples_rclcpp_minimal_publisher
[2.237s] -- The C compiler identification is GNU 11.4.0
[2.237s] -- The CXX compiler identification is GNU 11.4.0
[2.237s] -- Detecting C compiler ABI info
[2.237s] -- Detecting C compiler ABI info - done
[2.237s] -- Check for working C compiler: /usr/bin/cc - skipped
[2.237s] -- Detecting C compile features
[2.237s] -- Detecting C compile features - done
[2.237s] -- Detecting CXX compiler ABI info
[2.237s] -- Detecting CXX compiler ABI info - done
[2.237s] -- Check for working CXX compiler: /usr/bin/c++ - skipped
[2.237s] -- Detecting CXX compile features
[2.237s] -- Detecting CXX compile features - done
[2.237s] -- Found ament_cmake: 1.3.6 (/opt/ros/humble/share/ament_cmake/cmake)
[2.237s] -- Found Python3: /usr/bin/python3.10 (found version "3.10.12") found components: Interpreter 
[2.238s] -- Override CMake install command with custom implementation using symlinks instead of copying resources
[2.238s] -- Found rclcpp: 16.0.7 (/opt/ros/humble/share/rclcpp/cmake)
[2.238s] -- Found rosidl_generator_c: 3.1.5 (/opt/ros/humble/share/rosidl_generator_c/cmake)
[2.238s] -- Found rosidl_adapter: 3.1.5 (/opt/ros/humble/share/rosidl_adapter/cmake)
[2.238s] -- Found rosidl_generator_cpp: 3.1.5 (/opt/ros/humble/share/rosidl_generator_cpp/cmake)
[2.238s] -- Using all available rosidl_typesupport_c: rosidl_typesupport_fastrtps_c;rosidl_typesupport_introspection_c
[2.238s] -- Using all available rosidl_typesupport_cpp: rosidl_typesupport_fastrtps_cpp;rosidl_typesupport_introspection_cpp
[2.238s] -- Found rmw_implementation_cmake: 6.1.1 (/opt/ros/humble/share/rmw_implementation_cmake/cmake)
[2.238s] -- Found rmw_fastrtps_cpp: 6.2.5 (/opt/ros/humble/share/rmw_fastrtps_cpp/cmake)
[2.238s] -- Found OpenSSL: /usr/lib/x86_64-linux-gnu/libcrypto.so (found version "3.0.2")  
[2.238s] -- Found FastRTPS: /opt/ros/humble/include  
[2.238s] -- Using RMW implementation 'rmw_fastrtps_cpp' as default
[2.238s] -- Looking for pthread.h
[2.238s] -- Looking for pthread.h - found
[2.238s] -- Performing Test CMAKE_HAVE_LIBC_PTHREAD
[2.238s] -- Performing Test CMAKE_HAVE_LIBC_PTHREAD - Success
[2.238s] -- Found Threads: TRUE  
[2.238s] -- Found ament_lint_auto: 0.12.9 (/opt/ros/humble/share/ament_lint_auto/cmake)
[2.238s] -- Added test 'copyright' to check source files copyright and LICENSE
[2.238s] -- Added test 'cppcheck' to perform static code analysis on C / C++ code
[2.238s] -- Configured cppcheck include dirs: 
[2.238s] -- Configured cppcheck exclude dirs and/or files: 
[2.238s] -- Added test 'cpplint' to check C / C++ code against the Google style
[2.238s] -- Configured cpplint exclude dirs and/or files: 
[2.238s] -- Added test 'lint_cmake' to check CMake code style
[2.238s] -- Added test 'uncrustify' to check C / C++ code style
[2.238s] -- Configured uncrustify additional arguments: 
[2.238s] -- Added test 'xmllint' to check XML markup files
[2.238s] -- Configuring done
[2.238s] -- Generating done
[2.238s] -- Build files have been written to: /home/chris/rostut/build/examples_rclcpp_minimal_publisher
[2.258s] Invoked command in '/home/chris/rostut/build/examples_rclcpp_minimal_publisher' returned '0': CMAKE_PREFIX_PATH=/opt/ros/humble /usr/bin/cmake /home/chris/rostut/src/examples/rclcpp/topics/minimal_publisher -DAMENT_CMAKE_SYMLINK_INSTALL=1 -DCMAKE_INSTALL_PREFIX=/home/chris/rostut/install/examples_rclcpp_minimal_publisher
[2.259s] Invoking command in '/home/chris/rostut/build/examples_rclcpp_minimal_publisher': CMAKE_PREFIX_PATH=/opt/ros/humble /usr/bin/cmake --build /home/chris/rostut/build/examples_rclcpp_minimal_publisher -- -j20 -l20
[2.273s] [  8%] [32mBuilding CXX object CMakeFiles/publisher_lambda.dir/lambda.cpp.o[0m
[2.274s] [ 16%] [32mBuilding CXX object CMakeFiles/publisher_not_composable.dir/not_composable.cpp.o[0m
[2.275s] [ 25%] [32mBuilding CXX object CMakeFiles/publisher_member_function.dir/member_function.cpp.o[0m
[2.275s] [ 33%] [32mBuilding CXX object CMakeFiles/publisher_member_function_with_type_adapter.dir/member_function_with_type_adapter.cpp.o[0m
[2.275s] [ 41%] [32mBuilding CXX object CMakeFiles/publisher_wait_for_all_acked.dir/member_function_with_wait_for_all_acked.cpp.o[0m
[2.276s] [ 50%] [32mBuilding CXX object CMakeFiles/publisher_member_function_with_unique_network_flow_endpoints.dir/member_function_with_unique_network_flow_endpoints.cpp.o[0m
[78.897s] [ 58%] [32m[1mLinking CXX executable publisher_not_composable[0m
[79.270s] [ 58%] Built target publisher_not_composable
[80.107s] [ 66%] [32m[1mLinking CXX executable publisher_member_function_with_type_adapter[0m
[80.333s] [ 75%] [32m[1mLinking CXX executable publisher_lambda[0m
[80.384s] [ 75%] Built target publisher_member_function_with_type_adapter
[80.672s] [ 75%] Built target publisher_lambda
[80.845s] [ 83%] [32m[1mLinking CXX executable publisher_member_function_with_unique_network_flow_endpoints[0m
[80.925s] [ 91%] [32m[1mLinking CXX executable publisher_wait_for_all_acked[0m
[81.170s] [ 91%] Built target publisher_member_function_with_unique_network_flow_endpoints
[81.185s] [ 91%] Built target publisher_wait_for_all_acked
[81.404s] [100%] [32m[1mLinking CXX executable publisher_member_function[0m
[81.687s] [100%] Built target publisher_member_function
[81.824s] Invoked command in '/home/chris/rostut/build/examples_rclcpp_minimal_publisher' returned '0': CMAKE_PREFIX_PATH=/opt/ros/humble /usr/bin/cmake --build /home/chris/rostut/build/examples_rclcpp_minimal_publisher -- -j20 -l20
