[0.037s] Invoking command in '/home/chris/rostut/build/cpp_pubsub': CMAKE_PREFIX_PATH=${CMAKE_PREFIX_PATH}:/home/chris/rostut/install/launch_testing_examples:/home/chris/rostut/install/examples_rclpy_pointcloud_publisher:/home/chris/rostut/install/examples_rclpy_minimal_subscriber:/home/chris/rostut/install/examples_rclpy_minimal_service:/home/chris/rostut/install/examples_rclpy_minimal_publisher:/home/chris/rostut/install/examples_rclpy_minimal_client:/home/chris/rostut/install/examples_rclpy_minimal_action_server:/home/chris/rostut/install/examples_rclpy_minimal_action_client:/home/chris/rostut/install/examples_rclpy_guard_conditions:/home/chris/rostut/install/examples_rclpy_executors:/opt/ros/humble /usr/bin/cmake --build /home/chris/rostut/build/cpp_pubsub -- -j20 -l20
[0.050s] -- Found ament_cmake: 1.3.6 (/opt/ros/humble/share/ament_cmake/cmake)
[0.139s] -- Found rclcpp: 16.0.7 (/opt/ros/humble/share/rclcpp/cmake)
[0.155s] -- Found rosidl_generator_c: 3.1.5 (/opt/ros/humble/share/rosidl_generator_c/cmake)
[0.157s] -- Found rosidl_adapter: 3.1.5 (/opt/ros/humble/share/rosidl_adapter/cmake)
[0.160s] -- Found rosidl_generator_cpp: 3.1.5 (/opt/ros/humble/share/rosidl_generator_cpp/cmake)
[0.166s] -- Using all available rosidl_typesupport_c: rosidl_typesupport_fastrtps_c;rosidl_typesupport_introspection_c
[0.174s] -- Using all available rosidl_typesupport_cpp: rosidl_typesupport_fastrtps_cpp;rosidl_typesupport_introspection_cpp
[0.205s] -- Found rmw_implementation_cmake: 6.1.1 (/opt/ros/humble/share/rmw_implementation_cmake/cmake)
[0.206s] -- Found rmw_fastrtps_cpp: 6.2.5 (/opt/ros/humble/share/rmw_fastrtps_cpp/cmake)
[0.271s] -- Using RMW implementation 'rmw_fastrtps_cpp' as default
[0.355s] -- Found tutorial_interfaces: 0.0.0 (/home/chris/rostut/install/tutorial_interfaces/share/tutorial_interfaces/cmake)
[0.418s] -- Found ament_lint_auto: 0.12.9 (/opt/ros/humble/share/ament_lint_auto/cmake)
[0.459s] -- Added test 'cppcheck' to perform static code analysis on C / C++ code
[0.459s] -- Configured cppcheck include dirs: 
[0.459s] -- Configured cppcheck exclude dirs and/or files: 
[0.459s] -- Added test 'lint_cmake' to check CMake code style
[0.460s] -- Added test 'uncrustify' to check C / C++ code style
[0.460s] -- Configured uncrustify additional arguments: 
[0.460s] -- Added test 'xmllint' to check XML markup files
[0.460s] -- Configuring done
[0.466s] -- Generating done
[0.467s] -- Build files have been written to: /home/chris/rostut/build/cpp_pubsub
[0.481s] [35m[1mConsolidate compiler generated dependencies of target talker[0m
[0.481s] [35m[1mConsolidate compiler generated dependencies of target listener[0m
[0.489s] [ 50%] [32mBuilding CXX object CMakeFiles/talker.dir/src/publisher_member_function.cpp.o[0m
[0.489s] [ 50%] [32mBuilding CXX object CMakeFiles/listener.dir/src/subscriber_member_function.cpp.o[0m
[2.643s] [ 75%] [32m[1mLinking CXX executable talker[0m
[2.741s] [ 75%] Built target talker
[4.485s] [100%] [32m[1mLinking CXX executable listener[0m
[4.674s] [100%] Built target listener
[4.685s] Invoked command in '/home/chris/rostut/build/cpp_pubsub' returned '0': CMAKE_PREFIX_PATH=${CMAKE_PREFIX_PATH}:/home/chris/rostut/install/launch_testing_examples:/home/chris/rostut/install/examples_rclpy_pointcloud_publisher:/home/chris/rostut/install/examples_rclpy_minimal_subscriber:/home/chris/rostut/install/examples_rclpy_minimal_service:/home/chris/rostut/install/examples_rclpy_minimal_publisher:/home/chris/rostut/install/examples_rclpy_minimal_client:/home/chris/rostut/install/examples_rclpy_minimal_action_server:/home/chris/rostut/install/examples_rclpy_minimal_action_client:/home/chris/rostut/install/examples_rclpy_guard_conditions:/home/chris/rostut/install/examples_rclpy_executors:/opt/ros/humble /usr/bin/cmake --build /home/chris/rostut/build/cpp_pubsub -- -j20 -l20
[4.701s] Invoking command in '/home/chris/rostut/build/cpp_pubsub': CMAKE_PREFIX_PATH=${CMAKE_PREFIX_PATH}:/home/chris/rostut/install/launch_testing_examples:/home/chris/rostut/install/examples_rclpy_pointcloud_publisher:/home/chris/rostut/install/examples_rclpy_minimal_subscriber:/home/chris/rostut/install/examples_rclpy_minimal_service:/home/chris/rostut/install/examples_rclpy_minimal_publisher:/home/chris/rostut/install/examples_rclpy_minimal_client:/home/chris/rostut/install/examples_rclpy_minimal_action_server:/home/chris/rostut/install/examples_rclpy_minimal_action_client:/home/chris/rostut/install/examples_rclpy_guard_conditions:/home/chris/rostut/install/examples_rclpy_executors:/opt/ros/humble /usr/bin/cmake --install /home/chris/rostut/build/cpp_pubsub
[4.705s] -- Install configuration: ""
[4.705s] -- Installing: /home/chris/rostut/install/cpp_pubsub/lib/cpp_pubsub/talker
[4.706s] -- Set runtime path of "/home/chris/rostut/install/cpp_pubsub/lib/cpp_pubsub/talker" to ""
[4.706s] -- Installing: /home/chris/rostut/install/cpp_pubsub/lib/cpp_pubsub/listener
[4.708s] -- Set runtime path of "/home/chris/rostut/install/cpp_pubsub/lib/cpp_pubsub/listener" to ""
[4.708s] -- Installing: /home/chris/rostut/install/cpp_pubsub/share/ament_index/resource_index/package_run_dependencies/cpp_pubsub
[4.708s] -- Installing: /home/chris/rostut/install/cpp_pubsub/share/ament_index/resource_index/parent_prefix_path/cpp_pubsub
[4.708s] -- Up-to-date: /home/chris/rostut/install/cpp_pubsub/share/cpp_pubsub/environment/ament_prefix_path.sh
[4.708s] -- Installing: /home/chris/rostut/install/cpp_pubsub/share/cpp_pubsub/environment/ament_prefix_path.dsv
[4.708s] -- Up-to-date: /home/chris/rostut/install/cpp_pubsub/share/cpp_pubsub/environment/path.sh
[4.708s] -- Installing: /home/chris/rostut/install/cpp_pubsub/share/cpp_pubsub/environment/path.dsv
[4.708s] -- Up-to-date: /home/chris/rostut/install/cpp_pubsub/share/cpp_pubsub/local_setup.bash
[4.708s] -- Up-to-date: /home/chris/rostut/install/cpp_pubsub/share/cpp_pubsub/local_setup.sh
[4.708s] -- Up-to-date: /home/chris/rostut/install/cpp_pubsub/share/cpp_pubsub/local_setup.zsh
[4.708s] -- Installing: /home/chris/rostut/install/cpp_pubsub/share/cpp_pubsub/local_setup.dsv
[4.708s] -- Installing: /home/chris/rostut/install/cpp_pubsub/share/cpp_pubsub/package.dsv
[4.708s] -- Up-to-date: /home/chris/rostut/install/cpp_pubsub/share/ament_index/resource_index/packages/cpp_pubsub
[4.708s] -- Up-to-date: /home/chris/rostut/install/cpp_pubsub/share/cpp_pubsub/cmake/cpp_pubsubConfig.cmake
[4.708s] -- Up-to-date: /home/chris/rostut/install/cpp_pubsub/share/cpp_pubsub/cmake/cpp_pubsubConfig-version.cmake
[4.708s] -- Installing: /home/chris/rostut/install/cpp_pubsub/share/cpp_pubsub/package.xml
[4.708s] Invoked command in '/home/chris/rostut/build/cpp_pubsub' returned '0': CMAKE_PREFIX_PATH=${CMAKE_PREFIX_PATH}:/home/chris/rostut/install/launch_testing_examples:/home/chris/rostut/install/examples_rclpy_pointcloud_publisher:/home/chris/rostut/install/examples_rclpy_minimal_subscriber:/home/chris/rostut/install/examples_rclpy_minimal_service:/home/chris/rostut/install/examples_rclpy_minimal_publisher:/home/chris/rostut/install/examples_rclpy_minimal_client:/home/chris/rostut/install/examples_rclpy_minimal_action_server:/home/chris/rostut/install/examples_rclpy_minimal_action_client:/home/chris/rostut/install/examples_rclpy_guard_conditions:/home/chris/rostut/install/examples_rclpy_executors:/opt/ros/humble /usr/bin/cmake --install /home/chris/rostut/build/cpp_pubsub
