[1.557s] Invoking command in '/home/chris/rostut/src/examples/rclpy/guard_conditions': PYTHONPATH=/home/chris/rostut/build/examples_rclpy_guard_conditions/prefix_override:/home/chris/rostut/install/examples_rclpy_guard_conditions/lib/python3.10/site-packages:${PYTHONPATH} /usr/bin/python3 setup.py egg_info --egg-base ../../../../build/examples_rclpy_guard_conditions build --build-base /home/chris/rostut/build/examples_rclpy_guard_conditions/build install --record /home/chris/rostut/build/examples_rclpy_guard_conditions/install.log --single-version-externally-managed
[1.805s] /usr/lib/python3/dist-packages/setuptools/command/install.py:34: SetuptoolsDeprecationWarning: setup.py install is deprecated. Use build and pip and other standards-based tools.
[1.805s]   warnings.warn(
[1.811s] running egg_info
[1.811s] writing ../../../../build/examples_rclpy_guard_conditions/examples_rclpy_guard_conditions.egg-info/PKG-INFO
[1.811s] writing dependency_links to ../../../../build/examples_rclpy_guard_conditions/examples_rclpy_guard_conditions.egg-info/dependency_links.txt
[1.812s] writing entry points to ../../../../build/examples_rclpy_guard_conditions/examples_rclpy_guard_conditions.egg-info/entry_points.txt
[1.812s] writing requirements to ../../../../build/examples_rclpy_guard_conditions/examples_rclpy_guard_conditions.egg-info/requires.txt
[1.812s] writing top-level names to ../../../../build/examples_rclpy_guard_conditions/examples_rclpy_guard_conditions.egg-info/top_level.txt
[1.812s] reading manifest file '../../../../build/examples_rclpy_guard_conditions/examples_rclpy_guard_conditions.egg-info/SOURCES.txt'
[1.813s] writing manifest file '../../../../build/examples_rclpy_guard_conditions/examples_rclpy_guard_conditions.egg-info/SOURCES.txt'
[1.813s] running build
[1.813s] running build_py
[1.813s] running install
[1.813s] running install_lib
[1.813s] running install_data
[1.814s] running install_egg_info
[1.814s] removing '/home/chris/rostut/install/examples_rclpy_guard_conditions/lib/python3.10/site-packages/examples_rclpy_guard_conditions-0.15.1-py3.10.egg-info' (and everything under it)
[1.814s] Copying ../../../../build/examples_rclpy_guard_conditions/examples_rclpy_guard_conditions.egg-info to /home/chris/rostut/install/examples_rclpy_guard_conditions/lib/python3.10/site-packages/examples_rclpy_guard_conditions-0.15.1-py3.10.egg-info
[1.814s] running install_scripts
[1.814s] Installing trigger_guard_condition script to /home/chris/rostut/install/examples_rclpy_guard_conditions/lib/examples_rclpy_guard_conditions
[1.814s] writing list of installed files to '/home/chris/rostut/build/examples_rclpy_guard_conditions/install.log'
[2.508s] Invoked command in '/home/chris/rostut/src/examples/rclpy/guard_conditions' returned '0': PYTHONPATH=/home/chris/rostut/build/examples_rclpy_guard_conditions/prefix_override:/home/chris/rostut/install/examples_rclpy_guard_conditions/lib/python3.10/site-packages:${PYTHONPATH} /usr/bin/python3 setup.py egg_info --egg-base ../../../../build/examples_rclpy_guard_conditions build --build-base /home/chris/rostut/build/examples_rclpy_guard_conditions/build install --record /home/chris/rostut/build/examples_rclpy_guard_conditions/install.log --single-version-externally-managed
