[0.699s] Invoking command in '/home/chris/ros2_ws/build/turtlesim': CMAKE_PREFIX_PATH=${CMAKE_PREFIX_PATH}:/home/chris/ros2_ws/install/launch_testing_examples:/home/chris/ros2_ws/install/examples_rclpy_pointcloud_publisher:/home/chris/ros2_ws/install/examples_rclpy_minimal_subscriber:/home/chris/ros2_ws/install/examples_rclpy_minimal_service:/home/chris/ros2_ws/install/examples_rclpy_minimal_publisher:/home/chris/ros2_ws/install/examples_rclpy_minimal_client:/home/chris/ros2_ws/install/examples_rclpy_minimal_action_server:/home/chris/ros2_ws/install/examples_rclpy_minimal_action_client:/home/chris/ros2_ws/install/examples_rclpy_guard_conditions:/home/chris/ros2_ws/install/examples_rclpy_executors:/opt/ros/humble /usr/bin/cmake /home/chris/ros2_ws/src/ros_tutorials/turtlesim -DCMAKE_INSTALL_PREFIX=/home/chris/ros2_ws/install/turtlesim
[0.785s] -- The C compiler identification is GNU 11.4.0
[0.834s] -- The CXX compiler identification is GNU 11.4.0
[0.839s] -- Detecting C compiler ABI info
[0.893s] -- Detecting C compiler ABI info - done
[0.902s] -- Check for working C compiler: /usr/bin/cc - skipped
[0.902s] -- Detecting C compile features
[0.903s] -- Detecting C compile features - done
[0.905s] -- Detecting CXX compiler ABI info
[0.953s] -- Detecting CXX compiler ABI info - done
[0.958s] -- Check for working CXX compiler: /usr/bin/c++ - skipped
[0.958s] -- Detecting CXX compile features
[0.959s] -- Detecting CXX compile features - done
[0.959s] -- Found ament_cmake: 1.3.6 (/opt/ros/humble/share/ament_cmake/cmake)
[1.084s] -- Found Python3: /usr/bin/python3.10 (found version "3.10.12") found components: Interpreter 
[1.147s] -- Found ament_index_cpp: 1.4.0 (/opt/ros/humble/share/ament_index_cpp/cmake)
[1.149s] -- Found geometry_msgs: 4.2.3 (/opt/ros/humble/share/geometry_msgs/cmake)
[1.178s] -- Found rosidl_generator_c: 3.1.5 (/opt/ros/humble/share/rosidl_generator_c/cmake)
[1.181s] -- Found rosidl_adapter: 3.1.5 (/opt/ros/humble/share/rosidl_adapter/cmake)
[1.187s] -- Found rosidl_generator_cpp: 3.1.5 (/opt/ros/humble/share/rosidl_generator_cpp/cmake)
[1.197s] -- Using all available rosidl_typesupport_c: rosidl_typesupport_fastrtps_c;rosidl_typesupport_introspection_c
[1.210s] -- Using all available rosidl_typesupport_cpp: rosidl_typesupport_fastrtps_cpp;rosidl_typesupport_introspection_cpp
[1.294s] -- Found rclcpp: 16.0.7 (/opt/ros/humble/share/rclcpp/cmake)
[1.332s] -- Found rmw_implementation_cmake: 6.1.1 (/opt/ros/humble/share/rmw_implementation_cmake/cmake)
[1.335s] -- Found rmw_fastrtps_cpp: 6.2.5 (/opt/ros/humble/share/rmw_fastrtps_cpp/cmake)
[1.395s] -- Found OpenSSL: /usr/lib/x86_64-linux-gnu/libcrypto.so (found version "3.0.2")  
[1.412s] -- Found FastRTPS: /opt/ros/humble/include  
[1.440s] -- Using RMW implementation 'rmw_fastrtps_cpp' as default
[1.447s] -- Looking for pthread.h
[1.486s] -- Looking for pthread.h - found
[1.486s] -- Performing Test CMAKE_HAVE_LIBC_PTHREAD
[1.525s] -- Performing Test CMAKE_HAVE_LIBC_PTHREAD - Success
[1.526s] -- Found Threads: TRUE  
[1.599s] -- Found rclcpp_action: 16.0.7 (/opt/ros/humble/share/rclcpp_action/cmake)
[1.653s] -- Found rosidl_default_generators: 1.2.0 (/opt/ros/humble/share/rosidl_default_generators/cmake)
[1.661s] -- Found std_srvs: 4.2.3 (/opt/ros/humble/share/std_srvs/cmake)
[1.853s] -- Found ament_cmake_ros: 0.10.0 (/opt/ros/humble/share/ament_cmake_ros/cmake)
[2.051s] -- Using all available rosidl_typesupport_c: rosidl_typesupport_fastrtps_c;rosidl_typesupport_introspection_c
[2.127s] -- Using all available rosidl_typesupport_cpp: rosidl_typesupport_fastrtps_cpp;rosidl_typesupport_introspection_cpp
[2.142s] -- Found PythonInterp: /usr/bin/python3 (found suitable version "3.10.12", minimum required is "3.6") 
[2.143s] -- Found python_cmake_module: 0.10.0 (/opt/ros/humble/share/python_cmake_module/cmake)
[2.161s] -- Found PythonLibs: /usr/lib/x86_64-linux-gnu/libpython3.10.so (found suitable version "3.10.12", minimum required is "3.5") 
[2.161s] -- Using PYTHON_EXECUTABLE: /usr/bin/python3
[2.161s] -- Using PYTHON_INCLUDE_DIRS: /usr/include/python3.10
[2.161s] -- Using PYTHON_LIBRARIES: /usr/lib/x86_64-linux-gnu/libpython3.10.so
[2.175s] -- Found PythonExtra: .so  
[2.217s] -- Configuring done
[2.247s] -- Generating done
[2.248s] -- Build files have been written to: /home/chris/ros2_ws/build/turtlesim
[2.256s] Invoked command in '/home/chris/ros2_ws/build/turtlesim' returned '0': CMAKE_PREFIX_PATH=${CMAKE_PREFIX_PATH}:/home/chris/ros2_ws/install/launch_testing_examples:/home/chris/ros2_ws/install/examples_rclpy_pointcloud_publisher:/home/chris/ros2_ws/install/examples_rclpy_minimal_subscriber:/home/chris/ros2_ws/install/examples_rclpy_minimal_service:/home/chris/ros2_ws/install/examples_rclpy_minimal_publisher:/home/chris/ros2_ws/install/examples_rclpy_minimal_client:/home/chris/ros2_ws/install/examples_rclpy_minimal_action_server:/home/chris/ros2_ws/install/examples_rclpy_minimal_action_client:/home/chris/ros2_ws/install/examples_rclpy_guard_conditions:/home/chris/ros2_ws/install/examples_rclpy_executors:/opt/ros/humble /usr/bin/cmake /home/chris/ros2_ws/src/ros_tutorials/turtlesim -DCMAKE_INSTALL_PREFIX=/home/chris/ros2_ws/install/turtlesim
[2.256s] Invoking command in '/home/chris/ros2_ws/build/turtlesim': CMAKE_PREFIX_PATH=${CMAKE_PREFIX_PATH}:/home/chris/ros2_ws/install/launch_testing_examples:/home/chris/ros2_ws/install/examples_rclpy_pointcloud_publisher:/home/chris/ros2_ws/install/examples_rclpy_minimal_subscriber:/home/chris/ros2_ws/install/examples_rclpy_minimal_service:/home/chris/ros2_ws/install/examples_rclpy_minimal_publisher:/home/chris/ros2_ws/install/examples_rclpy_minimal_client:/home/chris/ros2_ws/install/examples_rclpy_minimal_action_server:/home/chris/ros2_ws/install/examples_rclpy_minimal_action_client:/home/chris/ros2_ws/install/examples_rclpy_guard_conditions:/home/chris/ros2_ws/install/examples_rclpy_executors:/opt/ros/humble /usr/bin/cmake --build /home/chris/ros2_ws/build/turtlesim -- -j20 -l20
[2.276s] [  1%] [34m[1mGenerating C code for ROS interfaces[0m
[2.282s] [  2%] [34m[1mGenerating C++ code for ROS interfaces[0m
[2.285s] [  2%] Built target ament_cmake_python_copy_turtlesim
[2.417s] running egg_info
[2.417s] creating turtlesim.egg-info
[2.417s] writing turtlesim.egg-info/PKG-INFO
[2.417s] writing dependency_links to turtlesim.egg-info/dependency_links.txt
[2.417s] writing top-level names to turtlesim.egg-info/top_level.txt
[2.417s] writing manifest file 'turtlesim.egg-info/SOURCES.txt'
[2.418s] reading manifest file 'turtlesim.egg-info/SOURCES.txt'
[2.418s] writing manifest file 'turtlesim.egg-info/SOURCES.txt'
[2.433s] [  2%] Built target ament_cmake_python_build_turtlesim_egg
[2.708s] [  2%] Built target turtlesim__cpp
[2.714s] [  3%] [34m[1mGenerating C++ type support dispatch for ROS interfaces[0m
[2.714s] [  4%] [34m[1mGenerating C++ type support for eProsima Fast-RTPS[0m
[2.714s] [  5%] [34m[1mGenerating C++ introspection for ROS interfaces[0m
[2.743s] [  8%] [32mBuilding C object CMakeFiles/turtlesim__rosidl_generator_c.dir/rosidl_generator_c/turtlesim/msg/detail/color__functions.c.o[0m
[2.743s] [  8%] [32mBuilding C object CMakeFiles/turtlesim__rosidl_generator_c.dir/rosidl_generator_c/turtlesim/action/detail/rotate_absolute__functions.c.o[0m
[2.743s] [  8%] [32mBuilding C object CMakeFiles/turtlesim__rosidl_generator_c.dir/rosidl_generator_c/turtlesim/msg/detail/pose__functions.c.o[0m
[2.743s] [  9%] [32mBuilding C object CMakeFiles/turtlesim__rosidl_generator_c.dir/rosidl_generator_c/turtlesim/srv/detail/kill__functions.c.o[0m
[2.746s] [ 12%] [32mBuilding C object CMakeFiles/turtlesim__rosidl_generator_c.dir/rosidl_generator_c/turtlesim/srv/detail/spawn__functions.c.o[0m
[2.746s] [ 12%] [32mBuilding C object CMakeFiles/turtlesim__rosidl_generator_c.dir/rosidl_generator_c/turtlesim/srv/detail/set_pen__functions.c.o[0m
[2.746s] [ 12%] [32mBuilding C object CMakeFiles/turtlesim__rosidl_generator_c.dir/rosidl_generator_c/turtlesim/srv/detail/teleport_absolute__functions.c.o[0m
[2.747s] [ 13%] [32mBuilding C object CMakeFiles/turtlesim__rosidl_generator_c.dir/rosidl_generator_c/turtlesim/srv/detail/teleport_relative__functions.c.o[0m
[2.824s] [ 14%] [32m[1mLinking C shared library libturtlesim__rosidl_generator_c.so[0m
[2.844s] [ 14%] Built target turtlesim__rosidl_generator_c
[2.850s] [ 15%] [34m[1mGenerating C type support for eProsima Fast-RTPS[0m
[2.850s] [ 16%] [34m[1mGenerating C introspection for ROS interfaces[0m
[2.850s] [ 17%] [34m[1mGenerating C type support dispatch for ROS interfaces[0m
[3.016s] [ 18%] [32mBuilding CXX object CMakeFiles/turtlesim__rosidl_typesupport_cpp.dir/rosidl_typesupport_cpp/turtlesim/msg/pose__type_support.cpp.o[0m
[3.016s] [ 19%] [32mBuilding CXX object CMakeFiles/turtlesim__rosidl_typesupport_cpp.dir/rosidl_typesupport_cpp/turtlesim/action/rotate_absolute__type_support.cpp.o[0m
[3.017s] [ 20%] [32mBuilding CXX object CMakeFiles/turtlesim__rosidl_typesupport_cpp.dir/rosidl_typesupport_cpp/turtlesim/msg/color__type_support.cpp.o[0m
[3.017s] [ 22%] [32mBuilding CXX object CMakeFiles/turtlesim__rosidl_typesupport_cpp.dir/rosidl_typesupport_cpp/turtlesim/srv/spawn__type_support.cpp.o[0m
[3.017s] [ 23%] [32mBuilding CXX object CMakeFiles/turtlesim__rosidl_typesupport_cpp.dir/rosidl_typesupport_cpp/turtlesim/srv/set_pen__type_support.cpp.o[0m
[3.017s] [ 22%] [32mBuilding CXX object CMakeFiles/turtlesim__rosidl_typesupport_cpp.dir/rosidl_typesupport_cpp/turtlesim/srv/kill__type_support.cpp.o[0m
[3.018s] [ 24%] [32mBuilding CXX object CMakeFiles/turtlesim__rosidl_typesupport_cpp.dir/rosidl_typesupport_cpp/turtlesim/srv/teleport_absolute__type_support.cpp.o[0m
[3.018s] [ 25%] [32mBuilding CXX object CMakeFiles/turtlesim__rosidl_typesupport_cpp.dir/rosidl_typesupport_cpp/turtlesim/srv/teleport_relative__type_support.cpp.o[0m
[3.131s] [ 26%] [32mBuilding CXX object CMakeFiles/turtlesim__rosidl_typesupport_introspection_cpp.dir/rosidl_typesupport_introspection_cpp/turtlesim/action/detail/rotate_absolute__type_support.cpp.o[0m
[3.132s] [ 31%] [32mBuilding CXX object CMakeFiles/turtlesim__rosidl_typesupport_introspection_cpp.dir/rosidl_typesupport_introspection_cpp/turtlesim/srv/detail/kill__type_support.cpp.o[0m
[3.132s] [ 31%] [32mBuilding CXX object CMakeFiles/turtlesim__rosidl_typesupport_introspection_cpp.dir/rosidl_typesupport_introspection_cpp/turtlesim/srv/detail/set_pen__type_support.cpp.o[0m
[3.132s] [ 31%] [32mBuilding CXX object CMakeFiles/turtlesim__rosidl_typesupport_introspection_cpp.dir/rosidl_typesupport_introspection_cpp/turtlesim/msg/detail/pose__type_support.cpp.o[0m
[3.132s] [ 31%] [32mBuilding CXX object CMakeFiles/turtlesim__rosidl_typesupport_introspection_cpp.dir/rosidl_typesupport_introspection_cpp/turtlesim/msg/detail/color__type_support.cpp.o[0m
[3.132s] [ 31%] [32mBuilding CXX object CMakeFiles/turtlesim__rosidl_typesupport_introspection_cpp.dir/rosidl_typesupport_introspection_cpp/turtlesim/srv/detail/spawn__type_support.cpp.o[0m
[3.132s] [ 32%] [32mBuilding CXX object CMakeFiles/turtlesim__rosidl_typesupport_introspection_cpp.dir/rosidl_typesupport_introspection_cpp/turtlesim/srv/detail/teleport_absolute__type_support.cpp.o[0m
[3.133s] [ 33%] [32mBuilding CXX object CMakeFiles/turtlesim__rosidl_typesupport_introspection_cpp.dir/rosidl_typesupport_introspection_cpp/turtlesim/srv/detail/teleport_relative__type_support.cpp.o[0m
[3.233s] [ 34%] [32mBuilding CXX object CMakeFiles/turtlesim__rosidl_typesupport_c.dir/rosidl_typesupport_c/turtlesim/action/rotate_absolute__type_support.cpp.o[0m
[3.238s] [ 35%] [32mBuilding CXX object CMakeFiles/turtlesim__rosidl_typesupport_c.dir/rosidl_typesupport_c/turtlesim/msg/color__type_support.cpp.o[0m
[3.268s] [ 36%] [32mBuilding CXX object CMakeFiles/turtlesim__rosidl_typesupport_c.dir/rosidl_typesupport_c/turtlesim/msg/pose__type_support.cpp.o[0m
[3.290s] [ 37%] [32mBuilding CXX object CMakeFiles/turtlesim__rosidl_typesupport_c.dir/rosidl_typesupport_c/turtlesim/srv/kill__type_support.cpp.o[0m
[3.298s] [ 38%] [32mBuilding CXX object CMakeFiles/turtlesim__rosidl_typesupport_c.dir/rosidl_typesupport_c/turtlesim/srv/set_pen__type_support.cpp.o[0m
[3.325s] [ 39%] [32mBuilding CXX object CMakeFiles/turtlesim__rosidl_typesupport_fastrtps_cpp.dir/rosidl_typesupport_fastrtps_cpp/turtlesim/action/detail/dds_fastrtps/rotate_absolute__type_support.cpp.o[0m
[3.331s] [ 40%] [32mBuilding CXX object CMakeFiles/turtlesim__rosidl_typesupport_fastrtps_cpp.dir/rosidl_typesupport_fastrtps_cpp/turtlesim/msg/detail/dds_fastrtps/color__type_support.cpp.o[0m
[3.334s] [ 41%] [32mBuilding CXX object CMakeFiles/turtlesim__rosidl_typesupport_fastrtps_cpp.dir/rosidl_typesupport_fastrtps_cpp/turtlesim/msg/detail/dds_fastrtps/pose__type_support.cpp.o[0m
[3.337s] [ 42%] [32mBuilding CXX object CMakeFiles/turtlesim__rosidl_typesupport_c.dir/rosidl_typesupport_c/turtlesim/srv/spawn__type_support.cpp.o[0m
[3.338s] [ 43%] [32mBuilding CXX object CMakeFiles/turtlesim__rosidl_typesupport_c.dir/rosidl_typesupport_c/turtlesim/srv/teleport_relative__type_support.cpp.o[0m
[3.339s] [ 45%] [32mBuilding CXX object CMakeFiles/turtlesim__rosidl_typesupport_fastrtps_cpp.dir/rosidl_typesupport_fastrtps_cpp/turtlesim/srv/detail/dds_fastrtps/kill__type_support.cpp.o[0m
[3.339s] [ 45%] [32mBuilding CXX object CMakeFiles/turtlesim__rosidl_typesupport_c.dir/rosidl_typesupport_c/turtlesim/srv/teleport_absolute__type_support.cpp.o[0m
[3.342s] [ 47%] [32mBuilding CXX object CMakeFiles/turtlesim__rosidl_typesupport_fastrtps_cpp.dir/rosidl_typesupport_fastrtps_cpp/turtlesim/srv/detail/dds_fastrtps/set_pen__type_support.cpp.o[0m
[3.348s] [ 47%] [32mBuilding CXX object CMakeFiles/turtlesim__rosidl_typesupport_fastrtps_cpp.dir/rosidl_typesupport_fastrtps_cpp/turtlesim/srv/detail/dds_fastrtps/spawn__type_support.cpp.o[0m
[3.373s] [ 48%] [32m[1mLinking CXX shared library libturtlesim__rosidl_typesupport_c.so[0m
[3.381s] [ 49%] [32mBuilding CXX object CMakeFiles/turtlesim__rosidl_typesupport_fastrtps_cpp.dir/rosidl_typesupport_fastrtps_cpp/turtlesim/srv/detail/dds_fastrtps/teleport_absolute__type_support.cpp.o[0m
[3.423s] [ 50%] [32mBuilding CXX object CMakeFiles/turtlesim__rosidl_typesupport_fastrtps_cpp.dir/rosidl_typesupport_fastrtps_cpp/turtlesim/srv/detail/dds_fastrtps/teleport_relative__type_support.cpp.o[0m
[3.429s] [ 50%] Built target turtlesim__rosidl_typesupport_c
[3.450s] [ 52%] [32mBuilding C object CMakeFiles/turtlesim__rosidl_typesupport_introspection_c.dir/rosidl_typesupport_introspection_c/turtlesim/msg/detail/color__type_support.c.o[0m
[3.450s] [ 52%] [32mBuilding C object CMakeFiles/turtlesim__rosidl_typesupport_introspection_c.dir/rosidl_typesupport_introspection_c/turtlesim/action/detail/rotate_absolute__type_support.c.o[0m
[3.486s] [ 53%] [32mBuilding C object CMakeFiles/turtlesim__rosidl_typesupport_introspection_c.dir/rosidl_typesupport_introspection_c/turtlesim/msg/detail/pose__type_support.c.o[0m
[3.515s] [ 54%] [32mBuilding C object CMakeFiles/turtlesim__rosidl_typesupport_introspection_c.dir/rosidl_typesupport_introspection_c/turtlesim/srv/detail/kill__type_support.c.o[0m
[3.525s] [ 55%] [32mBuilding C object CMakeFiles/turtlesim__rosidl_typesupport_introspection_c.dir/rosidl_typesupport_introspection_c/turtlesim/srv/detail/set_pen__type_support.c.o[0m
[3.529s] [ 56%] [32mBuilding C object CMakeFiles/turtlesim__rosidl_typesupport_introspection_c.dir/rosidl_typesupport_introspection_c/turtlesim/srv/detail/spawn__type_support.c.o[0m
[3.529s] [ 57%] [32mBuilding C object CMakeFiles/turtlesim__rosidl_typesupport_introspection_c.dir/rosidl_typesupport_introspection_c/turtlesim/srv/detail/teleport_absolute__type_support.c.o[0m
[3.532s] [ 58%] [32mBuilding C object CMakeFiles/turtlesim__rosidl_typesupport_introspection_c.dir/rosidl_typesupport_introspection_c/turtlesim/srv/detail/teleport_relative__type_support.c.o[0m
[3.544s] [ 59%] [32mBuilding CXX object CMakeFiles/turtlesim__rosidl_typesupport_fastrtps_c.dir/rosidl_typesupport_fastrtps_c/turtlesim/msg/detail/color__type_support_c.cpp.o[0m
[3.549s] [ 60%] [32mBuilding CXX object CMakeFiles/turtlesim__rosidl_typesupport_fastrtps_c.dir/rosidl_typesupport_fastrtps_c/turtlesim/action/detail/rotate_absolute__type_support_c.cpp.o[0m
[3.556s] [ 61%] [32mBuilding CXX object CMakeFiles/turtlesim__rosidl_typesupport_fastrtps_c.dir/rosidl_typesupport_fastrtps_c/turtlesim/msg/detail/pose__type_support_c.cpp.o[0m
[3.566s] [ 63%] [32mBuilding CXX object CMakeFiles/turtlesim__rosidl_typesupport_fastrtps_c.dir/rosidl_typesupport_fastrtps_c/turtlesim/srv/detail/set_pen__type_support_c.cpp.o[0m
[3.566s] [ 63%] [32mBuilding CXX object CMakeFiles/turtlesim__rosidl_typesupport_fastrtps_c.dir/rosidl_typesupport_fastrtps_c/turtlesim/srv/detail/kill__type_support_c.cpp.o[0m
[3.567s] [ 64%] [32mBuilding CXX object CMakeFiles/turtlesim__rosidl_typesupport_fastrtps_c.dir/rosidl_typesupport_fastrtps_c/turtlesim/srv/detail/spawn__type_support_c.cpp.o[0m
[3.568s] [ 65%] [32m[1mLinking C shared library libturtlesim__rosidl_typesupport_introspection_c.so[0m
[3.575s] [ 66%] [32m[1mLinking CXX shared library libturtlesim__rosidl_typesupport_cpp.so[0m
[3.592s] [ 67%] [32mBuilding CXX object CMakeFiles/turtlesim__rosidl_typesupport_fastrtps_c.dir/rosidl_typesupport_fastrtps_c/turtlesim/srv/detail/teleport_absolute__type_support_c.cpp.o[0m
[3.599s] [ 67%] Built target turtlesim__rosidl_typesupport_introspection_c
[3.607s] [ 68%] [32mBuilding CXX object CMakeFiles/turtlesim__rosidl_typesupport_fastrtps_c.dir/rosidl_typesupport_fastrtps_c/turtlesim/srv/detail/teleport_relative__type_support_c.cpp.o[0m
[3.617s] [ 68%] Built target turtlesim__rosidl_typesupport_cpp
[3.627s] [ 69%] [34m[1mGenerating include/turtlesim/moc_turtle_frame.cpp[0m
[3.661s] [ 70%] [32mBuilding CXX object CMakeFiles/draw_square.dir/tutorials/draw_square.cpp.o[0m
[3.668s] [ 71%] [32mBuilding CXX object CMakeFiles/turtle_teleop_key.dir/tutorials/teleop_turtle_key.cpp.o[0m
[3.731s] [ 72%] [32mBuilding CXX object CMakeFiles/turtlesim_node.dir/src/turtlesim.cpp.o[0m
[3.748s] [ 73%] [32m[1mLinking CXX shared library libturtlesim__rosidl_typesupport_introspection_cpp.so[0m
[3.759s] [ 74%] [32mBuilding CXX object CMakeFiles/turtlesim_node.dir/src/turtle.cpp.o[0m
[3.771s] [ 75%] [32mBuilding CXX object CMakeFiles/turtlesim_node.dir/src/turtle_frame.cpp.o[0m
[3.820s] [ 76%] [32mBuilding CXX object CMakeFiles/turtlesim_node.dir/include/turtlesim/moc_turtle_frame.cpp.o[0m
[3.840s] [ 76%] Built target turtlesim__rosidl_typesupport_introspection_cpp
[3.854s] [ 77%] [32mBuilding CXX object CMakeFiles/mimic.dir/tutorials/mimic.cpp.o[0m
[3.903s] [ 78%] [32m[1mLinking CXX shared library libturtlesim__rosidl_typesupport_fastrtps_cpp.so[0m
[3.952s] [ 78%] Built target turtlesim__rosidl_typesupport_fastrtps_cpp
[3.967s] [ 79%] [32m[1mLinking CXX shared library libturtlesim__rosidl_typesupport_fastrtps_c.so[0m
[4.015s] [ 79%] Built target turtlesim__rosidl_typesupport_fastrtps_c
[4.032s] [ 79%] Built target turtlesim
[4.049s] [ 80%] [34m[1mGenerating Python code for ROS interfaces[0m
[5.212s] [ 80%] Built target turtlesim__py
[5.230s] [ 84%] [32mBuilding C object CMakeFiles/turtlesim__rosidl_generator_py.dir/rosidl_generator_py/turtlesim/srv/_set_pen_s.c.o[0m
[5.230s] [ 84%] [32mBuilding C object CMakeFiles/turtlesim__rosidl_generator_py.dir/rosidl_generator_py/turtlesim/action/_rotate_absolute_s.c.o[0m
[5.230s] [ 84%] [32mBuilding C object CMakeFiles/turtlesim__rosidl_generator_py.dir/rosidl_generator_py/turtlesim/msg/_pose_s.c.o[0m
[5.230s] [ 84%] [32mBuilding C object CMakeFiles/turtlesim__rosidl_generator_py.dir/rosidl_generator_py/turtlesim/msg/_color_s.c.o[0m
[5.230s] [ 85%] [32mBuilding C object CMakeFiles/turtlesim__rosidl_generator_py.dir/rosidl_generator_py/turtlesim/srv/_kill_s.c.o[0m
[5.230s] [ 86%] [32mBuilding C object CMakeFiles/turtlesim__rosidl_generator_py.dir/rosidl_generator_py/turtlesim/srv/_teleport_absolute_s.c.o[0m
[5.231s] [ 87%] [32mBuilding C object CMakeFiles/turtlesim__rosidl_generator_py.dir/rosidl_generator_py/turtlesim/srv/_spawn_s.c.o[0m
[5.231s] [ 88%] [32mBuilding C object CMakeFiles/turtlesim__rosidl_generator_py.dir/rosidl_generator_py/turtlesim/srv/_teleport_relative_s.c.o[0m
[5.400s] [ 89%] [32m[1mLinking C shared library rosidl_generator_py/turtlesim/libturtlesim__rosidl_generator_py.so[0m
[5.438s] [ 89%] Built target turtlesim__rosidl_generator_py
[5.456s] [ 92%] [32mBuilding C object CMakeFiles/turtlesim__rosidl_typesupport_fastrtps_c__pyext.dir/rosidl_generator_py/turtlesim/_turtlesim_s.ep.rosidl_typesupport_fastrtps_c.c.o[0m
[5.457s] [ 92%] [32mBuilding C object CMakeFiles/turtlesim__rosidl_typesupport_c__pyext.dir/rosidl_generator_py/turtlesim/_turtlesim_s.ep.rosidl_typesupport_c.c.o[0m
[5.457s] [ 92%] [32mBuilding C object CMakeFiles/turtlesim__rosidl_typesupport_introspection_c__pyext.dir/rosidl_generator_py/turtlesim/_turtlesim_s.ep.rosidl_typesupport_introspection_c.c.o[0m
[5.614s] [ 93%] [32m[1mLinking C shared library rosidl_generator_py/turtlesim/turtlesim_s__rosidl_typesupport_c.cpython-310-x86_64-linux-gnu.so[0m
[5.622s] [ 95%] [32m[1mLinking C shared library rosidl_generator_py/turtlesim/turtlesim_s__rosidl_typesupport_fastrtps_c.cpython-310-x86_64-linux-gnu.so[0m
[5.622s] [ 95%] [32m[1mLinking C shared library rosidl_generator_py/turtlesim/turtlesim_s__rosidl_typesupport_introspection_c.cpython-310-x86_64-linux-gnu.so[0m
[5.654s] [ 95%] Built target turtlesim__rosidl_typesupport_c__pyext
[5.662s] [ 95%] Built target turtlesim__rosidl_typesupport_fastrtps_c__pyext
[5.662s] [ 95%] Built target turtlesim__rosidl_typesupport_introspection_c__pyext
[7.579s] [ 96%] [32m[1mLinking CXX executable turtle_teleop_key[0m
[7.742s] [ 96%] Built target turtle_teleop_key
[9.079s] [ 97%] [32m[1mLinking CXX executable mimic[0m
[9.253s] [ 98%] [32m[1mLinking CXX executable draw_square[0m
[9.311s] [ 98%] Built target mimic
[9.502s] [ 98%] Built target draw_square
[11.052s] [100%] [32m[1mLinking CXX executable turtlesim_node[0m
[12.081s] [100%] Built target turtlesim_node
[12.091s] Invoked command in '/home/chris/ros2_ws/build/turtlesim' returned '0': CMAKE_PREFIX_PATH=${CMAKE_PREFIX_PATH}:/home/chris/ros2_ws/install/launch_testing_examples:/home/chris/ros2_ws/install/examples_rclpy_pointcloud_publisher:/home/chris/ros2_ws/install/examples_rclpy_minimal_subscriber:/home/chris/ros2_ws/install/examples_rclpy_minimal_service:/home/chris/ros2_ws/install/examples_rclpy_minimal_publisher:/home/chris/ros2_ws/install/examples_rclpy_minimal_client:/home/chris/ros2_ws/install/examples_rclpy_minimal_action_server:/home/chris/ros2_ws/install/examples_rclpy_minimal_action_client:/home/chris/ros2_ws/install/examples_rclpy_guard_conditions:/home/chris/ros2_ws/install/examples_rclpy_executors:/opt/ros/humble /usr/bin/cmake --build /home/chris/ros2_ws/build/turtlesim -- -j20 -l20
[12.196s] Invoking command in '/home/chris/ros2_ws/build/turtlesim': CMAKE_PREFIX_PATH=${CMAKE_PREFIX_PATH}:/home/chris/ros2_ws/install/launch_testing_examples:/home/chris/ros2_ws/install/examples_rclpy_pointcloud_publisher:/home/chris/ros2_ws/install/examples_rclpy_minimal_subscriber:/home/chris/ros2_ws/install/examples_rclpy_minimal_service:/home/chris/ros2_ws/install/examples_rclpy_minimal_publisher:/home/chris/ros2_ws/install/examples_rclpy_minimal_client:/home/chris/ros2_ws/install/examples_rclpy_minimal_action_server:/home/chris/ros2_ws/install/examples_rclpy_minimal_action_client:/home/chris/ros2_ws/install/examples_rclpy_guard_conditions:/home/chris/ros2_ws/install/examples_rclpy_executors:/opt/ros/humble /usr/bin/cmake --install /home/chris/ros2_ws/build/turtlesim
[12.201s] -- Install configuration: ""
[12.201s] -- Installing: /home/chris/ros2_ws/install/turtlesim/share/ament_index/resource_index/rosidl_interfaces/turtlesim
[12.201s] -- Installing: /home/chris/ros2_ws/install/turtlesim/include/turtlesim/turtlesim
[12.201s] -- Installing: /home/chris/ros2_ws/install/turtlesim/include/turtlesim/turtlesim/action
[12.201s] -- Installing: /home/chris/ros2_ws/install/turtlesim/include/turtlesim/turtlesim/action/detail
[12.201s] -- Installing: /home/chris/ros2_ws/install/turtlesim/include/turtlesim/turtlesim/action/detail/rotate_absolute__functions.h
[12.201s] -- Installing: /home/chris/ros2_ws/install/turtlesim/include/turtlesim/turtlesim/action/detail/rotate_absolute__type_support.h
[12.201s] -- Installing: /home/chris/ros2_ws/install/turtlesim/include/turtlesim/turtlesim/action/detail/rotate_absolute__functions.c
[12.202s] -- Installing: /home/chris/ros2_ws/install/turtlesim/include/turtlesim/turtlesim/action/detail/rotate_absolute__struct.h
[12.202s] -- Installing: /home/chris/ros2_ws/install/turtlesim/include/turtlesim/turtlesim/action/rotate_absolute.h
[12.202s] -- Installing: /home/chris/ros2_ws/install/turtlesim/include/turtlesim/turtlesim/srv
[12.202s] -- Installing: /home/chris/ros2_ws/install/turtlesim/include/turtlesim/turtlesim/srv/detail
[12.202s] -- Installing: /home/chris/ros2_ws/install/turtlesim/include/turtlesim/turtlesim/srv/detail/teleport_absolute__struct.h
[12.202s] -- Installing: /home/chris/ros2_ws/install/turtlesim/include/turtlesim/turtlesim/srv/detail/teleport_relative__type_support.h
[12.202s] -- Installing: /home/chris/ros2_ws/install/turtlesim/include/turtlesim/turtlesim/srv/detail/spawn__struct.h
[12.202s] -- Installing: /home/chris/ros2_ws/install/turtlesim/include/turtlesim/turtlesim/srv/detail/teleport_relative__struct.h
[12.202s] -- Installing: /home/chris/ros2_ws/install/turtlesim/include/turtlesim/turtlesim/srv/detail/set_pen__functions.h
[12.202s] -- Installing: /home/chris/ros2_ws/install/turtlesim/include/turtlesim/turtlesim/srv/detail/teleport_absolute__type_support.h
[12.203s] -- Installing: /home/chris/ros2_ws/install/turtlesim/include/turtlesim/turtlesim/srv/detail/kill__functions.c
[12.203s] -- Installing: /home/chris/ros2_ws/install/turtlesim/include/turtlesim/turtlesim/srv/detail/teleport_relative__functions.c
[12.203s] -- Installing: /home/chris/ros2_ws/install/turtlesim/include/turtlesim/turtlesim/srv/detail/teleport_absolute__functions.h
[12.203s] -- Installing: /home/chris/ros2_ws/install/turtlesim/include/turtlesim/turtlesim/srv/detail/set_pen__functions.c
[12.203s] -- Installing: /home/chris/ros2_ws/install/turtlesim/include/turtlesim/turtlesim/srv/detail/spawn__type_support.h
[12.203s] -- Installing: /home/chris/ros2_ws/install/turtlesim/include/turtlesim/turtlesim/srv/detail/teleport_absolute__functions.c
[12.203s] -- Installing: /home/chris/ros2_ws/install/turtlesim/include/turtlesim/turtlesim/srv/detail/spawn__functions.c
[12.203s] -- Installing: /home/chris/ros2_ws/install/turtlesim/include/turtlesim/turtlesim/srv/detail/teleport_relative__functions.h
[12.203s] -- Installing: /home/chris/ros2_ws/install/turtlesim/include/turtlesim/turtlesim/srv/detail/kill__functions.h
[12.203s] -- Installing: /home/chris/ros2_ws/install/turtlesim/include/turtlesim/turtlesim/srv/detail/set_pen__type_support.h
[12.203s] -- Installing: /home/chris/ros2_ws/install/turtlesim/include/turtlesim/turtlesim/srv/detail/set_pen__struct.h
[12.203s] -- Installing: /home/chris/ros2_ws/install/turtlesim/include/turtlesim/turtlesim/srv/detail/kill__type_support.h
[12.203s] -- Installing: /home/chris/ros2_ws/install/turtlesim/include/turtlesim/turtlesim/srv/detail/kill__struct.h
[12.204s] -- Installing: /home/chris/ros2_ws/install/turtlesim/include/turtlesim/turtlesim/srv/detail/spawn__functions.h
[12.204s] -- Installing: /home/chris/ros2_ws/install/turtlesim/include/turtlesim/turtlesim/srv/kill.h
[12.204s] -- Installing: /home/chris/ros2_ws/install/turtlesim/include/turtlesim/turtlesim/srv/set_pen.h
[12.204s] -- Installing: /home/chris/ros2_ws/install/turtlesim/include/turtlesim/turtlesim/srv/spawn.h
[12.204s] -- Installing: /home/chris/ros2_ws/install/turtlesim/include/turtlesim/turtlesim/srv/teleport_absolute.h
[12.204s] -- Installing: /home/chris/ros2_ws/install/turtlesim/include/turtlesim/turtlesim/srv/teleport_relative.h
[12.204s] -- Installing: /home/chris/ros2_ws/install/turtlesim/include/turtlesim/turtlesim/msg
[12.204s] -- Installing: /home/chris/ros2_ws/install/turtlesim/include/turtlesim/turtlesim/msg/detail
[12.204s] -- Installing: /home/chris/ros2_ws/install/turtlesim/include/turtlesim/turtlesim/msg/detail/pose__type_support.h
[12.204s] -- Installing: /home/chris/ros2_ws/install/turtlesim/include/turtlesim/turtlesim/msg/detail/color__struct.h
[12.204s] -- Installing: /home/chris/ros2_ws/install/turtlesim/include/turtlesim/turtlesim/msg/detail/pose__struct.h
[12.204s] -- Installing: /home/chris/ros2_ws/install/turtlesim/include/turtlesim/turtlesim/msg/detail/color__functions.c
[12.205s] -- Installing: /home/chris/ros2_ws/install/turtlesim/include/turtlesim/turtlesim/msg/detail/pose__functions.c
[12.205s] -- Installing: /home/chris/ros2_ws/install/turtlesim/include/turtlesim/turtlesim/msg/detail/color__functions.h
[12.205s] -- Installing: /home/chris/ros2_ws/install/turtlesim/include/turtlesim/turtlesim/msg/detail/color__type_support.h
[12.205s] -- Installing: /home/chris/ros2_ws/install/turtlesim/include/turtlesim/turtlesim/msg/detail/pose__functions.h
[12.205s] -- Installing: /home/chris/ros2_ws/install/turtlesim/include/turtlesim/turtlesim/msg/color.h
[12.205s] -- Installing: /home/chris/ros2_ws/install/turtlesim/include/turtlesim/turtlesim/msg/rosidl_generator_c__visibility_control.h
[12.205s] -- Installing: /home/chris/ros2_ws/install/turtlesim/include/turtlesim/turtlesim/msg/pose.h
[12.205s] -- Installing: /home/chris/ros2_ws/install/turtlesim/share/turtlesim/environment/library_path.sh
[12.205s] -- Installing: /home/chris/ros2_ws/install/turtlesim/share/turtlesim/environment/library_path.dsv
[12.205s] -- Installing: /home/chris/ros2_ws/install/turtlesim/lib/libturtlesim__rosidl_generator_c.so
[12.205s] -- Set runtime path of "/home/chris/ros2_ws/install/turtlesim/lib/libturtlesim__rosidl_generator_c.so" to ""
[12.205s] -- Up-to-date: /home/chris/ros2_ws/install/turtlesim/include/turtlesim/turtlesim
[12.205s] -- Up-to-date: /home/chris/ros2_ws/install/turtlesim/include/turtlesim/turtlesim/action
[12.205s] -- Up-to-date: /home/chris/ros2_ws/install/turtlesim/include/turtlesim/turtlesim/action/detail
[12.206s] -- Installing: /home/chris/ros2_ws/install/turtlesim/include/turtlesim/turtlesim/action/detail/rotate_absolute__rosidl_typesupport_fastrtps_c.h
[12.206s] -- Up-to-date: /home/chris/ros2_ws/install/turtlesim/include/turtlesim/turtlesim/srv
[12.206s] -- Up-to-date: /home/chris/ros2_ws/install/turtlesim/include/turtlesim/turtlesim/srv/detail
[12.206s] -- Installing: /home/chris/ros2_ws/install/turtlesim/include/turtlesim/turtlesim/srv/detail/teleport_relative__rosidl_typesupport_fastrtps_c.h
[12.206s] -- Installing: /home/chris/ros2_ws/install/turtlesim/include/turtlesim/turtlesim/srv/detail/set_pen__rosidl_typesupport_fastrtps_c.h
[12.206s] -- Installing: /home/chris/ros2_ws/install/turtlesim/include/turtlesim/turtlesim/srv/detail/teleport_absolute__rosidl_typesupport_fastrtps_c.h
[12.206s] -- Installing: /home/chris/ros2_ws/install/turtlesim/include/turtlesim/turtlesim/srv/detail/spawn__rosidl_typesupport_fastrtps_c.h
[12.206s] -- Installing: /home/chris/ros2_ws/install/turtlesim/include/turtlesim/turtlesim/srv/detail/kill__rosidl_typesupport_fastrtps_c.h
[12.206s] -- Up-to-date: /home/chris/ros2_ws/install/turtlesim/include/turtlesim/turtlesim/msg
[12.206s] -- Installing: /home/chris/ros2_ws/install/turtlesim/include/turtlesim/turtlesim/msg/rosidl_typesupport_fastrtps_c__visibility_control.h
[12.206s] -- Up-to-date: /home/chris/ros2_ws/install/turtlesim/include/turtlesim/turtlesim/msg/detail
[12.206s] -- Installing: /home/chris/ros2_ws/install/turtlesim/include/turtlesim/turtlesim/msg/detail/pose__rosidl_typesupport_fastrtps_c.h
[12.206s] -- Installing: /home/chris/ros2_ws/install/turtlesim/include/turtlesim/turtlesim/msg/detail/color__rosidl_typesupport_fastrtps_c.h
[12.206s] -- Installing: /home/chris/ros2_ws/install/turtlesim/lib/libturtlesim__rosidl_typesupport_fastrtps_c.so
[12.206s] -- Set runtime path of "/home/chris/ros2_ws/install/turtlesim/lib/libturtlesim__rosidl_typesupport_fastrtps_c.so" to ""
[12.207s] -- Up-to-date: /home/chris/ros2_ws/install/turtlesim/include/turtlesim/turtlesim
[12.207s] -- Up-to-date: /home/chris/ros2_ws/install/turtlesim/include/turtlesim/turtlesim/action
[12.207s] -- Up-to-date: /home/chris/ros2_ws/install/turtlesim/include/turtlesim/turtlesim/action/detail
[12.207s] -- Installing: /home/chris/ros2_ws/install/turtlesim/include/turtlesim/turtlesim/action/detail/rotate_absolute__struct.hpp
[12.207s] -- Installing: /home/chris/ros2_ws/install/turtlesim/include/turtlesim/turtlesim/action/detail/rotate_absolute__builder.hpp
[12.207s] -- Installing: /home/chris/ros2_ws/install/turtlesim/include/turtlesim/turtlesim/action/detail/rotate_absolute__traits.hpp
[12.207s] -- Installing: /home/chris/ros2_ws/install/turtlesim/include/turtlesim/turtlesim/action/rotate_absolute.hpp
[12.207s] -- Up-to-date: /home/chris/ros2_ws/install/turtlesim/include/turtlesim/turtlesim/srv
[12.207s] -- Installing: /home/chris/ros2_ws/install/turtlesim/include/turtlesim/turtlesim/srv/teleport_relative.hpp
[12.207s] -- Installing: /home/chris/ros2_ws/install/turtlesim/include/turtlesim/turtlesim/srv/teleport_absolute.hpp
[12.207s] -- Installing: /home/chris/ros2_ws/install/turtlesim/include/turtlesim/turtlesim/srv/set_pen.hpp
[12.207s] -- Up-to-date: /home/chris/ros2_ws/install/turtlesim/include/turtlesim/turtlesim/srv/detail
[12.207s] -- Installing: /home/chris/ros2_ws/install/turtlesim/include/turtlesim/turtlesim/srv/detail/set_pen__traits.hpp
[12.207s] -- Installing: /home/chris/ros2_ws/install/turtlesim/include/turtlesim/turtlesim/srv/detail/kill__traits.hpp
[12.207s] -- Installing: /home/chris/ros2_ws/install/turtlesim/include/turtlesim/turtlesim/srv/detail/teleport_absolute__builder.hpp
[12.208s] -- Installing: /home/chris/ros2_ws/install/turtlesim/include/turtlesim/turtlesim/srv/detail/kill__builder.hpp
[12.208s] -- Installing: /home/chris/ros2_ws/install/turtlesim/include/turtlesim/turtlesim/srv/detail/set_pen__struct.hpp
[12.208s] -- Installing: /home/chris/ros2_ws/install/turtlesim/include/turtlesim/turtlesim/srv/detail/kill__struct.hpp
[12.208s] -- Installing: /home/chris/ros2_ws/install/turtlesim/include/turtlesim/turtlesim/srv/detail/teleport_relative__builder.hpp
[12.208s] -- Installing: /home/chris/ros2_ws/install/turtlesim/include/turtlesim/turtlesim/srv/detail/teleport_absolute__struct.hpp
[12.208s] -- Installing: /home/chris/ros2_ws/install/turtlesim/include/turtlesim/turtlesim/srv/detail/teleport_relative__traits.hpp
[12.208s] -- Installing: /home/chris/ros2_ws/install/turtlesim/include/turtlesim/turtlesim/srv/detail/teleport_relative__struct.hpp
[12.208s] -- Installing: /home/chris/ros2_ws/install/turtlesim/include/turtlesim/turtlesim/srv/detail/spawn__struct.hpp
[12.208s] -- Installing: /home/chris/ros2_ws/install/turtlesim/include/turtlesim/turtlesim/srv/detail/teleport_absolute__traits.hpp
[12.208s] -- Installing: /home/chris/ros2_ws/install/turtlesim/include/turtlesim/turtlesim/srv/detail/spawn__traits.hpp
[12.208s] -- Installing: /home/chris/ros2_ws/install/turtlesim/include/turtlesim/turtlesim/srv/detail/set_pen__builder.hpp
[12.208s] -- Installing: /home/chris/ros2_ws/install/turtlesim/include/turtlesim/turtlesim/srv/detail/spawn__builder.hpp
[12.208s] -- Installing: /home/chris/ros2_ws/install/turtlesim/include/turtlesim/turtlesim/srv/spawn.hpp
[12.208s] -- Installing: /home/chris/ros2_ws/install/turtlesim/include/turtlesim/turtlesim/srv/kill.hpp
[12.209s] -- Up-to-date: /home/chris/ros2_ws/install/turtlesim/include/turtlesim/turtlesim/msg
[12.209s] -- Installing: /home/chris/ros2_ws/install/turtlesim/include/turtlesim/turtlesim/msg/pose.hpp
[12.209s] -- Installing: /home/chris/ros2_ws/install/turtlesim/include/turtlesim/turtlesim/msg/color.hpp
[12.209s] -- Up-to-date: /home/chris/ros2_ws/install/turtlesim/include/turtlesim/turtlesim/msg/detail
[12.209s] -- Installing: /home/chris/ros2_ws/install/turtlesim/include/turtlesim/turtlesim/msg/detail/color__struct.hpp
[12.209s] -- Installing: /home/chris/ros2_ws/install/turtlesim/include/turtlesim/turtlesim/msg/detail/color__builder.hpp
[12.209s] -- Installing: /home/chris/ros2_ws/install/turtlesim/include/turtlesim/turtlesim/msg/detail/color__traits.hpp
[12.209s] -- Installing: /home/chris/ros2_ws/install/turtlesim/include/turtlesim/turtlesim/msg/detail/pose__builder.hpp
[12.209s] -- Installing: /home/chris/ros2_ws/install/turtlesim/include/turtlesim/turtlesim/msg/detail/pose__traits.hpp
[12.209s] -- Installing: /home/chris/ros2_ws/install/turtlesim/include/turtlesim/turtlesim/msg/detail/pose__struct.hpp
[12.209s] -- Up-to-date: /home/chris/ros2_ws/install/turtlesim/include/turtlesim/turtlesim
[12.209s] -- Up-to-date: /home/chris/ros2_ws/install/turtlesim/include/turtlesim/turtlesim/action
[12.209s] -- Up-to-date: /home/chris/ros2_ws/install/turtlesim/include/turtlesim/turtlesim/action/detail
[12.209s] -- Installing: /home/chris/ros2_ws/install/turtlesim/include/turtlesim/turtlesim/action/detail/dds_fastrtps
[12.209s] -- Installing: /home/chris/ros2_ws/install/turtlesim/include/turtlesim/turtlesim/action/detail/rotate_absolute__rosidl_typesupport_fastrtps_cpp.hpp
[12.209s] -- Up-to-date: /home/chris/ros2_ws/install/turtlesim/include/turtlesim/turtlesim/srv
[12.209s] -- Up-to-date: /home/chris/ros2_ws/install/turtlesim/include/turtlesim/turtlesim/srv/detail
[12.209s] -- Installing: /home/chris/ros2_ws/install/turtlesim/include/turtlesim/turtlesim/srv/detail/dds_fastrtps
[12.210s] -- Installing: /home/chris/ros2_ws/install/turtlesim/include/turtlesim/turtlesim/srv/detail/kill__rosidl_typesupport_fastrtps_cpp.hpp
[12.210s] -- Installing: /home/chris/ros2_ws/install/turtlesim/include/turtlesim/turtlesim/srv/detail/teleport_absolute__rosidl_typesupport_fastrtps_cpp.hpp
[12.210s] -- Installing: /home/chris/ros2_ws/install/turtlesim/include/turtlesim/turtlesim/srv/detail/teleport_relative__rosidl_typesupport_fastrtps_cpp.hpp
[12.210s] -- Installing: /home/chris/ros2_ws/install/turtlesim/include/turtlesim/turtlesim/srv/detail/set_pen__rosidl_typesupport_fastrtps_cpp.hpp
[12.210s] -- Installing: /home/chris/ros2_ws/install/turtlesim/include/turtlesim/turtlesim/srv/detail/spawn__rosidl_typesupport_fastrtps_cpp.hpp
[12.210s] -- Up-to-date: /home/chris/ros2_ws/install/turtlesim/include/turtlesim/turtlesim/msg
[12.210s] -- Installing: /home/chris/ros2_ws/install/turtlesim/include/turtlesim/turtlesim/msg/rosidl_typesupport_fastrtps_cpp__visibility_control.h
[12.210s] -- Up-to-date: /home/chris/ros2_ws/install/turtlesim/include/turtlesim/turtlesim/msg/detail
[12.210s] -- Installing: /home/chris/ros2_ws/install/turtlesim/include/turtlesim/turtlesim/msg/detail/dds_fastrtps
[12.210s] -- Installing: /home/chris/ros2_ws/install/turtlesim/include/turtlesim/turtlesim/msg/detail/pose__rosidl_typesupport_fastrtps_cpp.hpp
[12.210s] -- Installing: /home/chris/ros2_ws/install/turtlesim/include/turtlesim/turtlesim/msg/detail/color__rosidl_typesupport_fastrtps_cpp.hpp
[12.210s] -- Installing: /home/chris/ros2_ws/install/turtlesim/lib/libturtlesim__rosidl_typesupport_fastrtps_cpp.so
[12.210s] -- Set runtime path of "/home/chris/ros2_ws/install/turtlesim/lib/libturtlesim__rosidl_typesupport_fastrtps_cpp.so" to ""
[12.210s] -- Up-to-date: /home/chris/ros2_ws/install/turtlesim/include/turtlesim/turtlesim
[12.210s] -- Up-to-date: /home/chris/ros2_ws/install/turtlesim/include/turtlesim/turtlesim/action
[12.210s] -- Up-to-date: /home/chris/ros2_ws/install/turtlesim/include/turtlesim/turtlesim/action/detail
[12.210s] -- Installing: /home/chris/ros2_ws/install/turtlesim/include/turtlesim/turtlesim/action/detail/rotate_absolute__rosidl_typesupport_introspection_c.h
[12.210s] -- Installing: /home/chris/ros2_ws/install/turtlesim/include/turtlesim/turtlesim/action/detail/rotate_absolute__type_support.c
[12.210s] -- Up-to-date: /home/chris/ros2_ws/install/turtlesim/include/turtlesim/turtlesim/srv
[12.211s] -- Up-to-date: /home/chris/ros2_ws/install/turtlesim/include/turtlesim/turtlesim/srv/detail
[12.211s] -- Installing: /home/chris/ros2_ws/install/turtlesim/include/turtlesim/turtlesim/srv/detail/kill__type_support.c
[12.211s] -- Installing: /home/chris/ros2_ws/install/turtlesim/include/turtlesim/turtlesim/srv/detail/kill__rosidl_typesupport_introspection_c.h
[12.211s] -- Installing: /home/chris/ros2_ws/install/turtlesim/include/turtlesim/turtlesim/srv/detail/set_pen__rosidl_typesupport_introspection_c.h
[12.211s] -- Installing: /home/chris/ros2_ws/install/turtlesim/include/turtlesim/turtlesim/srv/detail/spawn__rosidl_typesupport_introspection_c.h
[12.211s] -- Installing: /home/chris/ros2_ws/install/turtlesim/include/turtlesim/turtlesim/srv/detail/teleport_absolute__type_support.c
[12.211s] -- Installing: /home/chris/ros2_ws/install/turtlesim/include/turtlesim/turtlesim/srv/detail/teleport_relative__rosidl_typesupport_introspection_c.h
[12.211s] -- Installing: /home/chris/ros2_ws/install/turtlesim/include/turtlesim/turtlesim/srv/detail/set_pen__type_support.c
[12.211s] -- Installing: /home/chris/ros2_ws/install/turtlesim/include/turtlesim/turtlesim/srv/detail/teleport_relative__type_support.c
[12.211s] -- Installing: /home/chris/ros2_ws/install/turtlesim/include/turtlesim/turtlesim/srv/detail/spawn__type_support.c
[12.211s] -- Installing: /home/chris/ros2_ws/install/turtlesim/include/turtlesim/turtlesim/srv/detail/teleport_absolute__rosidl_typesupport_introspection_c.h
[12.211s] -- Up-to-date: /home/chris/ros2_ws/install/turtlesim/include/turtlesim/turtlesim/msg
[12.211s] -- Up-to-date: /home/chris/ros2_ws/install/turtlesim/include/turtlesim/turtlesim/msg/detail
[12.211s] -- Installing: /home/chris/ros2_ws/install/turtlesim/include/turtlesim/turtlesim/msg/detail/pose__type_support.c
[12.211s] -- Installing: /home/chris/ros2_ws/install/turtlesim/include/turtlesim/turtlesim/msg/detail/color__rosidl_typesupport_introspection_c.h
[12.211s] -- Installing: /home/chris/ros2_ws/install/turtlesim/include/turtlesim/turtlesim/msg/detail/pose__rosidl_typesupport_introspection_c.h
[12.211s] -- Installing: /home/chris/ros2_ws/install/turtlesim/include/turtlesim/turtlesim/msg/detail/color__type_support.c
[12.211s] -- Installing: /home/chris/ros2_ws/install/turtlesim/include/turtlesim/turtlesim/msg/rosidl_typesupport_introspection_c__visibility_control.h
[12.211s] -- Installing: /home/chris/ros2_ws/install/turtlesim/lib/libturtlesim__rosidl_typesupport_introspection_c.so
[12.212s] -- Set runtime path of "/home/chris/ros2_ws/install/turtlesim/lib/libturtlesim__rosidl_typesupport_introspection_c.so" to ""
[12.212s] -- Installing: /home/chris/ros2_ws/install/turtlesim/lib/libturtlesim__rosidl_typesupport_c.so
[12.212s] -- Set runtime path of "/home/chris/ros2_ws/install/turtlesim/lib/libturtlesim__rosidl_typesupport_c.so" to ""
[12.212s] -- Up-to-date: /home/chris/ros2_ws/install/turtlesim/include/turtlesim/turtlesim
[12.212s] -- Up-to-date: /home/chris/ros2_ws/install/turtlesim/include/turtlesim/turtlesim/action
[12.212s] -- Up-to-date: /home/chris/ros2_ws/install/turtlesim/include/turtlesim/turtlesim/action/detail
[12.212s] -- Installing: /home/chris/ros2_ws/install/turtlesim/include/turtlesim/turtlesim/action/detail/rotate_absolute__type_support.cpp
[12.212s] -- Installing: /home/chris/ros2_ws/install/turtlesim/include/turtlesim/turtlesim/action/detail/rotate_absolute__rosidl_typesupport_introspection_cpp.hpp
[12.212s] -- Up-to-date: /home/chris/ros2_ws/install/turtlesim/include/turtlesim/turtlesim/srv
[12.212s] -- Up-to-date: /home/chris/ros2_ws/install/turtlesim/include/turtlesim/turtlesim/srv/detail
[12.212s] -- Installing: /home/chris/ros2_ws/install/turtlesim/include/turtlesim/turtlesim/srv/detail/set_pen__rosidl_typesupport_introspection_cpp.hpp
[12.212s] -- Installing: /home/chris/ros2_ws/install/turtlesim/include/turtlesim/turtlesim/srv/detail/spawn__rosidl_typesupport_introspection_cpp.hpp
[12.212s] -- Installing: /home/chris/ros2_ws/install/turtlesim/include/turtlesim/turtlesim/srv/detail/spawn__type_support.cpp
[12.212s] -- Installing: /home/chris/ros2_ws/install/turtlesim/include/turtlesim/turtlesim/srv/detail/kill__type_support.cpp
[12.212s] -- Installing: /home/chris/ros2_ws/install/turtlesim/include/turtlesim/turtlesim/srv/detail/teleport_relative__rosidl_typesupport_introspection_cpp.hpp
[12.212s] -- Installing: /home/chris/ros2_ws/install/turtlesim/include/turtlesim/turtlesim/srv/detail/set_pen__type_support.cpp
[12.212s] -- Installing: /home/chris/ros2_ws/install/turtlesim/include/turtlesim/turtlesim/srv/detail/kill__rosidl_typesupport_introspection_cpp.hpp
[12.212s] -- Installing: /home/chris/ros2_ws/install/turtlesim/include/turtlesim/turtlesim/srv/detail/teleport_absolute__type_support.cpp
[12.212s] -- Installing: /home/chris/ros2_ws/install/turtlesim/include/turtlesim/turtlesim/srv/detail/teleport_relative__type_support.cpp
[12.212s] -- Installing: /home/chris/ros2_ws/install/turtlesim/include/turtlesim/turtlesim/srv/detail/teleport_absolute__rosidl_typesupport_introspection_cpp.hpp
[12.212s] -- Up-to-date: /home/chris/ros2_ws/install/turtlesim/include/turtlesim/turtlesim/msg
[12.212s] -- Up-to-date: /home/chris/ros2_ws/install/turtlesim/include/turtlesim/turtlesim/msg/detail
[12.212s] -- Installing: /home/chris/ros2_ws/install/turtlesim/include/turtlesim/turtlesim/msg/detail/color__type_support.cpp
[12.212s] -- Installing: /home/chris/ros2_ws/install/turtlesim/include/turtlesim/turtlesim/msg/detail/pose__rosidl_typesupport_introspection_cpp.hpp
[12.212s] -- Installing: /home/chris/ros2_ws/install/turtlesim/include/turtlesim/turtlesim/msg/detail/pose__type_support.cpp
[12.212s] -- Installing: /home/chris/ros2_ws/install/turtlesim/include/turtlesim/turtlesim/msg/detail/color__rosidl_typesupport_introspection_cpp.hpp
[12.212s] -- Installing: /home/chris/ros2_ws/install/turtlesim/lib/libturtlesim__rosidl_typesupport_introspection_cpp.so
[12.212s] -- Set runtime path of "/home/chris/ros2_ws/install/turtlesim/lib/libturtlesim__rosidl_typesupport_introspection_cpp.so" to ""
[12.212s] -- Installing: /home/chris/ros2_ws/install/turtlesim/lib/libturtlesim__rosidl_typesupport_cpp.so
[12.212s] -- Set runtime path of "/home/chris/ros2_ws/install/turtlesim/lib/libturtlesim__rosidl_typesupport_cpp.so" to ""
[12.212s] -- Installing: /home/chris/ros2_ws/install/turtlesim/share/turtlesim/environment/pythonpath.sh
[12.212s] -- Installing: /home/chris/ros2_ws/install/turtlesim/share/turtlesim/environment/pythonpath.dsv
[12.212s] -- Installing: /home/chris/ros2_ws/install/turtlesim/local/lib/python3.10/dist-packages/turtlesim-1.4.2-py3.10.egg-info
[12.212s] -- Installing: /home/chris/ros2_ws/install/turtlesim/local/lib/python3.10/dist-packages/turtlesim-1.4.2-py3.10.egg-info/dependency_links.txt
[12.213s] -- Installing: /home/chris/ros2_ws/install/turtlesim/local/lib/python3.10/dist-packages/turtlesim-1.4.2-py3.10.egg-info/PKG-INFO
[12.213s] -- Installing: /home/chris/ros2_ws/install/turtlesim/local/lib/python3.10/dist-packages/turtlesim-1.4.2-py3.10.egg-info/top_level.txt
[12.213s] -- Installing: /home/chris/ros2_ws/install/turtlesim/local/lib/python3.10/dist-packages/turtlesim-1.4.2-py3.10.egg-info/SOURCES.txt
[12.213s] -- Installing: /home/chris/ros2_ws/install/turtlesim/local/lib/python3.10/dist-packages/turtlesim
[12.213s] -- Installing: /home/chris/ros2_ws/install/turtlesim/local/lib/python3.10/dist-packages/turtlesim/libturtlesim__rosidl_generator_py.so
[12.213s] -- Installing: /home/chris/ros2_ws/install/turtlesim/local/lib/python3.10/dist-packages/turtlesim/_turtlesim_s.ep.rosidl_typesupport_introspection_c.c
[12.213s] -- Installing: /home/chris/ros2_ws/install/turtlesim/local/lib/python3.10/dist-packages/turtlesim/_turtlesim_s.ep.rosidl_typesupport_fastrtps_c.c
[12.213s] -- Installing: /home/chris/ros2_ws/install/turtlesim/local/lib/python3.10/dist-packages/turtlesim/action
[12.213s] -- Installing: /home/chris/ros2_ws/install/turtlesim/local/lib/python3.10/dist-packages/turtlesim/action/_rotate_absolute_s.c
[12.213s] -- Installing: /home/chris/ros2_ws/install/turtlesim/local/lib/python3.10/dist-packages/turtlesim/action/__init__.py
[12.213s] -- Installing: /home/chris/ros2_ws/install/turtlesim/local/lib/python3.10/dist-packages/turtlesim/action/_rotate_absolute.py
[12.213s] -- Installing: /home/chris/ros2_ws/install/turtlesim/local/lib/python3.10/dist-packages/turtlesim/srv
[12.213s] -- Installing: /home/chris/ros2_ws/install/turtlesim/local/lib/python3.10/dist-packages/turtlesim/srv/_kill.py
[12.213s] -- Installing: /home/chris/ros2_ws/install/turtlesim/local/lib/python3.10/dist-packages/turtlesim/srv/_kill_s.c
[12.213s] -- Installing: /home/chris/ros2_ws/install/turtlesim/local/lib/python3.10/dist-packages/turtlesim/srv/_teleport_absolute.py
[12.213s] -- Installing: /home/chris/ros2_ws/install/turtlesim/local/lib/python3.10/dist-packages/turtlesim/srv/_spawn.py
[12.213s] -- Installing: /home/chris/ros2_ws/install/turtlesim/local/lib/python3.10/dist-packages/turtlesim/srv/_spawn_s.c
[12.213s] -- Installing: /home/chris/ros2_ws/install/turtlesim/local/lib/python3.10/dist-packages/turtlesim/srv/__init__.py
[12.213s] -- Installing: /home/chris/ros2_ws/install/turtlesim/local/lib/python3.10/dist-packages/turtlesim/srv/_teleport_relative_s.c
[12.213s] -- Installing: /home/chris/ros2_ws/install/turtlesim/local/lib/python3.10/dist-packages/turtlesim/srv/_set_pen_s.c
[12.213s] -- Installing: /home/chris/ros2_ws/install/turtlesim/local/lib/python3.10/dist-packages/turtlesim/srv/_teleport_absolute_s.c
[12.213s] -- Installing: /home/chris/ros2_ws/install/turtlesim/local/lib/python3.10/dist-packages/turtlesim/srv/_set_pen.py
[12.213s] -- Installing: /home/chris/ros2_ws/install/turtlesim/local/lib/python3.10/dist-packages/turtlesim/srv/_teleport_relative.py
[12.213s] -- Installing: /home/chris/ros2_ws/install/turtlesim/local/lib/python3.10/dist-packages/turtlesim/__init__.py
[12.213s] -- Installing: /home/chris/ros2_ws/install/turtlesim/local/lib/python3.10/dist-packages/turtlesim/turtlesim_s__rosidl_typesupport_fastrtps_c.cpython-310-x86_64-linux-gnu.so
[12.213s] -- Installing: /home/chris/ros2_ws/install/turtlesim/local/lib/python3.10/dist-packages/turtlesim/msg
[12.213s] -- Installing: /home/chris/ros2_ws/install/turtlesim/local/lib/python3.10/dist-packages/turtlesim/msg/_pose_s.c
[12.213s] -- Installing: /home/chris/ros2_ws/install/turtlesim/local/lib/python3.10/dist-packages/turtlesim/msg/__init__.py
[12.213s] -- Installing: /home/chris/ros2_ws/install/turtlesim/local/lib/python3.10/dist-packages/turtlesim/msg/_color_s.c
[12.213s] -- Installing: /home/chris/ros2_ws/install/turtlesim/local/lib/python3.10/dist-packages/turtlesim/msg/_color.py
[12.213s] -- Installing: /home/chris/ros2_ws/install/turtlesim/local/lib/python3.10/dist-packages/turtlesim/msg/_pose.py
[12.213s] -- Installing: /home/chris/ros2_ws/install/turtlesim/local/lib/python3.10/dist-packages/turtlesim/turtlesim_s__rosidl_typesupport_c.cpython-310-x86_64-linux-gnu.so
[12.213s] -- Installing: /home/chris/ros2_ws/install/turtlesim/local/lib/python3.10/dist-packages/turtlesim/turtlesim_s__rosidl_typesupport_introspection_c.cpython-310-x86_64-linux-gnu.so
[12.213s] -- Installing: /home/chris/ros2_ws/install/turtlesim/local/lib/python3.10/dist-packages/turtlesim/_turtlesim_s.ep.rosidl_typesupport_c.c
[12.250s] Listing '/home/chris/ros2_ws/install/turtlesim/local/lib/python3.10/dist-packages/turtlesim'...
[12.250s] Compiling '/home/chris/ros2_ws/install/turtlesim/local/lib/python3.10/dist-packages/turtlesim/__init__.py'...
[12.250s] Listing '/home/chris/ros2_ws/install/turtlesim/local/lib/python3.10/dist-packages/turtlesim/action'...
[12.250s] Compiling '/home/chris/ros2_ws/install/turtlesim/local/lib/python3.10/dist-packages/turtlesim/action/__init__.py'...
[12.250s] Compiling '/home/chris/ros2_ws/install/turtlesim/local/lib/python3.10/dist-packages/turtlesim/action/_rotate_absolute.py'...
[12.251s] Listing '/home/chris/ros2_ws/install/turtlesim/local/lib/python3.10/dist-packages/turtlesim/msg'...
[12.251s] Compiling '/home/chris/ros2_ws/install/turtlesim/local/lib/python3.10/dist-packages/turtlesim/msg/__init__.py'...
[12.251s] Compiling '/home/chris/ros2_ws/install/turtlesim/local/lib/python3.10/dist-packages/turtlesim/msg/_color.py'...
[12.251s] Compiling '/home/chris/ros2_ws/install/turtlesim/local/lib/python3.10/dist-packages/turtlesim/msg/_pose.py'...
[12.251s] Listing '/home/chris/ros2_ws/install/turtlesim/local/lib/python3.10/dist-packages/turtlesim/srv'...
[12.251s] Compiling '/home/chris/ros2_ws/install/turtlesim/local/lib/python3.10/dist-packages/turtlesim/srv/__init__.py'...
[12.251s] Compiling '/home/chris/ros2_ws/install/turtlesim/local/lib/python3.10/dist-packages/turtlesim/srv/_kill.py'...
[12.251s] Compiling '/home/chris/ros2_ws/install/turtlesim/local/lib/python3.10/dist-packages/turtlesim/srv/_set_pen.py'...
[12.251s] Compiling '/home/chris/ros2_ws/install/turtlesim/local/lib/python3.10/dist-packages/turtlesim/srv/_spawn.py'...
[12.251s] Compiling '/home/chris/ros2_ws/install/turtlesim/local/lib/python3.10/dist-packages/turtlesim/srv/_teleport_absolute.py'...
[12.251s] Compiling '/home/chris/ros2_ws/install/turtlesim/local/lib/python3.10/dist-packages/turtlesim/srv/_teleport_relative.py'...
[12.253s] -- Installing: /home/chris/ros2_ws/install/turtlesim/local/lib/python3.10/dist-packages/turtlesim/turtlesim_s__rosidl_typesupport_fastrtps_c.cpython-310-x86_64-linux-gnu.so
[12.253s] -- Set runtime path of "/home/chris/ros2_ws/install/turtlesim/local/lib/python3.10/dist-packages/turtlesim/turtlesim_s__rosidl_typesupport_fastrtps_c.cpython-310-x86_64-linux-gnu.so" to ""
[12.253s] -- Installing: /home/chris/ros2_ws/install/turtlesim/local/lib/python3.10/dist-packages/turtlesim/turtlesim_s__rosidl_typesupport_introspection_c.cpython-310-x86_64-linux-gnu.so
[12.253s] -- Set runtime path of "/home/chris/ros2_ws/install/turtlesim/local/lib/python3.10/dist-packages/turtlesim/turtlesim_s__rosidl_typesupport_introspection_c.cpython-310-x86_64-linux-gnu.so" to ""
[12.254s] -- Installing: /home/chris/ros2_ws/install/turtlesim/local/lib/python3.10/dist-packages/turtlesim/turtlesim_s__rosidl_typesupport_c.cpython-310-x86_64-linux-gnu.so
[12.254s] -- Set runtime path of "/home/chris/ros2_ws/install/turtlesim/local/lib/python3.10/dist-packages/turtlesim/turtlesim_s__rosidl_typesupport_c.cpython-310-x86_64-linux-gnu.so" to ""
[12.254s] -- Installing: /home/chris/ros2_ws/install/turtlesim/lib/libturtlesim__rosidl_generator_py.so
[12.254s] -- Set runtime path of "/home/chris/ros2_ws/install/turtlesim/lib/libturtlesim__rosidl_generator_py.so" to ""
[12.254s] -- Installing: /home/chris/ros2_ws/install/turtlesim/share/turtlesim/action/RotateAbsolute.idl
[12.254s] -- Installing: /home/chris/ros2_ws/install/turtlesim/share/turtlesim/msg/Color.idl
[12.254s] -- Installing: /home/chris/ros2_ws/install/turtlesim/share/turtlesim/msg/Pose.idl
[12.254s] -- Installing: /home/chris/ros2_ws/install/turtlesim/share/turtlesim/srv/Kill.idl
[12.254s] -- Installing: /home/chris/ros2_ws/install/turtlesim/share/turtlesim/srv/SetPen.idl
[12.254s] -- Installing: /home/chris/ros2_ws/install/turtlesim/share/turtlesim/srv/Spawn.idl
[12.254s] -- Installing: /home/chris/ros2_ws/install/turtlesim/share/turtlesim/srv/TeleportAbsolute.idl
[12.254s] -- Installing: /home/chris/ros2_ws/install/turtlesim/share/turtlesim/srv/TeleportRelative.idl
[12.254s] -- Installing: /home/chris/ros2_ws/install/turtlesim/share/turtlesim/action/RotateAbsolute.action
[12.254s] -- Installing: /home/chris/ros2_ws/install/turtlesim/share/turtlesim/msg/Color.msg
[12.254s] -- Installing: /home/chris/ros2_ws/install/turtlesim/share/turtlesim/msg/Pose.msg
[12.254s] -- Installing: /home/chris/ros2_ws/install/turtlesim/share/turtlesim/srv/Kill.srv
[12.254s] -- Installing: /home/chris/ros2_ws/install/turtlesim/share/turtlesim/srv/Kill_Request.msg
[12.254s] -- Installing: /home/chris/ros2_ws/install/turtlesim/share/turtlesim/srv/Kill_Response.msg
[12.254s] -- Installing: /home/chris/ros2_ws/install/turtlesim/share/turtlesim/srv/SetPen.srv
[12.255s] -- Installing: /home/chris/ros2_ws/install/turtlesim/share/turtlesim/srv/SetPen_Request.msg
[12.255s] -- Installing: /home/chris/ros2_ws/install/turtlesim/share/turtlesim/srv/SetPen_Response.msg
[12.255s] -- Installing: /home/chris/ros2_ws/install/turtlesim/share/turtlesim/srv/Spawn.srv
[12.255s] -- Installing: /home/chris/ros2_ws/install/turtlesim/share/turtlesim/srv/Spawn_Request.msg
[12.255s] -- Installing: /home/chris/ros2_ws/install/turtlesim/share/turtlesim/srv/Spawn_Response.msg
[12.255s] -- Installing: /home/chris/ros2_ws/install/turtlesim/share/turtlesim/srv/TeleportAbsolute.srv
[12.255s] -- Installing: /home/chris/ros2_ws/install/turtlesim/share/turtlesim/srv/TeleportAbsolute_Request.msg
[12.255s] -- Installing: /home/chris/ros2_ws/install/turtlesim/share/turtlesim/srv/TeleportAbsolute_Response.msg
[12.255s] -- Installing: /home/chris/ros2_ws/install/turtlesim/share/turtlesim/srv/TeleportRelative.srv
[12.255s] -- Installing: /home/chris/ros2_ws/install/turtlesim/share/turtlesim/srv/TeleportRelative_Request.msg
[12.255s] -- Installing: /home/chris/ros2_ws/install/turtlesim/share/turtlesim/srv/TeleportRelative_Response.msg
[12.255s] -- Installing: /home/chris/ros2_ws/install/turtlesim/lib/turtlesim/turtlesim_node
[12.259s] -- Set runtime path of "/home/chris/ros2_ws/install/turtlesim/lib/turtlesim/turtlesim_node" to ""
[12.259s] -- Installing: /home/chris/ros2_ws/install/turtlesim/lib/turtlesim/turtle_teleop_key
[12.259s] -- Set runtime path of "/home/chris/ros2_ws/install/turtlesim/lib/turtlesim/turtle_teleop_key" to ""
[12.260s] -- Installing: /home/chris/ros2_ws/install/turtlesim/lib/turtlesim/draw_square
[12.261s] -- Set runtime path of "/home/chris/ros2_ws/install/turtlesim/lib/turtlesim/draw_square" to ""
[12.261s] -- Installing: /home/chris/ros2_ws/install/turtlesim/lib/turtlesim/mimic
[12.263s] -- Set runtime path of "/home/chris/ros2_ws/install/turtlesim/lib/turtlesim/mimic" to ""
[12.263s] -- Installing: /home/chris/ros2_ws/install/turtlesim/share/turtlesim/images
[12.263s] -- Installing: /home/chris/ros2_ws/install/turtlesim/share/turtlesim/images/rolling.png
[12.263s] -- Installing: /home/chris/ros2_ws/install/turtlesim/share/turtlesim/images/eloquent.png
[12.263s] -- Installing: /home/chris/ros2_ws/install/turtlesim/share/turtlesim/images/galactic.png
[12.263s] -- Installing: /home/chris/ros2_ws/install/turtlesim/share/turtlesim/images/crystal.png
[12.263s] -- Installing: /home/chris/ros2_ws/install/turtlesim/share/turtlesim/images/dashing.png
[12.263s] -- Installing: /home/chris/ros2_ws/install/turtlesim/share/turtlesim/images/bouncy.png
[12.263s] -- Installing: /home/chris/ros2_ws/install/turtlesim/share/turtlesim/images/humble.png
[12.263s] -- Installing: /home/chris/ros2_ws/install/turtlesim/share/turtlesim/images/ardent.png
[12.264s] -- Installing: /home/chris/ros2_ws/install/turtlesim/share/turtlesim/images/foxy.png
[12.264s] -- Installing: /home/chris/ros2_ws/install/turtlesim/share/turtlesim/launch
[12.264s] -- Installing: /home/chris/ros2_ws/install/turtlesim/share/turtlesim/launch/multisim.launch.py
[12.264s] -- Installing: /home/chris/ros2_ws/install/turtlesim/share/ament_index/resource_index/package_run_dependencies/turtlesim
[12.264s] -- Installing: /home/chris/ros2_ws/install/turtlesim/share/ament_index/resource_index/parent_prefix_path/turtlesim
[12.264s] -- Installing: /home/chris/ros2_ws/install/turtlesim/share/turtlesim/environment/ament_prefix_path.sh
[12.264s] -- Installing: /home/chris/ros2_ws/install/turtlesim/share/turtlesim/environment/ament_prefix_path.dsv
[12.264s] -- Installing: /home/chris/ros2_ws/install/turtlesim/share/turtlesim/environment/path.sh
[12.264s] -- Installing: /home/chris/ros2_ws/install/turtlesim/share/turtlesim/environment/path.dsv
[12.264s] -- Installing: /home/chris/ros2_ws/install/turtlesim/share/turtlesim/local_setup.bash
[12.264s] -- Installing: /home/chris/ros2_ws/install/turtlesim/share/turtlesim/local_setup.sh
[12.264s] -- Installing: /home/chris/ros2_ws/install/turtlesim/share/turtlesim/local_setup.zsh
[12.264s] -- Installing: /home/chris/ros2_ws/install/turtlesim/share/turtlesim/local_setup.dsv
[12.264s] -- Installing: /home/chris/ros2_ws/install/turtlesim/share/turtlesim/package.dsv
[12.264s] -- Installing: /home/chris/ros2_ws/install/turtlesim/share/ament_index/resource_index/packages/turtlesim
[12.264s] -- Installing: /home/chris/ros2_ws/install/turtlesim/share/turtlesim/cmake/export_turtlesim__rosidl_generator_cExport.cmake
[12.264s] -- Installing: /home/chris/ros2_ws/install/turtlesim/share/turtlesim/cmake/export_turtlesim__rosidl_generator_cExport-noconfig.cmake
[12.264s] -- Installing: /home/chris/ros2_ws/install/turtlesim/share/turtlesim/cmake/export_turtlesim__rosidl_typesupport_fastrtps_cExport.cmake
[12.264s] -- Installing: /home/chris/ros2_ws/install/turtlesim/share/turtlesim/cmake/export_turtlesim__rosidl_typesupport_fastrtps_cExport-noconfig.cmake
[12.264s] -- Installing: /home/chris/ros2_ws/install/turtlesim/share/turtlesim/cmake/export_turtlesim__rosidl_generator_cppExport.cmake
[12.264s] -- Installing: /home/chris/ros2_ws/install/turtlesim/share/turtlesim/cmake/export_turtlesim__rosidl_typesupport_fastrtps_cppExport.cmake
[12.264s] -- Installing: /home/chris/ros2_ws/install/turtlesim/share/turtlesim/cmake/export_turtlesim__rosidl_typesupport_fastrtps_cppExport-noconfig.cmake
[12.264s] -- Installing: /home/chris/ros2_ws/install/turtlesim/share/turtlesim/cmake/turtlesim__rosidl_typesupport_introspection_cExport.cmake
[12.264s] -- Installing: /home/chris/ros2_ws/install/turtlesim/share/turtlesim/cmake/turtlesim__rosidl_typesupport_introspection_cExport-noconfig.cmake
[12.264s] -- Installing: /home/chris/ros2_ws/install/turtlesim/share/turtlesim/cmake/turtlesim__rosidl_typesupport_cExport.cmake
[12.264s] -- Installing: /home/chris/ros2_ws/install/turtlesim/share/turtlesim/cmake/turtlesim__rosidl_typesupport_cExport-noconfig.cmake
[12.264s] -- Installing: /home/chris/ros2_ws/install/turtlesim/share/turtlesim/cmake/turtlesim__rosidl_typesupport_introspection_cppExport.cmake
[12.264s] -- Installing: /home/chris/ros2_ws/install/turtlesim/share/turtlesim/cmake/turtlesim__rosidl_typesupport_introspection_cppExport-noconfig.cmake
[12.264s] -- Installing: /home/chris/ros2_ws/install/turtlesim/share/turtlesim/cmake/turtlesim__rosidl_typesupport_cppExport.cmake
[12.264s] -- Installing: /home/chris/ros2_ws/install/turtlesim/share/turtlesim/cmake/turtlesim__rosidl_typesupport_cppExport-noconfig.cmake
[12.264s] -- Installing: /home/chris/ros2_ws/install/turtlesim/share/turtlesim/cmake/export_turtlesim__rosidl_generator_pyExport.cmake
[12.265s] -- Installing: /home/chris/ros2_ws/install/turtlesim/share/turtlesim/cmake/export_turtlesim__rosidl_generator_pyExport-noconfig.cmake
[12.265s] -- Installing: /home/chris/ros2_ws/install/turtlesim/share/turtlesim/cmake/rosidl_cmake-extras.cmake
[12.265s] -- Installing: /home/chris/ros2_ws/install/turtlesim/share/turtlesim/cmake/ament_cmake_export_dependencies-extras.cmake
[12.265s] -- Installing: /home/chris/ros2_ws/install/turtlesim/share/turtlesim/cmake/ament_cmake_export_include_directories-extras.cmake
[12.265s] -- Installing: /home/chris/ros2_ws/install/turtlesim/share/turtlesim/cmake/ament_cmake_export_libraries-extras.cmake
[12.265s] -- Installing: /home/chris/ros2_ws/install/turtlesim/share/turtlesim/cmake/ament_cmake_export_targets-extras.cmake
[12.265s] -- Installing: /home/chris/ros2_ws/install/turtlesim/share/turtlesim/cmake/rosidl_cmake_export_typesupport_targets-extras.cmake
[12.265s] -- Installing: /home/chris/ros2_ws/install/turtlesim/share/turtlesim/cmake/rosidl_cmake_export_typesupport_libraries-extras.cmake
[12.265s] -- Installing: /home/chris/ros2_ws/install/turtlesim/share/turtlesim/cmake/turtlesimConfig.cmake
[12.265s] -- Installing: /home/chris/ros2_ws/install/turtlesim/share/turtlesim/cmake/turtlesimConfig-version.cmake
[12.265s] -- Installing: /home/chris/ros2_ws/install/turtlesim/share/turtlesim/package.xml
[12.266s] Invoked command in '/home/chris/ros2_ws/build/turtlesim' returned '0': CMAKE_PREFIX_PATH=${CMAKE_PREFIX_PATH}:/home/chris/ros2_ws/install/launch_testing_examples:/home/chris/ros2_ws/install/examples_rclpy_pointcloud_publisher:/home/chris/ros2_ws/install/examples_rclpy_minimal_subscriber:/home/chris/ros2_ws/install/examples_rclpy_minimal_service:/home/chris/ros2_ws/install/examples_rclpy_minimal_publisher:/home/chris/ros2_ws/install/examples_rclpy_minimal_client:/home/chris/ros2_ws/install/examples_rclpy_minimal_action_server:/home/chris/ros2_ws/install/examples_rclpy_minimal_action_client:/home/chris/ros2_ws/install/examples_rclpy_guard_conditions:/home/chris/ros2_ws/install/examples_rclpy_executors:/opt/ros/humble /usr/bin/cmake --install /home/chris/ros2_ws/build/turtlesim
