[0.414s] Invoking command in '/home/chris/rostut/src/bag_recorder_nodes_py': PYTHONPATH=/home/chris/rostut/build/bag_recorder_nodes_py/prefix_override:/home/chris/rostut/install/bag_recorder_nodes_py/lib/python3.10/site-packages:${PYTHONPATH} /usr/bin/python3 setup.py egg_info --egg-base ../../build/bag_recorder_nodes_py build --build-base /home/chris/rostut/build/bag_recorder_nodes_py/build install --record /home/chris/rostut/build/bag_recorder_nodes_py/install.log --single-version-externally-managed
[0.545s] running egg_info
[0.545s] writing ../../build/bag_recorder_nodes_py/bag_recorder_nodes_py.egg-info/PKG-INFO
[0.545s] writing dependency_links to ../../build/bag_recorder_nodes_py/bag_recorder_nodes_py.egg-info/dependency_links.txt
[0.545s] writing entry points to ../../build/bag_recorder_nodes_py/bag_recorder_nodes_py.egg-info/entry_points.txt
[0.545s] writing requirements to ../../build/bag_recorder_nodes_py/bag_recorder_nodes_py.egg-info/requires.txt
[0.546s] writing top-level names to ../../build/bag_recorder_nodes_py/bag_recorder_nodes_py.egg-info/top_level.txt
[0.546s] reading manifest file '../../build/bag_recorder_nodes_py/bag_recorder_nodes_py.egg-info/SOURCES.txt'
[0.547s] adding license file 'LICENSE'
[0.547s] writing manifest file '../../build/bag_recorder_nodes_py/bag_recorder_nodes_py.egg-info/SOURCES.txt'
[0.547s] running build
[0.547s] running build_py
[0.547s] copying bag_recorder_nodes_py/data_generator_node.py -> /home/chris/rostut/build/bag_recorder_nodes_py/build/lib/bag_recorder_nodes_py
[0.547s] running install
[0.547s] /usr/lib/python3/dist-packages/setuptools/command/install.py:34: SetuptoolsDeprecationWarning: setup.py install is deprecated. Use build and pip and other standards-based tools.
[0.547s]   warnings.warn(
[0.547s] running install_lib
[0.548s] copying /home/chris/rostut/build/bag_recorder_nodes_py/build/lib/bag_recorder_nodes_py/data_generator_node.py -> /home/chris/rostut/install/bag_recorder_nodes_py/lib/python3.10/site-packages/bag_recorder_nodes_py
[0.548s] byte-compiling /home/chris/rostut/install/bag_recorder_nodes_py/lib/python3.10/site-packages/bag_recorder_nodes_py/data_generator_node.py to data_generator_node.cpython-310.pyc
[0.548s] running install_data
[0.549s] running install_egg_info
[0.550s] removing '/home/chris/rostut/install/bag_recorder_nodes_py/lib/python3.10/site-packages/bag_recorder_nodes_py-0.0.0-py3.10.egg-info' (and everything under it)
[0.550s] Copying ../../build/bag_recorder_nodes_py/bag_recorder_nodes_py.egg-info to /home/chris/rostut/install/bag_recorder_nodes_py/lib/python3.10/site-packages/bag_recorder_nodes_py-0.0.0-py3.10.egg-info
[0.550s] running install_scripts
[0.563s] Installing data_generator_node script to /home/chris/rostut/install/bag_recorder_nodes_py/lib/bag_recorder_nodes_py
[0.563s] Installing simple_bag_recorder script to /home/chris/rostut/install/bag_recorder_nodes_py/lib/bag_recorder_nodes_py
[0.563s] writing list of installed files to '/home/chris/rostut/build/bag_recorder_nodes_py/install.log'
[0.575s] Invoked command in '/home/chris/rostut/src/bag_recorder_nodes_py' returned '0': PYTHONPATH=/home/chris/rostut/build/bag_recorder_nodes_py/prefix_override:/home/chris/rostut/install/bag_recorder_nodes_py/lib/python3.10/site-packages:${PYTHONPATH} /usr/bin/python3 setup.py egg_info --egg-base ../../build/bag_recorder_nodes_py build --build-base /home/chris/rostut/build/bag_recorder_nodes_py/build install --record /home/chris/rostut/build/bag_recorder_nodes_py/install.log --single-version-externally-managed
