[2.536s] Invoking command in '/home/chris/rostut/build/examples_rclpy_executors': PYTHONPATH=/home/chris/rostut/build/examples_rclpy_executors/prefix_override:/home/chris/rostut/install/examples_rclpy_executors/lib/python3.10/site-packages:${PYTHONPATH} /usr/bin/python3 setup.py develop --uninstall --editable --build-directory /home/chris/rostut/build/examples_rclpy_executors/build
[2.957s] running develop
[2.957s] Removing /home/chris/rostut/install/examples_rclpy_executors/lib/python3.10/site-packages/examples-rclpy-executors.egg-link (link to .)
[2.958s] /usr/lib/python3/dist-packages/setuptools/command/easy_install.py:158: EasyInstallDeprecationWarning: easy_install command is deprecated. Use build and pip and other standards-based tools.
[2.958s]   warnings.warn(
[2.958s] /usr/lib/python3/dist-packages/setuptools/command/install.py:34: SetuptoolsDeprecationWarning: setup.py install is deprecated. Use build and pip and other standards-based tools.
[2.959s]   warnings.warn(
[3.214s] Invoked command in '/home/chris/rostut/build/examples_rclpy_executors' returned '0': PYTHONPATH=/home/chris/rostut/build/examples_rclpy_executors/prefix_override:/home/chris/rostut/install/examples_rclpy_executors/lib/python3.10/site-packages:${PYTHONPATH} /usr/bin/python3 setup.py develop --uninstall --editable --build-directory /home/chris/rostut/build/examples_rclpy_executors/build
[3.216s] Invoking command in '/home/chris/rostut/src/examples/rclpy/executors': PYTHONPATH=/home/chris/rostut/build/examples_rclpy_executors/prefix_override:/home/chris/rostut/install/examples_rclpy_executors/lib/python3.10/site-packages:${PYTHONPATH} /usr/bin/python3 setup.py egg_info --egg-base ../../../../build/examples_rclpy_executors build --build-base /home/chris/rostut/build/examples_rclpy_executors/build install --record /home/chris/rostut/build/examples_rclpy_executors/install.log --single-version-externally-managed
[3.557s] /usr/lib/python3/dist-packages/setuptools/command/install.py:34: SetuptoolsDeprecationWarning: setup.py install is deprecated. Use build and pip and other standards-based tools.
[3.557s]   warnings.warn(
[3.557s] running egg_info
[3.558s] writing ../../../../build/examples_rclpy_executors/examples_rclpy_executors.egg-info/PKG-INFO
[3.558s] writing dependency_links to ../../../../build/examples_rclpy_executors/examples_rclpy_executors.egg-info/dependency_links.txt
[3.558s] writing entry points to ../../../../build/examples_rclpy_executors/examples_rclpy_executors.egg-info/entry_points.txt
[3.558s] writing requirements to ../../../../build/examples_rclpy_executors/examples_rclpy_executors.egg-info/requires.txt
[3.558s] writing top-level names to ../../../../build/examples_rclpy_executors/examples_rclpy_executors.egg-info/top_level.txt
[3.558s] reading manifest file '../../../../build/examples_rclpy_executors/examples_rclpy_executors.egg-info/SOURCES.txt'
[3.558s] writing manifest file '../../../../build/examples_rclpy_executors/examples_rclpy_executors.egg-info/SOURCES.txt'
[3.558s] running build
[3.558s] running build_py
[3.558s] creating /home/chris/rostut/build/examples_rclpy_executors/build
[3.558s] creating /home/chris/rostut/build/examples_rclpy_executors/build/lib
[3.558s] creating /home/chris/rostut/build/examples_rclpy_executors/build/lib/examples_rclpy_executors
[3.559s] copying examples_rclpy_executors/callback_group.py -> /home/chris/rostut/build/examples_rclpy_executors/build/lib/examples_rclpy_executors
[3.559s] copying examples_rclpy_executors/composed.py -> /home/chris/rostut/build/examples_rclpy_executors/build/lib/examples_rclpy_executors
[3.559s] copying examples_rclpy_executors/custom_callback_group.py -> /home/chris/rostut/build/examples_rclpy_executors/build/lib/examples_rclpy_executors
[3.559s] copying examples_rclpy_executors/__init__.py -> /home/chris/rostut/build/examples_rclpy_executors/build/lib/examples_rclpy_executors
[3.559s] copying examples_rclpy_executors/talker.py -> /home/chris/rostut/build/examples_rclpy_executors/build/lib/examples_rclpy_executors
[3.559s] copying examples_rclpy_executors/custom_executor.py -> /home/chris/rostut/build/examples_rclpy_executors/build/lib/examples_rclpy_executors
[3.559s] copying examples_rclpy_executors/listener.py -> /home/chris/rostut/build/examples_rclpy_executors/build/lib/examples_rclpy_executors
[3.559s] running install
[3.559s] running install_lib
[3.559s] creating /home/chris/rostut/install/examples_rclpy_executors/lib/python3.10/site-packages/examples_rclpy_executors
[3.559s] copying /home/chris/rostut/build/examples_rclpy_executors/build/lib/examples_rclpy_executors/callback_group.py -> /home/chris/rostut/install/examples_rclpy_executors/lib/python3.10/site-packages/examples_rclpy_executors
[3.560s] copying /home/chris/rostut/build/examples_rclpy_executors/build/lib/examples_rclpy_executors/composed.py -> /home/chris/rostut/install/examples_rclpy_executors/lib/python3.10/site-packages/examples_rclpy_executors
[3.560s] copying /home/chris/rostut/build/examples_rclpy_executors/build/lib/examples_rclpy_executors/custom_callback_group.py -> /home/chris/rostut/install/examples_rclpy_executors/lib/python3.10/site-packages/examples_rclpy_executors
[3.560s] copying /home/chris/rostut/build/examples_rclpy_executors/build/lib/examples_rclpy_executors/__init__.py -> /home/chris/rostut/install/examples_rclpy_executors/lib/python3.10/site-packages/examples_rclpy_executors
[3.560s] copying /home/chris/rostut/build/examples_rclpy_executors/build/lib/examples_rclpy_executors/talker.py -> /home/chris/rostut/install/examples_rclpy_executors/lib/python3.10/site-packages/examples_rclpy_executors
[3.560s] copying /home/chris/rostut/build/examples_rclpy_executors/build/lib/examples_rclpy_executors/custom_executor.py -> /home/chris/rostut/install/examples_rclpy_executors/lib/python3.10/site-packages/examples_rclpy_executors
[3.560s] copying /home/chris/rostut/build/examples_rclpy_executors/build/lib/examples_rclpy_executors/listener.py -> /home/chris/rostut/install/examples_rclpy_executors/lib/python3.10/site-packages/examples_rclpy_executors
[3.560s] byte-compiling /home/chris/rostut/install/examples_rclpy_executors/lib/python3.10/site-packages/examples_rclpy_executors/callback_group.py to callback_group.cpython-310.pyc
[3.560s] byte-compiling /home/chris/rostut/install/examples_rclpy_executors/lib/python3.10/site-packages/examples_rclpy_executors/composed.py to composed.cpython-310.pyc
[3.560s] byte-compiling /home/chris/rostut/install/examples_rclpy_executors/lib/python3.10/site-packages/examples_rclpy_executors/custom_callback_group.py to custom_callback_group.cpython-310.pyc
[3.560s] byte-compiling /home/chris/rostut/install/examples_rclpy_executors/lib/python3.10/site-packages/examples_rclpy_executors/__init__.py to __init__.cpython-310.pyc
[3.560s] byte-compiling /home/chris/rostut/install/examples_rclpy_executors/lib/python3.10/site-packages/examples_rclpy_executors/talker.py to talker.cpython-310.pyc
[3.560s] byte-compiling /home/chris/rostut/install/examples_rclpy_executors/lib/python3.10/site-packages/examples_rclpy_executors/custom_executor.py to custom_executor.cpython-310.pyc
[3.561s] byte-compiling /home/chris/rostut/install/examples_rclpy_executors/lib/python3.10/site-packages/examples_rclpy_executors/listener.py to listener.cpython-310.pyc
[3.561s] running install_data
[3.561s] running install_egg_info
[3.561s] Copying ../../../../build/examples_rclpy_executors/examples_rclpy_executors.egg-info to /home/chris/rostut/install/examples_rclpy_executors/lib/python3.10/site-packages/examples_rclpy_executors-0.15.1-py3.10.egg-info
[3.561s] running install_scripts
[3.561s] Installing callback_group script to /home/chris/rostut/install/examples_rclpy_executors/lib/examples_rclpy_executors
[3.561s] Installing composed script to /home/chris/rostut/install/examples_rclpy_executors/lib/examples_rclpy_executors
[3.561s] Installing custom_callback_group script to /home/chris/rostut/install/examples_rclpy_executors/lib/examples_rclpy_executors
[3.561s] Installing custom_executor script to /home/chris/rostut/install/examples_rclpy_executors/lib/examples_rclpy_executors
[3.561s] Installing listener script to /home/chris/rostut/install/examples_rclpy_executors/lib/examples_rclpy_executors
[3.561s] Installing talker script to /home/chris/rostut/install/examples_rclpy_executors/lib/examples_rclpy_executors
[3.561s] writing list of installed files to '/home/chris/rostut/build/examples_rclpy_executors/install.log'
[3.995s] Invoked command in '/home/chris/rostut/src/examples/rclpy/executors' returned '0': PYTHONPATH=/home/chris/rostut/build/examples_rclpy_executors/prefix_override:/home/chris/rostut/install/examples_rclpy_executors/lib/python3.10/site-packages:${PYTHONPATH} /usr/bin/python3 setup.py egg_info --egg-base ../../../../build/examples_rclpy_executors build --build-base /home/chris/rostut/build/examples_rclpy_executors/build install --record /home/chris/rostut/build/examples_rclpy_executors/install.log --single-version-externally-managed
