[3.578s] Invoking command in '/home/chris/rostut/build/examples_rclpy_minimal_publisher': PYTHONPATH=/home/chris/rostut/build/examples_rclpy_minimal_publisher/prefix_override:/home/chris/rostut/install/examples_rclpy_minimal_publisher/lib/python3.10/site-packages:${PYTHONPATH} /usr/bin/python3 setup.py develop --editable --build-directory /home/chris/rostut/build/examples_rclpy_minimal_publisher/build --no-deps install_data
[78.013s] running develop
[78.013s] running egg_info
[78.014s] creating examples_rclpy_minimal_publisher.egg-info
[78.014s] writing examples_rclpy_minimal_publisher.egg-info/PKG-INFO
[78.014s] writing dependency_links to examples_rclpy_minimal_publisher.egg-info/dependency_links.txt
[78.014s] writing entry points to examples_rclpy_minimal_publisher.egg-info/entry_points.txt
[78.014s] writing requirements to examples_rclpy_minimal_publisher.egg-info/requires.txt
[78.014s] writing top-level names to examples_rclpy_minimal_publisher.egg-info/top_level.txt
[78.014s] writing manifest file 'examples_rclpy_minimal_publisher.egg-info/SOURCES.txt'
[78.014s] reading manifest file 'examples_rclpy_minimal_publisher.egg-info/SOURCES.txt'
[78.014s] writing manifest file 'examples_rclpy_minimal_publisher.egg-info/SOURCES.txt'
[78.014s] running build_ext
[78.014s] Creating /home/chris/rostut/install/examples_rclpy_minimal_publisher/lib/python3.10/site-packages/examples-rclpy-minimal-publisher.egg-link (link to .)
[78.014s] Installing publisher_local_function script to /home/chris/rostut/install/examples_rclpy_minimal_publisher/lib/examples_rclpy_minimal_publisher
[78.014s] Installing publisher_member_function script to /home/chris/rostut/install/examples_rclpy_minimal_publisher/lib/examples_rclpy_minimal_publisher
[78.014s] Installing publisher_old_school script to /home/chris/rostut/install/examples_rclpy_minimal_publisher/lib/examples_rclpy_minimal_publisher
[78.014s] 
[78.014s] Installed /home/chris/rostut/build/examples_rclpy_minimal_publisher
[78.014s] running install_data
[78.014s] creating /home/chris/rostut/install/examples_rclpy_minimal_publisher/share/ament_index
[78.014s] creating /home/chris/rostut/install/examples_rclpy_minimal_publisher/share/ament_index/resource_index
[78.014s] creating /home/chris/rostut/install/examples_rclpy_minimal_publisher/share/ament_index/resource_index/packages
[78.015s] copying resource/examples_rclpy_minimal_publisher -> /home/chris/rostut/install/examples_rclpy_minimal_publisher/share/ament_index/resource_index/packages
[78.015s] copying package.xml -> /home/chris/rostut/install/examples_rclpy_minimal_publisher/share/examples_rclpy_minimal_publisher
[78.015s] /usr/lib/python3/dist-packages/setuptools/command/easy_install.py:158: EasyInstallDeprecationWarning: easy_install command is deprecated. Use build and pip and other standards-based tools.
[78.015s]   warnings.warn(
[78.015s] /usr/lib/python3/dist-packages/setuptools/command/install.py:34: SetuptoolsDeprecationWarning: setup.py install is deprecated. Use build and pip and other standards-based tools.
[78.015s]   warnings.warn(
[79.570s] Invoked command in '/home/chris/rostut/build/examples_rclpy_minimal_publisher' returned '0': PYTHONPATH=/home/chris/rostut/build/examples_rclpy_minimal_publisher/prefix_override:/home/chris/rostut/install/examples_rclpy_minimal_publisher/lib/python3.10/site-packages:${PYTHONPATH} /usr/bin/python3 setup.py develop --editable --build-directory /home/chris/rostut/build/examples_rclpy_minimal_publisher/build --no-deps install_data
