[0.309s] Invoking command in '/home/chris/ros2_ws/build/examples_rclcpp_minimal_service': CMAKE_PREFIX_PATH=/opt/ros/humble /usr/bin/cmake /home/chris/ros2_ws/src/examples/rclcpp/services/minimal_service -DAMENT_CMAKE_SYMLINK_INSTALL=1 -DCMAKE_INSTALL_PREFIX=/home/chris/ros2_ws/install/examples_rclcpp_minimal_service
[2.009s] -- The C compiler identification is GNU 11.4.0
[2.009s] -- The CXX compiler identification is GNU 11.4.0
[2.009s] -- Detecting C compiler ABI info
[2.009s] -- Detecting C compiler ABI info - done
[2.009s] -- Check for working C compiler: /usr/bin/cc - skipped
[2.009s] -- Detecting C compile features
[2.009s] -- Detecting C compile features - done
[2.009s] -- Detecting CXX compiler ABI info
[2.009s] -- Detecting CXX compiler ABI info - done
[2.009s] -- Check for working CXX compiler: /usr/bin/c++ - skipped
[2.009s] -- Detecting CXX compile features
[2.009s] -- Detecting CXX compile features - done
[2.009s] -- Found ament_cmake: 1.3.6 (/opt/ros/humble/share/ament_cmake/cmake)
[2.009s] -- Found Python3: /usr/bin/python3.10 (found version "3.10.12") found components: Interpreter 
[2.009s] -- Override CMake install command with custom implementation using symlinks instead of copying resources
[2.010s] -- Found example_interfaces: 0.9.3 (/opt/ros/humble/share/example_interfaces/cmake)
[2.010s] -- Found rosidl_generator_c: 3.1.5 (/opt/ros/humble/share/rosidl_generator_c/cmake)
[2.010s] -- Found rosidl_adapter: 3.1.5 (/opt/ros/humble/share/rosidl_adapter/cmake)
[2.010s] -- Found rosidl_generator_cpp: 3.1.5 (/opt/ros/humble/share/rosidl_generator_cpp/cmake)
[2.010s] -- Using all available rosidl_typesupport_c: rosidl_typesupport_fastrtps_c;rosidl_typesupport_introspection_c
[2.010s] -- Using all available rosidl_typesupport_cpp: rosidl_typesupport_fastrtps_cpp;rosidl_typesupport_introspection_cpp
[2.010s] -- Found rclcpp: 16.0.7 (/opt/ros/humble/share/rclcpp/cmake)
[2.010s] -- Found rmw_implementation_cmake: 6.1.1 (/opt/ros/humble/share/rmw_implementation_cmake/cmake)
[2.010s] -- Found rmw_fastrtps_cpp: 6.2.5 (/opt/ros/humble/share/rmw_fastrtps_cpp/cmake)
[2.010s] -- Found OpenSSL: /usr/lib/x86_64-linux-gnu/libcrypto.so (found version "3.0.2")  
[2.010s] -- Found FastRTPS: /opt/ros/humble/include  
[2.010s] -- Using RMW implementation 'rmw_fastrtps_cpp' as default
[2.010s] -- Looking for pthread.h
[2.010s] -- Looking for pthread.h - found
[2.010s] -- Performing Test CMAKE_HAVE_LIBC_PTHREAD
[2.010s] -- Performing Test CMAKE_HAVE_LIBC_PTHREAD - Success
[2.010s] -- Found Threads: TRUE  
[2.010s] -- Found ament_lint_auto: 0.12.9 (/opt/ros/humble/share/ament_lint_auto/cmake)
[2.010s] -- Added test 'copyright' to check source files copyright and LICENSE
[2.010s] -- Added test 'cppcheck' to perform static code analysis on C / C++ code
[2.010s] -- Configured cppcheck include dirs: 
[2.010s] -- Configured cppcheck exclude dirs and/or files: 
[2.010s] -- Added test 'cpplint' to check C / C++ code against the Google style
[2.010s] -- Configured cpplint exclude dirs and/or files: 
[2.010s] -- Added test 'lint_cmake' to check CMake code style
[2.010s] -- Added test 'uncrustify' to check C / C++ code style
[2.010s] -- Configured uncrustify additional arguments: 
[2.010s] -- Added test 'xmllint' to check XML markup files
[2.010s] -- Configuring done
[2.010s] -- Generating done
[2.010s] -- Build files have been written to: /home/chris/ros2_ws/build/examples_rclcpp_minimal_service
[2.033s] Invoked command in '/home/chris/ros2_ws/build/examples_rclcpp_minimal_service' returned '0': CMAKE_PREFIX_PATH=/opt/ros/humble /usr/bin/cmake /home/chris/ros2_ws/src/examples/rclcpp/services/minimal_service -DAMENT_CMAKE_SYMLINK_INSTALL=1 -DCMAKE_INSTALL_PREFIX=/home/chris/ros2_ws/install/examples_rclcpp_minimal_service
[2.034s] Invoking command in '/home/chris/ros2_ws/build/examples_rclcpp_minimal_service': CMAKE_PREFIX_PATH=/opt/ros/humble /usr/bin/cmake --build /home/chris/ros2_ws/build/examples_rclcpp_minimal_service -- -j20 -l20
[2.203s] [ 50%] [32mBuilding CXX object CMakeFiles/service_main.dir/main.cpp.o[0m
[67.556s] [100%] [32m[1mLinking CXX executable service_main[0m
[67.922s] [100%] Built target service_main
