[3.619s] Invoking command in '/home/chris/ros2_ws/build/examples_rclpy_guard_conditions': PYTHONPATH=/home/chris/ros2_ws/build/examples_rclpy_guard_conditions/prefix_override:/home/chris/ros2_ws/install/examples_rclpy_guard_conditions/lib/python3.10/site-packages:${PYTHONPATH} /usr/bin/python3 setup.py develop --editable --build-directory /home/chris/ros2_ws/build/examples_rclpy_guard_conditions/build --no-deps install_data
[3.978s] running develop
[3.978s] /usr/lib/python3/dist-packages/setuptools/command/easy_install.py:158: EasyInstallDeprecationWarning: easy_install command is deprecated. Use build and pip and other standards-based tools.
[3.978s]   warnings.warn(
[3.979s] /usr/lib/python3/dist-packages/setuptools/command/install.py:34: SetuptoolsDeprecationWarning: setup.py install is deprecated. Use build and pip and other standards-based tools.
[3.979s]   warnings.warn(
[4.201s] running egg_info
[4.201s] writing examples_rclpy_guard_conditions.egg-info/PKG-INFO
[4.202s] writing dependency_links to examples_rclpy_guard_conditions.egg-info/dependency_links.txt
[4.202s] writing entry points to examples_rclpy_guard_conditions.egg-info/entry_points.txt
[4.202s] writing requirements to examples_rclpy_guard_conditions.egg-info/requires.txt
[4.202s] writing top-level names to examples_rclpy_guard_conditions.egg-info/top_level.txt
[4.204s] reading manifest file 'examples_rclpy_guard_conditions.egg-info/SOURCES.txt'
[4.205s] writing manifest file 'examples_rclpy_guard_conditions.egg-info/SOURCES.txt'
[4.208s] running build_ext
[4.208s] Creating /home/chris/ros2_ws/install/examples_rclpy_guard_conditions/lib/python3.10/site-packages/examples-rclpy-guard-conditions.egg-link (link to .)
[4.209s] Installing trigger_guard_condition script to /home/chris/ros2_ws/install/examples_rclpy_guard_conditions/lib/examples_rclpy_guard_conditions
[4.210s] 
[4.210s] Installed /home/chris/ros2_ws/build/examples_rclpy_guard_conditions
[4.210s] running install_data
[4.823s] Invoked command in '/home/chris/ros2_ws/build/examples_rclpy_guard_conditions' returned '0': PYTHONPATH=/home/chris/ros2_ws/build/examples_rclpy_guard_conditions/prefix_override:/home/chris/ros2_ws/install/examples_rclpy_guard_conditions/lib/python3.10/site-packages:${PYTHONPATH} /usr/bin/python3 setup.py develop --editable --build-directory /home/chris/ros2_ws/build/examples_rclpy_guard_conditions/build --no-deps install_data
