[1.576s] Invoking command in '/home/chris/rostut/build/more_interfaces': CMAKE_PREFIX_PATH=${CMAKE_PREFIX_PATH}:/home/chris/rostut/install/launch_testing_examples:/home/chris/rostut/install/examples_rclpy_pointcloud_publisher:/home/chris/rostut/install/examples_rclpy_minimal_subscriber:/home/chris/rostut/install/examples_rclpy_minimal_service:/home/chris/rostut/install/examples_rclpy_minimal_publisher:/home/chris/rostut/install/examples_rclpy_minimal_client:/home/chris/rostut/install/examples_rclpy_minimal_action_server:/home/chris/rostut/install/examples_rclpy_minimal_action_client:/home/chris/rostut/install/examples_rclpy_guard_conditions:/home/chris/rostut/install/examples_rclpy_executors:/opt/ros/humble /usr/bin/cmake --build /home/chris/rostut/build/more_interfaces -- -j20 -l20
[1.813s] [  3%] Built target more_interfaces__cpp
[1.813s] [ 12%] Built target more_interfaces__rosidl_generator_c
[1.813s] [ 12%] Built target ament_cmake_python_copy_more_interfaces
[1.813s] [ 21%] Built target more_interfaces__rosidl_typesupport_cpp
[1.813s] [ 30%] Built target more_interfaces__rosidl_typesupport_introspection_cpp
[1.813s] [ 39%] Built target more_interfaces__rosidl_typesupport_fastrtps_cpp
[1.813s] [ 63%] Built target more_interfaces__rosidl_typesupport_fastrtps_c
[1.813s] [ 66%] Built target more_interfaces__rosidl_typesupport_introspection_c
[1.813s] [ 66%] Built target more_interfaces__rosidl_typesupport_c
[1.813s] [ 72%] Built target publish_address_book
[1.813s] [ 72%] Built target more_interfaces
[1.813s] [ 75%] Built target more_interfaces__py
[1.813s] [ 81%] Built target more_interfaces__rosidl_generator_py
[1.813s] [100%] Built target more_interfaces__rosidl_typesupport_fastrtps_c__pyext
[1.813s] [100%] Built target more_interfaces__rosidl_typesupport_introspection_c__pyext
[1.814s] [100%] Built target more_interfaces__rosidl_typesupport_c__pyext
[1.814s] running egg_info
[1.814s] writing more_interfaces.egg-info/PKG-INFO
[1.814s] writing dependency_links to more_interfaces.egg-info/dependency_links.txt
[1.814s] writing top-level names to more_interfaces.egg-info/top_level.txt
[1.814s] reading manifest file 'more_interfaces.egg-info/SOURCES.txt'
[1.814s] writing manifest file 'more_interfaces.egg-info/SOURCES.txt'
[1.814s] [100%] Built target ament_cmake_python_build_more_interfaces_egg
