[1.034s] Invoking command in '/home/chris/rostut/build/turtlesim': CMAKE_PREFIX_PATH=${CMAKE_PREFIX_PATH}:/home/chris/rostut/install/examples_rclpy_minimal_subscriber:/home/chris/rostut/install/examples_rclpy_minimal_service:/home/chris/rostut/install/examples_rclpy_minimal_publisher:/home/chris/rostut/install/examples_rclpy_minimal_client:/home/chris/rostut/install/examples_rclpy_minimal_action_server:/home/chris/rostut/install/examples_rclpy_minimal_action_client:/home/chris/rostut/install/examples_rclpy_guard_conditions:/home/chris/rostut/install/examples_rclpy_executors:/opt/ros/humble /usr/bin/cmake /home/chris/rostut/src/ros_tutorials/turtlesim -DCMAKE_INSTALL_PREFIX=/home/chris/rostut/install/turtlesim
[1.141s] -- The C compiler identification is GNU 11.4.0
[1.183s] -- The CXX compiler identification is GNU 11.4.0
[1.192s] -- Detecting C compiler ABI info
[1.248s] -- Detecting C compiler ABI info - done
[1.253s] -- Check for working C compiler: /usr/bin/cc - skipped
[1.253s] -- Detecting C compile features
[1.254s] -- Detecting C compile features - done
[1.257s] -- Detecting CXX compiler ABI info
[1.312s] -- Detecting CXX compiler ABI info - done
[1.323s] -- Check for working CXX compiler: /usr/bin/c++ - skipped
[1.324s] -- Detecting CXX compile features
[1.324s] -- Detecting CXX compile features - done
[1.327s] -- Found ament_cmake: 1.3.6 (/opt/ros/humble/share/ament_cmake/cmake)
[1.575s] -- Found Python3: /usr/bin/python3.10 (found version "3.10.12") found components: Interpreter 
[1.703s] -- Found ament_index_cpp: 1.4.0 (/opt/ros/humble/share/ament_index_cpp/cmake)
[1.706s] -- Found geometry_msgs: 4.2.3 (/opt/ros/humble/share/geometry_msgs/cmake)
[1.760s] -- Found rosidl_generator_c: 3.1.5 (/opt/ros/humble/share/rosidl_generator_c/cmake)
[1.768s] -- Found rosidl_adapter: 3.1.5 (/opt/ros/humble/share/rosidl_adapter/cmake)
[1.779s] -- Found rosidl_generator_cpp: 3.1.5 (/opt/ros/humble/share/rosidl_generator_cpp/cmake)
[1.799s] -- Using all available rosidl_typesupport_c: rosidl_typesupport_fastrtps_c;rosidl_typesupport_introspection_c
[1.826s] -- Using all available rosidl_typesupport_cpp: rosidl_typesupport_fastrtps_cpp;rosidl_typesupport_introspection_cpp
[2.015s] -- Found rclcpp: 16.0.7 (/opt/ros/humble/share/rclcpp/cmake)
[2.093s] -- Found rmw_implementation_cmake: 6.1.1 (/opt/ros/humble/share/rmw_implementation_cmake/cmake)
[2.095s] -- Found rmw_fastrtps_cpp: 6.2.5 (/opt/ros/humble/share/rmw_fastrtps_cpp/cmake)
[2.164s] -- Found OpenSSL: /usr/lib/x86_64-linux-gnu/libcrypto.so (found version "3.0.2")  
[2.183s] -- Found FastRTPS: /opt/ros/humble/include  
[2.217s] -- Using RMW implementation 'rmw_fastrtps_cpp' as default
[2.224s] -- Looking for pthread.h
[2.269s] -- Looking for pthread.h - found
[2.269s] -- Performing Test CMAKE_HAVE_LIBC_PTHREAD
[2.311s] -- Performing Test CMAKE_HAVE_LIBC_PTHREAD - Success
[2.312s] -- Found Threads: TRUE  
[2.445s] -- Found rclcpp_action: 16.0.7 (/opt/ros/humble/share/rclcpp_action/cmake)
[2.552s] -- Found rosidl_default_generators: 1.2.0 (/opt/ros/humble/share/rosidl_default_generators/cmake)
[2.564s] -- Found std_srvs: 4.2.3 (/opt/ros/humble/share/std_srvs/cmake)
[2.916s] -- Found ament_cmake_ros: 0.10.0 (/opt/ros/humble/share/ament_cmake_ros/cmake)
[3.240s] -- Using all available rosidl_typesupport_c: rosidl_typesupport_fastrtps_c;rosidl_typesupport_introspection_c
[3.367s] -- Using all available rosidl_typesupport_cpp: rosidl_typesupport_fastrtps_cpp;rosidl_typesupport_introspection_cpp
[3.386s] -- Found PythonInterp: /usr/bin/python3 (found suitable version "3.10.12", minimum required is "3.6") 
[3.388s] -- Found python_cmake_module: 0.10.0 (/opt/ros/humble/share/python_cmake_module/cmake)
[3.418s] -- Found PythonLibs: /usr/lib/x86_64-linux-gnu/libpython3.10.so (found suitable version "3.10.12", minimum required is "3.5") 
[3.418s] -- Using PYTHON_EXECUTABLE: /usr/bin/python3
[3.419s] -- Using PYTHON_INCLUDE_DIRS: /usr/include/python3.10
[3.419s] -- Using PYTHON_LIBRARIES: /usr/lib/x86_64-linux-gnu/libpython3.10.so
[3.435s] -- Found PythonExtra: .so  
[3.492s] -- Configuring done
[3.530s] -- Generating done
[3.532s] -- Build files have been written to: /home/chris/rostut/build/turtlesim
[3.543s] Invoked command in '/home/chris/rostut/build/turtlesim' returned '0': CMAKE_PREFIX_PATH=${CMAKE_PREFIX_PATH}:/home/chris/rostut/install/examples_rclpy_minimal_subscriber:/home/chris/rostut/install/examples_rclpy_minimal_service:/home/chris/rostut/install/examples_rclpy_minimal_publisher:/home/chris/rostut/install/examples_rclpy_minimal_client:/home/chris/rostut/install/examples_rclpy_minimal_action_server:/home/chris/rostut/install/examples_rclpy_minimal_action_client:/home/chris/rostut/install/examples_rclpy_guard_conditions:/home/chris/rostut/install/examples_rclpy_executors:/opt/ros/humble /usr/bin/cmake /home/chris/rostut/src/ros_tutorials/turtlesim -DCMAKE_INSTALL_PREFIX=/home/chris/rostut/install/turtlesim
[3.545s] Invoking command in '/home/chris/rostut/build/turtlesim': CMAKE_PREFIX_PATH=${CMAKE_PREFIX_PATH}:/home/chris/rostut/install/examples_rclpy_minimal_subscriber:/home/chris/rostut/install/examples_rclpy_minimal_service:/home/chris/rostut/install/examples_rclpy_minimal_publisher:/home/chris/rostut/install/examples_rclpy_minimal_client:/home/chris/rostut/install/examples_rclpy_minimal_action_server:/home/chris/rostut/install/examples_rclpy_minimal_action_client:/home/chris/rostut/install/examples_rclpy_guard_conditions:/home/chris/rostut/install/examples_rclpy_executors:/opt/ros/humble /usr/bin/cmake --build /home/chris/rostut/build/turtlesim -- -j20 -l20
[3.572s] [  1%] [34m[1mGenerating C code for ROS interfaces[0m
[3.576s] [  2%] [34m[1mGenerating C++ code for ROS interfaces[0m
[3.587s] [  2%] Built target ament_cmake_python_copy_turtlesim
[3.738s] running egg_info
[3.738s] creating turtlesim.egg-info
[3.739s] writing turtlesim.egg-info/PKG-INFO
[3.739s] writing dependency_links to turtlesim.egg-info/dependency_links.txt
[3.739s] writing top-level names to turtlesim.egg-info/top_level.txt
[3.739s] writing manifest file 'turtlesim.egg-info/SOURCES.txt'
[3.741s] reading manifest file 'turtlesim.egg-info/SOURCES.txt'
[3.741s] writing manifest file 'turtlesim.egg-info/SOURCES.txt'
[3.759s] [  2%] Built target ament_cmake_python_build_turtlesim_egg
[4.215s] [  2%] Built target turtlesim__cpp
[4.220s] [  3%] [34m[1mGenerating C++ type support dispatch for ROS interfaces[0m
[4.222s] [  5%] [34m[1mGenerating C++ introspection for ROS interfaces[0m
[4.223s] [  5%] [34m[1mGenerating C++ type support for eProsima Fast-RTPS[0m
[4.419s] [  9%] [32mBuilding C object CMakeFiles/turtlesim__rosidl_generator_c.dir/rosidl_generator_c/turtlesim/srv/detail/set_pen__functions.c.o[0m
[4.419s] [  9%] [32mBuilding C object CMakeFiles/turtlesim__rosidl_generator_c.dir/rosidl_generator_c/turtlesim/action/detail/rotate_absolute__functions.c.o[0m
[4.420s] [  9%] [32mBuilding C object CMakeFiles/turtlesim__rosidl_generator_c.dir/rosidl_generator_c/turtlesim/msg/detail/pose__functions.c.o[0m
[4.420s] [ 10%] [32mBuilding C object CMakeFiles/turtlesim__rosidl_generator_c.dir/rosidl_generator_c/turtlesim/msg/detail/color__functions.c.o[0m
[4.420s] [ 10%] [32mBuilding C object CMakeFiles/turtlesim__rosidl_generator_c.dir/rosidl_generator_c/turtlesim/srv/detail/teleport_absolute__functions.c.o[0m
[4.420s] [ 11%] [32mBuilding C object CMakeFiles/turtlesim__rosidl_generator_c.dir/rosidl_generator_c/turtlesim/srv/detail/kill__functions.c.o[0m
[4.420s] [ 12%] [32mBuilding C object CMakeFiles/turtlesim__rosidl_generator_c.dir/rosidl_generator_c/turtlesim/srv/detail/teleport_relative__functions.c.o[0m
[4.420s] [ 13%] [32mBuilding C object CMakeFiles/turtlesim__rosidl_generator_c.dir/rosidl_generator_c/turtlesim/srv/detail/spawn__functions.c.o[0m
[4.552s] [ 16%] [32mBuilding CXX object CMakeFiles/turtlesim__rosidl_typesupport_cpp.dir/rosidl_typesupport_cpp/turtlesim/msg/pose__type_support.cpp.o[0m
[4.552s] [ 16%] [32mBuilding CXX object CMakeFiles/turtlesim__rosidl_typesupport_cpp.dir/rosidl_typesupport_cpp/turtlesim/msg/color__type_support.cpp.o[0m
[4.552s] [ 16%] [32mBuilding CXX object CMakeFiles/turtlesim__rosidl_typesupport_cpp.dir/rosidl_typesupport_cpp/turtlesim/action/rotate_absolute__type_support.cpp.o[0m
[4.552s] [ 17%] [32mBuilding CXX object CMakeFiles/turtlesim__rosidl_typesupport_cpp.dir/rosidl_typesupport_cpp/turtlesim/srv/kill__type_support.cpp.o[0m
[4.553s] [ 18%] [32m[1mLinking C shared library libturtlesim__rosidl_generator_c.so[0m
[4.553s] [ 20%] [32mBuilding CXX object CMakeFiles/turtlesim__rosidl_typesupport_cpp.dir/rosidl_typesupport_cpp/turtlesim/srv/set_pen__type_support.cpp.o[0m
[4.553s] [ 20%] [32mBuilding CXX object CMakeFiles/turtlesim__rosidl_typesupport_cpp.dir/rosidl_typesupport_cpp/turtlesim/srv/teleport_relative__type_support.cpp.o[0m
[4.553s] [ 22%] [32mBuilding CXX object CMakeFiles/turtlesim__rosidl_typesupport_cpp.dir/rosidl_typesupport_cpp/turtlesim/srv/teleport_absolute__type_support.cpp.o[0m
[4.553s] [ 21%] [32mBuilding CXX object CMakeFiles/turtlesim__rosidl_typesupport_cpp.dir/rosidl_typesupport_cpp/turtlesim/srv/spawn__type_support.cpp.o[0m
[4.586s] [ 22%] Built target turtlesim__rosidl_generator_c
[4.595s] [ 25%] [34m[1mGenerating C introspection for ROS interfaces[0m
[4.595s] [ 25%] [34m[1mGenerating C type support for eProsima Fast-RTPS[0m
[4.595s] [ 25%] [34m[1mGenerating C type support dispatch for ROS interfaces[0m
[4.826s] [ 29%] [32mBuilding CXX object CMakeFiles/turtlesim__rosidl_typesupport_introspection_cpp.dir/rosidl_typesupport_introspection_cpp/turtlesim/msg/detail/pose__type_support.cpp.o[0m
[4.826s] [ 29%] [32mBuilding CXX object CMakeFiles/turtlesim__rosidl_typesupport_introspection_cpp.dir/rosidl_typesupport_introspection_cpp/turtlesim/action/detail/rotate_absolute__type_support.cpp.o[0m
[4.826s] [ 29%] [32mBuilding CXX object CMakeFiles/turtlesim__rosidl_typesupport_introspection_cpp.dir/rosidl_typesupport_introspection_cpp/turtlesim/srv/detail/set_pen__type_support.cpp.o[0m
[4.826s] [ 29%] [32mBuilding CXX object CMakeFiles/turtlesim__rosidl_typesupport_introspection_cpp.dir/rosidl_typesupport_introspection_cpp/turtlesim/msg/detail/color__type_support.cpp.o[0m
[4.835s] [ 30%] [32mBuilding CXX object CMakeFiles/turtlesim__rosidl_typesupport_introspection_cpp.dir/rosidl_typesupport_introspection_cpp/turtlesim/srv/detail/spawn__type_support.cpp.o[0m
[4.837s] [ 31%] [32mBuilding CXX object CMakeFiles/turtlesim__rosidl_typesupport_introspection_cpp.dir/rosidl_typesupport_introspection_cpp/turtlesim/srv/detail/kill__type_support.cpp.o[0m
[4.848s] [ 32%] [32mBuilding CXX object CMakeFiles/turtlesim__rosidl_typesupport_introspection_cpp.dir/rosidl_typesupport_introspection_cpp/turtlesim/srv/detail/teleport_absolute__type_support.cpp.o[0m
[4.852s] [ 33%] [32mBuilding CXX object CMakeFiles/turtlesim__rosidl_typesupport_introspection_cpp.dir/rosidl_typesupport_introspection_cpp/turtlesim/srv/detail/teleport_relative__type_support.cpp.o[0m
[5.111s] [ 34%] [32m[1mLinking CXX shared library libturtlesim__rosidl_typesupport_cpp.so[0m
[5.147s] [ 34%] Built target turtlesim__rosidl_typesupport_cpp
[5.158s] [ 35%] [34m[1mGenerating include/turtlesim/moc_turtle_frame.cpp[0m
[5.166s] [ 36%] [32mBuilding CXX object CMakeFiles/mimic.dir/tutorials/mimic.cpp.o[0m
[5.168s] [ 37%] [32mBuilding CXX object CMakeFiles/turtle_teleop_key.dir/tutorials/teleop_turtle_key.cpp.o[0m
[5.173s] [ 38%] [32mBuilding CXX object CMakeFiles/draw_square.dir/tutorials/draw_square.cpp.o[0m
[5.209s] [ 40%] [32mBuilding CXX object CMakeFiles/turtlesim__rosidl_typesupport_c.dir/rosidl_typesupport_c/turtlesim/action/rotate_absolute__type_support.cpp.o[0m
[5.209s] [ 40%] [32mBuilding CXX object CMakeFiles/turtlesim__rosidl_typesupport_c.dir/rosidl_typesupport_c/turtlesim/msg/color__type_support.cpp.o[0m
[5.210s] [ 41%] [32mBuilding CXX object CMakeFiles/turtlesim__rosidl_typesupport_c.dir/rosidl_typesupport_c/turtlesim/srv/kill__type_support.cpp.o[0m
[5.210s] [ 42%] [32mBuilding CXX object CMakeFiles/turtlesim__rosidl_typesupport_c.dir/rosidl_typesupport_c/turtlesim/srv/set_pen__type_support.cpp.o[0m
[5.211s] [ 43%] [32mBuilding CXX object CMakeFiles/turtlesim__rosidl_typesupport_c.dir/rosidl_typesupport_c/turtlesim/msg/pose__type_support.cpp.o[0m
[5.217s] [ 44%] [32mBuilding CXX object CMakeFiles/turtlesim__rosidl_typesupport_c.dir/rosidl_typesupport_c/turtlesim/srv/spawn__type_support.cpp.o[0m
[5.219s] [ 45%] [32mBuilding CXX object CMakeFiles/turtlesim__rosidl_typesupport_fastrtps_cpp.dir/rosidl_typesupport_fastrtps_cpp/turtlesim/action/detail/dds_fastrtps/rotate_absolute__type_support.cpp.o[0m
[5.222s] [ 46%] [32mBuilding CXX object CMakeFiles/turtlesim__rosidl_typesupport_fastrtps_cpp.dir/rosidl_typesupport_fastrtps_cpp/turtlesim/msg/detail/dds_fastrtps/color__type_support.cpp.o[0m
[5.231s] [ 47%] [32mBuilding CXX object CMakeFiles/turtlesim__rosidl_typesupport_fastrtps_cpp.dir/rosidl_typesupport_fastrtps_cpp/turtlesim/msg/detail/dds_fastrtps/pose__type_support.cpp.o[0m
[5.241s] [ 48%] [32mBuilding CXX object CMakeFiles/turtlesim__rosidl_typesupport_c.dir/rosidl_typesupport_c/turtlesim/srv/teleport_absolute__type_support.cpp.o[0m
[5.262s] [ 49%] [32mBuilding CXX object CMakeFiles/turtlesim__rosidl_typesupport_fastrtps_cpp.dir/rosidl_typesupport_fastrtps_cpp/turtlesim/srv/detail/dds_fastrtps/kill__type_support.cpp.o[0m
[5.269s] [ 51%] [32mBuilding CXX object CMakeFiles/turtlesim__rosidl_typesupport_c.dir/rosidl_typesupport_c/turtlesim/srv/teleport_relative__type_support.cpp.o[0m
[5.270s] [ 51%] [32mBuilding CXX object CMakeFiles/turtlesim__rosidl_typesupport_fastrtps_cpp.dir/rosidl_typesupport_fastrtps_cpp/turtlesim/srv/detail/dds_fastrtps/set_pen__type_support.cpp.o[0m
[5.296s] [ 52%] [32mBuilding CXX object CMakeFiles/turtlesim__rosidl_typesupport_fastrtps_cpp.dir/rosidl_typesupport_fastrtps_cpp/turtlesim/srv/detail/dds_fastrtps/spawn__type_support.cpp.o[0m
[5.303s] [ 53%] [32mBuilding CXX object CMakeFiles/turtlesim__rosidl_typesupport_fastrtps_cpp.dir/rosidl_typesupport_fastrtps_cpp/turtlesim/srv/detail/dds_fastrtps/teleport_absolute__type_support.cpp.o[0m
[5.306s] [ 54%] [32mBuilding CXX object CMakeFiles/turtlesim__rosidl_typesupport_fastrtps_cpp.dir/rosidl_typesupport_fastrtps_cpp/turtlesim/srv/detail/dds_fastrtps/teleport_relative__type_support.cpp.o[0m
[5.322s] [ 55%] [32mBuilding CXX object CMakeFiles/turtlesim_node.dir/src/turtle.cpp.o[0m
[5.333s] [ 56%] [32mBuilding CXX object CMakeFiles/turtlesim_node.dir/src/turtlesim.cpp.o[0m
[5.340s] [ 57%] [32mBuilding CXX object CMakeFiles/turtlesim_node.dir/src/turtle_frame.cpp.o[0m
[5.380s] [ 58%] [32mBuilding CXX object CMakeFiles/turtlesim_node.dir/include/turtlesim/moc_turtle_frame.cpp.o[0m
[5.392s] [ 59%] [32m[1mLinking CXX shared library libturtlesim__rosidl_typesupport_c.so[0m
[5.407s] [ 60%] [32m[1mLinking CXX shared library libturtlesim__rosidl_typesupport_introspection_cpp.so[0m
[5.497s] [ 60%] Built target turtlesim__rosidl_typesupport_c
[5.578s] [ 60%] Built target turtlesim__rosidl_typesupport_introspection_cpp
[5.606s] [ 61%] [32mBuilding C object CMakeFiles/turtlesim__rosidl_typesupport_introspection_c.dir/rosidl_typesupport_introspection_c/turtlesim/action/detail/rotate_absolute__type_support.c.o[0m
[5.628s] [ 62%] [32mBuilding C object CMakeFiles/turtlesim__rosidl_typesupport_introspection_c.dir/rosidl_typesupport_introspection_c/turtlesim/msg/detail/color__type_support.c.o[0m
[5.661s] [ 63%] [32mBuilding C object CMakeFiles/turtlesim__rosidl_typesupport_introspection_c.dir/rosidl_typesupport_introspection_c/turtlesim/msg/detail/pose__type_support.c.o[0m
[5.676s] [ 64%] [32mBuilding C object CMakeFiles/turtlesim__rosidl_typesupport_introspection_c.dir/rosidl_typesupport_introspection_c/turtlesim/srv/detail/kill__type_support.c.o[0m
[5.701s] [ 65%] [32mBuilding CXX object CMakeFiles/turtlesim__rosidl_typesupport_fastrtps_c.dir/rosidl_typesupport_fastrtps_c/turtlesim/action/detail/rotate_absolute__type_support_c.cpp.o[0m
[5.719s] [ 66%] [32mBuilding CXX object CMakeFiles/turtlesim__rosidl_typesupport_fastrtps_c.dir/rosidl_typesupport_fastrtps_c/turtlesim/msg/detail/color__type_support_c.cpp.o[0m
[5.719s] [ 67%] [32mBuilding C object CMakeFiles/turtlesim__rosidl_typesupport_introspection_c.dir/rosidl_typesupport_introspection_c/turtlesim/srv/detail/spawn__type_support.c.o[0m
[5.719s] [ 68%] [32mBuilding C object CMakeFiles/turtlesim__rosidl_typesupport_introspection_c.dir/rosidl_typesupport_introspection_c/turtlesim/srv/detail/set_pen__type_support.c.o[0m
[5.720s] [ 69%] [32mBuilding C object CMakeFiles/turtlesim__rosidl_typesupport_introspection_c.dir/rosidl_typesupport_introspection_c/turtlesim/srv/detail/teleport_relative__type_support.c.o[0m
[5.724s] [ 70%] [32mBuilding C object CMakeFiles/turtlesim__rosidl_typesupport_introspection_c.dir/rosidl_typesupport_introspection_c/turtlesim/srv/detail/teleport_absolute__type_support.c.o[0m
[5.726s] [ 71%] [32mBuilding CXX object CMakeFiles/turtlesim__rosidl_typesupport_fastrtps_c.dir/rosidl_typesupport_fastrtps_c/turtlesim/msg/detail/pose__type_support_c.cpp.o[0m
[5.752s] [ 72%] [32mBuilding CXX object CMakeFiles/turtlesim__rosidl_typesupport_fastrtps_c.dir/rosidl_typesupport_fastrtps_c/turtlesim/srv/detail/kill__type_support_c.cpp.o[0m
[5.773s] [ 73%] [32mBuilding CXX object CMakeFiles/turtlesim__rosidl_typesupport_fastrtps_c.dir/rosidl_typesupport_fastrtps_c/turtlesim/srv/detail/set_pen__type_support_c.cpp.o[0m
[5.782s] [ 74%] [32m[1mLinking C shared library libturtlesim__rosidl_typesupport_introspection_c.so[0m
[5.793s] [ 75%] [32mBuilding CXX object CMakeFiles/turtlesim__rosidl_typesupport_fastrtps_c.dir/rosidl_typesupport_fastrtps_c/turtlesim/srv/detail/teleport_absolute__type_support_c.cpp.o[0m
[5.797s] [ 76%] [32mBuilding CXX object CMakeFiles/turtlesim__rosidl_typesupport_fastrtps_c.dir/rosidl_typesupport_fastrtps_c/turtlesim/srv/detail/spawn__type_support_c.cpp.o[0m
[5.810s] [ 77%] [32mBuilding CXX object CMakeFiles/turtlesim__rosidl_typesupport_fastrtps_c.dir/rosidl_typesupport_fastrtps_c/turtlesim/srv/detail/teleport_relative__type_support_c.cpp.o[0m
[5.837s] [ 77%] Built target turtlesim__rosidl_typesupport_introspection_c
[5.950s] [ 78%] [32m[1mLinking CXX shared library libturtlesim__rosidl_typesupport_fastrtps_cpp.so[0m
[6.048s] [ 78%] Built target turtlesim__rosidl_typesupport_fastrtps_cpp
[6.265s] [ 79%] [32m[1mLinking CXX shared library libturtlesim__rosidl_typesupport_fastrtps_c.so[0m
[6.348s] [ 79%] Built target turtlesim__rosidl_typesupport_fastrtps_c
[6.367s] [ 79%] Built target turtlesim
[6.386s] [ 80%] [34m[1mGenerating Python code for ROS interfaces[0m
[8.400s] [ 80%] Built target turtlesim__py
[8.418s] [ 82%] [32mBuilding C object CMakeFiles/turtlesim__rosidl_generator_py.dir/rosidl_generator_py/turtlesim/srv/_kill_s.c.o[0m
[8.418s] [ 82%] [32mBuilding C object CMakeFiles/turtlesim__rosidl_generator_py.dir/rosidl_generator_py/turtlesim/msg/_pose_s.c.o[0m
[8.418s] [ 85%] [32mBuilding C object CMakeFiles/turtlesim__rosidl_generator_py.dir/rosidl_generator_py/turtlesim/srv/_spawn_s.c.o[0m
[8.418s] [ 85%] [32mBuilding C object CMakeFiles/turtlesim__rosidl_generator_py.dir/rosidl_generator_py/turtlesim/msg/_color_s.c.o[0m
[8.418s] [ 85%] [32mBuilding C object CMakeFiles/turtlesim__rosidl_generator_py.dir/rosidl_generator_py/turtlesim/action/_rotate_absolute_s.c.o[0m
[8.419s] [ 86%] [32mBuilding C object CMakeFiles/turtlesim__rosidl_generator_py.dir/rosidl_generator_py/turtlesim/srv/_teleport_absolute_s.c.o[0m
[8.419s] [ 87%] [32mBuilding C object CMakeFiles/turtlesim__rosidl_generator_py.dir/rosidl_generator_py/turtlesim/srv/_set_pen_s.c.o[0m
[8.419s] [ 88%] [32mBuilding C object CMakeFiles/turtlesim__rosidl_generator_py.dir/rosidl_generator_py/turtlesim/srv/_teleport_relative_s.c.o[0m
[8.588s] [ 89%] [32m[1mLinking C shared library rosidl_generator_py/turtlesim/libturtlesim__rosidl_generator_py.so[0m
[8.626s] [ 89%] Built target turtlesim__rosidl_generator_py
[8.644s] [ 92%] [32mBuilding C object CMakeFiles/turtlesim__rosidl_typesupport_c__pyext.dir/rosidl_generator_py/turtlesim/_turtlesim_s.ep.rosidl_typesupport_c.c.o[0m
[8.644s] [ 92%] [32mBuilding C object CMakeFiles/turtlesim__rosidl_typesupport_introspection_c__pyext.dir/rosidl_generator_py/turtlesim/_turtlesim_s.ep.rosidl_typesupport_introspection_c.c.o[0m
[8.644s] [ 92%] [32mBuilding C object CMakeFiles/turtlesim__rosidl_typesupport_fastrtps_c__pyext.dir/rosidl_generator_py/turtlesim/_turtlesim_s.ep.rosidl_typesupport_fastrtps_c.c.o[0m
[8.818s] [ 94%] [32m[1mLinking C shared library rosidl_generator_py/turtlesim/turtlesim_s__rosidl_typesupport_fastrtps_c.cpython-310-x86_64-linux-gnu.so[0m
[8.818s] [ 94%] [32m[1mLinking C shared library rosidl_generator_py/turtlesim/turtlesim_s__rosidl_typesupport_introspection_c.cpython-310-x86_64-linux-gnu.so[0m
[8.822s] [ 95%] [32m[1mLinking C shared library rosidl_generator_py/turtlesim/turtlesim_s__rosidl_typesupport_c.cpython-310-x86_64-linux-gnu.so[0m
[8.848s] [ 95%] Built target turtlesim__rosidl_typesupport_c__pyext
[8.859s] [ 95%] Built target turtlesim__rosidl_typesupport_fastrtps_c__pyext
[8.862s] [ 95%] Built target turtlesim__rosidl_typesupport_introspection_c__pyext
[9.694s] [ 96%] [32m[1mLinking CXX executable turtle_teleop_key[0m
[9.862s] [ 96%] Built target turtle_teleop_key
[11.186s] [ 97%] [32m[1mLinking CXX executable mimic[0m
[11.409s] [ 97%] Built target mimic
[11.522s] [ 98%] [32m[1mLinking CXX executable draw_square[0m
[11.769s] [ 98%] Built target draw_square
[13.879s] [100%] [32m[1mLinking CXX executable turtlesim_node[0m
[14.886s] [100%] Built target turtlesim_node
[14.898s] Invoked command in '/home/chris/rostut/build/turtlesim' returned '0': CMAKE_PREFIX_PATH=${CMAKE_PREFIX_PATH}:/home/chris/rostut/install/examples_rclpy_minimal_subscriber:/home/chris/rostut/install/examples_rclpy_minimal_service:/home/chris/rostut/install/examples_rclpy_minimal_publisher:/home/chris/rostut/install/examples_rclpy_minimal_client:/home/chris/rostut/install/examples_rclpy_minimal_action_server:/home/chris/rostut/install/examples_rclpy_minimal_action_client:/home/chris/rostut/install/examples_rclpy_guard_conditions:/home/chris/rostut/install/examples_rclpy_executors:/opt/ros/humble /usr/bin/cmake --build /home/chris/rostut/build/turtlesim -- -j20 -l20
[15.051s] Invoking command in '/home/chris/rostut/build/turtlesim': CMAKE_PREFIX_PATH=${CMAKE_PREFIX_PATH}:/home/chris/rostut/install/examples_rclpy_minimal_subscriber:/home/chris/rostut/install/examples_rclpy_minimal_service:/home/chris/rostut/install/examples_rclpy_minimal_publisher:/home/chris/rostut/install/examples_rclpy_minimal_client:/home/chris/rostut/install/examples_rclpy_minimal_action_server:/home/chris/rostut/install/examples_rclpy_minimal_action_client:/home/chris/rostut/install/examples_rclpy_guard_conditions:/home/chris/rostut/install/examples_rclpy_executors:/opt/ros/humble /usr/bin/cmake --install /home/chris/rostut/build/turtlesim
[15.058s] -- Install configuration: ""
[15.058s] -- Installing: /home/chris/rostut/install/turtlesim/share/ament_index/resource_index/rosidl_interfaces/turtlesim
[15.058s] -- Installing: /home/chris/rostut/install/turtlesim/include/turtlesim/turtlesim
[15.059s] -- Installing: /home/chris/rostut/install/turtlesim/include/turtlesim/turtlesim/action
[15.059s] -- Installing: /home/chris/rostut/install/turtlesim/include/turtlesim/turtlesim/action/detail
[15.059s] -- Installing: /home/chris/rostut/install/turtlesim/include/turtlesim/turtlesim/action/detail/rotate_absolute__functions.h
[15.059s] -- Installing: /home/chris/rostut/install/turtlesim/include/turtlesim/turtlesim/action/detail/rotate_absolute__type_support.h
[15.059s] -- Installing: /home/chris/rostut/install/turtlesim/include/turtlesim/turtlesim/action/detail/rotate_absolute__functions.c
[15.059s] -- Installing: /home/chris/rostut/install/turtlesim/include/turtlesim/turtlesim/action/detail/rotate_absolute__struct.h
[15.059s] -- Installing: /home/chris/rostut/install/turtlesim/include/turtlesim/turtlesim/action/rotate_absolute.h
[15.059s] -- Installing: /home/chris/rostut/install/turtlesim/include/turtlesim/turtlesim/srv
[15.059s] -- Installing: /home/chris/rostut/install/turtlesim/include/turtlesim/turtlesim/srv/detail
[15.059s] -- Installing: /home/chris/rostut/install/turtlesim/include/turtlesim/turtlesim/srv/detail/teleport_absolute__struct.h
[15.059s] -- Installing: /home/chris/rostut/install/turtlesim/include/turtlesim/turtlesim/srv/detail/teleport_relative__type_support.h
[15.059s] -- Installing: /home/chris/rostut/install/turtlesim/include/turtlesim/turtlesim/srv/detail/spawn__struct.h
[15.059s] -- Installing: /home/chris/rostut/install/turtlesim/include/turtlesim/turtlesim/srv/detail/teleport_relative__struct.h
[15.059s] -- Installing: /home/chris/rostut/install/turtlesim/include/turtlesim/turtlesim/srv/detail/set_pen__functions.h
[15.059s] -- Installing: /home/chris/rostut/install/turtlesim/include/turtlesim/turtlesim/srv/detail/teleport_absolute__type_support.h
[15.059s] -- Installing: /home/chris/rostut/install/turtlesim/include/turtlesim/turtlesim/srv/detail/kill__functions.c
[15.060s] -- Installing: /home/chris/rostut/install/turtlesim/include/turtlesim/turtlesim/srv/detail/teleport_relative__functions.c
[15.060s] -- Installing: /home/chris/rostut/install/turtlesim/include/turtlesim/turtlesim/srv/detail/teleport_absolute__functions.h
[15.060s] -- Installing: /home/chris/rostut/install/turtlesim/include/turtlesim/turtlesim/srv/detail/set_pen__functions.c
[15.060s] -- Installing: /home/chris/rostut/install/turtlesim/include/turtlesim/turtlesim/srv/detail/spawn__type_support.h
[15.060s] -- Installing: /home/chris/rostut/install/turtlesim/include/turtlesim/turtlesim/srv/detail/teleport_absolute__functions.c
[15.060s] -- Installing: /home/chris/rostut/install/turtlesim/include/turtlesim/turtlesim/srv/detail/spawn__functions.c
[15.060s] -- Installing: /home/chris/rostut/install/turtlesim/include/turtlesim/turtlesim/srv/detail/teleport_relative__functions.h
[15.060s] -- Installing: /home/chris/rostut/install/turtlesim/include/turtlesim/turtlesim/srv/detail/kill__functions.h
[15.060s] -- Installing: /home/chris/rostut/install/turtlesim/include/turtlesim/turtlesim/srv/detail/set_pen__type_support.h
[15.060s] -- Installing: /home/chris/rostut/install/turtlesim/include/turtlesim/turtlesim/srv/detail/set_pen__struct.h
[15.060s] -- Installing: /home/chris/rostut/install/turtlesim/include/turtlesim/turtlesim/srv/detail/kill__type_support.h
[15.060s] -- Installing: /home/chris/rostut/install/turtlesim/include/turtlesim/turtlesim/srv/detail/kill__struct.h
[15.060s] -- Installing: /home/chris/rostut/install/turtlesim/include/turtlesim/turtlesim/srv/detail/spawn__functions.h
[15.060s] -- Installing: /home/chris/rostut/install/turtlesim/include/turtlesim/turtlesim/srv/kill.h
[15.060s] -- Installing: /home/chris/rostut/install/turtlesim/include/turtlesim/turtlesim/srv/set_pen.h
[15.060s] -- Installing: /home/chris/rostut/install/turtlesim/include/turtlesim/turtlesim/srv/spawn.h
[15.060s] -- Installing: /home/chris/rostut/install/turtlesim/include/turtlesim/turtlesim/srv/teleport_absolute.h
[15.060s] -- Installing: /home/chris/rostut/install/turtlesim/include/turtlesim/turtlesim/srv/teleport_relative.h
[15.060s] -- Installing: /home/chris/rostut/install/turtlesim/include/turtlesim/turtlesim/msg
[15.060s] -- Installing: /home/chris/rostut/install/turtlesim/include/turtlesim/turtlesim/msg/detail
[15.060s] -- Installing: /home/chris/rostut/install/turtlesim/include/turtlesim/turtlesim/msg/detail/pose__type_support.h
[15.060s] -- Installing: /home/chris/rostut/install/turtlesim/include/turtlesim/turtlesim/msg/detail/color__struct.h
[15.060s] -- Installing: /home/chris/rostut/install/turtlesim/include/turtlesim/turtlesim/msg/detail/pose__struct.h
[15.060s] -- Installing: /home/chris/rostut/install/turtlesim/include/turtlesim/turtlesim/msg/detail/color__functions.c
[15.060s] -- Installing: /home/chris/rostut/install/turtlesim/include/turtlesim/turtlesim/msg/detail/pose__functions.c
[15.061s] -- Installing: /home/chris/rostut/install/turtlesim/include/turtlesim/turtlesim/msg/detail/color__functions.h
[15.061s] -- Installing: /home/chris/rostut/install/turtlesim/include/turtlesim/turtlesim/msg/detail/color__type_support.h
[15.061s] -- Installing: /home/chris/rostut/install/turtlesim/include/turtlesim/turtlesim/msg/detail/pose__functions.h
[15.061s] -- Installing: /home/chris/rostut/install/turtlesim/include/turtlesim/turtlesim/msg/color.h
[15.061s] -- Installing: /home/chris/rostut/install/turtlesim/include/turtlesim/turtlesim/msg/rosidl_generator_c__visibility_control.h
[15.061s] -- Installing: /home/chris/rostut/install/turtlesim/include/turtlesim/turtlesim/msg/pose.h
[15.061s] -- Installing: /home/chris/rostut/install/turtlesim/share/turtlesim/environment/library_path.sh
[15.061s] -- Installing: /home/chris/rostut/install/turtlesim/share/turtlesim/environment/library_path.dsv
[15.061s] -- Installing: /home/chris/rostut/install/turtlesim/lib/libturtlesim__rosidl_generator_c.so
[15.061s] -- Set runtime path of "/home/chris/rostut/install/turtlesim/lib/libturtlesim__rosidl_generator_c.so" to ""
[15.061s] -- Up-to-date: /home/chris/rostut/install/turtlesim/include/turtlesim/turtlesim
[15.061s] -- Up-to-date: /home/chris/rostut/install/turtlesim/include/turtlesim/turtlesim/action
[15.061s] -- Up-to-date: /home/chris/rostut/install/turtlesim/include/turtlesim/turtlesim/action/detail
[15.061s] -- Installing: /home/chris/rostut/install/turtlesim/include/turtlesim/turtlesim/action/detail/rotate_absolute__rosidl_typesupport_fastrtps_c.h
[15.061s] -- Up-to-date: /home/chris/rostut/install/turtlesim/include/turtlesim/turtlesim/srv
[15.061s] -- Up-to-date: /home/chris/rostut/install/turtlesim/include/turtlesim/turtlesim/srv/detail
[15.061s] -- Installing: /home/chris/rostut/install/turtlesim/include/turtlesim/turtlesim/srv/detail/teleport_relative__rosidl_typesupport_fastrtps_c.h
[15.061s] -- Installing: /home/chris/rostut/install/turtlesim/include/turtlesim/turtlesim/srv/detail/set_pen__rosidl_typesupport_fastrtps_c.h
[15.061s] -- Installing: /home/chris/rostut/install/turtlesim/include/turtlesim/turtlesim/srv/detail/teleport_absolute__rosidl_typesupport_fastrtps_c.h
[15.061s] -- Installing: /home/chris/rostut/install/turtlesim/include/turtlesim/turtlesim/srv/detail/spawn__rosidl_typesupport_fastrtps_c.h
[15.061s] -- Installing: /home/chris/rostut/install/turtlesim/include/turtlesim/turtlesim/srv/detail/kill__rosidl_typesupport_fastrtps_c.h
[15.061s] -- Up-to-date: /home/chris/rostut/install/turtlesim/include/turtlesim/turtlesim/msg
[15.061s] -- Installing: /home/chris/rostut/install/turtlesim/include/turtlesim/turtlesim/msg/rosidl_typesupport_fastrtps_c__visibility_control.h
[15.061s] -- Up-to-date: /home/chris/rostut/install/turtlesim/include/turtlesim/turtlesim/msg/detail
[15.061s] -- Installing: /home/chris/rostut/install/turtlesim/include/turtlesim/turtlesim/msg/detail/pose__rosidl_typesupport_fastrtps_c.h
[15.061s] -- Installing: /home/chris/rostut/install/turtlesim/include/turtlesim/turtlesim/msg/detail/color__rosidl_typesupport_fastrtps_c.h
[15.061s] -- Installing: /home/chris/rostut/install/turtlesim/lib/libturtlesim__rosidl_typesupport_fastrtps_c.so
[15.061s] -- Set runtime path of "/home/chris/rostut/install/turtlesim/lib/libturtlesim__rosidl_typesupport_fastrtps_c.so" to ""
[15.062s] -- Up-to-date: /home/chris/rostut/install/turtlesim/include/turtlesim/turtlesim
[15.062s] -- Up-to-date: /home/chris/rostut/install/turtlesim/include/turtlesim/turtlesim/action
[15.062s] -- Up-to-date: /home/chris/rostut/install/turtlesim/include/turtlesim/turtlesim/action/detail
[15.062s] -- Installing: /home/chris/rostut/install/turtlesim/include/turtlesim/turtlesim/action/detail/rotate_absolute__struct.hpp
[15.062s] -- Installing: /home/chris/rostut/install/turtlesim/include/turtlesim/turtlesim/action/detail/rotate_absolute__builder.hpp
[15.062s] -- Installing: /home/chris/rostut/install/turtlesim/include/turtlesim/turtlesim/action/detail/rotate_absolute__traits.hpp
[15.062s] -- Installing: /home/chris/rostut/install/turtlesim/include/turtlesim/turtlesim/action/rotate_absolute.hpp
[15.062s] -- Up-to-date: /home/chris/rostut/install/turtlesim/include/turtlesim/turtlesim/srv
[15.062s] -- Installing: /home/chris/rostut/install/turtlesim/include/turtlesim/turtlesim/srv/teleport_relative.hpp
[15.062s] -- Installing: /home/chris/rostut/install/turtlesim/include/turtlesim/turtlesim/srv/teleport_absolute.hpp
[15.062s] -- Installing: /home/chris/rostut/install/turtlesim/include/turtlesim/turtlesim/srv/set_pen.hpp
[15.062s] -- Up-to-date: /home/chris/rostut/install/turtlesim/include/turtlesim/turtlesim/srv/detail
[15.062s] -- Installing: /home/chris/rostut/install/turtlesim/include/turtlesim/turtlesim/srv/detail/set_pen__traits.hpp
[15.062s] -- Installing: /home/chris/rostut/install/turtlesim/include/turtlesim/turtlesim/srv/detail/kill__traits.hpp
[15.062s] -- Installing: /home/chris/rostut/install/turtlesim/include/turtlesim/turtlesim/srv/detail/teleport_absolute__builder.hpp
[15.062s] -- Installing: /home/chris/rostut/install/turtlesim/include/turtlesim/turtlesim/srv/detail/kill__builder.hpp
[15.062s] -- Installing: /home/chris/rostut/install/turtlesim/include/turtlesim/turtlesim/srv/detail/set_pen__struct.hpp
[15.062s] -- Installing: /home/chris/rostut/install/turtlesim/include/turtlesim/turtlesim/srv/detail/kill__struct.hpp
[15.062s] -- Installing: /home/chris/rostut/install/turtlesim/include/turtlesim/turtlesim/srv/detail/teleport_relative__builder.hpp
[15.062s] -- Installing: /home/chris/rostut/install/turtlesim/include/turtlesim/turtlesim/srv/detail/teleport_absolute__struct.hpp
[15.062s] -- Installing: /home/chris/rostut/install/turtlesim/include/turtlesim/turtlesim/srv/detail/teleport_relative__traits.hpp
[15.062s] -- Installing: /home/chris/rostut/install/turtlesim/include/turtlesim/turtlesim/srv/detail/teleport_relative__struct.hpp
[15.062s] -- Installing: /home/chris/rostut/install/turtlesim/include/turtlesim/turtlesim/srv/detail/spawn__struct.hpp
[15.062s] -- Installing: /home/chris/rostut/install/turtlesim/include/turtlesim/turtlesim/srv/detail/teleport_absolute__traits.hpp
[15.062s] -- Installing: /home/chris/rostut/install/turtlesim/include/turtlesim/turtlesim/srv/detail/spawn__traits.hpp
[15.062s] -- Installing: /home/chris/rostut/install/turtlesim/include/turtlesim/turtlesim/srv/detail/set_pen__builder.hpp
[15.062s] -- Installing: /home/chris/rostut/install/turtlesim/include/turtlesim/turtlesim/srv/detail/spawn__builder.hpp
[15.062s] -- Installing: /home/chris/rostut/install/turtlesim/include/turtlesim/turtlesim/srv/spawn.hpp
[15.062s] -- Installing: /home/chris/rostut/install/turtlesim/include/turtlesim/turtlesim/srv/kill.hpp
[15.062s] -- Up-to-date: /home/chris/rostut/install/turtlesim/include/turtlesim/turtlesim/msg
[15.062s] -- Installing: /home/chris/rostut/install/turtlesim/include/turtlesim/turtlesim/msg/pose.hpp
[15.062s] -- Installing: /home/chris/rostut/install/turtlesim/include/turtlesim/turtlesim/msg/color.hpp
[15.062s] -- Up-to-date: /home/chris/rostut/install/turtlesim/include/turtlesim/turtlesim/msg/detail
[15.062s] -- Installing: /home/chris/rostut/install/turtlesim/include/turtlesim/turtlesim/msg/detail/color__struct.hpp
[15.063s] -- Installing: /home/chris/rostut/install/turtlesim/include/turtlesim/turtlesim/msg/detail/color__builder.hpp
[15.063s] -- Installing: /home/chris/rostut/install/turtlesim/include/turtlesim/turtlesim/msg/detail/color__traits.hpp
[15.063s] -- Installing: /home/chris/rostut/install/turtlesim/include/turtlesim/turtlesim/msg/detail/pose__builder.hpp
[15.063s] -- Installing: /home/chris/rostut/install/turtlesim/include/turtlesim/turtlesim/msg/detail/pose__traits.hpp
[15.063s] -- Installing: /home/chris/rostut/install/turtlesim/include/turtlesim/turtlesim/msg/detail/pose__struct.hpp
[15.063s] -- Up-to-date: /home/chris/rostut/install/turtlesim/include/turtlesim/turtlesim
[15.063s] -- Up-to-date: /home/chris/rostut/install/turtlesim/include/turtlesim/turtlesim/action
[15.063s] -- Up-to-date: /home/chris/rostut/install/turtlesim/include/turtlesim/turtlesim/action/detail
[15.063s] -- Installing: /home/chris/rostut/install/turtlesim/include/turtlesim/turtlesim/action/detail/dds_fastrtps
[15.063s] -- Installing: /home/chris/rostut/install/turtlesim/include/turtlesim/turtlesim/action/detail/rotate_absolute__rosidl_typesupport_fastrtps_cpp.hpp
[15.063s] -- Up-to-date: /home/chris/rostut/install/turtlesim/include/turtlesim/turtlesim/srv
[15.063s] -- Up-to-date: /home/chris/rostut/install/turtlesim/include/turtlesim/turtlesim/srv/detail
[15.063s] -- Installing: /home/chris/rostut/install/turtlesim/include/turtlesim/turtlesim/srv/detail/dds_fastrtps
[15.063s] -- Installing: /home/chris/rostut/install/turtlesim/include/turtlesim/turtlesim/srv/detail/kill__rosidl_typesupport_fastrtps_cpp.hpp
[15.063s] -- Installing: /home/chris/rostut/install/turtlesim/include/turtlesim/turtlesim/srv/detail/teleport_absolute__rosidl_typesupport_fastrtps_cpp.hpp
[15.063s] -- Installing: /home/chris/rostut/install/turtlesim/include/turtlesim/turtlesim/srv/detail/teleport_relative__rosidl_typesupport_fastrtps_cpp.hpp
[15.063s] -- Installing: /home/chris/rostut/install/turtlesim/include/turtlesim/turtlesim/srv/detail/set_pen__rosidl_typesupport_fastrtps_cpp.hpp
[15.063s] -- Installing: /home/chris/rostut/install/turtlesim/include/turtlesim/turtlesim/srv/detail/spawn__rosidl_typesupport_fastrtps_cpp.hpp
[15.063s] -- Up-to-date: /home/chris/rostut/install/turtlesim/include/turtlesim/turtlesim/msg
[15.063s] -- Installing: /home/chris/rostut/install/turtlesim/include/turtlesim/turtlesim/msg/rosidl_typesupport_fastrtps_cpp__visibility_control.h
[15.063s] -- Up-to-date: /home/chris/rostut/install/turtlesim/include/turtlesim/turtlesim/msg/detail
[15.063s] -- Installing: /home/chris/rostut/install/turtlesim/include/turtlesim/turtlesim/msg/detail/dds_fastrtps
[15.063s] -- Installing: /home/chris/rostut/install/turtlesim/include/turtlesim/turtlesim/msg/detail/pose__rosidl_typesupport_fastrtps_cpp.hpp
[15.063s] -- Installing: /home/chris/rostut/install/turtlesim/include/turtlesim/turtlesim/msg/detail/color__rosidl_typesupport_fastrtps_cpp.hpp
[15.063s] -- Installing: /home/chris/rostut/install/turtlesim/lib/libturtlesim__rosidl_typesupport_fastrtps_cpp.so
[15.063s] -- Set runtime path of "/home/chris/rostut/install/turtlesim/lib/libturtlesim__rosidl_typesupport_fastrtps_cpp.so" to ""
[15.063s] -- Up-to-date: /home/chris/rostut/install/turtlesim/include/turtlesim/turtlesim
[15.063s] -- Up-to-date: /home/chris/rostut/install/turtlesim/include/turtlesim/turtlesim/action
[15.063s] -- Up-to-date: /home/chris/rostut/install/turtlesim/include/turtlesim/turtlesim/action/detail
[15.063s] -- Installing: /home/chris/rostut/install/turtlesim/include/turtlesim/turtlesim/action/detail/rotate_absolute__rosidl_typesupport_introspection_c.h
[15.063s] -- Installing: /home/chris/rostut/install/turtlesim/include/turtlesim/turtlesim/action/detail/rotate_absolute__type_support.c
[15.063s] -- Up-to-date: /home/chris/rostut/install/turtlesim/include/turtlesim/turtlesim/srv
[15.064s] -- Up-to-date: /home/chris/rostut/install/turtlesim/include/turtlesim/turtlesim/srv/detail
[15.064s] -- Installing: /home/chris/rostut/install/turtlesim/include/turtlesim/turtlesim/srv/detail/kill__type_support.c
[15.064s] -- Installing: /home/chris/rostut/install/turtlesim/include/turtlesim/turtlesim/srv/detail/kill__rosidl_typesupport_introspection_c.h
[15.064s] -- Installing: /home/chris/rostut/install/turtlesim/include/turtlesim/turtlesim/srv/detail/set_pen__rosidl_typesupport_introspection_c.h
[15.064s] -- Installing: /home/chris/rostut/install/turtlesim/include/turtlesim/turtlesim/srv/detail/spawn__rosidl_typesupport_introspection_c.h
[15.064s] -- Installing: /home/chris/rostut/install/turtlesim/include/turtlesim/turtlesim/srv/detail/teleport_absolute__type_support.c
[15.064s] -- Installing: /home/chris/rostut/install/turtlesim/include/turtlesim/turtlesim/srv/detail/teleport_relative__rosidl_typesupport_introspection_c.h
[15.064s] -- Installing: /home/chris/rostut/install/turtlesim/include/turtlesim/turtlesim/srv/detail/set_pen__type_support.c
[15.064s] -- Installing: /home/chris/rostut/install/turtlesim/include/turtlesim/turtlesim/srv/detail/teleport_relative__type_support.c
[15.064s] -- Installing: /home/chris/rostut/install/turtlesim/include/turtlesim/turtlesim/srv/detail/spawn__type_support.c
[15.064s] -- Installing: /home/chris/rostut/install/turtlesim/include/turtlesim/turtlesim/srv/detail/teleport_absolute__rosidl_typesupport_introspection_c.h
[15.064s] -- Up-to-date: /home/chris/rostut/install/turtlesim/include/turtlesim/turtlesim/msg
[15.064s] -- Up-to-date: /home/chris/rostut/install/turtlesim/include/turtlesim/turtlesim/msg/detail
[15.064s] -- Installing: /home/chris/rostut/install/turtlesim/include/turtlesim/turtlesim/msg/detail/pose__type_support.c
[15.064s] -- Installing: /home/chris/rostut/install/turtlesim/include/turtlesim/turtlesim/msg/detail/color__rosidl_typesupport_introspection_c.h
[15.064s] -- Installing: /home/chris/rostut/install/turtlesim/include/turtlesim/turtlesim/msg/detail/pose__rosidl_typesupport_introspection_c.h
[15.064s] -- Installing: /home/chris/rostut/install/turtlesim/include/turtlesim/turtlesim/msg/detail/color__type_support.c
[15.064s] -- Installing: /home/chris/rostut/install/turtlesim/include/turtlesim/turtlesim/msg/rosidl_typesupport_introspection_c__visibility_control.h
[15.064s] -- Installing: /home/chris/rostut/install/turtlesim/lib/libturtlesim__rosidl_typesupport_introspection_c.so
[15.064s] -- Set runtime path of "/home/chris/rostut/install/turtlesim/lib/libturtlesim__rosidl_typesupport_introspection_c.so" to ""
[15.064s] -- Installing: /home/chris/rostut/install/turtlesim/lib/libturtlesim__rosidl_typesupport_c.so
[15.064s] -- Set runtime path of "/home/chris/rostut/install/turtlesim/lib/libturtlesim__rosidl_typesupport_c.so" to ""
[15.064s] -- Up-to-date: /home/chris/rostut/install/turtlesim/include/turtlesim/turtlesim
[15.064s] -- Up-to-date: /home/chris/rostut/install/turtlesim/include/turtlesim/turtlesim/action
[15.064s] -- Up-to-date: /home/chris/rostut/install/turtlesim/include/turtlesim/turtlesim/action/detail
[15.064s] -- Installing: /home/chris/rostut/install/turtlesim/include/turtlesim/turtlesim/action/detail/rotate_absolute__type_support.cpp
[15.064s] -- Installing: /home/chris/rostut/install/turtlesim/include/turtlesim/turtlesim/action/detail/rotate_absolute__rosidl_typesupport_introspection_cpp.hpp
[15.064s] -- Up-to-date: /home/chris/rostut/install/turtlesim/include/turtlesim/turtlesim/srv
[15.064s] -- Up-to-date: /home/chris/rostut/install/turtlesim/include/turtlesim/turtlesim/srv/detail
[15.064s] -- Installing: /home/chris/rostut/install/turtlesim/include/turtlesim/turtlesim/srv/detail/set_pen__rosidl_typesupport_introspection_cpp.hpp
[15.064s] -- Installing: /home/chris/rostut/install/turtlesim/include/turtlesim/turtlesim/srv/detail/spawn__rosidl_typesupport_introspection_cpp.hpp
[15.064s] -- Installing: /home/chris/rostut/install/turtlesim/include/turtlesim/turtlesim/srv/detail/spawn__type_support.cpp
[15.064s] -- Installing: /home/chris/rostut/install/turtlesim/include/turtlesim/turtlesim/srv/detail/kill__type_support.cpp
[15.064s] -- Installing: /home/chris/rostut/install/turtlesim/include/turtlesim/turtlesim/srv/detail/teleport_relative__rosidl_typesupport_introspection_cpp.hpp
[15.065s] -- Installing: /home/chris/rostut/install/turtlesim/include/turtlesim/turtlesim/srv/detail/set_pen__type_support.cpp
[15.065s] -- Installing: /home/chris/rostut/install/turtlesim/include/turtlesim/turtlesim/srv/detail/kill__rosidl_typesupport_introspection_cpp.hpp
[15.065s] -- Installing: /home/chris/rostut/install/turtlesim/include/turtlesim/turtlesim/srv/detail/teleport_absolute__type_support.cpp
[15.065s] -- Installing: /home/chris/rostut/install/turtlesim/include/turtlesim/turtlesim/srv/detail/teleport_relative__type_support.cpp
[15.065s] -- Installing: /home/chris/rostut/install/turtlesim/include/turtlesim/turtlesim/srv/detail/teleport_absolute__rosidl_typesupport_introspection_cpp.hpp
[15.065s] -- Up-to-date: /home/chris/rostut/install/turtlesim/include/turtlesim/turtlesim/msg
[15.065s] -- Up-to-date: /home/chris/rostut/install/turtlesim/include/turtlesim/turtlesim/msg/detail
[15.065s] -- Installing: /home/chris/rostut/install/turtlesim/include/turtlesim/turtlesim/msg/detail/color__type_support.cpp
[15.065s] -- Installing: /home/chris/rostut/install/turtlesim/include/turtlesim/turtlesim/msg/detail/pose__rosidl_typesupport_introspection_cpp.hpp
[15.065s] -- Installing: /home/chris/rostut/install/turtlesim/include/turtlesim/turtlesim/msg/detail/pose__type_support.cpp
[15.065s] -- Installing: /home/chris/rostut/install/turtlesim/include/turtlesim/turtlesim/msg/detail/color__rosidl_typesupport_introspection_cpp.hpp
[15.065s] -- Installing: /home/chris/rostut/install/turtlesim/lib/libturtlesim__rosidl_typesupport_introspection_cpp.so
[15.065s] -- Set runtime path of "/home/chris/rostut/install/turtlesim/lib/libturtlesim__rosidl_typesupport_introspection_cpp.so" to ""
[15.065s] -- Installing: /home/chris/rostut/install/turtlesim/lib/libturtlesim__rosidl_typesupport_cpp.so
[15.065s] -- Set runtime path of "/home/chris/rostut/install/turtlesim/lib/libturtlesim__rosidl_typesupport_cpp.so" to ""
[15.065s] -- Installing: /home/chris/rostut/install/turtlesim/share/turtlesim/environment/pythonpath.sh
[15.065s] -- Installing: /home/chris/rostut/install/turtlesim/share/turtlesim/environment/pythonpath.dsv
[15.065s] -- Installing: /home/chris/rostut/install/turtlesim/local/lib/python3.10/dist-packages/turtlesim-1.4.2-py3.10.egg-info
[15.065s] -- Installing: /home/chris/rostut/install/turtlesim/local/lib/python3.10/dist-packages/turtlesim-1.4.2-py3.10.egg-info/dependency_links.txt
[15.065s] -- Installing: /home/chris/rostut/install/turtlesim/local/lib/python3.10/dist-packages/turtlesim-1.4.2-py3.10.egg-info/PKG-INFO
[15.065s] -- Installing: /home/chris/rostut/install/turtlesim/local/lib/python3.10/dist-packages/turtlesim-1.4.2-py3.10.egg-info/top_level.txt
[15.065s] -- Installing: /home/chris/rostut/install/turtlesim/local/lib/python3.10/dist-packages/turtlesim-1.4.2-py3.10.egg-info/SOURCES.txt
[15.065s] -- Installing: /home/chris/rostut/install/turtlesim/local/lib/python3.10/dist-packages/turtlesim
[15.065s] -- Installing: /home/chris/rostut/install/turtlesim/local/lib/python3.10/dist-packages/turtlesim/libturtlesim__rosidl_generator_py.so
[15.065s] -- Installing: /home/chris/rostut/install/turtlesim/local/lib/python3.10/dist-packages/turtlesim/_turtlesim_s.ep.rosidl_typesupport_introspection_c.c
[15.065s] -- Installing: /home/chris/rostut/install/turtlesim/local/lib/python3.10/dist-packages/turtlesim/_turtlesim_s.ep.rosidl_typesupport_fastrtps_c.c
[15.065s] -- Installing: /home/chris/rostut/install/turtlesim/local/lib/python3.10/dist-packages/turtlesim/action
[15.065s] -- Installing: /home/chris/rostut/install/turtlesim/local/lib/python3.10/dist-packages/turtlesim/action/_rotate_absolute_s.c
[15.065s] -- Installing: /home/chris/rostut/install/turtlesim/local/lib/python3.10/dist-packages/turtlesim/action/__init__.py
[15.066s] -- Installing: /home/chris/rostut/install/turtlesim/local/lib/python3.10/dist-packages/turtlesim/action/_rotate_absolute.py
[15.066s] -- Installing: /home/chris/rostut/install/turtlesim/local/lib/python3.10/dist-packages/turtlesim/srv
[15.066s] -- Installing: /home/chris/rostut/install/turtlesim/local/lib/python3.10/dist-packages/turtlesim/srv/_kill.py
[15.066s] -- Installing: /home/chris/rostut/install/turtlesim/local/lib/python3.10/dist-packages/turtlesim/srv/_kill_s.c
[15.066s] -- Installing: /home/chris/rostut/install/turtlesim/local/lib/python3.10/dist-packages/turtlesim/srv/_teleport_absolute.py
[15.066s] -- Installing: /home/chris/rostut/install/turtlesim/local/lib/python3.10/dist-packages/turtlesim/srv/_spawn.py
[15.066s] -- Installing: /home/chris/rostut/install/turtlesim/local/lib/python3.10/dist-packages/turtlesim/srv/_spawn_s.c
[15.066s] -- Installing: /home/chris/rostut/install/turtlesim/local/lib/python3.10/dist-packages/turtlesim/srv/__init__.py
[15.066s] -- Installing: /home/chris/rostut/install/turtlesim/local/lib/python3.10/dist-packages/turtlesim/srv/_teleport_relative_s.c
[15.066s] -- Installing: /home/chris/rostut/install/turtlesim/local/lib/python3.10/dist-packages/turtlesim/srv/_set_pen_s.c
[15.066s] -- Installing: /home/chris/rostut/install/turtlesim/local/lib/python3.10/dist-packages/turtlesim/srv/_teleport_absolute_s.c
[15.066s] -- Installing: /home/chris/rostut/install/turtlesim/local/lib/python3.10/dist-packages/turtlesim/srv/_set_pen.py
[15.066s] -- Installing: /home/chris/rostut/install/turtlesim/local/lib/python3.10/dist-packages/turtlesim/srv/_teleport_relative.py
[15.066s] -- Installing: /home/chris/rostut/install/turtlesim/local/lib/python3.10/dist-packages/turtlesim/__init__.py
[15.066s] -- Installing: /home/chris/rostut/install/turtlesim/local/lib/python3.10/dist-packages/turtlesim/turtlesim_s__rosidl_typesupport_fastrtps_c.cpython-310-x86_64-linux-gnu.so
[15.066s] -- Installing: /home/chris/rostut/install/turtlesim/local/lib/python3.10/dist-packages/turtlesim/msg
[15.066s] -- Installing: /home/chris/rostut/install/turtlesim/local/lib/python3.10/dist-packages/turtlesim/msg/_pose_s.c
[15.066s] -- Installing: /home/chris/rostut/install/turtlesim/local/lib/python3.10/dist-packages/turtlesim/msg/__init__.py
[15.066s] -- Installing: /home/chris/rostut/install/turtlesim/local/lib/python3.10/dist-packages/turtlesim/msg/_color_s.c
[15.066s] -- Installing: /home/chris/rostut/install/turtlesim/local/lib/python3.10/dist-packages/turtlesim/msg/_color.py
[15.066s] -- Installing: /home/chris/rostut/install/turtlesim/local/lib/python3.10/dist-packages/turtlesim/msg/_pose.py
[15.066s] -- Installing: /home/chris/rostut/install/turtlesim/local/lib/python3.10/dist-packages/turtlesim/turtlesim_s__rosidl_typesupport_c.cpython-310-x86_64-linux-gnu.so
[15.066s] -- Installing: /home/chris/rostut/install/turtlesim/local/lib/python3.10/dist-packages/turtlesim/turtlesim_s__rosidl_typesupport_introspection_c.cpython-310-x86_64-linux-gnu.so
[15.066s] -- Installing: /home/chris/rostut/install/turtlesim/local/lib/python3.10/dist-packages/turtlesim/_turtlesim_s.ep.rosidl_typesupport_c.c
[15.107s] Listing '/home/chris/rostut/install/turtlesim/local/lib/python3.10/dist-packages/turtlesim'...
[15.107s] Compiling '/home/chris/rostut/install/turtlesim/local/lib/python3.10/dist-packages/turtlesim/__init__.py'...
[15.107s] Listing '/home/chris/rostut/install/turtlesim/local/lib/python3.10/dist-packages/turtlesim/action'...
[15.107s] Compiling '/home/chris/rostut/install/turtlesim/local/lib/python3.10/dist-packages/turtlesim/action/__init__.py'...
[15.107s] Compiling '/home/chris/rostut/install/turtlesim/local/lib/python3.10/dist-packages/turtlesim/action/_rotate_absolute.py'...
[15.107s] Listing '/home/chris/rostut/install/turtlesim/local/lib/python3.10/dist-packages/turtlesim/msg'...
[15.107s] Compiling '/home/chris/rostut/install/turtlesim/local/lib/python3.10/dist-packages/turtlesim/msg/__init__.py'...
[15.107s] Compiling '/home/chris/rostut/install/turtlesim/local/lib/python3.10/dist-packages/turtlesim/msg/_color.py'...
[15.107s] Compiling '/home/chris/rostut/install/turtlesim/local/lib/python3.10/dist-packages/turtlesim/msg/_pose.py'...
[15.107s] Listing '/home/chris/rostut/install/turtlesim/local/lib/python3.10/dist-packages/turtlesim/srv'...
[15.107s] Compiling '/home/chris/rostut/install/turtlesim/local/lib/python3.10/dist-packages/turtlesim/srv/__init__.py'...
[15.107s] Compiling '/home/chris/rostut/install/turtlesim/local/lib/python3.10/dist-packages/turtlesim/srv/_kill.py'...
[15.107s] Compiling '/home/chris/rostut/install/turtlesim/local/lib/python3.10/dist-packages/turtlesim/srv/_set_pen.py'...
[15.107s] Compiling '/home/chris/rostut/install/turtlesim/local/lib/python3.10/dist-packages/turtlesim/srv/_spawn.py'...
[15.108s] Compiling '/home/chris/rostut/install/turtlesim/local/lib/python3.10/dist-packages/turtlesim/srv/_teleport_absolute.py'...
[15.108s] Compiling '/home/chris/rostut/install/turtlesim/local/lib/python3.10/dist-packages/turtlesim/srv/_teleport_relative.py'...
[15.110s] -- Installing: /home/chris/rostut/install/turtlesim/local/lib/python3.10/dist-packages/turtlesim/turtlesim_s__rosidl_typesupport_fastrtps_c.cpython-310-x86_64-linux-gnu.so
[15.110s] -- Set runtime path of "/home/chris/rostut/install/turtlesim/local/lib/python3.10/dist-packages/turtlesim/turtlesim_s__rosidl_typesupport_fastrtps_c.cpython-310-x86_64-linux-gnu.so" to ""
[15.110s] -- Installing: /home/chris/rostut/install/turtlesim/local/lib/python3.10/dist-packages/turtlesim/turtlesim_s__rosidl_typesupport_introspection_c.cpython-310-x86_64-linux-gnu.so
[15.110s] -- Set runtime path of "/home/chris/rostut/install/turtlesim/local/lib/python3.10/dist-packages/turtlesim/turtlesim_s__rosidl_typesupport_introspection_c.cpython-310-x86_64-linux-gnu.so" to ""
[15.110s] -- Installing: /home/chris/rostut/install/turtlesim/local/lib/python3.10/dist-packages/turtlesim/turtlesim_s__rosidl_typesupport_c.cpython-310-x86_64-linux-gnu.so
[15.110s] -- Set runtime path of "/home/chris/rostut/install/turtlesim/local/lib/python3.10/dist-packages/turtlesim/turtlesim_s__rosidl_typesupport_c.cpython-310-x86_64-linux-gnu.so" to ""
[15.110s] -- Installing: /home/chris/rostut/install/turtlesim/lib/libturtlesim__rosidl_generator_py.so
[15.111s] -- Set runtime path of "/home/chris/rostut/install/turtlesim/lib/libturtlesim__rosidl_generator_py.so" to ""
[15.111s] -- Installing: /home/chris/rostut/install/turtlesim/share/turtlesim/action/RotateAbsolute.idl
[15.111s] -- Installing: /home/chris/rostut/install/turtlesim/share/turtlesim/msg/Color.idl
[15.111s] -- Installing: /home/chris/rostut/install/turtlesim/share/turtlesim/msg/Pose.idl
[15.111s] -- Installing: /home/chris/rostut/install/turtlesim/share/turtlesim/srv/Kill.idl
[15.111s] -- Installing: /home/chris/rostut/install/turtlesim/share/turtlesim/srv/SetPen.idl
[15.111s] -- Installing: /home/chris/rostut/install/turtlesim/share/turtlesim/srv/Spawn.idl
[15.111s] -- Installing: /home/chris/rostut/install/turtlesim/share/turtlesim/srv/TeleportAbsolute.idl
[15.111s] -- Installing: /home/chris/rostut/install/turtlesim/share/turtlesim/srv/TeleportRelative.idl
[15.111s] -- Installing: /home/chris/rostut/install/turtlesim/share/turtlesim/action/RotateAbsolute.action
[15.111s] -- Installing: /home/chris/rostut/install/turtlesim/share/turtlesim/msg/Color.msg
[15.111s] -- Installing: /home/chris/rostut/install/turtlesim/share/turtlesim/msg/Pose.msg
[15.111s] -- Installing: /home/chris/rostut/install/turtlesim/share/turtlesim/srv/Kill.srv
[15.111s] -- Installing: /home/chris/rostut/install/turtlesim/share/turtlesim/srv/Kill_Request.msg
[15.111s] -- Installing: /home/chris/rostut/install/turtlesim/share/turtlesim/srv/Kill_Response.msg
[15.111s] -- Installing: /home/chris/rostut/install/turtlesim/share/turtlesim/srv/SetPen.srv
[15.111s] -- Installing: /home/chris/rostut/install/turtlesim/share/turtlesim/srv/SetPen_Request.msg
[15.111s] -- Installing: /home/chris/rostut/install/turtlesim/share/turtlesim/srv/SetPen_Response.msg
[15.111s] -- Installing: /home/chris/rostut/install/turtlesim/share/turtlesim/srv/Spawn.srv
[15.111s] -- Installing: /home/chris/rostut/install/turtlesim/share/turtlesim/srv/Spawn_Request.msg
[15.111s] -- Installing: /home/chris/rostut/install/turtlesim/share/turtlesim/srv/Spawn_Response.msg
[15.111s] -- Installing: /home/chris/rostut/install/turtlesim/share/turtlesim/srv/TeleportAbsolute.srv
[15.111s] -- Installing: /home/chris/rostut/install/turtlesim/share/turtlesim/srv/TeleportAbsolute_Request.msg
[15.111s] -- Installing: /home/chris/rostut/install/turtlesim/share/turtlesim/srv/TeleportAbsolute_Response.msg
[15.111s] -- Installing: /home/chris/rostut/install/turtlesim/share/turtlesim/srv/TeleportRelative.srv
[15.111s] -- Installing: /home/chris/rostut/install/turtlesim/share/turtlesim/srv/TeleportRelative_Request.msg
[15.111s] -- Installing: /home/chris/rostut/install/turtlesim/share/turtlesim/srv/TeleportRelative_Response.msg
[15.111s] -- Installing: /home/chris/rostut/install/turtlesim/lib/turtlesim/turtlesim_node
[15.115s] -- Set runtime path of "/home/chris/rostut/install/turtlesim/lib/turtlesim/turtlesim_node" to ""
[15.115s] -- Installing: /home/chris/rostut/install/turtlesim/lib/turtlesim/turtle_teleop_key
[15.116s] -- Set runtime path of "/home/chris/rostut/install/turtlesim/lib/turtlesim/turtle_teleop_key" to ""
[15.116s] -- Installing: /home/chris/rostut/install/turtlesim/lib/turtlesim/draw_square
[15.118s] -- Set runtime path of "/home/chris/rostut/install/turtlesim/lib/turtlesim/draw_square" to ""
[15.118s] -- Installing: /home/chris/rostut/install/turtlesim/lib/turtlesim/mimic
[15.119s] -- Set runtime path of "/home/chris/rostut/install/turtlesim/lib/turtlesim/mimic" to ""
[15.119s] -- Installing: /home/chris/rostut/install/turtlesim/share/turtlesim/images
[15.119s] -- Installing: /home/chris/rostut/install/turtlesim/share/turtlesim/images/rolling.png
[15.119s] -- Installing: /home/chris/rostut/install/turtlesim/share/turtlesim/images/eloquent.png
[15.119s] -- Installing: /home/chris/rostut/install/turtlesim/share/turtlesim/images/galactic.png
[15.119s] -- Installing: /home/chris/rostut/install/turtlesim/share/turtlesim/images/crystal.png
[15.120s] -- Installing: /home/chris/rostut/install/turtlesim/share/turtlesim/images/dashing.png
[15.120s] -- Installing: /home/chris/rostut/install/turtlesim/share/turtlesim/images/bouncy.png
[15.120s] -- Installing: /home/chris/rostut/install/turtlesim/share/turtlesim/images/humble.png
[15.120s] -- Installing: /home/chris/rostut/install/turtlesim/share/turtlesim/images/ardent.png
[15.120s] -- Installing: /home/chris/rostut/install/turtlesim/share/turtlesim/images/foxy.png
[15.120s] -- Installing: /home/chris/rostut/install/turtlesim/share/turtlesim/launch
[15.120s] -- Installing: /home/chris/rostut/install/turtlesim/share/turtlesim/launch/multisim.launch.py
[15.120s] -- Installing: /home/chris/rostut/install/turtlesim/share/ament_index/resource_index/package_run_dependencies/turtlesim
[15.120s] -- Installing: /home/chris/rostut/install/turtlesim/share/ament_index/resource_index/parent_prefix_path/turtlesim
[15.120s] -- Installing: /home/chris/rostut/install/turtlesim/share/turtlesim/environment/ament_prefix_path.sh
[15.120s] -- Installing: /home/chris/rostut/install/turtlesim/share/turtlesim/environment/ament_prefix_path.dsv
[15.120s] -- Installing: /home/chris/rostut/install/turtlesim/share/turtlesim/environment/path.sh
[15.120s] -- Installing: /home/chris/rostut/install/turtlesim/share/turtlesim/environment/path.dsv
[15.120s] -- Installing: /home/chris/rostut/install/turtlesim/share/turtlesim/local_setup.bash
[15.120s] -- Installing: /home/chris/rostut/install/turtlesim/share/turtlesim/local_setup.sh
[15.120s] -- Installing: /home/chris/rostut/install/turtlesim/share/turtlesim/local_setup.zsh
[15.120s] -- Installing: /home/chris/rostut/install/turtlesim/share/turtlesim/local_setup.dsv
[15.120s] -- Installing: /home/chris/rostut/install/turtlesim/share/turtlesim/package.dsv
[15.120s] -- Installing: /home/chris/rostut/install/turtlesim/share/ament_index/resource_index/packages/turtlesim
[15.120s] -- Installing: /home/chris/rostut/install/turtlesim/share/turtlesim/cmake/export_turtlesim__rosidl_generator_cExport.cmake
[15.120s] -- Installing: /home/chris/rostut/install/turtlesim/share/turtlesim/cmake/export_turtlesim__rosidl_generator_cExport-noconfig.cmake
[15.120s] -- Installing: /home/chris/rostut/install/turtlesim/share/turtlesim/cmake/export_turtlesim__rosidl_typesupport_fastrtps_cExport.cmake
[15.121s] -- Installing: /home/chris/rostut/install/turtlesim/share/turtlesim/cmake/export_turtlesim__rosidl_typesupport_fastrtps_cExport-noconfig.cmake
[15.121s] -- Installing: /home/chris/rostut/install/turtlesim/share/turtlesim/cmake/export_turtlesim__rosidl_generator_cppExport.cmake
[15.121s] -- Installing: /home/chris/rostut/install/turtlesim/share/turtlesim/cmake/export_turtlesim__rosidl_typesupport_fastrtps_cppExport.cmake
[15.121s] -- Installing: /home/chris/rostut/install/turtlesim/share/turtlesim/cmake/export_turtlesim__rosidl_typesupport_fastrtps_cppExport-noconfig.cmake
[15.121s] -- Installing: /home/chris/rostut/install/turtlesim/share/turtlesim/cmake/turtlesim__rosidl_typesupport_introspection_cExport.cmake
[15.121s] -- Installing: /home/chris/rostut/install/turtlesim/share/turtlesim/cmake/turtlesim__rosidl_typesupport_introspection_cExport-noconfig.cmake
[15.121s] -- Installing: /home/chris/rostut/install/turtlesim/share/turtlesim/cmake/turtlesim__rosidl_typesupport_cExport.cmake
[15.121s] -- Installing: /home/chris/rostut/install/turtlesim/share/turtlesim/cmake/turtlesim__rosidl_typesupport_cExport-noconfig.cmake
[15.121s] -- Installing: /home/chris/rostut/install/turtlesim/share/turtlesim/cmake/turtlesim__rosidl_typesupport_introspection_cppExport.cmake
[15.121s] -- Installing: /home/chris/rostut/install/turtlesim/share/turtlesim/cmake/turtlesim__rosidl_typesupport_introspection_cppExport-noconfig.cmake
[15.121s] -- Installing: /home/chris/rostut/install/turtlesim/share/turtlesim/cmake/turtlesim__rosidl_typesupport_cppExport.cmake
[15.121s] -- Installing: /home/chris/rostut/install/turtlesim/share/turtlesim/cmake/turtlesim__rosidl_typesupport_cppExport-noconfig.cmake
[15.121s] -- Installing: /home/chris/rostut/install/turtlesim/share/turtlesim/cmake/export_turtlesim__rosidl_generator_pyExport.cmake
[15.121s] -- Installing: /home/chris/rostut/install/turtlesim/share/turtlesim/cmake/export_turtlesim__rosidl_generator_pyExport-noconfig.cmake
[15.121s] -- Installing: /home/chris/rostut/install/turtlesim/share/turtlesim/cmake/rosidl_cmake-extras.cmake
[15.121s] -- Installing: /home/chris/rostut/install/turtlesim/share/turtlesim/cmake/ament_cmake_export_dependencies-extras.cmake
[15.121s] -- Installing: /home/chris/rostut/install/turtlesim/share/turtlesim/cmake/ament_cmake_export_include_directories-extras.cmake
[15.121s] -- Installing: /home/chris/rostut/install/turtlesim/share/turtlesim/cmake/ament_cmake_export_libraries-extras.cmake
[15.121s] -- Installing: /home/chris/rostut/install/turtlesim/share/turtlesim/cmake/ament_cmake_export_targets-extras.cmake
[15.121s] -- Installing: /home/chris/rostut/install/turtlesim/share/turtlesim/cmake/rosidl_cmake_export_typesupport_targets-extras.cmake
[15.121s] -- Installing: /home/chris/rostut/install/turtlesim/share/turtlesim/cmake/rosidl_cmake_export_typesupport_libraries-extras.cmake
[15.121s] -- Installing: /home/chris/rostut/install/turtlesim/share/turtlesim/cmake/turtlesimConfig.cmake
[15.121s] -- Installing: /home/chris/rostut/install/turtlesim/share/turtlesim/cmake/turtlesimConfig-version.cmake
[15.121s] -- Installing: /home/chris/rostut/install/turtlesim/share/turtlesim/package.xml
[15.123s] Invoked command in '/home/chris/rostut/build/turtlesim' returned '0': CMAKE_PREFIX_PATH=${CMAKE_PREFIX_PATH}:/home/chris/rostut/install/examples_rclpy_minimal_subscriber:/home/chris/rostut/install/examples_rclpy_minimal_service:/home/chris/rostut/install/examples_rclpy_minimal_publisher:/home/chris/rostut/install/examples_rclpy_minimal_client:/home/chris/rostut/install/examples_rclpy_minimal_action_server:/home/chris/rostut/install/examples_rclpy_minimal_action_client:/home/chris/rostut/install/examples_rclpy_guard_conditions:/home/chris/rostut/install/examples_rclpy_executors:/opt/ros/humble /usr/bin/cmake --install /home/chris/rostut/build/turtlesim
