[0.274s] Invoking command in '/home/chris/ros2_ws/build/examples_rclcpp_minimal_timer': CMAKE_PREFIX_PATH=/opt/ros/humble /usr/bin/cmake /home/chris/ros2_ws/src/examples/rclcpp/timers/minimal_timer -DAMENT_CMAKE_SYMLINK_INSTALL=1 -DCMAKE_INSTALL_PREFIX=/home/chris/ros2_ws/install/examples_rclcpp_minimal_timer
[1.975s] -- The C compiler identification is GNU 11.4.0
[1.976s] -- The CXX compiler identification is GNU 11.4.0
[1.976s] -- Detecting C compiler ABI info
[1.976s] -- Detecting C compiler ABI info - done
[1.976s] -- Check for working C compiler: /usr/bin/cc - skipped
[1.976s] -- Detecting C compile features
[1.976s] -- Detecting C compile features - done
[1.976s] -- Detecting CXX compiler ABI info
[1.976s] -- Detecting CXX compiler ABI info - done
[1.976s] -- Check for working CXX compiler: /usr/bin/c++ - skipped
[1.976s] -- Detecting CXX compile features
[1.976s] -- Detecting CXX compile features - done
[1.976s] -- Found ament_cmake: 1.3.6 (/opt/ros/humble/share/ament_cmake/cmake)
[1.976s] -- Found Python3: /usr/bin/python3.10 (found version "3.10.12") found components: Interpreter 
[1.976s] -- Override CMake install command with custom implementation using symlinks instead of copying resources
[1.976s] -- Found rclcpp: 16.0.7 (/opt/ros/humble/share/rclcpp/cmake)
[1.976s] -- Found rosidl_generator_c: 3.1.5 (/opt/ros/humble/share/rosidl_generator_c/cmake)
[1.976s] -- Found rosidl_adapter: 3.1.5 (/opt/ros/humble/share/rosidl_adapter/cmake)
[1.976s] -- Found rosidl_generator_cpp: 3.1.5 (/opt/ros/humble/share/rosidl_generator_cpp/cmake)
[1.976s] -- Using all available rosidl_typesupport_c: rosidl_typesupport_fastrtps_c;rosidl_typesupport_introspection_c
[1.976s] -- Using all available rosidl_typesupport_cpp: rosidl_typesupport_fastrtps_cpp;rosidl_typesupport_introspection_cpp
[1.976s] -- Found rmw_implementation_cmake: 6.1.1 (/opt/ros/humble/share/rmw_implementation_cmake/cmake)
[1.976s] -- Found rmw_fastrtps_cpp: 6.2.5 (/opt/ros/humble/share/rmw_fastrtps_cpp/cmake)
[1.976s] -- Found OpenSSL: /usr/lib/x86_64-linux-gnu/libcrypto.so (found version "3.0.2")  
[1.976s] -- Found FastRTPS: /opt/ros/humble/include  
[1.976s] -- Using RMW implementation 'rmw_fastrtps_cpp' as default
[1.976s] -- Looking for pthread.h
[1.976s] -- Looking for pthread.h - found
[1.976s] -- Performing Test CMAKE_HAVE_LIBC_PTHREAD
[1.976s] -- Performing Test CMAKE_HAVE_LIBC_PTHREAD - Success
[1.976s] -- Found Threads: TRUE  
[1.977s] -- Found ament_lint_auto: 0.12.9 (/opt/ros/humble/share/ament_lint_auto/cmake)
[1.977s] -- Added test 'copyright' to check source files copyright and LICENSE
[1.977s] -- Added test 'cppcheck' to perform static code analysis on C / C++ code
[1.977s] -- Configured cppcheck include dirs: 
[1.977s] -- Configured cppcheck exclude dirs and/or files: 
[1.977s] -- Added test 'cpplint' to check C / C++ code against the Google style
[1.977s] -- Configured cpplint exclude dirs and/or files: 
[1.977s] -- Added test 'lint_cmake' to check CMake code style
[1.977s] -- Added test 'uncrustify' to check C / C++ code style
[1.977s] -- Configured uncrustify additional arguments: 
[1.977s] -- Added test 'xmllint' to check XML markup files
[1.977s] -- Configuring done
[1.977s] -- Generating done
[1.977s] -- Build files have been written to: /home/chris/ros2_ws/build/examples_rclcpp_minimal_timer
[1.983s] Invoked command in '/home/chris/ros2_ws/build/examples_rclcpp_minimal_timer' returned '0': CMAKE_PREFIX_PATH=/opt/ros/humble /usr/bin/cmake /home/chris/ros2_ws/src/examples/rclcpp/timers/minimal_timer -DAMENT_CMAKE_SYMLINK_INSTALL=1 -DCMAKE_INSTALL_PREFIX=/home/chris/ros2_ws/install/examples_rclcpp_minimal_timer
[1.984s] Invoking command in '/home/chris/ros2_ws/build/examples_rclcpp_minimal_timer': CMAKE_PREFIX_PATH=/opt/ros/humble /usr/bin/cmake --build /home/chris/ros2_ws/build/examples_rclcpp_minimal_timer -- -j20 -l20
[2.014s] [ 25%] [32mBuilding CXX object CMakeFiles/timer_lambda.dir/lambda.cpp.o[0m
[2.035s] [ 50%] [32mBuilding CXX object CMakeFiles/timer_member_function.dir/member_function.cpp.o[0m
[49.503s] [ 75%] [32m[1mLinking CXX executable timer_member_function[0m
[50.713s] [ 75%] Built target timer_member_function
[67.282s] [100%] [32m[1mLinking CXX executable timer_lambda[0m
[67.708s] [100%] Built target timer_lambda
