[0.669s] Invoking command in '/home/chris/rostut/build/examples_rclcpp_async_client': CMAKE_PREFIX_PATH=/opt/ros/humble /usr/bin/cmake /home/chris/rostut/src/examples/rclcpp/services/async_client -DAMENT_CMAKE_SYMLINK_INSTALL=1 -DCMAKE_INSTALL_PREFIX=/home/chris/rostut/install/examples_rclcpp_async_client
[2.413s] -- The C compiler identification is GNU 11.4.0
[2.414s] -- The CXX compiler identification is GNU 11.4.0
[2.414s] -- Detecting C compiler ABI info
[2.414s] -- Detecting C compiler ABI info - done
[2.414s] -- Check for working C compiler: /usr/bin/cc - skipped
[2.415s] -- Detecting C compile features
[2.415s] -- Detecting C compile features - done
[2.415s] -- Detecting CXX compiler ABI info
[2.415s] -- Detecting CXX compiler ABI info - done
[2.415s] -- Check for working CXX compiler: /usr/bin/c++ - skipped
[2.415s] -- Detecting CXX compile features
[2.416s] -- Detecting CXX compile features - done
[2.416s] -- Found ament_cmake: 1.3.6 (/opt/ros/humble/share/ament_cmake/cmake)
[2.416s] -- Found Python3: /usr/bin/python3.10 (found version "3.10.12") found components: Interpreter 
[2.416s] -- Override CMake install command with custom implementation using symlinks instead of copying resources
[2.416s] -- Found example_interfaces: 0.9.3 (/opt/ros/humble/share/example_interfaces/cmake)
[2.416s] -- Found rosidl_generator_c: 3.1.5 (/opt/ros/humble/share/rosidl_generator_c/cmake)
[2.416s] -- Found rosidl_adapter: 3.1.5 (/opt/ros/humble/share/rosidl_adapter/cmake)
[2.416s] -- Found rosidl_generator_cpp: 3.1.5 (/opt/ros/humble/share/rosidl_generator_cpp/cmake)
[2.417s] -- Using all available rosidl_typesupport_c: rosidl_typesupport_fastrtps_c;rosidl_typesupport_introspection_c
[2.417s] -- Using all available rosidl_typesupport_cpp: rosidl_typesupport_fastrtps_cpp;rosidl_typesupport_introspection_cpp
[2.417s] -- Found rclcpp: 16.0.7 (/opt/ros/humble/share/rclcpp/cmake)
[2.417s] -- Found rmw_implementation_cmake: 6.1.1 (/opt/ros/humble/share/rmw_implementation_cmake/cmake)
[2.417s] -- Found rmw_fastrtps_cpp: 6.2.5 (/opt/ros/humble/share/rmw_fastrtps_cpp/cmake)
[2.417s] -- Found OpenSSL: /usr/lib/x86_64-linux-gnu/libcrypto.so (found version "3.0.2")  
[2.417s] -- Found FastRTPS: /opt/ros/humble/include  
[2.417s] -- Using RMW implementation 'rmw_fastrtps_cpp' as default
[2.418s] -- Looking for pthread.h
[2.418s] -- Looking for pthread.h - found
[2.418s] -- Performing Test CMAKE_HAVE_LIBC_PTHREAD
[2.418s] -- Performing Test CMAKE_HAVE_LIBC_PTHREAD - Success
[2.418s] -- Found Threads: TRUE  
[2.419s] -- Found ament_lint_auto: 0.12.9 (/opt/ros/humble/share/ament_lint_auto/cmake)
[2.419s] -- Added test 'copyright' to check source files copyright and LICENSE
[2.419s] -- Added test 'cppcheck' to perform static code analysis on C / C++ code
[2.419s] -- Configured cppcheck include dirs: 
[2.419s] -- Configured cppcheck exclude dirs and/or files: 
[2.419s] -- Added test 'cpplint' to check C / C++ code against the Google style
[2.419s] -- Configured cpplint exclude dirs and/or files: 
[2.419s] -- Added test 'lint_cmake' to check CMake code style
[2.419s] -- Added test 'uncrustify' to check C / C++ code style
[2.419s] -- Configured uncrustify additional arguments: 
[2.419s] -- Added test 'xmllint' to check XML markup files
[2.419s] -- Configuring done
[2.419s] -- Generating done
[2.419s] -- Build files have been written to: /home/chris/rostut/build/examples_rclcpp_async_client
[2.453s] Invoked command in '/home/chris/rostut/build/examples_rclcpp_async_client' returned '0': CMAKE_PREFIX_PATH=/opt/ros/humble /usr/bin/cmake /home/chris/rostut/src/examples/rclcpp/services/async_client -DAMENT_CMAKE_SYMLINK_INSTALL=1 -DCMAKE_INSTALL_PREFIX=/home/chris/rostut/install/examples_rclcpp_async_client
[2.454s] Invoking command in '/home/chris/rostut/build/examples_rclcpp_async_client': CMAKE_PREFIX_PATH=/opt/ros/humble /usr/bin/cmake --build /home/chris/rostut/build/examples_rclcpp_async_client -- -j20 -l20
[2.476s] [ 50%] [32mBuilding CXX object CMakeFiles/client_main.dir/main.cpp.o[0m
[79.871s] [100%] [32m[1mLinking CXX executable client_main[0m
[80.370s] [100%] Built target client_main
[81.724s] Invoked command in '/home/chris/rostut/build/examples_rclcpp_async_client' returned '0': CMAKE_PREFIX_PATH=/opt/ros/humble /usr/bin/cmake --build /home/chris/rostut/build/examples_rclcpp_async_client -- -j20 -l20
[81.987s] Invoking command in '/home/chris/rostut/build/examples_rclcpp_async_client': CMAKE_PREFIX_PATH=/opt/ros/humble /usr/bin/cmake --install /home/chris/rostut/build/examples_rclcpp_async_client
[82.047s] -- Install configuration: ""
[82.047s] -- Execute custom install script
[82.047s] -- Symlinking: /home/chris/rostut/install/examples_rclcpp_async_client/lib/examples_rclcpp_async_client/client_main
[82.047s] -- Symlinking: /home/chris/rostut/install/examples_rclcpp_async_client/share/ament_index/resource_index/package_run_dependencies/examples_rclcpp_async_client
[82.069s] -- Symlinking: /home/chris/rostut/install/examples_rclcpp_async_client/share/ament_index/resource_index/parent_prefix_path/examples_rclcpp_async_client
[82.104s] -- Symlinking: /home/chris/rostut/install/examples_rclcpp_async_client/share/examples_rclcpp_async_client/environment/ament_prefix_path.sh
[82.164s] -- Symlinking: /home/chris/rostut/install/examples_rclcpp_async_client/share/examples_rclcpp_async_client/environment/ament_prefix_path.dsv
[82.167s] -- Symlinking: /home/chris/rostut/install/examples_rclcpp_async_client/share/examples_rclcpp_async_client/environment/path.sh
[82.187s] -- Symlinking: /home/chris/rostut/install/examples_rclcpp_async_client/share/examples_rclcpp_async_client/environment/path.dsv
[82.213s] -- Symlinking: /home/chris/rostut/install/examples_rclcpp_async_client/share/examples_rclcpp_async_client/local_setup.bash
[82.239s] -- Symlinking: /home/chris/rostut/install/examples_rclcpp_async_client/share/examples_rclcpp_async_client/local_setup.sh
[82.275s] -- Symlinking: /home/chris/rostut/install/examples_rclcpp_async_client/share/examples_rclcpp_async_client/local_setup.zsh
[82.291s] -- Symlinking: /home/chris/rostut/install/examples_rclcpp_async_client/share/examples_rclcpp_async_client/local_setup.dsv
[82.313s] -- Symlinking: /home/chris/rostut/install/examples_rclcpp_async_client/share/examples_rclcpp_async_client/package.dsv
[82.346s] -- Symlinking: /home/chris/rostut/install/examples_rclcpp_async_client/share/ament_index/resource_index/packages/examples_rclcpp_async_client
[82.376s] -- Symlinking: /home/chris/rostut/install/examples_rclcpp_async_client/share/examples_rclcpp_async_client/cmake/examples_rclcpp_async_clientConfig.cmake
[82.410s] -- Symlinking: /home/chris/rostut/install/examples_rclcpp_async_client/share/examples_rclcpp_async_client/cmake/examples_rclcpp_async_clientConfig-version.cmake
[82.443s] -- Symlinking: /home/chris/rostut/install/examples_rclcpp_async_client/share/examples_rclcpp_async_client/package.xml
