[2.310s] Invoking command in '/home/chris/rostut/build/examples_rclpy_minimal_action_client': PYTHONPATH=/home/chris/rostut/build/examples_rclpy_minimal_action_client/prefix_override:/home/chris/rostut/install/examples_rclpy_minimal_action_client/lib/python3.10/site-packages:${PYTHONPATH} /usr/bin/python3 setup.py develop --uninstall --editable --build-directory /home/chris/rostut/build/examples_rclpy_minimal_action_client/build
[2.669s] running develop
[2.670s] /usr/lib/python3/dist-packages/setuptools/command/easy_install.py:158: EasyInstallDeprecationWarning: easy_install command is deprecated. Use build and pip and other standards-based tools.
[2.670s]   warnings.warn(
[2.671s] /usr/lib/python3/dist-packages/setuptools/command/install.py:34: SetuptoolsDeprecationWarning: setup.py install is deprecated. Use build and pip and other standards-based tools.
[2.672s]   warnings.warn(
[2.910s] Removing /home/chris/rostut/install/examples_rclpy_minimal_action_client/lib/python3.10/site-packages/examples-rclpy-minimal-action-client.egg-link (link to .)
[3.478s] Invoked command in '/home/chris/rostut/build/examples_rclpy_minimal_action_client' returned '0': PYTHONPATH=/home/chris/rostut/build/examples_rclpy_minimal_action_client/prefix_override:/home/chris/rostut/install/examples_rclpy_minimal_action_client/lib/python3.10/site-packages:${PYTHONPATH} /usr/bin/python3 setup.py develop --uninstall --editable --build-directory /home/chris/rostut/build/examples_rclpy_minimal_action_client/build
[3.480s] Invoking command in '/home/chris/rostut/src/examples/rclpy/actions/minimal_action_client': PYTHONPATH=/home/chris/rostut/build/examples_rclpy_minimal_action_client/prefix_override:/home/chris/rostut/install/examples_rclpy_minimal_action_client/lib/python3.10/site-packages:${PYTHONPATH} /usr/bin/python3 setup.py egg_info --egg-base ../../../../../build/examples_rclpy_minimal_action_client build --build-base /home/chris/rostut/build/examples_rclpy_minimal_action_client/build install --record /home/chris/rostut/build/examples_rclpy_minimal_action_client/install.log --single-version-externally-managed
[3.812s] /usr/lib/python3/dist-packages/setuptools/command/install.py:34: SetuptoolsDeprecationWarning: setup.py install is deprecated. Use build and pip and other standards-based tools.
[3.812s]   warnings.warn(
[3.812s] running egg_info
[3.812s] writing ../../../../../build/examples_rclpy_minimal_action_client/examples_rclpy_minimal_action_client.egg-info/PKG-INFO
[3.812s] writing dependency_links to ../../../../../build/examples_rclpy_minimal_action_client/examples_rclpy_minimal_action_client.egg-info/dependency_links.txt
[3.813s] writing entry points to ../../../../../build/examples_rclpy_minimal_action_client/examples_rclpy_minimal_action_client.egg-info/entry_points.txt
[3.813s] writing requirements to ../../../../../build/examples_rclpy_minimal_action_client/examples_rclpy_minimal_action_client.egg-info/requires.txt
[3.813s] writing top-level names to ../../../../../build/examples_rclpy_minimal_action_client/examples_rclpy_minimal_action_client.egg-info/top_level.txt
[3.813s] reading manifest file '../../../../../build/examples_rclpy_minimal_action_client/examples_rclpy_minimal_action_client.egg-info/SOURCES.txt'
[3.813s] writing manifest file '../../../../../build/examples_rclpy_minimal_action_client/examples_rclpy_minimal_action_client.egg-info/SOURCES.txt'
[3.813s] running build
[3.813s] running build_py
[3.813s] creating /home/chris/rostut/build/examples_rclpy_minimal_action_client/build
[3.813s] creating /home/chris/rostut/build/examples_rclpy_minimal_action_client/build/lib
[3.814s] creating /home/chris/rostut/build/examples_rclpy_minimal_action_client/build/lib/examples_rclpy_minimal_action_client
[3.814s] copying examples_rclpy_minimal_action_client/client_cancel.py -> /home/chris/rostut/build/examples_rclpy_minimal_action_client/build/lib/examples_rclpy_minimal_action_client
[3.814s] copying examples_rclpy_minimal_action_client/client_asyncio.py -> /home/chris/rostut/build/examples_rclpy_minimal_action_client/build/lib/examples_rclpy_minimal_action_client
[3.814s] copying examples_rclpy_minimal_action_client/__init__.py -> /home/chris/rostut/build/examples_rclpy_minimal_action_client/build/lib/examples_rclpy_minimal_action_client
[3.814s] copying examples_rclpy_minimal_action_client/client.py -> /home/chris/rostut/build/examples_rclpy_minimal_action_client/build/lib/examples_rclpy_minimal_action_client
[3.814s] copying examples_rclpy_minimal_action_client/client_not_composable.py -> /home/chris/rostut/build/examples_rclpy_minimal_action_client/build/lib/examples_rclpy_minimal_action_client
[3.814s] running install
[3.815s] running install_lib
[3.815s] creating /home/chris/rostut/install/examples_rclpy_minimal_action_client/lib/python3.10/site-packages/examples_rclpy_minimal_action_client
[3.815s] copying /home/chris/rostut/build/examples_rclpy_minimal_action_client/build/lib/examples_rclpy_minimal_action_client/client_cancel.py -> /home/chris/rostut/install/examples_rclpy_minimal_action_client/lib/python3.10/site-packages/examples_rclpy_minimal_action_client
[3.815s] copying /home/chris/rostut/build/examples_rclpy_minimal_action_client/build/lib/examples_rclpy_minimal_action_client/client_asyncio.py -> /home/chris/rostut/install/examples_rclpy_minimal_action_client/lib/python3.10/site-packages/examples_rclpy_minimal_action_client
[3.815s] copying /home/chris/rostut/build/examples_rclpy_minimal_action_client/build/lib/examples_rclpy_minimal_action_client/__init__.py -> /home/chris/rostut/install/examples_rclpy_minimal_action_client/lib/python3.10/site-packages/examples_rclpy_minimal_action_client
[3.815s] copying /home/chris/rostut/build/examples_rclpy_minimal_action_client/build/lib/examples_rclpy_minimal_action_client/client.py -> /home/chris/rostut/install/examples_rclpy_minimal_action_client/lib/python3.10/site-packages/examples_rclpy_minimal_action_client
[3.816s] copying /home/chris/rostut/build/examples_rclpy_minimal_action_client/build/lib/examples_rclpy_minimal_action_client/client_not_composable.py -> /home/chris/rostut/install/examples_rclpy_minimal_action_client/lib/python3.10/site-packages/examples_rclpy_minimal_action_client
[3.816s] byte-compiling /home/chris/rostut/install/examples_rclpy_minimal_action_client/lib/python3.10/site-packages/examples_rclpy_minimal_action_client/client_cancel.py to client_cancel.cpython-310.pyc
[3.816s] byte-compiling /home/chris/rostut/install/examples_rclpy_minimal_action_client/lib/python3.10/site-packages/examples_rclpy_minimal_action_client/client_asyncio.py to client_asyncio.cpython-310.pyc
[3.816s] byte-compiling /home/chris/rostut/install/examples_rclpy_minimal_action_client/lib/python3.10/site-packages/examples_rclpy_minimal_action_client/__init__.py to __init__.cpython-310.pyc
[3.816s] byte-compiling /home/chris/rostut/install/examples_rclpy_minimal_action_client/lib/python3.10/site-packages/examples_rclpy_minimal_action_client/client.py to client.cpython-310.pyc
[3.816s] byte-compiling /home/chris/rostut/install/examples_rclpy_minimal_action_client/lib/python3.10/site-packages/examples_rclpy_minimal_action_client/client_not_composable.py to client_not_composable.cpython-310.pyc
[3.816s] running install_data
[3.816s] running install_egg_info
[3.816s] Copying ../../../../../build/examples_rclpy_minimal_action_client/examples_rclpy_minimal_action_client.egg-info to /home/chris/rostut/install/examples_rclpy_minimal_action_client/lib/python3.10/site-packages/examples_rclpy_minimal_action_client-0.15.1-py3.10.egg-info
[3.817s] running install_scripts
[3.817s] Installing client script to /home/chris/rostut/install/examples_rclpy_minimal_action_client/lib/examples_rclpy_minimal_action_client
[3.817s] Installing client_asyncio script to /home/chris/rostut/install/examples_rclpy_minimal_action_client/lib/examples_rclpy_minimal_action_client
[3.817s] Installing client_cancel script to /home/chris/rostut/install/examples_rclpy_minimal_action_client/lib/examples_rclpy_minimal_action_client
[3.817s] Installing client_not_composable script to /home/chris/rostut/install/examples_rclpy_minimal_action_client/lib/examples_rclpy_minimal_action_client
[3.817s] writing list of installed files to '/home/chris/rostut/build/examples_rclpy_minimal_action_client/install.log'
[4.059s] Invoked command in '/home/chris/rostut/src/examples/rclpy/actions/minimal_action_client' returned '0': PYTHONPATH=/home/chris/rostut/build/examples_rclpy_minimal_action_client/prefix_override:/home/chris/rostut/install/examples_rclpy_minimal_action_client/lib/python3.10/site-packages:${PYTHONPATH} /usr/bin/python3 setup.py egg_info --egg-base ../../../../../build/examples_rclpy_minimal_action_client build --build-base /home/chris/rostut/build/examples_rclpy_minimal_action_client/build install --record /home/chris/rostut/build/examples_rclpy_minimal_action_client/install.log --single-version-externally-managed
