[0.488s] Invoking command in '/home/chris/ros2_ws/build/examples_rclcpp_minimal_action_client': CMAKE_PREFIX_PATH=${CMAKE_PREFIX_PATH}:/home/chris/ros2_ws/src/install/examples_rclpy_minimal_action_server:/home/chris/ros2_ws/install/launch_testing_examples:/home/chris/ros2_ws/install/examples_rclpy_pointcloud_publisher:/home/chris/ros2_ws/install/examples_rclpy_minimal_subscriber:/home/chris/ros2_ws/install/examples_rclpy_minimal_service:/home/chris/ros2_ws/install/examples_rclpy_minimal_publisher:/home/chris/ros2_ws/install/examples_rclpy_minimal_client:/home/chris/ros2_ws/install/examples_rclpy_minimal_action_server:/home/chris/ros2_ws/install/examples_rclpy_minimal_action_client:/home/chris/ros2_ws/install/examples_rclpy_guard_conditions:/home/chris/ros2_ws/install/examples_rclpy_executors:/opt/ros/humble /usr/bin/cmake --build /home/chris/ros2_ws/build/examples_rclcpp_minimal_action_client -- -j20 -l20
[1.266s] [ 25%] Built target action_client_not_composable_with_feedback
[1.266s] [ 62%] Built target action_client_not_composable
[1.266s] [ 75%] Built target action_client_member_functions
[1.267s] [100%] Built target action_client_not_composable_with_cancel
[1.280s] Invoked command in '/home/chris/ros2_ws/build/examples_rclcpp_minimal_action_client' returned '0': CMAKE_PREFIX_PATH=${CMAKE_PREFIX_PATH}:/home/chris/ros2_ws/src/install/examples_rclpy_minimal_action_server:/home/chris/ros2_ws/install/launch_testing_examples:/home/chris/ros2_ws/install/examples_rclpy_pointcloud_publisher:/home/chris/ros2_ws/install/examples_rclpy_minimal_subscriber:/home/chris/ros2_ws/install/examples_rclpy_minimal_service:/home/chris/ros2_ws/install/examples_rclpy_minimal_publisher:/home/chris/ros2_ws/install/examples_rclpy_minimal_client:/home/chris/ros2_ws/install/examples_rclpy_minimal_action_server:/home/chris/ros2_ws/install/examples_rclpy_minimal_action_client:/home/chris/ros2_ws/install/examples_rclpy_guard_conditions:/home/chris/ros2_ws/install/examples_rclpy_executors:/opt/ros/humble /usr/bin/cmake --build /home/chris/ros2_ws/build/examples_rclcpp_minimal_action_client -- -j20 -l20
[1.380s] Invoking command in '/home/chris/ros2_ws/build/examples_rclcpp_minimal_action_client': CMAKE_PREFIX_PATH=${CMAKE_PREFIX_PATH}:/home/chris/ros2_ws/src/install/examples_rclpy_minimal_action_server:/home/chris/ros2_ws/install/launch_testing_examples:/home/chris/ros2_ws/install/examples_rclpy_pointcloud_publisher:/home/chris/ros2_ws/install/examples_rclpy_minimal_subscriber:/home/chris/ros2_ws/install/examples_rclpy_minimal_service:/home/chris/ros2_ws/install/examples_rclpy_minimal_publisher:/home/chris/ros2_ws/install/examples_rclpy_minimal_client:/home/chris/ros2_ws/install/examples_rclpy_minimal_action_server:/home/chris/ros2_ws/install/examples_rclpy_minimal_action_client:/home/chris/ros2_ws/install/examples_rclpy_guard_conditions:/home/chris/ros2_ws/install/examples_rclpy_executors:/opt/ros/humble /usr/bin/cmake --install /home/chris/ros2_ws/build/examples_rclcpp_minimal_action_client
[1.424s] -- Install configuration: ""
[1.425s] -- Execute custom install script
[1.426s] -- Up-to-date symlink: /home/chris/ros2_ws/install/examples_rclcpp_minimal_action_client/lib/examples_rclcpp_minimal_action_client/action_client_member_functions
[1.427s] -- Up-to-date symlink: /home/chris/ros2_ws/install/examples_rclcpp_minimal_action_client/lib/examples_rclcpp_minimal_action_client/action_client_not_composable
[1.427s] -- Up-to-date symlink: /home/chris/ros2_ws/install/examples_rclcpp_minimal_action_client/lib/examples_rclcpp_minimal_action_client/action_client_not_composable_with_cancel
[1.428s] -- Up-to-date symlink: /home/chris/ros2_ws/install/examples_rclcpp_minimal_action_client/lib/examples_rclcpp_minimal_action_client/action_client_not_composable_with_feedback
[1.428s] -- Up-to-date symlink: /home/chris/ros2_ws/install/examples_rclcpp_minimal_action_client/share/ament_index/resource_index/package_run_dependencies/examples_rclcpp_minimal_action_client
[1.428s] -- Up-to-date symlink: /home/chris/ros2_ws/install/examples_rclcpp_minimal_action_client/share/ament_index/resource_index/parent_prefix_path/examples_rclcpp_minimal_action_client
[1.428s] -- Up-to-date symlink: /home/chris/ros2_ws/install/examples_rclcpp_minimal_action_client/share/examples_rclcpp_minimal_action_client/environment/ament_prefix_path.sh
[1.428s] -- Up-to-date symlink: /home/chris/ros2_ws/install/examples_rclcpp_minimal_action_client/share/examples_rclcpp_minimal_action_client/environment/ament_prefix_path.dsv
[1.429s] -- Up-to-date symlink: /home/chris/ros2_ws/install/examples_rclcpp_minimal_action_client/share/examples_rclcpp_minimal_action_client/environment/path.sh
[1.429s] -- Up-to-date symlink: /home/chris/ros2_ws/install/examples_rclcpp_minimal_action_client/share/examples_rclcpp_minimal_action_client/environment/path.dsv
[1.429s] -- Up-to-date symlink: /home/chris/ros2_ws/install/examples_rclcpp_minimal_action_client/share/examples_rclcpp_minimal_action_client/local_setup.bash
[1.429s] -- Up-to-date symlink: /home/chris/ros2_ws/install/examples_rclcpp_minimal_action_client/share/examples_rclcpp_minimal_action_client/local_setup.sh
[1.429s] -- Up-to-date symlink: /home/chris/ros2_ws/install/examples_rclcpp_minimal_action_client/share/examples_rclcpp_minimal_action_client/local_setup.zsh
[1.429s] -- Up-to-date symlink: /home/chris/ros2_ws/install/examples_rclcpp_minimal_action_client/share/examples_rclcpp_minimal_action_client/local_setup.dsv
[1.430s] -- Up-to-date symlink: /home/chris/ros2_ws/install/examples_rclcpp_minimal_action_client/share/examples_rclcpp_minimal_action_client/package.dsv
[1.430s] -- Up-to-date symlink: /home/chris/ros2_ws/install/examples_rclcpp_minimal_action_client/share/ament_index/resource_index/packages/examples_rclcpp_minimal_action_client
[1.430s] -- Up-to-date symlink: /home/chris/ros2_ws/install/examples_rclcpp_minimal_action_client/share/examples_rclcpp_minimal_action_client/cmake/examples_rclcpp_minimal_action_clientConfig.cmake
[1.430s] -- Up-to-date symlink: /home/chris/ros2_ws/install/examples_rclcpp_minimal_action_client/share/examples_rclcpp_minimal_action_client/cmake/examples_rclcpp_minimal_action_clientConfig-version.cmake
[1.430s] -- Up-to-date symlink: /home/chris/ros2_ws/install/examples_rclcpp_minimal_action_client/share/examples_rclcpp_minimal_action_client/package.xml
[1.678s] Invoked command in '/home/chris/ros2_ws/build/examples_rclcpp_minimal_action_client' returned '0': CMAKE_PREFIX_PATH=${CMAKE_PREFIX_PATH}:/home/chris/ros2_ws/src/install/examples_rclpy_minimal_action_server:/home/chris/ros2_ws/install/launch_testing_examples:/home/chris/ros2_ws/install/examples_rclpy_pointcloud_publisher:/home/chris/ros2_ws/install/examples_rclpy_minimal_subscriber:/home/chris/ros2_ws/install/examples_rclpy_minimal_service:/home/chris/ros2_ws/install/examples_rclpy_minimal_publisher:/home/chris/ros2_ws/install/examples_rclpy_minimal_client:/home/chris/ros2_ws/install/examples_rclpy_minimal_action_server:/home/chris/ros2_ws/install/examples_rclpy_minimal_action_client:/home/chris/ros2_ws/install/examples_rclpy_guard_conditions:/home/chris/ros2_ws/install/examples_rclpy_executors:/opt/ros/humble /usr/bin/cmake --install /home/chris/ros2_ws/build/examples_rclcpp_minimal_action_client
