[3.494s] Invoking command in '/home/chris/ros2_ws/build/examples_rclpy_minimal_publisher': PYTHONPATH=/home/chris/ros2_ws/build/examples_rclpy_minimal_publisher/prefix_override:/home/chris/ros2_ws/install/examples_rclpy_minimal_publisher/lib/python3.10/site-packages:${PYTHONPATH} /usr/bin/python3 setup.py develop --editable --build-directory /home/chris/ros2_ws/build/examples_rclpy_minimal_publisher/build --no-deps install_data
[3.852s] running develop
[3.853s] /usr/lib/python3/dist-packages/setuptools/command/easy_install.py:158: EasyInstallDeprecationWarning: easy_install command is deprecated. Use build and pip and other standards-based tools.
[3.853s]   warnings.warn(
[3.855s] /usr/lib/python3/dist-packages/setuptools/command/install.py:34: SetuptoolsDeprecationWarning: setup.py install is deprecated. Use build and pip and other standards-based tools.
[3.855s]   warnings.warn(
[4.076s] running egg_info
[4.076s] writing examples_rclpy_minimal_publisher.egg-info/PKG-INFO
[4.076s] writing dependency_links to examples_rclpy_minimal_publisher.egg-info/dependency_links.txt
[4.077s] writing entry points to examples_rclpy_minimal_publisher.egg-info/entry_points.txt
[4.077s] writing requirements to examples_rclpy_minimal_publisher.egg-info/requires.txt
[4.077s] writing top-level names to examples_rclpy_minimal_publisher.egg-info/top_level.txt
[4.079s] reading manifest file 'examples_rclpy_minimal_publisher.egg-info/SOURCES.txt'
[4.081s] writing manifest file 'examples_rclpy_minimal_publisher.egg-info/SOURCES.txt'
[4.082s] running build_ext
[4.083s] Creating /home/chris/ros2_ws/install/examples_rclpy_minimal_publisher/lib/python3.10/site-packages/examples-rclpy-minimal-publisher.egg-link (link to .)
[4.084s] Installing publisher_local_function script to /home/chris/ros2_ws/install/examples_rclpy_minimal_publisher/lib/examples_rclpy_minimal_publisher
[4.085s] Installing publisher_member_function script to /home/chris/ros2_ws/install/examples_rclpy_minimal_publisher/lib/examples_rclpy_minimal_publisher
[4.085s] Installing publisher_old_school script to /home/chris/ros2_ws/install/examples_rclpy_minimal_publisher/lib/examples_rclpy_minimal_publisher
[4.085s] 
[4.085s] Installed /home/chris/ros2_ws/build/examples_rclpy_minimal_publisher
[4.085s] running install_data
[4.741s] Invoked command in '/home/chris/ros2_ws/build/examples_rclpy_minimal_publisher' returned '0': PYTHONPATH=/home/chris/ros2_ws/build/examples_rclpy_minimal_publisher/prefix_override:/home/chris/ros2_ws/install/examples_rclpy_minimal_publisher/lib/python3.10/site-packages:${PYTHONPATH} /usr/bin/python3 setup.py develop --editable --build-directory /home/chris/ros2_ws/build/examples_rclpy_minimal_publisher/build --no-deps install_data
