[0.251s] Invoking command in '/home/chris/rostut/build/examples_rclcpp_wait_set': CMAKE_PREFIX_PATH=${CMAKE_PREFIX_PATH}:/home/chris/rostut/install/launch_testing_examples:/home/chris/rostut/install/examples_rclpy_pointcloud_publisher:/home/chris/rostut/install/examples_rclpy_minimal_subscriber:/home/chris/rostut/install/examples_rclpy_minimal_service:/home/chris/rostut/install/examples_rclpy_minimal_publisher:/home/chris/rostut/install/examples_rclpy_minimal_client:/home/chris/rostut/install/examples_rclpy_minimal_action_server:/home/chris/rostut/install/examples_rclpy_minimal_action_client:/home/chris/rostut/install/examples_rclpy_guard_conditions:/home/chris/rostut/install/examples_rclpy_executors:/opt/ros/humble /usr/bin/cmake --build /home/chris/rostut/build/examples_rclcpp_wait_set -- -j20 -l20
[0.799s] [  8%] Built target listener
[0.799s] [ 16%] Built target static_wait_set
[0.799s] [ 25%] Built target talker
[0.799s] [ 33%] Built target wait_set_talker
[0.799s] [ 50%] Built target wait_set_topics_and_timer
[0.799s] [ 50%] Built target wait_set
[0.799s] [ 58%] Built target wait_set_listener
[0.799s] [ 66%] Built target executor_random_order
[0.799s] [ 75%] Built target thread_safe_wait_set
[0.799s] [ 83%] Built target wait_set_random_order
[0.800s] [ 91%] Built target wait_set_topics_with_different_rates
[0.800s] [100%] Built target wait_set_composed
[0.815s] Invoked command in '/home/chris/rostut/build/examples_rclcpp_wait_set' returned '0': CMAKE_PREFIX_PATH=${CMAKE_PREFIX_PATH}:/home/chris/rostut/install/launch_testing_examples:/home/chris/rostut/install/examples_rclpy_pointcloud_publisher:/home/chris/rostut/install/examples_rclpy_minimal_subscriber:/home/chris/rostut/install/examples_rclpy_minimal_service:/home/chris/rostut/install/examples_rclpy_minimal_publisher:/home/chris/rostut/install/examples_rclpy_minimal_client:/home/chris/rostut/install/examples_rclpy_minimal_action_server:/home/chris/rostut/install/examples_rclpy_minimal_action_client:/home/chris/rostut/install/examples_rclpy_guard_conditions:/home/chris/rostut/install/examples_rclpy_executors:/opt/ros/humble /usr/bin/cmake --build /home/chris/rostut/build/examples_rclcpp_wait_set -- -j20 -l20
[1.163s] Invoking command in '/home/chris/rostut/build/examples_rclcpp_wait_set': CMAKE_PREFIX_PATH=${CMAKE_PREFIX_PATH}:/home/chris/rostut/install/launch_testing_examples:/home/chris/rostut/install/examples_rclpy_pointcloud_publisher:/home/chris/rostut/install/examples_rclpy_minimal_subscriber:/home/chris/rostut/install/examples_rclpy_minimal_service:/home/chris/rostut/install/examples_rclpy_minimal_publisher:/home/chris/rostut/install/examples_rclpy_minimal_client:/home/chris/rostut/install/examples_rclpy_minimal_action_server:/home/chris/rostut/install/examples_rclpy_minimal_action_client:/home/chris/rostut/install/examples_rclpy_guard_conditions:/home/chris/rostut/install/examples_rclpy_executors:/opt/ros/humble /usr/bin/cmake --install /home/chris/rostut/build/examples_rclcpp_wait_set
[1.229s] -- Install configuration: ""
[1.229s] -- Execute custom install script
[1.229s] -- Up-to-date symlink: /home/chris/rostut/install/examples_rclcpp_wait_set/lib/examples_rclcpp_wait_set/wait_set_talker
[1.229s] -- Up-to-date symlink: /home/chris/rostut/install/examples_rclcpp_wait_set/lib/examples_rclcpp_wait_set/wait_set_listener
[1.229s] -- Up-to-date symlink: /home/chris/rostut/install/examples_rclcpp_wait_set/lib/libtalker.so
[1.229s] -- Up-to-date symlink: /home/chris/rostut/install/examples_rclcpp_wait_set/lib/liblistener.so
[1.229s] -- Up-to-date symlink: /home/chris/rostut/install/examples_rclcpp_wait_set/lib/examples_rclcpp_wait_set/wait_set
[1.229s] -- Up-to-date symlink: /home/chris/rostut/install/examples_rclcpp_wait_set/lib/examples_rclcpp_wait_set/static_wait_set
[1.229s] -- Up-to-date symlink: /home/chris/rostut/install/examples_rclcpp_wait_set/lib/examples_rclcpp_wait_set/thread_safe_wait_set
[1.229s] -- Up-to-date symlink: /home/chris/rostut/install/examples_rclcpp_wait_set/lib/examples_rclcpp_wait_set/wait_set_topics_and_timer
[1.229s] -- Up-to-date symlink: /home/chris/rostut/install/examples_rclcpp_wait_set/lib/examples_rclcpp_wait_set/wait_set_random_order
[1.229s] -- Up-to-date symlink: /home/chris/rostut/install/examples_rclcpp_wait_set/lib/examples_rclcpp_wait_set/executor_random_order
[1.229s] -- Up-to-date symlink: /home/chris/rostut/install/examples_rclcpp_wait_set/lib/examples_rclcpp_wait_set/wait_set_topics_with_different_rates
[1.229s] -- Up-to-date symlink: /home/chris/rostut/install/examples_rclcpp_wait_set/lib/examples_rclcpp_wait_set/wait_set_composed
[1.229s] -- Up-to-date symlink: /home/chris/rostut/install/examples_rclcpp_wait_set/share/ament_index/resource_index/package_run_dependencies/examples_rclcpp_wait_set
[1.229s] -- Up-to-date symlink: /home/chris/rostut/install/examples_rclcpp_wait_set/share/ament_index/resource_index/parent_prefix_path/examples_rclcpp_wait_set
[1.229s] -- Up-to-date symlink: /home/chris/rostut/install/examples_rclcpp_wait_set/share/examples_rclcpp_wait_set/environment/ament_prefix_path.sh
[1.229s] -- Up-to-date symlink: /home/chris/rostut/install/examples_rclcpp_wait_set/share/examples_rclcpp_wait_set/environment/ament_prefix_path.dsv
[1.229s] -- Up-to-date symlink: /home/chris/rostut/install/examples_rclcpp_wait_set/share/examples_rclcpp_wait_set/environment/path.sh
[1.230s] -- Up-to-date symlink: /home/chris/rostut/install/examples_rclcpp_wait_set/share/examples_rclcpp_wait_set/environment/path.dsv
[1.230s] -- Up-to-date symlink: /home/chris/rostut/install/examples_rclcpp_wait_set/share/examples_rclcpp_wait_set/local_setup.bash
[1.230s] -- Up-to-date symlink: /home/chris/rostut/install/examples_rclcpp_wait_set/share/examples_rclcpp_wait_set/local_setup.sh
[1.230s] -- Up-to-date symlink: /home/chris/rostut/install/examples_rclcpp_wait_set/share/examples_rclcpp_wait_set/local_setup.zsh
[1.230s] -- Up-to-date symlink: /home/chris/rostut/install/examples_rclcpp_wait_set/share/examples_rclcpp_wait_set/local_setup.dsv
[1.230s] -- Symlinking: /home/chris/rostut/install/examples_rclcpp_wait_set/share/examples_rclcpp_wait_set/package.dsv
[1.230s] -- Up-to-date symlink: /home/chris/rostut/install/examples_rclcpp_wait_set/share/ament_index/resource_index/packages/examples_rclcpp_wait_set
[1.230s] -- Up-to-date symlink: /home/chris/rostut/install/examples_rclcpp_wait_set/share/ament_index/resource_index/rclcpp_components/examples_rclcpp_wait_set
[1.230s] -- Up-to-date symlink: /home/chris/rostut/install/examples_rclcpp_wait_set/share/examples_rclcpp_wait_set/cmake/examples_rclcpp_wait_setConfig.cmake
[1.230s] -- Up-to-date symlink: /home/chris/rostut/install/examples_rclcpp_wait_set/share/examples_rclcpp_wait_set/cmake/examples_rclcpp_wait_setConfig-version.cmake
[1.230s] -- Up-to-date symlink: /home/chris/rostut/install/examples_rclcpp_wait_set/share/examples_rclcpp_wait_set/package.xml
[1.400s] Invoked command in '/home/chris/rostut/build/examples_rclcpp_wait_set' returned '0': CMAKE_PREFIX_PATH=${CMAKE_PREFIX_PATH}:/home/chris/rostut/install/launch_testing_examples:/home/chris/rostut/install/examples_rclpy_pointcloud_publisher:/home/chris/rostut/install/examples_rclpy_minimal_subscriber:/home/chris/rostut/install/examples_rclpy_minimal_service:/home/chris/rostut/install/examples_rclpy_minimal_publisher:/home/chris/rostut/install/examples_rclpy_minimal_client:/home/chris/rostut/install/examples_rclpy_minimal_action_server:/home/chris/rostut/install/examples_rclpy_minimal_action_client:/home/chris/rostut/install/examples_rclpy_guard_conditions:/home/chris/rostut/install/examples_rclpy_executors:/opt/ros/humble /usr/bin/cmake --install /home/chris/rostut/build/examples_rclcpp_wait_set
