[2.458s] Invoking command in '/home/chris/ros2_ws/build/examples_rclpy_minimal_action_client': PYTHONPATH=/home/chris/ros2_ws/build/examples_rclpy_minimal_action_client/prefix_override:/home/chris/ros2_ws/install/examples_rclpy_minimal_action_client/lib/python3.10/site-packages:${PYTHONPATH} /usr/bin/python3 setup.py develop --editable --build-directory /home/chris/ros2_ws/build/examples_rclpy_minimal_action_client/build --no-deps install_data
[21.950s] running develop
[22.063s] running egg_info
[22.070s] creating examples_rclpy_minimal_action_client.egg-info
[22.070s] writing examples_rclpy_minimal_action_client.egg-info/PKG-INFO
[22.070s] writing dependency_links to examples_rclpy_minimal_action_client.egg-info/dependency_links.txt
[22.071s] writing entry points to examples_rclpy_minimal_action_client.egg-info/entry_points.txt
[22.071s] writing requirements to examples_rclpy_minimal_action_client.egg-info/requires.txt
[22.071s] writing top-level names to examples_rclpy_minimal_action_client.egg-info/top_level.txt
[22.071s] writing manifest file 'examples_rclpy_minimal_action_client.egg-info/SOURCES.txt'
[22.071s] reading manifest file 'examples_rclpy_minimal_action_client.egg-info/SOURCES.txt'
[22.071s] writing manifest file 'examples_rclpy_minimal_action_client.egg-info/SOURCES.txt'
[22.071s] running build_ext
[22.072s] Creating /home/chris/ros2_ws/install/examples_rclpy_minimal_action_client/lib/python3.10/site-packages/examples-rclpy-minimal-action-client.egg-link (link to .)
[22.088s] Installing client script to /home/chris/ros2_ws/install/examples_rclpy_minimal_action_client/lib/examples_rclpy_minimal_action_client
[22.088s] Installing client_asyncio script to /home/chris/ros2_ws/install/examples_rclpy_minimal_action_client/lib/examples_rclpy_minimal_action_client
[22.088s] Installing client_cancel script to /home/chris/ros2_ws/install/examples_rclpy_minimal_action_client/lib/examples_rclpy_minimal_action_client
[22.088s] Installing client_not_composable script to /home/chris/ros2_ws/install/examples_rclpy_minimal_action_client/lib/examples_rclpy_minimal_action_client
[22.088s] 
[22.088s] Installed /home/chris/ros2_ws/build/examples_rclpy_minimal_action_client
[22.088s] running install_data
[22.088s] creating /home/chris/ros2_ws/install/examples_rclpy_minimal_action_client/share/ament_index
[22.088s] creating /home/chris/ros2_ws/install/examples_rclpy_minimal_action_client/share/ament_index/resource_index
[22.088s] creating /home/chris/ros2_ws/install/examples_rclpy_minimal_action_client/share/ament_index/resource_index/packages
[22.088s] copying resource/examples_rclpy_minimal_action_client -> /home/chris/ros2_ws/install/examples_rclpy_minimal_action_client/share/ament_index/resource_index/packages
[22.088s] copying package.xml -> /home/chris/ros2_ws/install/examples_rclpy_minimal_action_client/share/examples_rclpy_minimal_action_client
[22.088s] /usr/lib/python3/dist-packages/setuptools/command/easy_install.py:158: EasyInstallDeprecationWarning: easy_install command is deprecated. Use build and pip and other standards-based tools.
[22.088s]   warnings.warn(
[22.089s] /usr/lib/python3/dist-packages/setuptools/command/install.py:34: SetuptoolsDeprecationWarning: setup.py install is deprecated. Use build and pip and other standards-based tools.
[22.089s]   warnings.warn(
[32.833s] Invoked command in '/home/chris/ros2_ws/build/examples_rclpy_minimal_action_client' returned '0': PYTHONPATH=/home/chris/ros2_ws/build/examples_rclpy_minimal_action_client/prefix_override:/home/chris/ros2_ws/install/examples_rclpy_minimal_action_client/lib/python3.10/site-packages:${PYTHONPATH} /usr/bin/python3 setup.py develop --editable --build-directory /home/chris/ros2_ws/build/examples_rclpy_minimal_action_client/build --no-deps install_data
