[0.319s] Invoking command in '/home/chris/ros2_ws/build/demo_nodes_cpp_native': CMAKE_PREFIX_PATH=${CMAKE_PREFIX_PATH}:/home/chris/ros2_ws/src/install/examples_rclpy_minimal_action_server:/home/chris/ros2_ws/install/launch_testing_examples:/home/chris/ros2_ws/install/examples_rclpy_pointcloud_publisher:/home/chris/ros2_ws/install/examples_rclpy_minimal_subscriber:/home/chris/ros2_ws/install/examples_rclpy_minimal_service:/home/chris/ros2_ws/install/examples_rclpy_minimal_publisher:/home/chris/ros2_ws/install/examples_rclpy_minimal_client:/home/chris/ros2_ws/install/examples_rclpy_minimal_action_server:/home/chris/ros2_ws/install/examples_rclpy_minimal_action_client:/home/chris/ros2_ws/install/examples_rclpy_guard_conditions:/home/chris/ros2_ws/install/examples_rclpy_executors:/opt/ros/humble /usr/bin/cmake /home/chris/ros2_ws/src/demos/demo_nodes_cpp_native -DCMAKE_INSTALL_PREFIX=/home/chris/ros2_ws/install/demo_nodes_cpp_native
[1.106s] -- The C compiler identification is GNU 11.4.0
[1.106s] -- The CXX compiler identification is GNU 11.4.0
[1.106s] -- Detecting C compiler ABI info
[1.106s] -- Detecting C compiler ABI info - done
[1.106s] -- Check for working C compiler: /usr/bin/cc - skipped
[1.106s] -- Detecting C compile features
[1.106s] -- Detecting C compile features - done
[1.107s] -- Detecting CXX compiler ABI info
[1.107s] -- Detecting CXX compiler ABI info - done
[1.107s] -- Check for working CXX compiler: /usr/bin/c++ - skipped
[1.107s] -- Detecting CXX compile features
[1.107s] -- Detecting CXX compile features - done
[1.107s] -- Found Python3: /usr/bin/python3.10 (found version "3.10.12") found components: Interpreter 
[1.107s] -- Found rosidl_generator_c: 3.1.5 (/opt/ros/humble/share/rosidl_generator_c/cmake)
[1.107s] -- Found rosidl_adapter: 3.1.5 (/opt/ros/humble/share/rosidl_adapter/cmake)
[1.108s] -- Found rosidl_generator_cpp: 3.1.5 (/opt/ros/humble/share/rosidl_generator_cpp/cmake)
[1.109s] -- Using all available rosidl_typesupport_c: rosidl_typesupport_fastrtps_c;rosidl_typesupport_introspection_c
[1.109s] -- Using all available rosidl_typesupport_cpp: rosidl_typesupport_fastrtps_cpp;rosidl_typesupport_introspection_cpp
[1.109s] -- Found OpenSSL: /usr/lib/x86_64-linux-gnu/libcrypto.so (found version "3.0.2")  
[1.109s] -- Found FastRTPS: /opt/ros/humble/include  
[1.109s] -- Found rclcpp: 16.0.7 (/opt/ros/humble/share/rclcpp/cmake)
[1.189s] -- Found rmw_implementation_cmake: 6.1.1 (/opt/ros/humble/share/rmw_implementation_cmake/cmake)
[1.194s] -- Using RMW implementation 'rmw_fastrtps_cpp' as default
[1.215s] -- Looking for pthread.h
[1.287s] -- Looking for pthread.h - found
[1.287s] -- Performing Test CMAKE_HAVE_LIBC_PTHREAD
[1.361s] -- Performing Test CMAKE_HAVE_LIBC_PTHREAD - Success
[1.363s] -- Found Threads: TRUE  
[1.598s] -- Found rclcpp_components: 16.0.7 (/opt/ros/humble/share/rclcpp_components/cmake)
[1.739s] -- Found ament_lint_auto: 0.12.9 (/opt/ros/humble/share/ament_lint_auto/cmake)
[1.847s] -- Found python_cmake_module: 0.10.0 (/opt/ros/humble/share/python_cmake_module/cmake)
[1.866s] -- Found PythonInterp: /usr/bin/python3 (found suitable version "3.10.12", minimum required is "3.6") 
[1.872s] -- Found PythonLibs: /usr/lib/x86_64-linux-gnu/libpython3.10.so (found suitable version "3.10.12", minimum required is "3.5") 
[1.873s] -- Using PYTHON_EXECUTABLE: /usr/bin/python3
[1.873s] -- Using PYTHON_INCLUDE_DIRS: /usr/include/python3.10
[1.873s] -- Using PYTHON_LIBRARIES: /usr/lib/x86_64-linux-gnu/libpython3.10.so
[1.893s] -- Found PythonExtra: .so  
[1.912s] -- Added test 'copyright' to check source files copyright and LICENSE
[1.913s] -- Added test 'cppcheck' to perform static code analysis on C / C++ code
[1.914s] -- Configured cppcheck include dirs: /home/chris/ros2_ws/src/demos/demo_nodes_cpp_native/include
[1.914s] -- Configured cppcheck exclude dirs and/or files: 
[1.915s] -- Added test 'cpplint' to check C / C++ code against the Google style
[1.915s] -- Configured cpplint exclude dirs and/or files: 
[1.916s] -- Added test 'lint_cmake' to check CMake code style
[1.917s] -- Added test 'uncrustify' to check C / C++ code style
[1.917s] -- Configured uncrustify additional arguments: 
[1.918s] -- Added test 'xmllint' to check XML markup files
[1.919s] -- Configuring done
[1.928s] -- Generating done
[1.929s] -- Build files have been written to: /home/chris/ros2_ws/build/demo_nodes_cpp_native
