[0.034s] Invoking command in '/home/chris/rostut/build/cpp_srvcli': CMAKE_PREFIX_PATH=${CMAKE_PREFIX_PATH}:/home/chris/rostut/install/launch_testing_examples:/home/chris/rostut/install/examples_rclpy_pointcloud_publisher:/home/chris/rostut/install/examples_rclpy_minimal_subscriber:/home/chris/rostut/install/examples_rclpy_minimal_service:/home/chris/rostut/install/examples_rclpy_minimal_publisher:/home/chris/rostut/install/examples_rclpy_minimal_client:/home/chris/rostut/install/examples_rclpy_minimal_action_server:/home/chris/rostut/install/examples_rclpy_minimal_action_client:/home/chris/rostut/install/examples_rclpy_guard_conditions:/home/chris/rostut/install/examples_rclpy_executors:/opt/ros/humble /usr/bin/cmake /home/chris/rostut/src/cpp_srvcli -DCMAKE_INSTALL_PREFIX=/home/chris/rostut/install/cpp_srvcli
[0.063s] -- The C compiler identification is GNU 11.4.0
[0.092s] -- The CXX compiler identification is GNU 11.4.0
[0.096s] -- Detecting C compiler ABI info
[0.133s] -- Detecting C compiler ABI info - done
[0.137s] -- Check for working C compiler: /usr/bin/cc - skipped
[0.137s] -- Detecting C compile features
[0.137s] -- Detecting C compile features - done
[0.139s] -- Detecting CXX compiler ABI info
[0.180s] -- Detecting CXX compiler ABI info - done
[0.184s] -- Check for working CXX compiler: /usr/bin/c++ - skipped
[0.184s] -- Detecting CXX compile features
[0.184s] -- Detecting CXX compile features - done
[0.186s] -- Found ament_cmake: 1.3.6 (/opt/ros/humble/share/ament_cmake/cmake)
[0.297s] -- Found Python3: /usr/bin/python3.10 (found version "3.10.12") found components: Interpreter 
[0.357s] -- Found rclcpp: 16.0.7 (/opt/ros/humble/share/rclcpp/cmake)
[0.387s] -- Found rosidl_generator_c: 3.1.5 (/opt/ros/humble/share/rosidl_generator_c/cmake)
[0.390s] -- Found rosidl_adapter: 3.1.5 (/opt/ros/humble/share/rosidl_adapter/cmake)
[0.396s] -- Found rosidl_generator_cpp: 3.1.5 (/opt/ros/humble/share/rosidl_generator_cpp/cmake)
[0.405s] -- Using all available rosidl_typesupport_c: rosidl_typesupport_fastrtps_c;rosidl_typesupport_introspection_c
[0.417s] -- Using all available rosidl_typesupport_cpp: rosidl_typesupport_fastrtps_cpp;rosidl_typesupport_introspection_cpp
[0.461s] -- Found rmw_implementation_cmake: 6.1.1 (/opt/ros/humble/share/rmw_implementation_cmake/cmake)
[0.463s] -- Found rmw_fastrtps_cpp: 6.2.5 (/opt/ros/humble/share/rmw_fastrtps_cpp/cmake)
[0.516s] -- Found OpenSSL: /usr/lib/x86_64-linux-gnu/libcrypto.so (found version "3.0.2")  
[0.532s] -- Found FastRTPS: /opt/ros/humble/include  
[0.557s] -- Using RMW implementation 'rmw_fastrtps_cpp' as default
[0.564s] -- Looking for pthread.h
[0.600s] -- Looking for pthread.h - found
[0.600s] -- Performing Test CMAKE_HAVE_LIBC_PTHREAD
[0.637s] -- Performing Test CMAKE_HAVE_LIBC_PTHREAD - Success
[0.638s] -- Found Threads: TRUE  
[0.726s] -- Found example_interfaces: 0.9.3 (/opt/ros/humble/share/example_interfaces/cmake)
[0.805s] -- Found ament_lint_auto: 0.12.9 (/opt/ros/humble/share/ament_lint_auto/cmake)
[0.855s] -- Added test 'cppcheck' to perform static code analysis on C / C++ code
[0.855s] -- Configured cppcheck include dirs: 
[0.855s] -- Configured cppcheck exclude dirs and/or files: 
[0.856s] -- Added test 'lint_cmake' to check CMake code style
[0.856s] -- Added test 'uncrustify' to check C / C++ code style
[0.856s] -- Configured uncrustify additional arguments: 
[0.856s] -- Added test 'xmllint' to check XML markup files
[0.857s] -- Configuring done
[0.863s] -- Generating done
[0.864s] -- Build files have been written to: /home/chris/rostut/build/cpp_srvcli
[0.869s] Invoked command in '/home/chris/rostut/build/cpp_srvcli' returned '0': CMAKE_PREFIX_PATH=${CMAKE_PREFIX_PATH}:/home/chris/rostut/install/launch_testing_examples:/home/chris/rostut/install/examples_rclpy_pointcloud_publisher:/home/chris/rostut/install/examples_rclpy_minimal_subscriber:/home/chris/rostut/install/examples_rclpy_minimal_service:/home/chris/rostut/install/examples_rclpy_minimal_publisher:/home/chris/rostut/install/examples_rclpy_minimal_client:/home/chris/rostut/install/examples_rclpy_minimal_action_server:/home/chris/rostut/install/examples_rclpy_minimal_action_client:/home/chris/rostut/install/examples_rclpy_guard_conditions:/home/chris/rostut/install/examples_rclpy_executors:/opt/ros/humble /usr/bin/cmake /home/chris/rostut/src/cpp_srvcli -DCMAKE_INSTALL_PREFIX=/home/chris/rostut/install/cpp_srvcli
[0.870s] Invoking command in '/home/chris/rostut/build/cpp_srvcli': CMAKE_PREFIX_PATH=${CMAKE_PREFIX_PATH}:/home/chris/rostut/install/launch_testing_examples:/home/chris/rostut/install/examples_rclpy_pointcloud_publisher:/home/chris/rostut/install/examples_rclpy_minimal_subscriber:/home/chris/rostut/install/examples_rclpy_minimal_service:/home/chris/rostut/install/examples_rclpy_minimal_publisher:/home/chris/rostut/install/examples_rclpy_minimal_client:/home/chris/rostut/install/examples_rclpy_minimal_action_server:/home/chris/rostut/install/examples_rclpy_minimal_action_client:/home/chris/rostut/install/examples_rclpy_guard_conditions:/home/chris/rostut/install/examples_rclpy_executors:/opt/ros/humble /usr/bin/cmake --build /home/chris/rostut/build/cpp_srvcli -- -j20 -l20
[0.894s] [ 50%] [32mBuilding CXX object CMakeFiles/client.dir/src/add_two_ints_client.cpp.o[0m
[0.894s] [ 50%] [32mBuilding CXX object CMakeFiles/server.dir/src/add_two_ints_server.cpp.o[0m
[2.539s] [ 75%] [32m[1mLinking CXX executable server[0m
[2.614s] [ 75%] Built target server
[2.657s] [100%] [32m[1mLinking CXX executable client[0m
[2.736s] [100%] Built target client
[2.746s] Invoked command in '/home/chris/rostut/build/cpp_srvcli' returned '0': CMAKE_PREFIX_PATH=${CMAKE_PREFIX_PATH}:/home/chris/rostut/install/launch_testing_examples:/home/chris/rostut/install/examples_rclpy_pointcloud_publisher:/home/chris/rostut/install/examples_rclpy_minimal_subscriber:/home/chris/rostut/install/examples_rclpy_minimal_service:/home/chris/rostut/install/examples_rclpy_minimal_publisher:/home/chris/rostut/install/examples_rclpy_minimal_client:/home/chris/rostut/install/examples_rclpy_minimal_action_server:/home/chris/rostut/install/examples_rclpy_minimal_action_client:/home/chris/rostut/install/examples_rclpy_guard_conditions:/home/chris/rostut/install/examples_rclpy_executors:/opt/ros/humble /usr/bin/cmake --build /home/chris/rostut/build/cpp_srvcli -- -j20 -l20
[2.765s] Invoking command in '/home/chris/rostut/build/cpp_srvcli': CMAKE_PREFIX_PATH=${CMAKE_PREFIX_PATH}:/home/chris/rostut/install/launch_testing_examples:/home/chris/rostut/install/examples_rclpy_pointcloud_publisher:/home/chris/rostut/install/examples_rclpy_minimal_subscriber:/home/chris/rostut/install/examples_rclpy_minimal_service:/home/chris/rostut/install/examples_rclpy_minimal_publisher:/home/chris/rostut/install/examples_rclpy_minimal_client:/home/chris/rostut/install/examples_rclpy_minimal_action_server:/home/chris/rostut/install/examples_rclpy_minimal_action_client:/home/chris/rostut/install/examples_rclpy_guard_conditions:/home/chris/rostut/install/examples_rclpy_executors:/opt/ros/humble /usr/bin/cmake --install /home/chris/rostut/build/cpp_srvcli
[2.769s] -- Install configuration: ""
[2.769s] -- Installing: /home/chris/rostut/install/cpp_srvcli/lib/cpp_srvcli/server
[2.770s] -- Set runtime path of "/home/chris/rostut/install/cpp_srvcli/lib/cpp_srvcli/server" to ""
[2.770s] -- Installing: /home/chris/rostut/install/cpp_srvcli/lib/cpp_srvcli/client
[2.770s] -- Set runtime path of "/home/chris/rostut/install/cpp_srvcli/lib/cpp_srvcli/client" to ""
[2.770s] -- Installing: /home/chris/rostut/install/cpp_srvcli/share/ament_index/resource_index/package_run_dependencies/cpp_srvcli
[2.770s] -- Installing: /home/chris/rostut/install/cpp_srvcli/share/ament_index/resource_index/parent_prefix_path/cpp_srvcli
[2.770s] -- Installing: /home/chris/rostut/install/cpp_srvcli/share/cpp_srvcli/environment/ament_prefix_path.sh
[2.770s] -- Installing: /home/chris/rostut/install/cpp_srvcli/share/cpp_srvcli/environment/ament_prefix_path.dsv
[2.770s] -- Installing: /home/chris/rostut/install/cpp_srvcli/share/cpp_srvcli/environment/path.sh
[2.770s] -- Installing: /home/chris/rostut/install/cpp_srvcli/share/cpp_srvcli/environment/path.dsv
[2.770s] -- Installing: /home/chris/rostut/install/cpp_srvcli/share/cpp_srvcli/local_setup.bash
[2.771s] -- Installing: /home/chris/rostut/install/cpp_srvcli/share/cpp_srvcli/local_setup.sh
[2.771s] -- Installing: /home/chris/rostut/install/cpp_srvcli/share/cpp_srvcli/local_setup.zsh
[2.771s] -- Installing: /home/chris/rostut/install/cpp_srvcli/share/cpp_srvcli/local_setup.dsv
[2.771s] -- Installing: /home/chris/rostut/install/cpp_srvcli/share/cpp_srvcli/package.dsv
[2.771s] -- Installing: /home/chris/rostut/install/cpp_srvcli/share/ament_index/resource_index/packages/cpp_srvcli
[2.771s] -- Installing: /home/chris/rostut/install/cpp_srvcli/share/cpp_srvcli/cmake/cpp_srvcliConfig.cmake
[2.771s] -- Installing: /home/chris/rostut/install/cpp_srvcli/share/cpp_srvcli/cmake/cpp_srvcliConfig-version.cmake
[2.771s] -- Installing: /home/chris/rostut/install/cpp_srvcli/share/cpp_srvcli/package.xml
[2.772s] Invoked command in '/home/chris/rostut/build/cpp_srvcli' returned '0': CMAKE_PREFIX_PATH=${CMAKE_PREFIX_PATH}:/home/chris/rostut/install/launch_testing_examples:/home/chris/rostut/install/examples_rclpy_pointcloud_publisher:/home/chris/rostut/install/examples_rclpy_minimal_subscriber:/home/chris/rostut/install/examples_rclpy_minimal_service:/home/chris/rostut/install/examples_rclpy_minimal_publisher:/home/chris/rostut/install/examples_rclpy_minimal_client:/home/chris/rostut/install/examples_rclpy_minimal_action_server:/home/chris/rostut/install/examples_rclpy_minimal_action_client:/home/chris/rostut/install/examples_rclpy_guard_conditions:/home/chris/rostut/install/examples_rclpy_executors:/opt/ros/humble /usr/bin/cmake --install /home/chris/rostut/build/cpp_srvcli
