[2.802s] Invoking command in '/home/chris/ros2_ws/build/examples_rclpy_minimal_publisher': PYTHONPATH=/home/chris/ros2_ws/build/examples_rclpy_minimal_publisher/prefix_override:/home/chris/ros2_ws/install/examples_rclpy_minimal_publisher/lib/python3.10/site-packages:${PYTHONPATH} /usr/bin/python3 setup.py develop --editable --build-directory /home/chris/ros2_ws/build/examples_rclpy_minimal_publisher/build --no-deps install_data
[22.404s] running develop
[22.408s] running egg_info
[22.408s] creating examples_rclpy_minimal_publisher.egg-info
[22.408s] writing examples_rclpy_minimal_publisher.egg-info/PKG-INFO
[22.408s] writing dependency_links to examples_rclpy_minimal_publisher.egg-info/dependency_links.txt
[22.409s] writing entry points to examples_rclpy_minimal_publisher.egg-info/entry_points.txt
[22.409s] writing requirements to examples_rclpy_minimal_publisher.egg-info/requires.txt
[22.409s] writing top-level names to examples_rclpy_minimal_publisher.egg-info/top_level.txt
[22.409s] writing manifest file 'examples_rclpy_minimal_publisher.egg-info/SOURCES.txt'
[22.409s] reading manifest file 'examples_rclpy_minimal_publisher.egg-info/SOURCES.txt'
[22.409s] writing manifest file 'examples_rclpy_minimal_publisher.egg-info/SOURCES.txt'
[22.409s] running build_ext
[22.409s] Creating /home/chris/ros2_ws/install/examples_rclpy_minimal_publisher/lib/python3.10/site-packages/examples-rclpy-minimal-publisher.egg-link (link to .)
[22.409s] Installing publisher_local_function script to /home/chris/ros2_ws/install/examples_rclpy_minimal_publisher/lib/examples_rclpy_minimal_publisher
[22.409s] Installing publisher_member_function script to /home/chris/ros2_ws/install/examples_rclpy_minimal_publisher/lib/examples_rclpy_minimal_publisher
[22.409s] Installing publisher_old_school script to /home/chris/ros2_ws/install/examples_rclpy_minimal_publisher/lib/examples_rclpy_minimal_publisher
[22.409s] 
[22.409s] Installed /home/chris/ros2_ws/build/examples_rclpy_minimal_publisher
[22.409s] running install_data
[22.409s] creating /home/chris/ros2_ws/install/examples_rclpy_minimal_publisher/share/ament_index
[22.409s] creating /home/chris/ros2_ws/install/examples_rclpy_minimal_publisher/share/ament_index/resource_index
[22.409s] creating /home/chris/ros2_ws/install/examples_rclpy_minimal_publisher/share/ament_index/resource_index/packages
[22.409s] copying resource/examples_rclpy_minimal_publisher -> /home/chris/ros2_ws/install/examples_rclpy_minimal_publisher/share/ament_index/resource_index/packages
[22.409s] copying package.xml -> /home/chris/ros2_ws/install/examples_rclpy_minimal_publisher/share/examples_rclpy_minimal_publisher
[22.411s] /usr/lib/python3/dist-packages/setuptools/command/easy_install.py:158: EasyInstallDeprecationWarning: easy_install command is deprecated. Use build and pip and other standards-based tools.
[22.411s]   warnings.warn(
[22.411s] /usr/lib/python3/dist-packages/setuptools/command/install.py:34: SetuptoolsDeprecationWarning: setup.py install is deprecated. Use build and pip and other standards-based tools.
[22.411s]   warnings.warn(
[33.149s] Invoked command in '/home/chris/ros2_ws/build/examples_rclpy_minimal_publisher' returned '0': PYTHONPATH=/home/chris/ros2_ws/build/examples_rclpy_minimal_publisher/prefix_override:/home/chris/ros2_ws/install/examples_rclpy_minimal_publisher/lib/python3.10/site-packages:${PYTHONPATH} /usr/bin/python3 setup.py develop --editable --build-directory /home/chris/ros2_ws/build/examples_rclpy_minimal_publisher/build --no-deps install_data
