[2.277s] Invoking command in '/home/chris/rostut/src/examples/rclpy/executors': PYTHONPATH=/home/chris/rostut/build/examples_rclpy_executors/prefix_override:/home/chris/rostut/install/examples_rclpy_executors/lib/python3.10/site-packages:${PYTHONPATH} /usr/bin/python3 setup.py egg_info --egg-base ../../../../build/examples_rclpy_executors build --build-base /home/chris/rostut/build/examples_rclpy_executors/build install --record /home/chris/rostut/build/examples_rclpy_executors/install.log --single-version-externally-managed
[2.426s] running egg_info
[2.426s] writing ../../../../build/examples_rclpy_executors/examples_rclpy_executors.egg-info/PKG-INFO
[2.426s] writing dependency_links to ../../../../build/examples_rclpy_executors/examples_rclpy_executors.egg-info/dependency_links.txt
[2.426s] writing entry points to ../../../../build/examples_rclpy_executors/examples_rclpy_executors.egg-info/entry_points.txt
[2.427s] writing requirements to ../../../../build/examples_rclpy_executors/examples_rclpy_executors.egg-info/requires.txt
[2.427s] writing top-level names to ../../../../build/examples_rclpy_executors/examples_rclpy_executors.egg-info/top_level.txt
[2.427s] reading manifest file '../../../../build/examples_rclpy_executors/examples_rclpy_executors.egg-info/SOURCES.txt'
[2.428s] writing manifest file '../../../../build/examples_rclpy_executors/examples_rclpy_executors.egg-info/SOURCES.txt'
[2.428s] running build
[2.428s] running build_py
[2.428s] running install
[2.429s] running install_lib
[2.429s] /usr/lib/python3/dist-packages/setuptools/command/install.py:34: SetuptoolsDeprecationWarning: setup.py install is deprecated. Use build and pip and other standards-based tools.
[2.429s]   warnings.warn(
[2.429s] running install_data
[2.430s] running install_egg_info
[2.431s] removing '/home/chris/rostut/install/examples_rclpy_executors/lib/python3.10/site-packages/examples_rclpy_executors-0.15.1-py3.10.egg-info' (and everything under it)
[2.431s] Copying ../../../../build/examples_rclpy_executors/examples_rclpy_executors.egg-info to /home/chris/rostut/install/examples_rclpy_executors/lib/python3.10/site-packages/examples_rclpy_executors-0.15.1-py3.10.egg-info
[2.431s] running install_scripts
[2.447s] Installing callback_group script to /home/chris/rostut/install/examples_rclpy_executors/lib/examples_rclpy_executors
[2.447s] Installing composed script to /home/chris/rostut/install/examples_rclpy_executors/lib/examples_rclpy_executors
[2.447s] Installing custom_callback_group script to /home/chris/rostut/install/examples_rclpy_executors/lib/examples_rclpy_executors
[2.447s] Installing custom_executor script to /home/chris/rostut/install/examples_rclpy_executors/lib/examples_rclpy_executors
[2.447s] Installing listener script to /home/chris/rostut/install/examples_rclpy_executors/lib/examples_rclpy_executors
[2.447s] Installing talker script to /home/chris/rostut/install/examples_rclpy_executors/lib/examples_rclpy_executors
[2.447s] writing list of installed files to '/home/chris/rostut/build/examples_rclpy_executors/install.log'
[3.028s] Invoked command in '/home/chris/rostut/src/examples/rclpy/executors' returned '0': PYTHONPATH=/home/chris/rostut/build/examples_rclpy_executors/prefix_override:/home/chris/rostut/install/examples_rclpy_executors/lib/python3.10/site-packages:${PYTHONPATH} /usr/bin/python3 setup.py egg_info --egg-base ../../../../build/examples_rclpy_executors build --build-base /home/chris/rostut/build/examples_rclpy_executors/build install --record /home/chris/rostut/build/examples_rclpy_executors/install.log --single-version-externally-managed
