[1.600s] Invoking command in '/home/chris/rostut/src/examples/rclpy/executors': PYTHONPATH=/home/chris/rostut/build/examples_rclpy_executors/prefix_override:/home/chris/rostut/install/examples_rclpy_executors/lib/python3.10/site-packages:${PYTHONPATH} /usr/bin/python3 setup.py egg_info --egg-base ../../../../build/examples_rclpy_executors build --build-base /home/chris/rostut/build/examples_rclpy_executors/build install --record /home/chris/rostut/build/examples_rclpy_executors/install.log --single-version-externally-managed
[1.758s] running egg_info
[1.758s] writing ../../../../build/examples_rclpy_executors/examples_rclpy_executors.egg-info/PKG-INFO
[1.758s] writing dependency_links to ../../../../build/examples_rclpy_executors/examples_rclpy_executors.egg-info/dependency_links.txt
[1.759s] writing entry points to ../../../../build/examples_rclpy_executors/examples_rclpy_executors.egg-info/entry_points.txt
[1.759s] writing requirements to ../../../../build/examples_rclpy_executors/examples_rclpy_executors.egg-info/requires.txt
[1.759s] writing top-level names to ../../../../build/examples_rclpy_executors/examples_rclpy_executors.egg-info/top_level.txt
[1.759s] reading manifest file '../../../../build/examples_rclpy_executors/examples_rclpy_executors.egg-info/SOURCES.txt'
[1.760s] writing manifest file '../../../../build/examples_rclpy_executors/examples_rclpy_executors.egg-info/SOURCES.txt'
[1.760s] running build
[1.760s] running build_py
[1.760s] running install
[1.760s] running install_lib
[1.760s] /usr/lib/python3/dist-packages/setuptools/command/install.py:34: SetuptoolsDeprecationWarning: setup.py install is deprecated. Use build and pip and other standards-based tools.
[1.761s]   warnings.warn(
[1.761s] running install_data
[1.761s] running install_egg_info
[1.763s] removing '/home/chris/rostut/install/examples_rclpy_executors/lib/python3.10/site-packages/examples_rclpy_executors-0.15.1-py3.10.egg-info' (and everything under it)
[1.763s] Copying ../../../../build/examples_rclpy_executors/examples_rclpy_executors.egg-info to /home/chris/rostut/install/examples_rclpy_executors/lib/python3.10/site-packages/examples_rclpy_executors-0.15.1-py3.10.egg-info
[1.764s] running install_scripts
[1.780s] Installing callback_group script to /home/chris/rostut/install/examples_rclpy_executors/lib/examples_rclpy_executors
[1.780s] Installing composed script to /home/chris/rostut/install/examples_rclpy_executors/lib/examples_rclpy_executors
[1.780s] Installing custom_callback_group script to /home/chris/rostut/install/examples_rclpy_executors/lib/examples_rclpy_executors
[1.780s] Installing custom_executor script to /home/chris/rostut/install/examples_rclpy_executors/lib/examples_rclpy_executors
[1.780s] Installing listener script to /home/chris/rostut/install/examples_rclpy_executors/lib/examples_rclpy_executors
[1.780s] Installing talker script to /home/chris/rostut/install/examples_rclpy_executors/lib/examples_rclpy_executors
[1.780s] writing list of installed files to '/home/chris/rostut/build/examples_rclpy_executors/install.log'
[2.880s] Invoked command in '/home/chris/rostut/src/examples/rclpy/executors' returned '0': PYTHONPATH=/home/chris/rostut/build/examples_rclpy_executors/prefix_override:/home/chris/rostut/install/examples_rclpy_executors/lib/python3.10/site-packages:${PYTHONPATH} /usr/bin/python3 setup.py egg_info --egg-base ../../../../build/examples_rclpy_executors build --build-base /home/chris/rostut/build/examples_rclpy_executors/build install --record /home/chris/rostut/build/examples_rclpy_executors/install.log --single-version-externally-managed
