[1.529s] Invoking command in '/home/chris/rostut/src/examples/rclpy/actions/minimal_action_server': PYTHONPATH=/home/chris/rostut/build/examples_rclpy_minimal_action_server/prefix_override:/home/chris/rostut/install/examples_rclpy_minimal_action_server/lib/python3.10/site-packages:${PYTHONPATH} /usr/bin/python3 setup.py egg_info --egg-base ../../../../../build/examples_rclpy_minimal_action_server build --build-base /home/chris/rostut/build/examples_rclpy_minimal_action_server/build install --record /home/chris/rostut/build/examples_rclpy_minimal_action_server/install.log --single-version-externally-managed
[1.768s] running egg_info
[1.768s] writing ../../../../../build/examples_rclpy_minimal_action_server/examples_rclpy_minimal_action_server.egg-info/PKG-INFO
[1.768s] writing dependency_links to ../../../../../build/examples_rclpy_minimal_action_server/examples_rclpy_minimal_action_server.egg-info/dependency_links.txt
[1.768s] writing entry points to ../../../../../build/examples_rclpy_minimal_action_server/examples_rclpy_minimal_action_server.egg-info/entry_points.txt
[1.769s] writing requirements to ../../../../../build/examples_rclpy_minimal_action_server/examples_rclpy_minimal_action_server.egg-info/requires.txt
[1.769s] writing top-level names to ../../../../../build/examples_rclpy_minimal_action_server/examples_rclpy_minimal_action_server.egg-info/top_level.txt
[1.769s] reading manifest file '../../../../../build/examples_rclpy_minimal_action_server/examples_rclpy_minimal_action_server.egg-info/SOURCES.txt'
[1.769s] writing manifest file '../../../../../build/examples_rclpy_minimal_action_server/examples_rclpy_minimal_action_server.egg-info/SOURCES.txt'
[1.769s] running build
[1.770s] running build_py
[1.770s] running install
[1.770s] running install_lib
[1.770s] running install_data
[1.770s] running install_egg_info
[1.770s] removing '/home/chris/rostut/install/examples_rclpy_minimal_action_server/lib/python3.10/site-packages/examples_rclpy_minimal_action_server-0.15.1-py3.10.egg-info' (and everything under it)
[1.771s] Copying ../../../../../build/examples_rclpy_minimal_action_server/examples_rclpy_minimal_action_server.egg-info to /home/chris/rostut/install/examples_rclpy_minimal_action_server/lib/python3.10/site-packages/examples_rclpy_minimal_action_server-0.15.1-py3.10.egg-info
[1.771s] running install_scripts
[1.771s] Installing server script to /home/chris/rostut/install/examples_rclpy_minimal_action_server/lib/examples_rclpy_minimal_action_server
[1.771s] Installing server_defer script to /home/chris/rostut/install/examples_rclpy_minimal_action_server/lib/examples_rclpy_minimal_action_server
[1.771s] Installing server_not_composable script to /home/chris/rostut/install/examples_rclpy_minimal_action_server/lib/examples_rclpy_minimal_action_server
[1.772s] Installing server_queue_goals script to /home/chris/rostut/install/examples_rclpy_minimal_action_server/lib/examples_rclpy_minimal_action_server
[1.772s] Installing server_single_goal script to /home/chris/rostut/install/examples_rclpy_minimal_action_server/lib/examples_rclpy_minimal_action_server
[1.772s] writing list of installed files to '/home/chris/rostut/build/examples_rclpy_minimal_action_server/install.log'
[1.772s] /usr/lib/python3/dist-packages/setuptools/command/install.py:34: SetuptoolsDeprecationWarning: setup.py install is deprecated. Use build and pip and other standards-based tools.
[1.772s]   warnings.warn(
[2.407s] Invoked command in '/home/chris/rostut/src/examples/rclpy/actions/minimal_action_server' returned '0': PYTHONPATH=/home/chris/rostut/build/examples_rclpy_minimal_action_server/prefix_override:/home/chris/rostut/install/examples_rclpy_minimal_action_server/lib/python3.10/site-packages:${PYTHONPATH} /usr/bin/python3 setup.py egg_info --egg-base ../../../../../build/examples_rclpy_minimal_action_server build --build-base /home/chris/rostut/build/examples_rclpy_minimal_action_server/build install --record /home/chris/rostut/build/examples_rclpy_minimal_action_server/install.log --single-version-externally-managed
