[1.092s] Invoking command in '/home/chris/ros2_ws/build/action_tutorials_cpp': CMAKE_PREFIX_PATH=/home/chris/ros2_ws/install/action_tutorials_interfaces:/home/chris/ros2_ws/install/polygon_plugins:/home/chris/ros2_ws/install/polygon_base:/home/chris/ros2_ws/src/install/polygon_plugins:/home/chris/ros2_ws/src/install/polygon_base:/home/chris/ros2_ws/install/cpp_parameters:/home/chris/ros2_ws/install/more_interfaces:/home/chris/ros2_ws/install/tutorial_interfaces:/home/chris/ros2_ws/install/cpp_srvcli:/home/chris/ros2_ws/install/cpp_pubsub:/home/chris/ros2_ws/install/my_package:/home/chris/ros2_ws/install/turtlesim:/home/chris/ros2_ws/install/examples_rclcpp_wait_set:/home/chris/ros2_ws/install/examples_rclcpp_multithreaded_executor:/home/chris/ros2_ws/install/examples_rclcpp_minimal_timer:/home/chris/ros2_ws/install/examples_rclcpp_minimal_subscriber:/home/chris/ros2_ws/install/examples_rclcpp_minimal_service:/home/chris/ros2_ws/install/examples_rclcpp_minimal_publisher:/home/chris/ros2_ws/install/examples_rclcpp_minimal_composition:/home/chris/ros2_ws/install/examples_rclcpp_minimal_client:/home/chris/ros2_ws/install/examples_rclcpp_minimal_action_server:/home/chris/ros2_ws/install/examples_rclcpp_minimal_action_client:/home/chris/ros2_ws/install/examples_rclcpp_cbg_executor:/home/chris/ros2_ws/install/examples_rclcpp_async_client:/home/chris/ros2_ws/src/install/examples_rclpy_minimal_action_server:/home/chris/ros2_ws/install/launch_testing_examples:/home/chris/ros2_ws/install/examples_rclpy_pointcloud_publisher:/home/chris/ros2_ws/install/examples_rclpy_minimal_subscriber:/home/chris/ros2_ws/install/examples_rclpy_minimal_service:/home/chris/ros2_ws/install/examples_rclpy_minimal_publisher:/home/chris/ros2_ws/install/examples_rclpy_minimal_client:/home/chris/ros2_ws/install/examples_rclpy_minimal_action_server:/home/chris/ros2_ws/install/examples_rclpy_minimal_action_client:/home/chris/ros2_ws/install/examples_rclpy_guard_conditions:/home/chris/ros2_ws/install/examples_rclpy_executors:/opt/ros/humble LD_LIBRARY_PATH=/home/chris/ros2_ws/install/action_tutorials_interfaces/lib:/home/chris/ros2_ws/install/polygon_plugins/lib:/home/chris/ros2_ws/install/my_package/lib:/home/chris/ros2_ws/src/install/polygon_plugins/lib:/home/chris/ros2_ws/install/more_interfaces/lib:/home/chris/ros2_ws/install/tutorial_interfaces/lib:/home/chris/ros2_ws/install/turtlesim/lib:/home/chris/ros2_ws/install/examples_rclcpp_wait_set/lib:/home/chris/ros2_ws/install/examples_rclcpp_minimal_subscriber/lib:/home/chris/ros2_ws/install/examples_rclcpp_minimal_composition/lib:/opt/ros/humble/opt/rviz_ogre_vendor/lib:/opt/ros/humble/lib/x86_64-linux-gnu:/opt/ros/humble/lib /usr/bin/cmake --build /home/chris/ros2_ws/build/action_tutorials_cpp -- -j20 -l20
[1.117s] -- Found ament_cmake: 1.3.6 (/opt/ros/humble/share/ament_cmake/cmake)
[1.325s] -- Found action_tutorials_interfaces: 0.0.0 (/home/chris/ros2_ws/install/action_tutorials_interfaces/share/action_tutorials_interfaces/cmake)
[1.361s] -- Found rosidl_generator_c: 3.1.5 (/opt/ros/humble/share/rosidl_generator_c/cmake)
[1.364s] -- Found rosidl_adapter: 3.1.5 (/opt/ros/humble/share/rosidl_adapter/cmake)
[1.373s] -- Found rosidl_generator_cpp: 3.1.5 (/opt/ros/humble/share/rosidl_generator_cpp/cmake)
[1.393s] -- Using all available rosidl_typesupport_c: rosidl_typesupport_fastrtps_c;rosidl_typesupport_introspection_c
[1.418s] -- Using all available rosidl_typesupport_cpp: rosidl_typesupport_fastrtps_cpp;rosidl_typesupport_introspection_cpp
[1.630s] -- Found rclcpp: 16.0.7 (/opt/ros/humble/share/rclcpp/cmake)
[1.695s] -- Found rmw_implementation_cmake: 6.1.1 (/opt/ros/humble/share/rmw_implementation_cmake/cmake)
[1.696s] -- Found rmw_fastrtps_cpp: 6.2.5 (/opt/ros/humble/share/rmw_fastrtps_cpp/cmake)
[1.786s] -- Using RMW implementation 'rmw_fastrtps_cpp' as default
[1.878s] -- Found rclcpp_action: 16.0.7 (/opt/ros/humble/share/rclcpp_action/cmake)
[1.895s] -- Found rclcpp_components: 16.0.7 (/opt/ros/humble/share/rclcpp_components/cmake)
[1.937s] -- Found ament_lint_auto: 0.12.9 (/opt/ros/humble/share/ament_lint_auto/cmake)
[1.988s] -- Added test 'cppcheck' to perform static code analysis on C / C++ code
[1.988s] -- Configured cppcheck include dirs: $<BUILD_INTERFACE:/home/chris/ros2_ws/src/action_tutorials_cpp/include>
[1.988s] -- Configured cppcheck exclude dirs and/or files: 
[1.989s] -- Added test 'lint_cmake' to check CMake code style
[1.989s] -- Added test 'uncrustify' to check C / C++ code style
[1.989s] -- Configured uncrustify additional arguments: 
[1.989s] -- Added test 'xmllint' to check XML markup files
[1.990s] -- Configuring done
[2.000s] -- Generating done
[2.001s] -- Build files have been written to: /home/chris/ros2_ws/build/action_tutorials_cpp
[2.016s] [35m[1mConsolidate compiler generated dependencies of target fibonacci_action_server[0m
[2.017s] [35m[1mConsolidate compiler generated dependencies of target action_server[0m
[2.021s] [ 25%] [32mBuilding CXX object CMakeFiles/action_client.dir/src/fibonacci_action_client.cpp.o[0m
[2.021s] [ 25%] [32mBuilding CXX object CMakeFiles/fibonacci_action_client.dir/rclcpp_components/node_main_fibonacci_action_client.cpp.o[0m
[2.025s] [ 50%] Built target fibonacci_action_server
[2.027s] [ 75%] Built target action_server
[3.638s] [ 87%] [32m[1mLinking CXX executable fibonacci_action_client[0m
[3.708s] [ 87%] Built target fibonacci_action_client
[4.213s] [100%] [32m[1mLinking CXX shared library libaction_client.so[0m
[4.303s] [100%] Built target action_client
[4.313s] Invoked command in '/home/chris/ros2_ws/build/action_tutorials_cpp' returned '0': CMAKE_PREFIX_PATH=/home/chris/ros2_ws/install/action_tutorials_interfaces:/home/chris/ros2_ws/install/polygon_plugins:/home/chris/ros2_ws/install/polygon_base:/home/chris/ros2_ws/src/install/polygon_plugins:/home/chris/ros2_ws/src/install/polygon_base:/home/chris/ros2_ws/install/cpp_parameters:/home/chris/ros2_ws/install/more_interfaces:/home/chris/ros2_ws/install/tutorial_interfaces:/home/chris/ros2_ws/install/cpp_srvcli:/home/chris/ros2_ws/install/cpp_pubsub:/home/chris/ros2_ws/install/my_package:/home/chris/ros2_ws/install/turtlesim:/home/chris/ros2_ws/install/examples_rclcpp_wait_set:/home/chris/ros2_ws/install/examples_rclcpp_multithreaded_executor:/home/chris/ros2_ws/install/examples_rclcpp_minimal_timer:/home/chris/ros2_ws/install/examples_rclcpp_minimal_subscriber:/home/chris/ros2_ws/install/examples_rclcpp_minimal_service:/home/chris/ros2_ws/install/examples_rclcpp_minimal_publisher:/home/chris/ros2_ws/install/examples_rclcpp_minimal_composition:/home/chris/ros2_ws/install/examples_rclcpp_minimal_client:/home/chris/ros2_ws/install/examples_rclcpp_minimal_action_server:/home/chris/ros2_ws/install/examples_rclcpp_minimal_action_client:/home/chris/ros2_ws/install/examples_rclcpp_cbg_executor:/home/chris/ros2_ws/install/examples_rclcpp_async_client:/home/chris/ros2_ws/src/install/examples_rclpy_minimal_action_server:/home/chris/ros2_ws/install/launch_testing_examples:/home/chris/ros2_ws/install/examples_rclpy_pointcloud_publisher:/home/chris/ros2_ws/install/examples_rclpy_minimal_subscriber:/home/chris/ros2_ws/install/examples_rclpy_minimal_service:/home/chris/ros2_ws/install/examples_rclpy_minimal_publisher:/home/chris/ros2_ws/install/examples_rclpy_minimal_client:/home/chris/ros2_ws/install/examples_rclpy_minimal_action_server:/home/chris/ros2_ws/install/examples_rclpy_minimal_action_client:/home/chris/ros2_ws/install/examples_rclpy_guard_conditions:/home/chris/ros2_ws/install/examples_rclpy_executors:/opt/ros/humble LD_LIBRARY_PATH=/home/chris/ros2_ws/install/action_tutorials_interfaces/lib:/home/chris/ros2_ws/install/polygon_plugins/lib:/home/chris/ros2_ws/install/my_package/lib:/home/chris/ros2_ws/src/install/polygon_plugins/lib:/home/chris/ros2_ws/install/more_interfaces/lib:/home/chris/ros2_ws/install/tutorial_interfaces/lib:/home/chris/ros2_ws/install/turtlesim/lib:/home/chris/ros2_ws/install/examples_rclcpp_wait_set/lib:/home/chris/ros2_ws/install/examples_rclcpp_minimal_subscriber/lib:/home/chris/ros2_ws/install/examples_rclcpp_minimal_composition/lib:/opt/ros/humble/opt/rviz_ogre_vendor/lib:/opt/ros/humble/lib/x86_64-linux-gnu:/opt/ros/humble/lib /usr/bin/cmake --build /home/chris/ros2_ws/build/action_tutorials_cpp -- -j20 -l20
[4.334s] Invoking command in '/home/chris/ros2_ws/build/action_tutorials_cpp': CMAKE_PREFIX_PATH=/home/chris/ros2_ws/install/action_tutorials_interfaces:/home/chris/ros2_ws/install/polygon_plugins:/home/chris/ros2_ws/install/polygon_base:/home/chris/ros2_ws/src/install/polygon_plugins:/home/chris/ros2_ws/src/install/polygon_base:/home/chris/ros2_ws/install/cpp_parameters:/home/chris/ros2_ws/install/more_interfaces:/home/chris/ros2_ws/install/tutorial_interfaces:/home/chris/ros2_ws/install/cpp_srvcli:/home/chris/ros2_ws/install/cpp_pubsub:/home/chris/ros2_ws/install/my_package:/home/chris/ros2_ws/install/turtlesim:/home/chris/ros2_ws/install/examples_rclcpp_wait_set:/home/chris/ros2_ws/install/examples_rclcpp_multithreaded_executor:/home/chris/ros2_ws/install/examples_rclcpp_minimal_timer:/home/chris/ros2_ws/install/examples_rclcpp_minimal_subscriber:/home/chris/ros2_ws/install/examples_rclcpp_minimal_service:/home/chris/ros2_ws/install/examples_rclcpp_minimal_publisher:/home/chris/ros2_ws/install/examples_rclcpp_minimal_composition:/home/chris/ros2_ws/install/examples_rclcpp_minimal_client:/home/chris/ros2_ws/install/examples_rclcpp_minimal_action_server:/home/chris/ros2_ws/install/examples_rclcpp_minimal_action_client:/home/chris/ros2_ws/install/examples_rclcpp_cbg_executor:/home/chris/ros2_ws/install/examples_rclcpp_async_client:/home/chris/ros2_ws/src/install/examples_rclpy_minimal_action_server:/home/chris/ros2_ws/install/launch_testing_examples:/home/chris/ros2_ws/install/examples_rclpy_pointcloud_publisher:/home/chris/ros2_ws/install/examples_rclpy_minimal_subscriber:/home/chris/ros2_ws/install/examples_rclpy_minimal_service:/home/chris/ros2_ws/install/examples_rclpy_minimal_publisher:/home/chris/ros2_ws/install/examples_rclpy_minimal_client:/home/chris/ros2_ws/install/examples_rclpy_minimal_action_server:/home/chris/ros2_ws/install/examples_rclpy_minimal_action_client:/home/chris/ros2_ws/install/examples_rclpy_guard_conditions:/home/chris/ros2_ws/install/examples_rclpy_executors:/opt/ros/humble LD_LIBRARY_PATH=/home/chris/ros2_ws/install/action_tutorials_interfaces/lib:/home/chris/ros2_ws/install/polygon_plugins/lib:/home/chris/ros2_ws/install/my_package/lib:/home/chris/ros2_ws/src/install/polygon_plugins/lib:/home/chris/ros2_ws/install/more_interfaces/lib:/home/chris/ros2_ws/install/tutorial_interfaces/lib:/home/chris/ros2_ws/install/turtlesim/lib:/home/chris/ros2_ws/install/examples_rclcpp_wait_set/lib:/home/chris/ros2_ws/install/examples_rclcpp_minimal_subscriber/lib:/home/chris/ros2_ws/install/examples_rclcpp_minimal_composition/lib:/opt/ros/humble/opt/rviz_ogre_vendor/lib:/opt/ros/humble/lib/x86_64-linux-gnu:/opt/ros/humble/lib /usr/bin/cmake --install /home/chris/ros2_ws/build/action_tutorials_cpp
[4.339s] -- Install configuration: ""
[4.339s] -- Installing: /home/chris/ros2_ws/install/action_tutorials_cpp/lib/action_tutorials_cpp/fibonacci_action_client
[4.339s] -- Set runtime path of "/home/chris/ros2_ws/install/action_tutorials_cpp/lib/action_tutorials_cpp/fibonacci_action_client" to ""
[4.339s] -- Installing: /home/chris/ros2_ws/install/action_tutorials_cpp/lib/libaction_client.so
[4.340s] -- Set runtime path of "/home/chris/ros2_ws/install/action_tutorials_cpp/lib/libaction_client.so" to ""
[4.341s] -- Up-to-date: /home/chris/ros2_ws/install/action_tutorials_cpp/lib/action_tutorials_cpp/fibonacci_action_server
[4.341s] -- Up-to-date: /home/chris/ros2_ws/install/action_tutorials_cpp/lib/libaction_server.so
[4.341s] -- Up-to-date: /home/chris/ros2_ws/install/action_tutorials_cpp/share/ament_index/resource_index/package_run_dependencies/action_tutorials_cpp
[4.341s] -- Up-to-date: /home/chris/ros2_ws/install/action_tutorials_cpp/share/ament_index/resource_index/parent_prefix_path/action_tutorials_cpp
[4.341s] -- Up-to-date: /home/chris/ros2_ws/install/action_tutorials_cpp/share/action_tutorials_cpp/environment/ament_prefix_path.sh
[4.341s] -- Installing: /home/chris/ros2_ws/install/action_tutorials_cpp/share/action_tutorials_cpp/environment/ament_prefix_path.dsv
[4.341s] -- Up-to-date: /home/chris/ros2_ws/install/action_tutorials_cpp/share/action_tutorials_cpp/environment/path.sh
[4.341s] -- Installing: /home/chris/ros2_ws/install/action_tutorials_cpp/share/action_tutorials_cpp/environment/path.dsv
[4.341s] -- Up-to-date: /home/chris/ros2_ws/install/action_tutorials_cpp/share/action_tutorials_cpp/local_setup.bash
[4.341s] -- Up-to-date: /home/chris/ros2_ws/install/action_tutorials_cpp/share/action_tutorials_cpp/local_setup.sh
[4.341s] -- Up-to-date: /home/chris/ros2_ws/install/action_tutorials_cpp/share/action_tutorials_cpp/local_setup.zsh
[4.341s] -- Installing: /home/chris/ros2_ws/install/action_tutorials_cpp/share/action_tutorials_cpp/local_setup.dsv
[4.341s] -- Installing: /home/chris/ros2_ws/install/action_tutorials_cpp/share/action_tutorials_cpp/package.dsv
[4.341s] -- Up-to-date: /home/chris/ros2_ws/install/action_tutorials_cpp/share/ament_index/resource_index/packages/action_tutorials_cpp
[4.341s] -- Installing: /home/chris/ros2_ws/install/action_tutorials_cpp/share/ament_index/resource_index/rclcpp_components/action_tutorials_cpp
[4.341s] -- Up-to-date: /home/chris/ros2_ws/install/action_tutorials_cpp/share/action_tutorials_cpp/cmake/action_tutorials_cppConfig.cmake
[4.341s] -- Up-to-date: /home/chris/ros2_ws/install/action_tutorials_cpp/share/action_tutorials_cpp/cmake/action_tutorials_cppConfig-version.cmake
[4.341s] -- Up-to-date: /home/chris/ros2_ws/install/action_tutorials_cpp/share/action_tutorials_cpp/package.xml
[4.342s] Invoked command in '/home/chris/ros2_ws/build/action_tutorials_cpp' returned '0': CMAKE_PREFIX_PATH=/home/chris/ros2_ws/install/action_tutorials_interfaces:/home/chris/ros2_ws/install/polygon_plugins:/home/chris/ros2_ws/install/polygon_base:/home/chris/ros2_ws/src/install/polygon_plugins:/home/chris/ros2_ws/src/install/polygon_base:/home/chris/ros2_ws/install/cpp_parameters:/home/chris/ros2_ws/install/more_interfaces:/home/chris/ros2_ws/install/tutorial_interfaces:/home/chris/ros2_ws/install/cpp_srvcli:/home/chris/ros2_ws/install/cpp_pubsub:/home/chris/ros2_ws/install/my_package:/home/chris/ros2_ws/install/turtlesim:/home/chris/ros2_ws/install/examples_rclcpp_wait_set:/home/chris/ros2_ws/install/examples_rclcpp_multithreaded_executor:/home/chris/ros2_ws/install/examples_rclcpp_minimal_timer:/home/chris/ros2_ws/install/examples_rclcpp_minimal_subscriber:/home/chris/ros2_ws/install/examples_rclcpp_minimal_service:/home/chris/ros2_ws/install/examples_rclcpp_minimal_publisher:/home/chris/ros2_ws/install/examples_rclcpp_minimal_composition:/home/chris/ros2_ws/install/examples_rclcpp_minimal_client:/home/chris/ros2_ws/install/examples_rclcpp_minimal_action_server:/home/chris/ros2_ws/install/examples_rclcpp_minimal_action_client:/home/chris/ros2_ws/install/examples_rclcpp_cbg_executor:/home/chris/ros2_ws/install/examples_rclcpp_async_client:/home/chris/ros2_ws/src/install/examples_rclpy_minimal_action_server:/home/chris/ros2_ws/install/launch_testing_examples:/home/chris/ros2_ws/install/examples_rclpy_pointcloud_publisher:/home/chris/ros2_ws/install/examples_rclpy_minimal_subscriber:/home/chris/ros2_ws/install/examples_rclpy_minimal_service:/home/chris/ros2_ws/install/examples_rclpy_minimal_publisher:/home/chris/ros2_ws/install/examples_rclpy_minimal_client:/home/chris/ros2_ws/install/examples_rclpy_minimal_action_server:/home/chris/ros2_ws/install/examples_rclpy_minimal_action_client:/home/chris/ros2_ws/install/examples_rclpy_guard_conditions:/home/chris/ros2_ws/install/examples_rclpy_executors:/opt/ros/humble LD_LIBRARY_PATH=/home/chris/ros2_ws/install/action_tutorials_interfaces/lib:/home/chris/ros2_ws/install/polygon_plugins/lib:/home/chris/ros2_ws/install/my_package/lib:/home/chris/ros2_ws/src/install/polygon_plugins/lib:/home/chris/ros2_ws/install/more_interfaces/lib:/home/chris/ros2_ws/install/tutorial_interfaces/lib:/home/chris/ros2_ws/install/turtlesim/lib:/home/chris/ros2_ws/install/examples_rclcpp_wait_set/lib:/home/chris/ros2_ws/install/examples_rclcpp_minimal_subscriber/lib:/home/chris/ros2_ws/install/examples_rclcpp_minimal_composition/lib:/opt/ros/humble/opt/rviz_ogre_vendor/lib:/opt/ros/humble/lib/x86_64-linux-gnu:/opt/ros/humble/lib /usr/bin/cmake --install /home/chris/ros2_ws/build/action_tutorials_cpp
