[0.038s] Invoking command in '/home/chris/rostut/build/learning_tf2_cpp': CMAKE_PREFIX_PATH=/home/chris/rostut/install/turtlesim:/home/chris/rostut/install/learning_tf2_cpp:/home/chris/rostut/install/cpp_parameter_event_handler:/home/chris/rostut/install/action_tutorials_cpp:/home/chris/rostut/install/action_tutorials_interfaces:/home/chris/rostut/install/polygon_plugins:/home/chris/rostut/install/polygon_base:/home/chris/rostut/install/cpp_parameters:/home/chris/rostut/install/more_interfaces:/home/chris/rostut/install/tutorial_interfaces:/home/chris/rostut/install/cpp_srvcli:/home/chris/rostut/install/cpp_pubsub:/home/chris/rostut/install/my_package:/home/chris/rostut/install/examples_rclcpp_wait_set:/home/chris/rostut/install/examples_rclcpp_multithreaded_executor:/home/chris/rostut/install/examples_rclcpp_minimal_subscriber:/home/chris/rostut/install/examples_rclcpp_minimal_service:/home/chris/rostut/install/examples_rclcpp_minimal_publisher:/home/chris/rostut/install/examples_rclcpp_minimal_composition:/home/chris/rostut/install/examples_rclcpp_minimal_client:/home/chris/rostut/install/examples_rclcpp_minimal_action_server:/home/chris/rostut/install/examples_rclcpp_minimal_action_client:/home/chris/rostut/install/examples_rclcpp_cbg_executor:/home/chris/rostut/install/examples_rclcpp_async_client:/home/chris/rostut/install/examples_rclcpp_minimal_timer:/home/chris/rostut/install/launch_testing_examples:/home/chris/rostut/install/examples_rclpy_pointcloud_publisher:/home/chris/rostut/install/examples_rclpy_minimal_subscriber:/home/chris/rostut/install/examples_rclpy_minimal_service:/home/chris/rostut/install/examples_rclpy_minimal_publisher:/home/chris/rostut/install/examples_rclpy_minimal_client:/home/chris/rostut/install/examples_rclpy_minimal_action_server:/home/chris/rostut/install/examples_rclpy_minimal_action_client:/home/chris/rostut/install/examples_rclpy_guard_conditions:/home/chris/rostut/install/examples_rclpy_executors:/opt/ros/humble LD_LIBRARY_PATH=/home/chris/rostut/install/turtlesim/lib:/home/chris/rostut/install/action_tutorials_cpp/lib:/home/chris/rostut/install/action_tutorials_interfaces/lib:/home/chris/rostut/install/polygon_plugins/lib:/home/chris/rostut/install/more_interfaces/lib:/home/chris/rostut/install/tutorial_interfaces/lib:/home/chris/rostut/install/examples_rclcpp_wait_set/lib:/home/chris/rostut/install/examples_rclcpp_minimal_subscriber/lib:/home/chris/rostut/install/examples_rclcpp_minimal_composition/lib:/opt/ros/humble/opt/rviz_ogre_vendor/lib:/opt/ros/humble/lib/x86_64-linux-gnu:/opt/ros/humble/lib /usr/bin/cmake --build /home/chris/rostut/build/learning_tf2_cpp -- -j20 -l20
[0.051s] -- Found ament_cmake: 1.3.6 (/opt/ros/humble/share/ament_cmake/cmake)
[0.144s] -- Found geometry_msgs: 4.2.3 (/opt/ros/humble/share/geometry_msgs/cmake)
[0.158s] -- Found rosidl_generator_c: 3.1.5 (/opt/ros/humble/share/rosidl_generator_c/cmake)
[0.160s] -- Found rosidl_adapter: 3.1.5 (/opt/ros/humble/share/rosidl_adapter/cmake)
[0.163s] -- Found rosidl_generator_cpp: 3.1.5 (/opt/ros/humble/share/rosidl_generator_cpp/cmake)
[0.169s] -- Using all available rosidl_typesupport_c: rosidl_typesupport_fastrtps_c;rosidl_typesupport_introspection_c
[0.178s] -- Using all available rosidl_typesupport_cpp: rosidl_typesupport_fastrtps_cpp;rosidl_typesupport_introspection_cpp
[0.240s] -- Found rclcpp: 16.0.7 (/opt/ros/humble/share/rclcpp/cmake)
[0.266s] -- Found rmw_implementation_cmake: 6.1.1 (/opt/ros/humble/share/rmw_implementation_cmake/cmake)
[0.267s] -- Found rmw_fastrtps_cpp: 6.2.5 (/opt/ros/humble/share/rmw_fastrtps_cpp/cmake)
[0.334s] -- Using RMW implementation 'rmw_fastrtps_cpp' as default
[0.403s] -- Found tf2: 0.25.5 (/opt/ros/humble/share/tf2/cmake)
[0.407s] -- Found tf2_ros: 0.25.5 (/opt/ros/humble/share/tf2_ros/cmake)
[0.582s] -- Found turtlesim: 1.4.2 (/home/chris/rostut/install/turtlesim/share/turtlesim/cmake)
[0.617s] -- Found ament_lint_auto: 0.12.9 (/opt/ros/humble/share/ament_lint_auto/cmake)
[0.660s] -- Added test 'cppcheck' to perform static code analysis on C / C++ code
[0.660s] -- Configured cppcheck include dirs: 
[0.660s] -- Configured cppcheck exclude dirs and/or files: 
[0.660s] -- Added test 'flake8' to check Python code syntax and style conventions
[0.660s] -- Added test 'lint_cmake' to check CMake code style
[0.661s] -- Added test 'pep257' to check Python code against some of the docstring style conventions in PEP 257
[0.661s] -- Added test 'uncrustify' to check C / C++ code style
[0.662s] -- Configured uncrustify additional arguments: 
[0.662s] -- Added test 'xmllint' to check XML markup files
[0.662s] -- Configuring done
[0.664s] [31mCMake Error at CMakeLists.txt:16 (add_executable):
[0.664s]   Cannot find source file:
[0.664s] 
[0.664s]     src/turtle_tf2_listener_debug.cpp
[0.664s] 
[0.664s]   Tried extensions .c .C .c++ .cc .cpp .cxx .cu .mpp .m .M .mm .ixx .cppm .h
[0.664s]   .hh .h++ .hm .hpp .hxx .in .txx .f .F .for .f77 .f90 .f95 .f03 .hip .ispc
[0.664s] 
[0.664s] [0m
[0.665s] [31mCMake Error at CMakeLists.txt:16 (add_executable):
[0.665s]   No SOURCES given to target: turtle_tf2_listener_debug
[0.665s] 
[0.665s] [0m
[0.665s] [0mCMake Generate step failed.  Build files cannot be regenerated correctly.[0m
[0.669s] gmake: *** [Makefile:431: cmake_check_build_system] Error 1
[0.671s] Invoked command in '/home/chris/rostut/build/learning_tf2_cpp' returned '2': CMAKE_PREFIX_PATH=/home/chris/rostut/install/turtlesim:/home/chris/rostut/install/learning_tf2_cpp:/home/chris/rostut/install/cpp_parameter_event_handler:/home/chris/rostut/install/action_tutorials_cpp:/home/chris/rostut/install/action_tutorials_interfaces:/home/chris/rostut/install/polygon_plugins:/home/chris/rostut/install/polygon_base:/home/chris/rostut/install/cpp_parameters:/home/chris/rostut/install/more_interfaces:/home/chris/rostut/install/tutorial_interfaces:/home/chris/rostut/install/cpp_srvcli:/home/chris/rostut/install/cpp_pubsub:/home/chris/rostut/install/my_package:/home/chris/rostut/install/examples_rclcpp_wait_set:/home/chris/rostut/install/examples_rclcpp_multithreaded_executor:/home/chris/rostut/install/examples_rclcpp_minimal_subscriber:/home/chris/rostut/install/examples_rclcpp_minimal_service:/home/chris/rostut/install/examples_rclcpp_minimal_publisher:/home/chris/rostut/install/examples_rclcpp_minimal_composition:/home/chris/rostut/install/examples_rclcpp_minimal_client:/home/chris/rostut/install/examples_rclcpp_minimal_action_server:/home/chris/rostut/install/examples_rclcpp_minimal_action_client:/home/chris/rostut/install/examples_rclcpp_cbg_executor:/home/chris/rostut/install/examples_rclcpp_async_client:/home/chris/rostut/install/examples_rclcpp_minimal_timer:/home/chris/rostut/install/launch_testing_examples:/home/chris/rostut/install/examples_rclpy_pointcloud_publisher:/home/chris/rostut/install/examples_rclpy_minimal_subscriber:/home/chris/rostut/install/examples_rclpy_minimal_service:/home/chris/rostut/install/examples_rclpy_minimal_publisher:/home/chris/rostut/install/examples_rclpy_minimal_client:/home/chris/rostut/install/examples_rclpy_minimal_action_server:/home/chris/rostut/install/examples_rclpy_minimal_action_client:/home/chris/rostut/install/examples_rclpy_guard_conditions:/home/chris/rostut/install/examples_rclpy_executors:/opt/ros/humble LD_LIBRARY_PATH=/home/chris/rostut/install/turtlesim/lib:/home/chris/rostut/install/action_tutorials_cpp/lib:/home/chris/rostut/install/action_tutorials_interfaces/lib:/home/chris/rostut/install/polygon_plugins/lib:/home/chris/rostut/install/more_interfaces/lib:/home/chris/rostut/install/tutorial_interfaces/lib:/home/chris/rostut/install/examples_rclcpp_wait_set/lib:/home/chris/rostut/install/examples_rclcpp_minimal_subscriber/lib:/home/chris/rostut/install/examples_rclcpp_minimal_composition/lib:/opt/ros/humble/opt/rviz_ogre_vendor/lib:/opt/ros/humble/lib/x86_64-linux-gnu:/opt/ros/humble/lib /usr/bin/cmake --build /home/chris/rostut/build/learning_tf2_cpp -- -j20 -l20
