[0.472s] Invoking command in '/home/chris/rostut/build/examples_rclcpp_minimal_service': CMAKE_PREFIX_PATH=/opt/ros/humble /usr/bin/cmake /home/chris/rostut/src/examples/rclcpp/services/minimal_service -DAMENT_CMAKE_SYMLINK_INSTALL=1 -DCMAKE_INSTALL_PREFIX=/home/chris/rostut/install/examples_rclcpp_minimal_service
[2.209s] -- The C compiler identification is GNU 11.4.0
[2.209s] -- The CXX compiler identification is GNU 11.4.0
[2.209s] -- Detecting C compiler ABI info
[2.209s] -- Detecting C compiler ABI info - done
[2.209s] -- Check for working C compiler: /usr/bin/cc - skipped
[2.209s] -- Detecting C compile features
[2.209s] -- Detecting C compile features - done
[2.209s] -- Detecting CXX compiler ABI info
[2.209s] -- Detecting CXX compiler ABI info - done
[2.209s] -- Check for working CXX compiler: /usr/bin/c++ - skipped
[2.209s] -- Detecting CXX compile features
[2.209s] -- Detecting CXX compile features - done
[2.209s] -- Found ament_cmake: 1.3.6 (/opt/ros/humble/share/ament_cmake/cmake)
[2.209s] -- Found Python3: /usr/bin/python3.10 (found version "3.10.12") found components: Interpreter 
[2.209s] -- Override CMake install command with custom implementation using symlinks instead of copying resources
[2.209s] -- Found example_interfaces: 0.9.3 (/opt/ros/humble/share/example_interfaces/cmake)
[2.209s] -- Found rosidl_generator_c: 3.1.5 (/opt/ros/humble/share/rosidl_generator_c/cmake)
[2.209s] -- Found rosidl_adapter: 3.1.5 (/opt/ros/humble/share/rosidl_adapter/cmake)
[2.209s] -- Found rosidl_generator_cpp: 3.1.5 (/opt/ros/humble/share/rosidl_generator_cpp/cmake)
[2.209s] -- Using all available rosidl_typesupport_c: rosidl_typesupport_fastrtps_c;rosidl_typesupport_introspection_c
[2.209s] -- Using all available rosidl_typesupport_cpp: rosidl_typesupport_fastrtps_cpp;rosidl_typesupport_introspection_cpp
[2.209s] -- Found rclcpp: 16.0.7 (/opt/ros/humble/share/rclcpp/cmake)
[2.210s] -- Found rmw_implementation_cmake: 6.1.1 (/opt/ros/humble/share/rmw_implementation_cmake/cmake)
[2.210s] -- Found rmw_fastrtps_cpp: 6.2.5 (/opt/ros/humble/share/rmw_fastrtps_cpp/cmake)
[2.210s] -- Found OpenSSL: /usr/lib/x86_64-linux-gnu/libcrypto.so (found version "3.0.2")  
[2.210s] -- Found FastRTPS: /opt/ros/humble/include  
[2.210s] -- Using RMW implementation 'rmw_fastrtps_cpp' as default
[2.210s] -- Looking for pthread.h
[2.210s] -- Looking for pthread.h - found
[2.210s] -- Performing Test CMAKE_HAVE_LIBC_PTHREAD
[2.210s] -- Performing Test CMAKE_HAVE_LIBC_PTHREAD - Success
[2.210s] -- Found Threads: TRUE  
[2.211s] -- Found ament_lint_auto: 0.12.9 (/opt/ros/humble/share/ament_lint_auto/cmake)
[2.211s] -- Added test 'copyright' to check source files copyright and LICENSE
[2.211s] -- Added test 'cppcheck' to perform static code analysis on C / C++ code
[2.211s] -- Configured cppcheck include dirs: 
[2.211s] -- Configured cppcheck exclude dirs and/or files: 
[2.211s] -- Added test 'cpplint' to check C / C++ code against the Google style
[2.212s] -- Configured cpplint exclude dirs and/or files: 
[2.212s] -- Added test 'lint_cmake' to check CMake code style
[2.212s] -- Added test 'uncrustify' to check C / C++ code style
[2.212s] -- Configured uncrustify additional arguments: 
[2.212s] -- Added test 'xmllint' to check XML markup files
[2.212s] -- Configuring done
[2.212s] -- Generating done
[2.212s] -- Build files have been written to: /home/chris/rostut/build/examples_rclcpp_minimal_service
[2.230s] Invoked command in '/home/chris/rostut/build/examples_rclcpp_minimal_service' returned '0': CMAKE_PREFIX_PATH=/opt/ros/humble /usr/bin/cmake /home/chris/rostut/src/examples/rclcpp/services/minimal_service -DAMENT_CMAKE_SYMLINK_INSTALL=1 -DCMAKE_INSTALL_PREFIX=/home/chris/rostut/install/examples_rclcpp_minimal_service
[2.230s] Invoking command in '/home/chris/rostut/build/examples_rclcpp_minimal_service': CMAKE_PREFIX_PATH=/opt/ros/humble /usr/bin/cmake --build /home/chris/rostut/build/examples_rclcpp_minimal_service -- -j20 -l20
[2.252s] [ 50%] [32mBuilding CXX object CMakeFiles/service_main.dir/main.cpp.o[0m
[77.981s] [100%] [32m[1mLinking CXX executable service_main[0m
[78.397s] [100%] Built target service_main
[80.177s] Invoked command in '/home/chris/rostut/build/examples_rclcpp_minimal_service' returned '0': CMAKE_PREFIX_PATH=/opt/ros/humble /usr/bin/cmake --build /home/chris/rostut/build/examples_rclcpp_minimal_service -- -j20 -l20
[81.688s] Invoking command in '/home/chris/rostut/build/examples_rclcpp_minimal_service': CMAKE_PREFIX_PATH=/opt/ros/humble /usr/bin/cmake --install /home/chris/rostut/build/examples_rclcpp_minimal_service
[81.717s] -- Install configuration: ""
[81.717s] -- Execute custom install script
[81.717s] -- Symlinking: /home/chris/rostut/install/examples_rclcpp_minimal_service/lib/examples_rclcpp_minimal_service/service_main
[81.741s] -- Symlinking: /home/chris/rostut/install/examples_rclcpp_minimal_service/share/ament_index/resource_index/package_run_dependencies/examples_rclcpp_minimal_service
[81.763s] -- Symlinking: /home/chris/rostut/install/examples_rclcpp_minimal_service/share/ament_index/resource_index/parent_prefix_path/examples_rclcpp_minimal_service
[81.778s] -- Symlinking: /home/chris/rostut/install/examples_rclcpp_minimal_service/share/examples_rclcpp_minimal_service/environment/ament_prefix_path.sh
[81.804s] -- Symlinking: /home/chris/rostut/install/examples_rclcpp_minimal_service/share/examples_rclcpp_minimal_service/environment/ament_prefix_path.dsv
[81.832s] -- Symlinking: /home/chris/rostut/install/examples_rclcpp_minimal_service/share/examples_rclcpp_minimal_service/environment/path.sh
[81.861s] -- Symlinking: /home/chris/rostut/install/examples_rclcpp_minimal_service/share/examples_rclcpp_minimal_service/environment/path.dsv
[81.883s] -- Symlinking: /home/chris/rostut/install/examples_rclcpp_minimal_service/share/examples_rclcpp_minimal_service/local_setup.bash
[81.908s] -- Symlinking: /home/chris/rostut/install/examples_rclcpp_minimal_service/share/examples_rclcpp_minimal_service/local_setup.sh
[81.940s] -- Symlinking: /home/chris/rostut/install/examples_rclcpp_minimal_service/share/examples_rclcpp_minimal_service/local_setup.zsh
[81.971s] -- Symlinking: /home/chris/rostut/install/examples_rclcpp_minimal_service/share/examples_rclcpp_minimal_service/local_setup.dsv
[81.991s] -- Symlinking: /home/chris/rostut/install/examples_rclcpp_minimal_service/share/examples_rclcpp_minimal_service/package.dsv
[82.008s] -- Symlinking: /home/chris/rostut/install/examples_rclcpp_minimal_service/share/ament_index/resource_index/packages/examples_rclcpp_minimal_service
[82.051s] -- Symlinking: /home/chris/rostut/install/examples_rclcpp_minimal_service/share/examples_rclcpp_minimal_service/cmake/examples_rclcpp_minimal_serviceConfig.cmake
[82.087s] -- Symlinking: /home/chris/rostut/install/examples_rclcpp_minimal_service/share/examples_rclcpp_minimal_service/cmake/examples_rclcpp_minimal_serviceConfig-version.cmake
[82.097s] -- Symlinking: /home/chris/rostut/install/examples_rclcpp_minimal_service/share/examples_rclcpp_minimal_service/package.xml
