[0.467s] Invoking command in '/home/chris/ros2_ws/build/image_tools': CMAKE_PREFIX_PATH=${CMAKE_PREFIX_PATH}:/home/chris/ros2_ws/src/install/examples_rclpy_minimal_action_server:/home/chris/ros2_ws/install/launch_testing_examples:/home/chris/ros2_ws/install/examples_rclpy_pointcloud_publisher:/home/chris/ros2_ws/install/examples_rclpy_minimal_subscriber:/home/chris/ros2_ws/install/examples_rclpy_minimal_service:/home/chris/ros2_ws/install/examples_rclpy_minimal_publisher:/home/chris/ros2_ws/install/examples_rclpy_minimal_client:/home/chris/ros2_ws/install/examples_rclpy_minimal_action_server:/home/chris/ros2_ws/install/examples_rclpy_minimal_action_client:/home/chris/ros2_ws/install/examples_rclpy_guard_conditions:/home/chris/ros2_ws/install/examples_rclpy_executors:/opt/ros/humble /usr/bin/cmake /home/chris/ros2_ws/src/demos/image_tools -DCMAKE_INSTALL_PREFIX=/home/chris/ros2_ws/install/image_tools
[1.041s] -- The C compiler identification is GNU 11.4.0
[1.041s] -- The CXX compiler identification is GNU 11.4.0
[1.041s] -- Detecting C compiler ABI info
[1.041s] -- Detecting C compiler ABI info - done
[1.041s] -- Check for working C compiler: /usr/bin/cc - skipped
[1.041s] -- Detecting C compile features
[1.041s] -- Detecting C compile features - done
[1.041s] -- Detecting CXX compiler ABI info
[1.041s] -- Detecting CXX compiler ABI info - done
[1.041s] -- Check for working CXX compiler: /usr/bin/c++ - skipped
[1.041s] -- Detecting CXX compile features
[1.041s] -- Detecting CXX compile features - done
[1.042s] -- Found ament_cmake: 1.3.6 (/opt/ros/humble/share/ament_cmake/cmake)
[1.042s] -- Found Python3: /usr/bin/python3.10 (found version "3.10.12") found components: Interpreter 
[1.042s] -- Found rclcpp: 16.0.7 (/opt/ros/humble/share/rclcpp/cmake)
[1.042s] -- Found rosidl_generator_c: 3.1.5 (/opt/ros/humble/share/rosidl_generator_c/cmake)
[1.042s] -- Found rosidl_adapter: 3.1.5 (/opt/ros/humble/share/rosidl_adapter/cmake)
[1.042s] -- Found rosidl_generator_cpp: 3.1.5 (/opt/ros/humble/share/rosidl_generator_cpp/cmake)
[1.043s] -- Using all available rosidl_typesupport_c: rosidl_typesupport_fastrtps_c;rosidl_typesupport_introspection_c
[1.053s] -- Using all available rosidl_typesupport_cpp: rosidl_typesupport_fastrtps_cpp;rosidl_typesupport_introspection_cpp
[1.127s] -- Found rmw_implementation_cmake: 6.1.1 (/opt/ros/humble/share/rmw_implementation_cmake/cmake)
[1.131s] -- Found rmw_fastrtps_cpp: 6.2.5 (/opt/ros/humble/share/rmw_fastrtps_cpp/cmake)
[1.213s] -- Found OpenSSL: /usr/lib/x86_64-linux-gnu/libcrypto.so (found version "3.0.2")  
[1.237s] -- Found FastRTPS: /opt/ros/humble/include  
[1.279s] -- Using RMW implementation 'rmw_fastrtps_cpp' as default
[1.299s] -- Looking for pthread.h
[1.354s] -- Looking for pthread.h - found
[1.354s] -- Performing Test CMAKE_HAVE_LIBC_PTHREAD
[1.428s] -- Performing Test CMAKE_HAVE_LIBC_PTHREAD - Success
[1.430s] -- Found Threads: TRUE  
[1.656s] -- Found rclcpp_components: 16.0.7 (/opt/ros/humble/share/rclcpp_components/cmake)
[1.750s] -- Found sensor_msgs: 4.2.3 (/opt/ros/humble/share/sensor_msgs/cmake)
[1.921s] -- Found OpenCV: /usr (found version "4.5.4") found components: core highgui imgcodecs imgproc videoio 
[1.934s] -- Found ament_lint_auto: 0.12.9 (/opt/ros/humble/share/ament_lint_auto/cmake)
[2.034s] -- Found python_cmake_module: 0.10.0 (/opt/ros/humble/share/python_cmake_module/cmake)
[2.051s] -- Found PythonInterp: /usr/bin/python3 (found suitable version "3.10.12", minimum required is "3.6") 
[2.055s] -- Found PythonLibs: /usr/lib/x86_64-linux-gnu/libpython3.10.so (found suitable version "3.10.12", minimum required is "3.5") 
[2.055s] -- Using PYTHON_EXECUTABLE: /usr/bin/python3
[2.055s] -- Using PYTHON_INCLUDE_DIRS: /usr/include/python3.10
[2.055s] -- Using PYTHON_LIBRARIES: /usr/lib/x86_64-linux-gnu/libpython3.10.so
[2.071s] -- Found PythonExtra: .so  
[2.082s] -- Added test 'copyright' to check source files copyright and LICENSE
[2.083s] -- Added test 'cppcheck' to perform static code analysis on C / C++ code
[2.083s] -- Configured cppcheck include dirs: $<BUILD_INTERFACE:/home/chris/ros2_ws/src/demos/image_tools/include>
[2.083s] -- Configured cppcheck exclude dirs and/or files: 
[2.084s] -- Added test 'cpplint' to check C / C++ code against the Google style
[2.084s] -- Configured cpplint exclude dirs and/or files: 
[2.084s] -- Added test 'lint_cmake' to check CMake code style
[2.085s] -- Added test 'uncrustify' to check C / C++ code style
[2.085s] -- Configured uncrustify additional arguments: 
[2.086s] -- Added test 'xmllint' to check XML markup files
[2.087s] -- Configuring done
[2.096s] -- Generating done
[2.096s] -- Build files have been written to: /home/chris/ros2_ws/build/image_tools
