[0.408s] Invoking command in '/home/chris/ros2_ws/build/logging_demo': CMAKE_PREFIX_PATH=${CMAKE_PREFIX_PATH}:/home/chris/ros2_ws/src/install/examples_rclpy_minimal_action_server:/home/chris/ros2_ws/install/launch_testing_examples:/home/chris/ros2_ws/install/examples_rclpy_pointcloud_publisher:/home/chris/ros2_ws/install/examples_rclpy_minimal_subscriber:/home/chris/ros2_ws/install/examples_rclpy_minimal_service:/home/chris/ros2_ws/install/examples_rclpy_minimal_publisher:/home/chris/ros2_ws/install/examples_rclpy_minimal_client:/home/chris/ros2_ws/install/examples_rclpy_minimal_action_server:/home/chris/ros2_ws/install/examples_rclpy_minimal_action_client:/home/chris/ros2_ws/install/examples_rclpy_guard_conditions:/home/chris/ros2_ws/install/examples_rclpy_executors:/opt/ros/humble /usr/bin/cmake /home/chris/ros2_ws/src/demos/logging_demo -DCMAKE_INSTALL_PREFIX=/home/chris/ros2_ws/install/logging_demo
[0.980s] -- The C compiler identification is GNU 11.4.0
[0.980s] -- The CXX compiler identification is GNU 11.4.0
[0.980s] -- Detecting C compiler ABI info
[0.981s] -- Detecting C compiler ABI info - done
[0.981s] -- Check for working C compiler: /usr/bin/cc - skipped
[0.981s] -- Detecting C compile features
[0.981s] -- Detecting C compile features - done
[0.981s] -- Detecting CXX compiler ABI info
[0.981s] -- Detecting CXX compiler ABI info - done
[0.981s] -- Check for working CXX compiler: /usr/bin/c++ - skipped
[0.981s] -- Detecting CXX compile features
[0.981s] -- Detecting CXX compile features - done
[0.981s] -- Found ament_cmake: 1.3.6 (/opt/ros/humble/share/ament_cmake/cmake)
[0.981s] -- Found Python3: /usr/bin/python3.10 (found version "3.10.12") found components: Interpreter 
[0.981s] -- Found rclcpp: 16.0.7 (/opt/ros/humble/share/rclcpp/cmake)
[0.981s] -- Found rosidl_generator_c: 3.1.5 (/opt/ros/humble/share/rosidl_generator_c/cmake)
[0.981s] -- Found rosidl_adapter: 3.1.5 (/opt/ros/humble/share/rosidl_adapter/cmake)
[0.981s] -- Found rosidl_generator_cpp: 3.1.5 (/opt/ros/humble/share/rosidl_generator_cpp/cmake)
[0.981s] -- Using all available rosidl_typesupport_c: rosidl_typesupport_fastrtps_c;rosidl_typesupport_introspection_c
[0.983s] -- Using all available rosidl_typesupport_cpp: rosidl_typesupport_fastrtps_cpp;rosidl_typesupport_introspection_cpp
[1.059s] -- Found rmw_implementation_cmake: 6.1.1 (/opt/ros/humble/share/rmw_implementation_cmake/cmake)
[1.064s] -- Found rmw_fastrtps_cpp: 6.2.5 (/opt/ros/humble/share/rmw_fastrtps_cpp/cmake)
[1.143s] -- Found OpenSSL: /usr/lib/x86_64-linux-gnu/libcrypto.so (found version "3.0.2")  
[1.165s] -- Found FastRTPS: /opt/ros/humble/include  
[1.219s] -- Using RMW implementation 'rmw_fastrtps_cpp' as default
[1.232s] -- Looking for pthread.h
[1.290s] -- Looking for pthread.h - found
[1.290s] -- Performing Test CMAKE_HAVE_LIBC_PTHREAD
[1.355s] -- Performing Test CMAKE_HAVE_LIBC_PTHREAD - Success
[1.356s] -- Found Threads: TRUE  
[1.493s] -- Found rclcpp_components: 16.0.7 (/opt/ros/humble/share/rclcpp_components/cmake)
[1.546s] -- Found rosidl_default_generators: 1.2.0 (/opt/ros/humble/share/rosidl_default_generators/cmake)
[1.782s] -- Found ament_cmake_ros: 0.10.0 (/opt/ros/humble/share/ament_cmake_ros/cmake)
[2.033s] -- Using all available rosidl_typesupport_c: rosidl_typesupport_fastrtps_c;rosidl_typesupport_introspection_c
[2.116s] -- Using all available rosidl_typesupport_cpp: rosidl_typesupport_fastrtps_cpp;rosidl_typesupport_introspection_cpp
[2.132s] -- Found PythonInterp: /usr/bin/python3 (found suitable version "3.10.12", minimum required is "3.6") 
[2.133s] -- Found python_cmake_module: 0.10.0 (/opt/ros/humble/share/python_cmake_module/cmake)
[2.152s] -- Found PythonLibs: /usr/lib/x86_64-linux-gnu/libpython3.10.so (found suitable version "3.10.12", minimum required is "3.5") 
[2.152s] -- Using PYTHON_EXECUTABLE: /usr/bin/python3
[2.152s] -- Using PYTHON_INCLUDE_DIRS: /usr/include/python3.10
[2.152s] -- Using PYTHON_LIBRARIES: /usr/lib/x86_64-linux-gnu/libpython3.10.so
[2.167s] -- Found PythonExtra: .so  
[2.200s] -- Found ament_lint_auto: 0.12.9 (/opt/ros/humble/share/ament_lint_auto/cmake)
[2.248s] -- Using PYTHON_EXECUTABLE: /usr/bin/python3
[2.248s] -- Using PYTHON_INCLUDE_DIRS: /usr/include/python3.10
[2.248s] -- Using PYTHON_LIBRARIES: /usr/lib/x86_64-linux-gnu/libpython3.10.so
[2.259s] -- Added test 'copyright' to check source files copyright and LICENSE
[2.260s] -- Added test 'cppcheck' to perform static code analysis on C / C++ code
[2.260s] -- Configured cppcheck include dirs: /home/chris/ros2_ws/src/demos/logging_demo/include
[2.260s] -- Configured cppcheck exclude dirs and/or files: 
[2.261s] -- Added test 'cpplint' to check C / C++ code against the Google style
[2.261s] -- Configured cpplint exclude dirs and/or files: 
[2.262s] -- Added test 'lint_cmake' to check CMake code style
[2.262s] -- Added test 'uncrustify' to check C / C++ code style
[2.262s] -- Configured uncrustify additional arguments: 
[2.263s] -- Added test 'xmllint' to check XML markup files
[2.264s] -- Configuring done
[2.282s] -- Generating done
[2.283s] -- Build files have been written to: /home/chris/ros2_ws/build/logging_demo
