[1.299s] Invoking command in '/home/chris/ros2_ws/build/polygon_plugins': AMENT_PREFIX_PATH=/home/chris/ros2_ws/install/polygon_base:${AMENT_PREFIX_PATH} CMAKE_PREFIX_PATH=/home/chris/ros2_ws/install/polygon_base:/home/chris/ros2_ws/src/install/polygon_plugins:/home/chris/ros2_ws/src/install/polygon_base:/home/chris/ros2_ws/install/cpp_parameters:/home/chris/ros2_ws/install/more_interfaces:/home/chris/ros2_ws/install/tutorial_interfaces:/home/chris/ros2_ws/install/cpp_srvcli:/home/chris/ros2_ws/install/cpp_pubsub:/home/chris/ros2_ws/install/my_package:/home/chris/ros2_ws/install/turtlesim:/home/chris/ros2_ws/install/examples_rclcpp_wait_set:/home/chris/ros2_ws/install/examples_rclcpp_multithreaded_executor:/home/chris/ros2_ws/install/examples_rclcpp_minimal_timer:/home/chris/ros2_ws/install/examples_rclcpp_minimal_subscriber:/home/chris/ros2_ws/install/examples_rclcpp_minimal_service:/home/chris/ros2_ws/install/examples_rclcpp_minimal_publisher:/home/chris/ros2_ws/install/examples_rclcpp_minimal_composition:/home/chris/ros2_ws/install/examples_rclcpp_minimal_client:/home/chris/ros2_ws/install/examples_rclcpp_minimal_action_server:/home/chris/ros2_ws/install/examples_rclcpp_minimal_action_client:/home/chris/ros2_ws/install/examples_rclcpp_cbg_executor:/home/chris/ros2_ws/install/examples_rclcpp_async_client:/home/chris/ros2_ws/src/install/examples_rclpy_minimal_action_server:/home/chris/ros2_ws/install/launch_testing_examples:/home/chris/ros2_ws/install/examples_rclpy_pointcloud_publisher:/home/chris/ros2_ws/install/examples_rclpy_minimal_subscriber:/home/chris/ros2_ws/install/examples_rclpy_minimal_service:/home/chris/ros2_ws/install/examples_rclpy_minimal_publisher:/home/chris/ros2_ws/install/examples_rclpy_minimal_client:/home/chris/ros2_ws/install/examples_rclpy_minimal_action_server:/home/chris/ros2_ws/install/examples_rclpy_minimal_action_client:/home/chris/ros2_ws/install/examples_rclpy_guard_conditions:/home/chris/ros2_ws/install/examples_rclpy_executors:/opt/ros/humble /usr/bin/cmake /home/chris/ros2_ws/src/polygon_plugins -DCMAKE_INSTALL_PREFIX=/home/chris/ros2_ws/install/polygon_plugins
[1.348s] -- The C compiler identification is GNU 11.4.0
[1.392s] -- The CXX compiler identification is GNU 11.4.0
[1.409s] -- Detecting C compiler ABI info
[1.447s] -- Detecting C compiler ABI info - done
[1.456s] -- Check for working C compiler: /usr/bin/cc - skipped
[1.458s] -- Detecting C compile features
[1.458s] -- Detecting C compile features - done
[1.459s] -- Detecting CXX compiler ABI info
[1.511s] -- Detecting CXX compiler ABI info - done
[1.520s] -- Check for working CXX compiler: /usr/bin/c++ - skipped
[1.520s] -- Detecting CXX compile features
[1.520s] -- Detecting CXX compile features - done
[1.525s] -- Found ament_cmake: 1.3.6 (/opt/ros/humble/share/ament_cmake/cmake)
[1.695s] -- Found Python3: /usr/bin/python3.10 (found version "3.10.12") found components: Interpreter 
[1.800s] -- Found ament_cmake_ros: 0.10.0 (/opt/ros/humble/share/ament_cmake_ros/cmake)
[1.805s] -- Found polygon_base: 0.0.0 (/home/chris/ros2_ws/install/polygon_base/share/polygon_base/cmake)
[1.808s] -- Found pluginlib: 5.1.0 (/opt/ros/humble/share/pluginlib/cmake)
[1.848s] -- Found ament_lint_auto: 0.12.9 (/opt/ros/humble/share/ament_lint_auto/cmake)
[1.922s] -- Added test 'cppcheck' to perform static code analysis on C / C++ code
[1.923s] -- Configured cppcheck include dirs: $<BUILD_INTERFACE:/home/chris/ros2_ws/src/polygon_plugins/include>
[1.923s] -- Configured cppcheck exclude dirs and/or files: 
[1.924s] -- Added test 'lint_cmake' to check CMake code style
[1.924s] -- Added test 'uncrustify' to check C / C++ code style
[1.924s] -- Configured uncrustify additional arguments: 
[1.924s] -- Added test 'xmllint' to check XML markup files
[1.926s] -- Configuring done
[1.928s] -- Generating done
[1.929s] -- Build files have been written to: /home/chris/ros2_ws/build/polygon_plugins
[2.011s] Invoked command in '/home/chris/ros2_ws/build/polygon_plugins' returned '0': AMENT_PREFIX_PATH=/home/chris/ros2_ws/install/polygon_base:${AMENT_PREFIX_PATH} CMAKE_PREFIX_PATH=/home/chris/ros2_ws/install/polygon_base:/home/chris/ros2_ws/src/install/polygon_plugins:/home/chris/ros2_ws/src/install/polygon_base:/home/chris/ros2_ws/install/cpp_parameters:/home/chris/ros2_ws/install/more_interfaces:/home/chris/ros2_ws/install/tutorial_interfaces:/home/chris/ros2_ws/install/cpp_srvcli:/home/chris/ros2_ws/install/cpp_pubsub:/home/chris/ros2_ws/install/my_package:/home/chris/ros2_ws/install/turtlesim:/home/chris/ros2_ws/install/examples_rclcpp_wait_set:/home/chris/ros2_ws/install/examples_rclcpp_multithreaded_executor:/home/chris/ros2_ws/install/examples_rclcpp_minimal_timer:/home/chris/ros2_ws/install/examples_rclcpp_minimal_subscriber:/home/chris/ros2_ws/install/examples_rclcpp_minimal_service:/home/chris/ros2_ws/install/examples_rclcpp_minimal_publisher:/home/chris/ros2_ws/install/examples_rclcpp_minimal_composition:/home/chris/ros2_ws/install/examples_rclcpp_minimal_client:/home/chris/ros2_ws/install/examples_rclcpp_minimal_action_server:/home/chris/ros2_ws/install/examples_rclcpp_minimal_action_client:/home/chris/ros2_ws/install/examples_rclcpp_cbg_executor:/home/chris/ros2_ws/install/examples_rclcpp_async_client:/home/chris/ros2_ws/src/install/examples_rclpy_minimal_action_server:/home/chris/ros2_ws/install/launch_testing_examples:/home/chris/ros2_ws/install/examples_rclpy_pointcloud_publisher:/home/chris/ros2_ws/install/examples_rclpy_minimal_subscriber:/home/chris/ros2_ws/install/examples_rclpy_minimal_service:/home/chris/ros2_ws/install/examples_rclpy_minimal_publisher:/home/chris/ros2_ws/install/examples_rclpy_minimal_client:/home/chris/ros2_ws/install/examples_rclpy_minimal_action_server:/home/chris/ros2_ws/install/examples_rclpy_minimal_action_client:/home/chris/ros2_ws/install/examples_rclpy_guard_conditions:/home/chris/ros2_ws/install/examples_rclpy_executors:/opt/ros/humble /usr/bin/cmake /home/chris/ros2_ws/src/polygon_plugins -DCMAKE_INSTALL_PREFIX=/home/chris/ros2_ws/install/polygon_plugins
[2.011s] Invoking command in '/home/chris/ros2_ws/build/polygon_plugins': AMENT_PREFIX_PATH=/home/chris/ros2_ws/install/polygon_base:${AMENT_PREFIX_PATH} CMAKE_PREFIX_PATH=/home/chris/ros2_ws/install/polygon_base:/home/chris/ros2_ws/src/install/polygon_plugins:/home/chris/ros2_ws/src/install/polygon_base:/home/chris/ros2_ws/install/cpp_parameters:/home/chris/ros2_ws/install/more_interfaces:/home/chris/ros2_ws/install/tutorial_interfaces:/home/chris/ros2_ws/install/cpp_srvcli:/home/chris/ros2_ws/install/cpp_pubsub:/home/chris/ros2_ws/install/my_package:/home/chris/ros2_ws/install/turtlesim:/home/chris/ros2_ws/install/examples_rclcpp_wait_set:/home/chris/ros2_ws/install/examples_rclcpp_multithreaded_executor:/home/chris/ros2_ws/install/examples_rclcpp_minimal_timer:/home/chris/ros2_ws/install/examples_rclcpp_minimal_subscriber:/home/chris/ros2_ws/install/examples_rclcpp_minimal_service:/home/chris/ros2_ws/install/examples_rclcpp_minimal_publisher:/home/chris/ros2_ws/install/examples_rclcpp_minimal_composition:/home/chris/ros2_ws/install/examples_rclcpp_minimal_client:/home/chris/ros2_ws/install/examples_rclcpp_minimal_action_server:/home/chris/ros2_ws/install/examples_rclcpp_minimal_action_client:/home/chris/ros2_ws/install/examples_rclcpp_cbg_executor:/home/chris/ros2_ws/install/examples_rclcpp_async_client:/home/chris/ros2_ws/src/install/examples_rclpy_minimal_action_server:/home/chris/ros2_ws/install/launch_testing_examples:/home/chris/ros2_ws/install/examples_rclpy_pointcloud_publisher:/home/chris/ros2_ws/install/examples_rclpy_minimal_subscriber:/home/chris/ros2_ws/install/examples_rclpy_minimal_service:/home/chris/ros2_ws/install/examples_rclpy_minimal_publisher:/home/chris/ros2_ws/install/examples_rclpy_minimal_client:/home/chris/ros2_ws/install/examples_rclpy_minimal_action_server:/home/chris/ros2_ws/install/examples_rclpy_minimal_action_client:/home/chris/ros2_ws/install/examples_rclpy_guard_conditions:/home/chris/ros2_ws/install/examples_rclpy_executors:/opt/ros/humble /usr/bin/cmake --build /home/chris/ros2_ws/build/polygon_plugins -- -j20 -l20
[2.037s] [ 50%] [32mBuilding CXX object CMakeFiles/polygon_plugins.dir/src/polygon_plugins.cpp.o[0m
[2.355s] [100%] [32m[1mLinking CXX shared library libpolygon_plugins.so[0m
[2.406s] [100%] Built target polygon_plugins
[2.413s] Invoked command in '/home/chris/ros2_ws/build/polygon_plugins' returned '0': AMENT_PREFIX_PATH=/home/chris/ros2_ws/install/polygon_base:${AMENT_PREFIX_PATH} CMAKE_PREFIX_PATH=/home/chris/ros2_ws/install/polygon_base:/home/chris/ros2_ws/src/install/polygon_plugins:/home/chris/ros2_ws/src/install/polygon_base:/home/chris/ros2_ws/install/cpp_parameters:/home/chris/ros2_ws/install/more_interfaces:/home/chris/ros2_ws/install/tutorial_interfaces:/home/chris/ros2_ws/install/cpp_srvcli:/home/chris/ros2_ws/install/cpp_pubsub:/home/chris/ros2_ws/install/my_package:/home/chris/ros2_ws/install/turtlesim:/home/chris/ros2_ws/install/examples_rclcpp_wait_set:/home/chris/ros2_ws/install/examples_rclcpp_multithreaded_executor:/home/chris/ros2_ws/install/examples_rclcpp_minimal_timer:/home/chris/ros2_ws/install/examples_rclcpp_minimal_subscriber:/home/chris/ros2_ws/install/examples_rclcpp_minimal_service:/home/chris/ros2_ws/install/examples_rclcpp_minimal_publisher:/home/chris/ros2_ws/install/examples_rclcpp_minimal_composition:/home/chris/ros2_ws/install/examples_rclcpp_minimal_client:/home/chris/ros2_ws/install/examples_rclcpp_minimal_action_server:/home/chris/ros2_ws/install/examples_rclcpp_minimal_action_client:/home/chris/ros2_ws/install/examples_rclcpp_cbg_executor:/home/chris/ros2_ws/install/examples_rclcpp_async_client:/home/chris/ros2_ws/src/install/examples_rclpy_minimal_action_server:/home/chris/ros2_ws/install/launch_testing_examples:/home/chris/ros2_ws/install/examples_rclpy_pointcloud_publisher:/home/chris/ros2_ws/install/examples_rclpy_minimal_subscriber:/home/chris/ros2_ws/install/examples_rclpy_minimal_service:/home/chris/ros2_ws/install/examples_rclpy_minimal_publisher:/home/chris/ros2_ws/install/examples_rclpy_minimal_client:/home/chris/ros2_ws/install/examples_rclpy_minimal_action_server:/home/chris/ros2_ws/install/examples_rclpy_minimal_action_client:/home/chris/ros2_ws/install/examples_rclpy_guard_conditions:/home/chris/ros2_ws/install/examples_rclpy_executors:/opt/ros/humble /usr/bin/cmake --build /home/chris/ros2_ws/build/polygon_plugins -- -j20 -l20
[2.427s] Invoking command in '/home/chris/ros2_ws/build/polygon_plugins': AMENT_PREFIX_PATH=/home/chris/ros2_ws/install/polygon_base:${AMENT_PREFIX_PATH} CMAKE_PREFIX_PATH=/home/chris/ros2_ws/install/polygon_base:/home/chris/ros2_ws/src/install/polygon_plugins:/home/chris/ros2_ws/src/install/polygon_base:/home/chris/ros2_ws/install/cpp_parameters:/home/chris/ros2_ws/install/more_interfaces:/home/chris/ros2_ws/install/tutorial_interfaces:/home/chris/ros2_ws/install/cpp_srvcli:/home/chris/ros2_ws/install/cpp_pubsub:/home/chris/ros2_ws/install/my_package:/home/chris/ros2_ws/install/turtlesim:/home/chris/ros2_ws/install/examples_rclcpp_wait_set:/home/chris/ros2_ws/install/examples_rclcpp_multithreaded_executor:/home/chris/ros2_ws/install/examples_rclcpp_minimal_timer:/home/chris/ros2_ws/install/examples_rclcpp_minimal_subscriber:/home/chris/ros2_ws/install/examples_rclcpp_minimal_service:/home/chris/ros2_ws/install/examples_rclcpp_minimal_publisher:/home/chris/ros2_ws/install/examples_rclcpp_minimal_composition:/home/chris/ros2_ws/install/examples_rclcpp_minimal_client:/home/chris/ros2_ws/install/examples_rclcpp_minimal_action_server:/home/chris/ros2_ws/install/examples_rclcpp_minimal_action_client:/home/chris/ros2_ws/install/examples_rclcpp_cbg_executor:/home/chris/ros2_ws/install/examples_rclcpp_async_client:/home/chris/ros2_ws/src/install/examples_rclpy_minimal_action_server:/home/chris/ros2_ws/install/launch_testing_examples:/home/chris/ros2_ws/install/examples_rclpy_pointcloud_publisher:/home/chris/ros2_ws/install/examples_rclpy_minimal_subscriber:/home/chris/ros2_ws/install/examples_rclpy_minimal_service:/home/chris/ros2_ws/install/examples_rclpy_minimal_publisher:/home/chris/ros2_ws/install/examples_rclpy_minimal_client:/home/chris/ros2_ws/install/examples_rclpy_minimal_action_server:/home/chris/ros2_ws/install/examples_rclpy_minimal_action_client:/home/chris/ros2_ws/install/examples_rclpy_guard_conditions:/home/chris/ros2_ws/install/examples_rclpy_executors:/opt/ros/humble /usr/bin/cmake --install /home/chris/ros2_ws/build/polygon_plugins
[2.431s] -- Install configuration: ""
[2.431s] -- Installing: /home/chris/ros2_ws/install/polygon_plugins/share/polygon_plugins/plugins.xml
[2.431s] -- Installing: /home/chris/ros2_ws/install/polygon_plugins/include
[2.431s] -- Installing: /home/chris/ros2_ws/install/polygon_plugins/include/polygon_plugins
[2.431s] -- Installing: /home/chris/ros2_ws/install/polygon_plugins/include/polygon_plugins/polygon_plugins.hpp
[2.431s] -- Installing: /home/chris/ros2_ws/install/polygon_plugins/include/polygon_plugins/visibility_control.h
[2.431s] -- Installing: /home/chris/ros2_ws/install/polygon_plugins/lib/libpolygon_plugins.so
[2.431s] -- Set runtime path of "/home/chris/ros2_ws/install/polygon_plugins/lib/libpolygon_plugins.so" to ""
[2.431s] -- Installing: /home/chris/ros2_ws/install/polygon_plugins/share/polygon_plugins/environment/library_path.sh
[2.431s] -- Installing: /home/chris/ros2_ws/install/polygon_plugins/share/polygon_plugins/environment/library_path.dsv
[2.431s] -- Installing: /home/chris/ros2_ws/install/polygon_plugins/share/ament_index/resource_index/package_run_dependencies/polygon_plugins
[2.431s] -- Installing: /home/chris/ros2_ws/install/polygon_plugins/share/ament_index/resource_index/parent_prefix_path/polygon_plugins
[2.431s] -- Installing: /home/chris/ros2_ws/install/polygon_plugins/share/polygon_plugins/environment/ament_prefix_path.sh
[2.432s] -- Installing: /home/chris/ros2_ws/install/polygon_plugins/share/polygon_plugins/environment/ament_prefix_path.dsv
[2.432s] -- Installing: /home/chris/ros2_ws/install/polygon_plugins/share/polygon_plugins/environment/path.sh
[2.432s] -- Installing: /home/chris/ros2_ws/install/polygon_plugins/share/polygon_plugins/environment/path.dsv
[2.432s] -- Installing: /home/chris/ros2_ws/install/polygon_plugins/share/polygon_plugins/local_setup.bash
[2.432s] -- Installing: /home/chris/ros2_ws/install/polygon_plugins/share/polygon_plugins/local_setup.sh
[2.432s] -- Installing: /home/chris/ros2_ws/install/polygon_plugins/share/polygon_plugins/local_setup.zsh
[2.432s] -- Installing: /home/chris/ros2_ws/install/polygon_plugins/share/polygon_plugins/local_setup.dsv
[2.432s] -- Installing: /home/chris/ros2_ws/install/polygon_plugins/share/polygon_plugins/package.dsv
[2.432s] -- Installing: /home/chris/ros2_ws/install/polygon_plugins/share/ament_index/resource_index/packages/polygon_plugins
[2.432s] -- Installing: /home/chris/ros2_ws/install/polygon_plugins/share/ament_index/resource_index/polygon_base__pluginlib__plugin/polygon_plugins
[2.432s] -- Installing: /home/chris/ros2_ws/install/polygon_plugins/share/polygon_plugins/cmake/export_polygon_pluginsExport.cmake
[2.432s] -- Installing: /home/chris/ros2_ws/install/polygon_plugins/share/polygon_plugins/cmake/export_polygon_pluginsExport-noconfig.cmake
[2.432s] -- Installing: /home/chris/ros2_ws/install/polygon_plugins/share/polygon_plugins/cmake/ament_cmake_export_include_directories-extras.cmake
[2.432s] -- Installing: /home/chris/ros2_ws/install/polygon_plugins/share/polygon_plugins/cmake/ament_cmake_export_libraries-extras.cmake
[2.432s] -- Installing: /home/chris/ros2_ws/install/polygon_plugins/share/polygon_plugins/cmake/ament_cmake_export_targets-extras.cmake
[2.432s] -- Installing: /home/chris/ros2_ws/install/polygon_plugins/share/polygon_plugins/cmake/polygon_pluginsConfig.cmake
[2.432s] -- Installing: /home/chris/ros2_ws/install/polygon_plugins/share/polygon_plugins/cmake/polygon_pluginsConfig-version.cmake
[2.432s] -- Installing: /home/chris/ros2_ws/install/polygon_plugins/share/polygon_plugins/package.xml
[2.434s] Invoked command in '/home/chris/ros2_ws/build/polygon_plugins' returned '0': AMENT_PREFIX_PATH=/home/chris/ros2_ws/install/polygon_base:${AMENT_PREFIX_PATH} CMAKE_PREFIX_PATH=/home/chris/ros2_ws/install/polygon_base:/home/chris/ros2_ws/src/install/polygon_plugins:/home/chris/ros2_ws/src/install/polygon_base:/home/chris/ros2_ws/install/cpp_parameters:/home/chris/ros2_ws/install/more_interfaces:/home/chris/ros2_ws/install/tutorial_interfaces:/home/chris/ros2_ws/install/cpp_srvcli:/home/chris/ros2_ws/install/cpp_pubsub:/home/chris/ros2_ws/install/my_package:/home/chris/ros2_ws/install/turtlesim:/home/chris/ros2_ws/install/examples_rclcpp_wait_set:/home/chris/ros2_ws/install/examples_rclcpp_multithreaded_executor:/home/chris/ros2_ws/install/examples_rclcpp_minimal_timer:/home/chris/ros2_ws/install/examples_rclcpp_minimal_subscriber:/home/chris/ros2_ws/install/examples_rclcpp_minimal_service:/home/chris/ros2_ws/install/examples_rclcpp_minimal_publisher:/home/chris/ros2_ws/install/examples_rclcpp_minimal_composition:/home/chris/ros2_ws/install/examples_rclcpp_minimal_client:/home/chris/ros2_ws/install/examples_rclcpp_minimal_action_server:/home/chris/ros2_ws/install/examples_rclcpp_minimal_action_client:/home/chris/ros2_ws/install/examples_rclcpp_cbg_executor:/home/chris/ros2_ws/install/examples_rclcpp_async_client:/home/chris/ros2_ws/src/install/examples_rclpy_minimal_action_server:/home/chris/ros2_ws/install/launch_testing_examples:/home/chris/ros2_ws/install/examples_rclpy_pointcloud_publisher:/home/chris/ros2_ws/install/examples_rclpy_minimal_subscriber:/home/chris/ros2_ws/install/examples_rclpy_minimal_service:/home/chris/ros2_ws/install/examples_rclpy_minimal_publisher:/home/chris/ros2_ws/install/examples_rclpy_minimal_client:/home/chris/ros2_ws/install/examples_rclpy_minimal_action_server:/home/chris/ros2_ws/install/examples_rclpy_minimal_action_client:/home/chris/ros2_ws/install/examples_rclpy_guard_conditions:/home/chris/ros2_ws/install/examples_rclpy_executors:/opt/ros/humble /usr/bin/cmake --install /home/chris/ros2_ws/build/polygon_plugins
