[0.037s] Invoking command in '/home/chris/rostut/build/cpp_srvcli': CMAKE_PREFIX_PATH=${CMAKE_PREFIX_PATH}:/home/chris/rostut/install/launch_testing_examples:/home/chris/rostut/install/examples_rclpy_pointcloud_publisher:/home/chris/rostut/install/examples_rclpy_minimal_subscriber:/home/chris/rostut/install/examples_rclpy_minimal_service:/home/chris/rostut/install/examples_rclpy_minimal_publisher:/home/chris/rostut/install/examples_rclpy_minimal_client:/home/chris/rostut/install/examples_rclpy_minimal_action_server:/home/chris/rostut/install/examples_rclpy_minimal_action_client:/home/chris/rostut/install/examples_rclpy_guard_conditions:/home/chris/rostut/install/examples_rclpy_executors:/opt/ros/humble /usr/bin/cmake --build /home/chris/rostut/build/cpp_srvcli -- -j20 -l20
[0.050s] -- Found ament_cmake: 1.3.6 (/opt/ros/humble/share/ament_cmake/cmake)
[0.140s] -- Found rclcpp: 16.0.7 (/opt/ros/humble/share/rclcpp/cmake)
[0.156s] -- Found rosidl_generator_c: 3.1.5 (/opt/ros/humble/share/rosidl_generator_c/cmake)
[0.157s] -- Found rosidl_adapter: 3.1.5 (/opt/ros/humble/share/rosidl_adapter/cmake)
[0.160s] -- Found rosidl_generator_cpp: 3.1.5 (/opt/ros/humble/share/rosidl_generator_cpp/cmake)
[0.166s] -- Using all available rosidl_typesupport_c: rosidl_typesupport_fastrtps_c;rosidl_typesupport_introspection_c
[0.175s] -- Using all available rosidl_typesupport_cpp: rosidl_typesupport_fastrtps_cpp;rosidl_typesupport_introspection_cpp
[0.206s] -- Found rmw_implementation_cmake: 6.1.1 (/opt/ros/humble/share/rmw_implementation_cmake/cmake)
[0.207s] -- Found rmw_fastrtps_cpp: 6.2.5 (/opt/ros/humble/share/rmw_fastrtps_cpp/cmake)
[0.272s] -- Using RMW implementation 'rmw_fastrtps_cpp' as default
[0.356s] -- Found tutorial_interfaces: 0.0.0 (/home/chris/rostut/install/tutorial_interfaces/share/tutorial_interfaces/cmake)
[0.419s] -- Found ament_lint_auto: 0.12.9 (/opt/ros/humble/share/ament_lint_auto/cmake)
[0.460s] -- Added test 'cppcheck' to perform static code analysis on C / C++ code
[0.460s] -- Configured cppcheck include dirs: 
[0.460s] -- Configured cppcheck exclude dirs and/or files: 
[0.460s] -- Added test 'lint_cmake' to check CMake code style
[0.460s] -- Added test 'uncrustify' to check C / C++ code style
[0.460s] -- Configured uncrustify additional arguments: 
[0.460s] -- Added test 'xmllint' to check XML markup files
[0.461s] -- Configuring done
[0.467s] -- Generating done
[0.467s] -- Build files have been written to: /home/chris/rostut/build/cpp_srvcli
[0.481s] [35m[1mConsolidate compiler generated dependencies of target client[0m
[0.481s] [35m[1mConsolidate compiler generated dependencies of target server[0m
[0.489s] [ 25%] [32mBuilding CXX object CMakeFiles/server.dir/src/add_two_ints_server.cpp.o[0m
[0.489s] [ 50%] [32mBuilding CXX object CMakeFiles/client.dir/src/add_two_ints_client.cpp.o[0m
[2.138s] [ 75%] [32m[1mLinking CXX executable server[0m
[2.215s] [ 75%] Built target server
[2.226s] [100%] [32m[1mLinking CXX executable client[0m
[2.306s] [100%] Built target client
[2.312s] Invoked command in '/home/chris/rostut/build/cpp_srvcli' returned '0': CMAKE_PREFIX_PATH=${CMAKE_PREFIX_PATH}:/home/chris/rostut/install/launch_testing_examples:/home/chris/rostut/install/examples_rclpy_pointcloud_publisher:/home/chris/rostut/install/examples_rclpy_minimal_subscriber:/home/chris/rostut/install/examples_rclpy_minimal_service:/home/chris/rostut/install/examples_rclpy_minimal_publisher:/home/chris/rostut/install/examples_rclpy_minimal_client:/home/chris/rostut/install/examples_rclpy_minimal_action_server:/home/chris/rostut/install/examples_rclpy_minimal_action_client:/home/chris/rostut/install/examples_rclpy_guard_conditions:/home/chris/rostut/install/examples_rclpy_executors:/opt/ros/humble /usr/bin/cmake --build /home/chris/rostut/build/cpp_srvcli -- -j20 -l20
[2.331s] Invoking command in '/home/chris/rostut/build/cpp_srvcli': CMAKE_PREFIX_PATH=${CMAKE_PREFIX_PATH}:/home/chris/rostut/install/launch_testing_examples:/home/chris/rostut/install/examples_rclpy_pointcloud_publisher:/home/chris/rostut/install/examples_rclpy_minimal_subscriber:/home/chris/rostut/install/examples_rclpy_minimal_service:/home/chris/rostut/install/examples_rclpy_minimal_publisher:/home/chris/rostut/install/examples_rclpy_minimal_client:/home/chris/rostut/install/examples_rclpy_minimal_action_server:/home/chris/rostut/install/examples_rclpy_minimal_action_client:/home/chris/rostut/install/examples_rclpy_guard_conditions:/home/chris/rostut/install/examples_rclpy_executors:/opt/ros/humble /usr/bin/cmake --install /home/chris/rostut/build/cpp_srvcli
[2.335s] -- Install configuration: ""
[2.335s] -- Installing: /home/chris/rostut/install/cpp_srvcli/lib/cpp_srvcli/server
[2.335s] -- Set runtime path of "/home/chris/rostut/install/cpp_srvcli/lib/cpp_srvcli/server" to ""
[2.335s] -- Installing: /home/chris/rostut/install/cpp_srvcli/lib/cpp_srvcli/client
[2.336s] -- Set runtime path of "/home/chris/rostut/install/cpp_srvcli/lib/cpp_srvcli/client" to ""
[2.336s] -- Installing: /home/chris/rostut/install/cpp_srvcli/share/ament_index/resource_index/package_run_dependencies/cpp_srvcli
[2.336s] -- Installing: /home/chris/rostut/install/cpp_srvcli/share/ament_index/resource_index/parent_prefix_path/cpp_srvcli
[2.336s] -- Up-to-date: /home/chris/rostut/install/cpp_srvcli/share/cpp_srvcli/environment/ament_prefix_path.sh
[2.336s] -- Installing: /home/chris/rostut/install/cpp_srvcli/share/cpp_srvcli/environment/ament_prefix_path.dsv
[2.336s] -- Up-to-date: /home/chris/rostut/install/cpp_srvcli/share/cpp_srvcli/environment/path.sh
[2.336s] -- Installing: /home/chris/rostut/install/cpp_srvcli/share/cpp_srvcli/environment/path.dsv
[2.336s] -- Up-to-date: /home/chris/rostut/install/cpp_srvcli/share/cpp_srvcli/local_setup.bash
[2.336s] -- Up-to-date: /home/chris/rostut/install/cpp_srvcli/share/cpp_srvcli/local_setup.sh
[2.336s] -- Up-to-date: /home/chris/rostut/install/cpp_srvcli/share/cpp_srvcli/local_setup.zsh
[2.336s] -- Installing: /home/chris/rostut/install/cpp_srvcli/share/cpp_srvcli/local_setup.dsv
[2.336s] -- Installing: /home/chris/rostut/install/cpp_srvcli/share/cpp_srvcli/package.dsv
[2.336s] -- Up-to-date: /home/chris/rostut/install/cpp_srvcli/share/ament_index/resource_index/packages/cpp_srvcli
[2.336s] -- Up-to-date: /home/chris/rostut/install/cpp_srvcli/share/cpp_srvcli/cmake/cpp_srvcliConfig.cmake
[2.336s] -- Up-to-date: /home/chris/rostut/install/cpp_srvcli/share/cpp_srvcli/cmake/cpp_srvcliConfig-version.cmake
[2.336s] -- Installing: /home/chris/rostut/install/cpp_srvcli/share/cpp_srvcli/package.xml
[2.337s] Invoked command in '/home/chris/rostut/build/cpp_srvcli' returned '0': CMAKE_PREFIX_PATH=${CMAKE_PREFIX_PATH}:/home/chris/rostut/install/launch_testing_examples:/home/chris/rostut/install/examples_rclpy_pointcloud_publisher:/home/chris/rostut/install/examples_rclpy_minimal_subscriber:/home/chris/rostut/install/examples_rclpy_minimal_service:/home/chris/rostut/install/examples_rclpy_minimal_publisher:/home/chris/rostut/install/examples_rclpy_minimal_client:/home/chris/rostut/install/examples_rclpy_minimal_action_server:/home/chris/rostut/install/examples_rclpy_minimal_action_client:/home/chris/rostut/install/examples_rclpy_guard_conditions:/home/chris/rostut/install/examples_rclpy_executors:/opt/ros/humble /usr/bin/cmake --install /home/chris/rostut/build/cpp_srvcli
