[0.584s] Invoking command in '/home/chris/rostut/build/examples_rclcpp_minimal_action_server': CMAKE_PREFIX_PATH=/opt/ros/humble /usr/bin/cmake /home/chris/rostut/src/examples/rclcpp/actions/minimal_action_server -DAMENT_CMAKE_SYMLINK_INSTALL=1 -DCMAKE_INSTALL_PREFIX=/home/chris/rostut/install/examples_rclcpp_minimal_action_server
[2.322s] -- The C compiler identification is GNU 11.4.0
[2.322s] -- The CXX compiler identification is GNU 11.4.0
[2.322s] -- Detecting C compiler ABI info
[2.322s] -- Detecting C compiler ABI info - done
[2.322s] -- Check for working C compiler: /usr/bin/cc - skipped
[2.322s] -- Detecting C compile features
[2.322s] -- Detecting C compile features - done
[2.322s] -- Detecting CXX compiler ABI info
[2.322s] -- Detecting CXX compiler ABI info - done
[2.322s] -- Check for working CXX compiler: /usr/bin/c++ - skipped
[2.322s] -- Detecting CXX compile features
[2.322s] -- Detecting CXX compile features - done
[2.322s] -- Found ament_cmake: 1.3.6 (/opt/ros/humble/share/ament_cmake/cmake)
[2.322s] -- Found Python3: /usr/bin/python3.10 (found version "3.10.12") found components: Interpreter 
[2.322s] -- Override CMake install command with custom implementation using symlinks instead of copying resources
[2.322s] -- Found example_interfaces: 0.9.3 (/opt/ros/humble/share/example_interfaces/cmake)
[2.322s] -- Found rosidl_generator_c: 3.1.5 (/opt/ros/humble/share/rosidl_generator_c/cmake)
[2.322s] -- Found rosidl_adapter: 3.1.5 (/opt/ros/humble/share/rosidl_adapter/cmake)
[2.322s] -- Found rosidl_generator_cpp: 3.1.5 (/opt/ros/humble/share/rosidl_generator_cpp/cmake)
[2.322s] -- Using all available rosidl_typesupport_c: rosidl_typesupport_fastrtps_c;rosidl_typesupport_introspection_c
[2.322s] -- Using all available rosidl_typesupport_cpp: rosidl_typesupport_fastrtps_cpp;rosidl_typesupport_introspection_cpp
[2.322s] -- Found rclcpp: 16.0.7 (/opt/ros/humble/share/rclcpp/cmake)
[2.322s] -- Found rmw_implementation_cmake: 6.1.1 (/opt/ros/humble/share/rmw_implementation_cmake/cmake)
[2.322s] -- Found rmw_fastrtps_cpp: 6.2.5 (/opt/ros/humble/share/rmw_fastrtps_cpp/cmake)
[2.322s] -- Found OpenSSL: /usr/lib/x86_64-linux-gnu/libcrypto.so (found version "3.0.2")  
[2.322s] -- Found FastRTPS: /opt/ros/humble/include  
[2.322s] -- Using RMW implementation 'rmw_fastrtps_cpp' as default
[2.322s] -- Looking for pthread.h
[2.322s] -- Looking for pthread.h - found
[2.322s] -- Performing Test CMAKE_HAVE_LIBC_PTHREAD
[2.322s] -- Performing Test CMAKE_HAVE_LIBC_PTHREAD - Success
[2.323s] -- Found Threads: TRUE  
[2.323s] -- Found rclcpp_action: 16.0.7 (/opt/ros/humble/share/rclcpp_action/cmake)
[2.323s] -- Found ament_lint_auto: 0.12.9 (/opt/ros/humble/share/ament_lint_auto/cmake)
[2.323s] -- Added test 'copyright' to check source files copyright and LICENSE
[2.323s] -- Added test 'cppcheck' to perform static code analysis on C / C++ code
[2.323s] -- Configured cppcheck include dirs: 
[2.323s] -- Configured cppcheck exclude dirs and/or files: 
[2.323s] -- Added test 'cpplint' to check C / C++ code against the Google style
[2.323s] -- Configured cpplint exclude dirs and/or files: 
[2.323s] -- Added test 'lint_cmake' to check CMake code style
[2.323s] -- Added test 'uncrustify' to check C / C++ code style
[2.323s] -- Configured uncrustify additional arguments: 
[2.323s] -- Added test 'xmllint' to check XML markup files
[2.323s] -- Configuring done
[2.323s] -- Generating done
[2.323s] -- Build files have been written to: /home/chris/rostut/build/examples_rclcpp_minimal_action_server
[2.354s] Invoked command in '/home/chris/rostut/build/examples_rclcpp_minimal_action_server' returned '0': CMAKE_PREFIX_PATH=/opt/ros/humble /usr/bin/cmake /home/chris/rostut/src/examples/rclcpp/actions/minimal_action_server -DAMENT_CMAKE_SYMLINK_INSTALL=1 -DCMAKE_INSTALL_PREFIX=/home/chris/rostut/install/examples_rclcpp_minimal_action_server
[2.354s] Invoking command in '/home/chris/rostut/build/examples_rclcpp_minimal_action_server': CMAKE_PREFIX_PATH=/opt/ros/humble /usr/bin/cmake --build /home/chris/rostut/build/examples_rclcpp_minimal_action_server -- -j20 -l20
[2.388s] [ 25%] [32mBuilding CXX object CMakeFiles/action_server_not_composable.dir/not_composable.cpp.o[0m
[2.407s] [ 50%] [32mBuilding CXX object CMakeFiles/action_server_member_functions.dir/member_functions.cpp.o[0m
[79.362s] [ 75%] [32m[1mLinking CXX executable action_server_not_composable[0m
[79.613s] [ 75%] Built target action_server_not_composable
[79.623s] [100%] [32m[1mLinking CXX executable action_server_member_functions[0m
[79.860s] [100%] Built target action_server_member_functions
[80.365s] Invoked command in '/home/chris/rostut/build/examples_rclcpp_minimal_action_server' returned '0': CMAKE_PREFIX_PATH=/opt/ros/humble /usr/bin/cmake --build /home/chris/rostut/build/examples_rclcpp_minimal_action_server -- -j20 -l20
[81.825s] Invoking command in '/home/chris/rostut/build/examples_rclcpp_minimal_action_server': CMAKE_PREFIX_PATH=/opt/ros/humble /usr/bin/cmake --install /home/chris/rostut/build/examples_rclcpp_minimal_action_server
[81.855s] -- Install configuration: ""
[81.855s] -- Execute custom install script
[81.855s] -- Symlinking: /home/chris/rostut/install/examples_rclcpp_minimal_action_server/lib/examples_rclcpp_minimal_action_server/action_server_not_composable
[81.882s] -- Symlinking: /home/chris/rostut/install/examples_rclcpp_minimal_action_server/lib/examples_rclcpp_minimal_action_server/action_server_member_functions
[81.914s] -- Symlinking: /home/chris/rostut/install/examples_rclcpp_minimal_action_server/share/ament_index/resource_index/package_run_dependencies/examples_rclcpp_minimal_action_server
[81.931s] -- Symlinking: /home/chris/rostut/install/examples_rclcpp_minimal_action_server/share/ament_index/resource_index/parent_prefix_path/examples_rclcpp_minimal_action_server
[81.979s] -- Symlinking: /home/chris/rostut/install/examples_rclcpp_minimal_action_server/share/examples_rclcpp_minimal_action_server/environment/ament_prefix_path.sh
[81.993s] -- Symlinking: /home/chris/rostut/install/examples_rclcpp_minimal_action_server/share/examples_rclcpp_minimal_action_server/environment/ament_prefix_path.dsv
[82.028s] -- Symlinking: /home/chris/rostut/install/examples_rclcpp_minimal_action_server/share/examples_rclcpp_minimal_action_server/environment/path.sh
[82.035s] -- Symlinking: /home/chris/rostut/install/examples_rclcpp_minimal_action_server/share/examples_rclcpp_minimal_action_server/environment/path.dsv
[82.058s] -- Symlinking: /home/chris/rostut/install/examples_rclcpp_minimal_action_server/share/examples_rclcpp_minimal_action_server/local_setup.bash
[82.058s] -- Symlinking: /home/chris/rostut/install/examples_rclcpp_minimal_action_server/share/examples_rclcpp_minimal_action_server/local_setup.sh
[82.064s] -- Symlinking: /home/chris/rostut/install/examples_rclcpp_minimal_action_server/share/examples_rclcpp_minimal_action_server/local_setup.zsh
[82.080s] -- Symlinking: /home/chris/rostut/install/examples_rclcpp_minimal_action_server/share/examples_rclcpp_minimal_action_server/local_setup.dsv
[82.089s] -- Symlinking: /home/chris/rostut/install/examples_rclcpp_minimal_action_server/share/examples_rclcpp_minimal_action_server/package.dsv
[82.101s] -- Symlinking: /home/chris/rostut/install/examples_rclcpp_minimal_action_server/share/ament_index/resource_index/packages/examples_rclcpp_minimal_action_server
[82.113s] -- Symlinking: /home/chris/rostut/install/examples_rclcpp_minimal_action_server/share/examples_rclcpp_minimal_action_server/cmake/examples_rclcpp_minimal_action_serverConfig.cmake
[82.122s] -- Symlinking: /home/chris/rostut/install/examples_rclcpp_minimal_action_server/share/examples_rclcpp_minimal_action_server/cmake/examples_rclcpp_minimal_action_serverConfig-version.cmake
[82.134s] -- Symlinking: /home/chris/rostut/install/examples_rclcpp_minimal_action_server/share/examples_rclcpp_minimal_action_server/package.xml
