[2.236s] Invoking command in '/home/chris/rostut/src/examples/rclpy/actions/minimal_action_client': PYTHONPATH=/home/chris/rostut/build/examples_rclpy_minimal_action_client/prefix_override:/home/chris/rostut/install/examples_rclpy_minimal_action_client/lib/python3.10/site-packages:${PYTHONPATH} /usr/bin/python3 setup.py egg_info --egg-base ../../../../../build/examples_rclpy_minimal_action_client build --build-base /home/chris/rostut/build/examples_rclpy_minimal_action_client/build install --record /home/chris/rostut/build/examples_rclpy_minimal_action_client/install.log --single-version-externally-managed
[2.600s] /usr/lib/python3/dist-packages/setuptools/command/install.py:34: SetuptoolsDeprecationWarning: setup.py install is deprecated. Use build and pip and other standards-based tools.
[2.601s]   warnings.warn(
[2.601s] running egg_info
[2.601s] writing ../../../../../build/examples_rclpy_minimal_action_client/examples_rclpy_minimal_action_client.egg-info/PKG-INFO
[2.602s] writing dependency_links to ../../../../../build/examples_rclpy_minimal_action_client/examples_rclpy_minimal_action_client.egg-info/dependency_links.txt
[2.602s] writing entry points to ../../../../../build/examples_rclpy_minimal_action_client/examples_rclpy_minimal_action_client.egg-info/entry_points.txt
[2.602s] writing requirements to ../../../../../build/examples_rclpy_minimal_action_client/examples_rclpy_minimal_action_client.egg-info/requires.txt
[2.602s] writing top-level names to ../../../../../build/examples_rclpy_minimal_action_client/examples_rclpy_minimal_action_client.egg-info/top_level.txt
[2.602s] reading manifest file '../../../../../build/examples_rclpy_minimal_action_client/examples_rclpy_minimal_action_client.egg-info/SOURCES.txt'
[2.603s] writing manifest file '../../../../../build/examples_rclpy_minimal_action_client/examples_rclpy_minimal_action_client.egg-info/SOURCES.txt'
[2.603s] running build
[2.603s] running build_py
[2.603s] running install
[2.604s] running install_lib
[2.604s] running install_data
[2.605s] running install_egg_info
[2.605s] removing '/home/chris/rostut/install/examples_rclpy_minimal_action_client/lib/python3.10/site-packages/examples_rclpy_minimal_action_client-0.15.1-py3.10.egg-info' (and everything under it)
[2.605s] Copying ../../../../../build/examples_rclpy_minimal_action_client/examples_rclpy_minimal_action_client.egg-info to /home/chris/rostut/install/examples_rclpy_minimal_action_client/lib/python3.10/site-packages/examples_rclpy_minimal_action_client-0.15.1-py3.10.egg-info
[2.605s] running install_scripts
[2.605s] Installing client script to /home/chris/rostut/install/examples_rclpy_minimal_action_client/lib/examples_rclpy_minimal_action_client
[2.605s] Installing client_asyncio script to /home/chris/rostut/install/examples_rclpy_minimal_action_client/lib/examples_rclpy_minimal_action_client
[2.605s] Installing client_cancel script to /home/chris/rostut/install/examples_rclpy_minimal_action_client/lib/examples_rclpy_minimal_action_client
[2.605s] Installing client_not_composable script to /home/chris/rostut/install/examples_rclpy_minimal_action_client/lib/examples_rclpy_minimal_action_client
[2.605s] writing list of installed files to '/home/chris/rostut/build/examples_rclpy_minimal_action_client/install.log'
[3.056s] Invoked command in '/home/chris/rostut/src/examples/rclpy/actions/minimal_action_client' returned '0': PYTHONPATH=/home/chris/rostut/build/examples_rclpy_minimal_action_client/prefix_override:/home/chris/rostut/install/examples_rclpy_minimal_action_client/lib/python3.10/site-packages:${PYTHONPATH} /usr/bin/python3 setup.py egg_info --egg-base ../../../../../build/examples_rclpy_minimal_action_client build --build-base /home/chris/rostut/build/examples_rclpy_minimal_action_client/build install --record /home/chris/rostut/build/examples_rclpy_minimal_action_client/install.log --single-version-externally-managed
