[1.371s] Invoking command in '/home/chris/ros2_ws/build/examples_rclpy_pointcloud_publisher': PYTHONPATH=/home/chris/ros2_ws/build/examples_rclpy_pointcloud_publisher/prefix_override:/home/chris/ros2_ws/install/examples_rclpy_pointcloud_publisher/lib/python3.10/site-packages:${PYTHONPATH} /usr/bin/python3 setup.py develop --uninstall --editable --build-directory /home/chris/ros2_ws/build/examples_rclpy_pointcloud_publisher/build
[1.510s] running develop
[1.511s] /usr/lib/python3/dist-packages/setuptools/command/easy_install.py:158: EasyInstallDeprecationWarning: easy_install command is deprecated. Use build and pip and other standards-based tools.
[1.511s]   warnings.warn(
[1.511s] /usr/lib/python3/dist-packages/setuptools/command/install.py:34: SetuptoolsDeprecationWarning: setup.py install is deprecated. Use build and pip and other standards-based tools.
[1.511s]   warnings.warn(
[1.588s] Removing /home/chris/ros2_ws/install/examples_rclpy_pointcloud_publisher/lib/python3.10/site-packages/examples-rclpy-pointcloud-publisher.egg-link (link to .)
[1.604s] Invoked command in '/home/chris/ros2_ws/build/examples_rclpy_pointcloud_publisher' returned '0': PYTHONPATH=/home/chris/ros2_ws/build/examples_rclpy_pointcloud_publisher/prefix_override:/home/chris/ros2_ws/install/examples_rclpy_pointcloud_publisher/lib/python3.10/site-packages:${PYTHONPATH} /usr/bin/python3 setup.py develop --uninstall --editable --build-directory /home/chris/ros2_ws/build/examples_rclpy_pointcloud_publisher/build
[1.605s] Invoking command in '/home/chris/ros2_ws/src/examples/rclpy/topics/pointcloud_publisher': PYTHONPATH=/home/chris/ros2_ws/build/examples_rclpy_pointcloud_publisher/prefix_override:/home/chris/ros2_ws/install/examples_rclpy_pointcloud_publisher/lib/python3.10/site-packages:${PYTHONPATH} /usr/bin/python3 setup.py egg_info --egg-base ../../../../../build/examples_rclpy_pointcloud_publisher build --build-base /home/chris/ros2_ws/build/examples_rclpy_pointcloud_publisher/build install --record /home/chris/ros2_ws/build/examples_rclpy_pointcloud_publisher/install.log --single-version-externally-managed
[1.733s] running egg_info
[1.734s] writing ../../../../../build/examples_rclpy_pointcloud_publisher/examples_rclpy_pointcloud_publisher.egg-info/PKG-INFO
[1.734s] writing dependency_links to ../../../../../build/examples_rclpy_pointcloud_publisher/examples_rclpy_pointcloud_publisher.egg-info/dependency_links.txt
[1.734s] writing entry points to ../../../../../build/examples_rclpy_pointcloud_publisher/examples_rclpy_pointcloud_publisher.egg-info/entry_points.txt
[1.734s] writing requirements to ../../../../../build/examples_rclpy_pointcloud_publisher/examples_rclpy_pointcloud_publisher.egg-info/requires.txt
[1.734s] writing top-level names to ../../../../../build/examples_rclpy_pointcloud_publisher/examples_rclpy_pointcloud_publisher.egg-info/top_level.txt
[1.735s] reading manifest file '../../../../../build/examples_rclpy_pointcloud_publisher/examples_rclpy_pointcloud_publisher.egg-info/SOURCES.txt'
[1.735s] writing manifest file '../../../../../build/examples_rclpy_pointcloud_publisher/examples_rclpy_pointcloud_publisher.egg-info/SOURCES.txt'
[1.735s] running build
[1.735s] running build_py
[1.736s] creating /home/chris/ros2_ws/build/examples_rclpy_pointcloud_publisher/build
[1.736s] creating /home/chris/ros2_ws/build/examples_rclpy_pointcloud_publisher/build/lib
[1.736s] creating /home/chris/ros2_ws/build/examples_rclpy_pointcloud_publisher/build/lib/examples_rclpy_pointcloud_publisher
[1.736s] copying examples_rclpy_pointcloud_publisher/pointcloud_publisher.py -> /home/chris/ros2_ws/build/examples_rclpy_pointcloud_publisher/build/lib/examples_rclpy_pointcloud_publisher
[1.736s] copying examples_rclpy_pointcloud_publisher/__init__.py -> /home/chris/ros2_ws/build/examples_rclpy_pointcloud_publisher/build/lib/examples_rclpy_pointcloud_publisher
[1.736s] running install
[1.736s] /usr/lib/python3/dist-packages/setuptools/command/install.py:34: SetuptoolsDeprecationWarning: setup.py install is deprecated. Use build and pip and other standards-based tools.
[1.736s]   warnings.warn(
[1.736s] running install_lib
[1.736s] creating /home/chris/ros2_ws/install/examples_rclpy_pointcloud_publisher/lib/python3.10/site-packages/examples_rclpy_pointcloud_publisher
[1.736s] copying /home/chris/ros2_ws/build/examples_rclpy_pointcloud_publisher/build/lib/examples_rclpy_pointcloud_publisher/pointcloud_publisher.py -> /home/chris/ros2_ws/install/examples_rclpy_pointcloud_publisher/lib/python3.10/site-packages/examples_rclpy_pointcloud_publisher
[1.736s] copying /home/chris/ros2_ws/build/examples_rclpy_pointcloud_publisher/build/lib/examples_rclpy_pointcloud_publisher/__init__.py -> /home/chris/ros2_ws/install/examples_rclpy_pointcloud_publisher/lib/python3.10/site-packages/examples_rclpy_pointcloud_publisher
[1.737s] byte-compiling /home/chris/ros2_ws/install/examples_rclpy_pointcloud_publisher/lib/python3.10/site-packages/examples_rclpy_pointcloud_publisher/pointcloud_publisher.py to pointcloud_publisher.cpython-310.pyc
[1.737s] byte-compiling /home/chris/ros2_ws/install/examples_rclpy_pointcloud_publisher/lib/python3.10/site-packages/examples_rclpy_pointcloud_publisher/__init__.py to __init__.cpython-310.pyc
[1.737s] running install_data
[1.737s] running install_egg_info
[1.738s] Copying ../../../../../build/examples_rclpy_pointcloud_publisher/examples_rclpy_pointcloud_publisher.egg-info to /home/chris/ros2_ws/install/examples_rclpy_pointcloud_publisher/lib/python3.10/site-packages/examples_rclpy_pointcloud_publisher-0.15.1-py3.10.egg-info
[1.738s] running install_scripts
[1.751s] Installing pointcloud_publisher script to /home/chris/ros2_ws/install/examples_rclpy_pointcloud_publisher/lib/examples_rclpy_pointcloud_publisher
[1.751s] writing list of installed files to '/home/chris/ros2_ws/build/examples_rclpy_pointcloud_publisher/install.log'
[1.765s] Invoked command in '/home/chris/ros2_ws/src/examples/rclpy/topics/pointcloud_publisher' returned '0': PYTHONPATH=/home/chris/ros2_ws/build/examples_rclpy_pointcloud_publisher/prefix_override:/home/chris/ros2_ws/install/examples_rclpy_pointcloud_publisher/lib/python3.10/site-packages:${PYTHONPATH} /usr/bin/python3 setup.py egg_info --egg-base ../../../../../build/examples_rclpy_pointcloud_publisher build --build-base /home/chris/ros2_ws/build/examples_rclpy_pointcloud_publisher/build install --record /home/chris/ros2_ws/build/examples_rclpy_pointcloud_publisher/install.log --single-version-externally-managed
