[2.972s] Invoking command in '/home/chris/rostut/build/examples_rclpy_minimal_client': PYTHONPATH=/home/chris/rostut/build/examples_rclpy_minimal_client/prefix_override:/home/chris/rostut/install/examples_rclpy_minimal_client/lib/python3.10/site-packages:${PYTHONPATH} /usr/bin/python3 setup.py develop --uninstall --editable --build-directory /home/chris/rostut/build/examples_rclpy_minimal_client/build
[3.164s] running develop
[3.164s] /usr/lib/python3/dist-packages/setuptools/command/easy_install.py:158: EasyInstallDeprecationWarning: easy_install command is deprecated. Use build and pip and other standards-based tools.
[3.164s]   warnings.warn(
[3.165s] /usr/lib/python3/dist-packages/setuptools/command/install.py:34: SetuptoolsDeprecationWarning: setup.py install is deprecated. Use build and pip and other standards-based tools.
[3.165s]   warnings.warn(
[3.263s] Removing /home/chris/rostut/install/examples_rclpy_minimal_client/lib/python3.10/site-packages/examples-rclpy-minimal-client.egg-link (link to .)
[3.843s] Invoked command in '/home/chris/rostut/build/examples_rclpy_minimal_client' returned '0': PYTHONPATH=/home/chris/rostut/build/examples_rclpy_minimal_client/prefix_override:/home/chris/rostut/install/examples_rclpy_minimal_client/lib/python3.10/site-packages:${PYTHONPATH} /usr/bin/python3 setup.py develop --uninstall --editable --build-directory /home/chris/rostut/build/examples_rclpy_minimal_client/build
[3.844s] Invoking command in '/home/chris/rostut/src/examples/rclpy/services/minimal_client': PYTHONPATH=/home/chris/rostut/build/examples_rclpy_minimal_client/prefix_override:/home/chris/rostut/install/examples_rclpy_minimal_client/lib/python3.10/site-packages:${PYTHONPATH} /usr/bin/python3 setup.py egg_info --egg-base ../../../../../build/examples_rclpy_minimal_client build --build-base /home/chris/rostut/build/examples_rclpy_minimal_client/build install --record /home/chris/rostut/build/examples_rclpy_minimal_client/install.log --single-version-externally-managed
[4.114s] running egg_info
[4.115s] writing ../../../../../build/examples_rclpy_minimal_client/examples_rclpy_minimal_client.egg-info/PKG-INFO
[4.115s] writing dependency_links to ../../../../../build/examples_rclpy_minimal_client/examples_rclpy_minimal_client.egg-info/dependency_links.txt
[4.115s] writing entry points to ../../../../../build/examples_rclpy_minimal_client/examples_rclpy_minimal_client.egg-info/entry_points.txt
[4.115s] writing requirements to ../../../../../build/examples_rclpy_minimal_client/examples_rclpy_minimal_client.egg-info/requires.txt
[4.115s] writing top-level names to ../../../../../build/examples_rclpy_minimal_client/examples_rclpy_minimal_client.egg-info/top_level.txt
[4.117s] reading manifest file '../../../../../build/examples_rclpy_minimal_client/examples_rclpy_minimal_client.egg-info/SOURCES.txt'
[4.118s] writing manifest file '../../../../../build/examples_rclpy_minimal_client/examples_rclpy_minimal_client.egg-info/SOURCES.txt'
[4.118s] running build
[4.118s] running build_py
[4.118s] creating /home/chris/rostut/build/examples_rclpy_minimal_client/build
[4.118s] creating /home/chris/rostut/build/examples_rclpy_minimal_client/build/lib
[4.118s] creating /home/chris/rostut/build/examples_rclpy_minimal_client/build/lib/examples_rclpy_minimal_client
[4.118s] copying examples_rclpy_minimal_client/__init__.py -> /home/chris/rostut/build/examples_rclpy_minimal_client/build/lib/examples_rclpy_minimal_client
[4.119s] copying examples_rclpy_minimal_client/client_async_callback.py -> /home/chris/rostut/build/examples_rclpy_minimal_client/build/lib/examples_rclpy_minimal_client
[4.119s] copying examples_rclpy_minimal_client/client.py -> /home/chris/rostut/build/examples_rclpy_minimal_client/build/lib/examples_rclpy_minimal_client
[4.119s] copying examples_rclpy_minimal_client/client_async_member_function.py -> /home/chris/rostut/build/examples_rclpy_minimal_client/build/lib/examples_rclpy_minimal_client
[4.119s] copying examples_rclpy_minimal_client/client_async.py -> /home/chris/rostut/build/examples_rclpy_minimal_client/build/lib/examples_rclpy_minimal_client
[4.119s] running install
[4.119s] /usr/lib/python3/dist-packages/setuptools/command/install.py:34: SetuptoolsDeprecationWarning: setup.py install is deprecated. Use build and pip and other standards-based tools.
[4.119s]   warnings.warn(
[4.119s] running install_lib
[4.120s] creating /home/chris/rostut/install/examples_rclpy_minimal_client/lib/python3.10/site-packages/examples_rclpy_minimal_client
[4.120s] copying /home/chris/rostut/build/examples_rclpy_minimal_client/build/lib/examples_rclpy_minimal_client/__init__.py -> /home/chris/rostut/install/examples_rclpy_minimal_client/lib/python3.10/site-packages/examples_rclpy_minimal_client
[4.120s] copying /home/chris/rostut/build/examples_rclpy_minimal_client/build/lib/examples_rclpy_minimal_client/client_async_callback.py -> /home/chris/rostut/install/examples_rclpy_minimal_client/lib/python3.10/site-packages/examples_rclpy_minimal_client
[4.121s] copying /home/chris/rostut/build/examples_rclpy_minimal_client/build/lib/examples_rclpy_minimal_client/client.py -> /home/chris/rostut/install/examples_rclpy_minimal_client/lib/python3.10/site-packages/examples_rclpy_minimal_client
[4.121s] copying /home/chris/rostut/build/examples_rclpy_minimal_client/build/lib/examples_rclpy_minimal_client/client_async_member_function.py -> /home/chris/rostut/install/examples_rclpy_minimal_client/lib/python3.10/site-packages/examples_rclpy_minimal_client
[4.121s] copying /home/chris/rostut/build/examples_rclpy_minimal_client/build/lib/examples_rclpy_minimal_client/client_async.py -> /home/chris/rostut/install/examples_rclpy_minimal_client/lib/python3.10/site-packages/examples_rclpy_minimal_client
[4.121s] byte-compiling /home/chris/rostut/install/examples_rclpy_minimal_client/lib/python3.10/site-packages/examples_rclpy_minimal_client/__init__.py to __init__.cpython-310.pyc
[4.122s] byte-compiling /home/chris/rostut/install/examples_rclpy_minimal_client/lib/python3.10/site-packages/examples_rclpy_minimal_client/client_async_callback.py to client_async_callback.cpython-310.pyc
[4.122s] byte-compiling /home/chris/rostut/install/examples_rclpy_minimal_client/lib/python3.10/site-packages/examples_rclpy_minimal_client/client.py to client.cpython-310.pyc
[4.122s] byte-compiling /home/chris/rostut/install/examples_rclpy_minimal_client/lib/python3.10/site-packages/examples_rclpy_minimal_client/client_async_member_function.py to client_async_member_function.cpython-310.pyc
[4.123s] byte-compiling /home/chris/rostut/install/examples_rclpy_minimal_client/lib/python3.10/site-packages/examples_rclpy_minimal_client/client_async.py to client_async.cpython-310.pyc
[4.123s] running install_data
[4.124s] running install_egg_info
[4.126s] Copying ../../../../../build/examples_rclpy_minimal_client/examples_rclpy_minimal_client.egg-info to /home/chris/rostut/install/examples_rclpy_minimal_client/lib/python3.10/site-packages/examples_rclpy_minimal_client-0.15.1-py3.10.egg-info
[4.126s] running install_scripts
[4.147s] Installing client script to /home/chris/rostut/install/examples_rclpy_minimal_client/lib/examples_rclpy_minimal_client
[4.147s] Installing client_async script to /home/chris/rostut/install/examples_rclpy_minimal_client/lib/examples_rclpy_minimal_client
[4.147s] Installing client_async_callback script to /home/chris/rostut/install/examples_rclpy_minimal_client/lib/examples_rclpy_minimal_client
[4.147s] Installing client_async_member_function script to /home/chris/rostut/install/examples_rclpy_minimal_client/lib/examples_rclpy_minimal_client
[4.147s] writing list of installed files to '/home/chris/rostut/build/examples_rclpy_minimal_client/install.log'
[4.188s] Invoked command in '/home/chris/rostut/src/examples/rclpy/services/minimal_client' returned '0': PYTHONPATH=/home/chris/rostut/build/examples_rclpy_minimal_client/prefix_override:/home/chris/rostut/install/examples_rclpy_minimal_client/lib/python3.10/site-packages:${PYTHONPATH} /usr/bin/python3 setup.py egg_info --egg-base ../../../../../build/examples_rclpy_minimal_client build --build-base /home/chris/rostut/build/examples_rclpy_minimal_client/build install --record /home/chris/rostut/build/examples_rclpy_minimal_client/install.log --single-version-externally-managed
