[0.039s] Invoking command in '/home/chris/rostut/build/learning_tf2_cpp': CMAKE_PREFIX_PATH=/home/chris/rostut/install/turtlesim:/home/chris/rostut/install/learning_tf2_cpp:/home/chris/rostut/install/cpp_parameter_event_handler:/home/chris/rostut/install/action_tutorials_cpp:/home/chris/rostut/install/action_tutorials_interfaces:/home/chris/rostut/install/polygon_plugins:/home/chris/rostut/install/polygon_base:/home/chris/rostut/install/cpp_parameters:/home/chris/rostut/install/more_interfaces:/home/chris/rostut/install/tutorial_interfaces:/home/chris/rostut/install/cpp_srvcli:/home/chris/rostut/install/cpp_pubsub:/home/chris/rostut/install/my_package:/home/chris/rostut/install/examples_rclcpp_wait_set:/home/chris/rostut/install/examples_rclcpp_multithreaded_executor:/home/chris/rostut/install/examples_rclcpp_minimal_subscriber:/home/chris/rostut/install/examples_rclcpp_minimal_service:/home/chris/rostut/install/examples_rclcpp_minimal_publisher:/home/chris/rostut/install/examples_rclcpp_minimal_composition:/home/chris/rostut/install/examples_rclcpp_minimal_client:/home/chris/rostut/install/examples_rclcpp_minimal_action_server:/home/chris/rostut/install/examples_rclcpp_minimal_action_client:/home/chris/rostut/install/examples_rclcpp_cbg_executor:/home/chris/rostut/install/examples_rclcpp_async_client:/home/chris/rostut/install/examples_rclcpp_minimal_timer:/home/chris/rostut/install/launch_testing_examples:/home/chris/rostut/install/examples_rclpy_pointcloud_publisher:/home/chris/rostut/install/examples_rclpy_minimal_subscriber:/home/chris/rostut/install/examples_rclpy_minimal_service:/home/chris/rostut/install/examples_rclpy_minimal_publisher:/home/chris/rostut/install/examples_rclpy_minimal_client:/home/chris/rostut/install/examples_rclpy_minimal_action_server:/home/chris/rostut/install/examples_rclpy_minimal_action_client:/home/chris/rostut/install/examples_rclpy_guard_conditions:/home/chris/rostut/install/examples_rclpy_executors:/opt/ros/humble LD_LIBRARY_PATH=/home/chris/rostut/install/turtlesim/lib:/home/chris/rostut/install/action_tutorials_cpp/lib:/home/chris/rostut/install/action_tutorials_interfaces/lib:/home/chris/rostut/install/polygon_plugins/lib:/home/chris/rostut/install/more_interfaces/lib:/home/chris/rostut/install/tutorial_interfaces/lib:/home/chris/rostut/install/examples_rclcpp_wait_set/lib:/home/chris/rostut/install/examples_rclcpp_minimal_subscriber/lib:/home/chris/rostut/install/examples_rclcpp_minimal_composition/lib:/opt/ros/humble/opt/rviz_ogre_vendor/lib:/opt/ros/humble/lib/x86_64-linux-gnu:/opt/ros/humble/lib /usr/bin/cmake --build /home/chris/rostut/build/learning_tf2_cpp -- -j20 -l20
[0.053s] -- Found ament_cmake: 1.3.6 (/opt/ros/humble/share/ament_cmake/cmake)
[0.150s] -- Found geometry_msgs: 4.2.3 (/opt/ros/humble/share/geometry_msgs/cmake)
[0.164s] -- Found rosidl_generator_c: 3.1.5 (/opt/ros/humble/share/rosidl_generator_c/cmake)
[0.165s] -- Found rosidl_adapter: 3.1.5 (/opt/ros/humble/share/rosidl_adapter/cmake)
[0.169s] -- Found rosidl_generator_cpp: 3.1.5 (/opt/ros/humble/share/rosidl_generator_cpp/cmake)
[0.175s] -- Using all available rosidl_typesupport_c: rosidl_typesupport_fastrtps_c;rosidl_typesupport_introspection_c
[0.185s] -- Using all available rosidl_typesupport_cpp: rosidl_typesupport_fastrtps_cpp;rosidl_typesupport_introspection_cpp
[0.250s] -- Found rclcpp: 16.0.7 (/opt/ros/humble/share/rclcpp/cmake)
[0.277s] -- Found rmw_implementation_cmake: 6.1.1 (/opt/ros/humble/share/rmw_implementation_cmake/cmake)
[0.278s] -- Found rmw_fastrtps_cpp: 6.2.5 (/opt/ros/humble/share/rmw_fastrtps_cpp/cmake)
[0.347s] -- Using RMW implementation 'rmw_fastrtps_cpp' as default
[0.416s] -- Found tf2: 0.25.5 (/opt/ros/humble/share/tf2/cmake)
[0.420s] -- Found tf2_ros: 0.25.5 (/opt/ros/humble/share/tf2_ros/cmake)
[0.596s] -- Found turtlesim: 1.4.2 (/home/chris/rostut/install/turtlesim/share/turtlesim/cmake)
[0.633s] -- Found ament_lint_auto: 0.12.9 (/opt/ros/humble/share/ament_lint_auto/cmake)
[0.677s] -- Added test 'cppcheck' to perform static code analysis on C / C++ code
[0.677s] -- Configured cppcheck include dirs: 
[0.678s] -- Configured cppcheck exclude dirs and/or files: 
[0.678s] -- Added test 'flake8' to check Python code syntax and style conventions
[0.678s] -- Added test 'lint_cmake' to check CMake code style
[0.678s] -- Added test 'pep257' to check Python code against some of the docstring style conventions in PEP 257
[0.679s] -- Added test 'uncrustify' to check C / C++ code style
[0.679s] -- Configured uncrustify additional arguments: 
[0.679s] -- Added test 'xmllint' to check XML markup files
[0.679s] -- Configuring done
[0.693s] -- Generating done
[0.693s] -- Build files have been written to: /home/chris/rostut/build/learning_tf2_cpp
[0.709s] [35m[1mConsolidate compiler generated dependencies of target fixed_frame_tf2_broadcaster[0m
[0.709s] [35m[1mConsolidate compiler generated dependencies of target static_turtle_tf2_broadcaster[0m
[0.709s] [35m[1mConsolidate compiler generated dependencies of target turtle_tf2_broadcaster[0m
[0.711s] [35m[1mConsolidate compiler generated dependencies of target turtle_tf2_listener[0m
[0.715s] [ 10%] [32mBuilding CXX object CMakeFiles/dynamic_frame_tf2_broadcaster.dir/src/dynamic_frame_tf2_broadcaster.cpp.o[0m
[0.719s] [ 60%] Built target static_turtle_tf2_broadcaster
[0.719s] [ 60%] Built target fixed_frame_tf2_broadcaster
[0.719s] [ 70%] Built target turtle_tf2_broadcaster
[0.722s] [ 90%] Built target turtle_tf2_listener
[2.802s] [100%] [32m[1mLinking CXX executable dynamic_frame_tf2_broadcaster[0m
[2.911s] [100%] Built target dynamic_frame_tf2_broadcaster
[2.922s] Invoked command in '/home/chris/rostut/build/learning_tf2_cpp' returned '0': CMAKE_PREFIX_PATH=/home/chris/rostut/install/turtlesim:/home/chris/rostut/install/learning_tf2_cpp:/home/chris/rostut/install/cpp_parameter_event_handler:/home/chris/rostut/install/action_tutorials_cpp:/home/chris/rostut/install/action_tutorials_interfaces:/home/chris/rostut/install/polygon_plugins:/home/chris/rostut/install/polygon_base:/home/chris/rostut/install/cpp_parameters:/home/chris/rostut/install/more_interfaces:/home/chris/rostut/install/tutorial_interfaces:/home/chris/rostut/install/cpp_srvcli:/home/chris/rostut/install/cpp_pubsub:/home/chris/rostut/install/my_package:/home/chris/rostut/install/examples_rclcpp_wait_set:/home/chris/rostut/install/examples_rclcpp_multithreaded_executor:/home/chris/rostut/install/examples_rclcpp_minimal_subscriber:/home/chris/rostut/install/examples_rclcpp_minimal_service:/home/chris/rostut/install/examples_rclcpp_minimal_publisher:/home/chris/rostut/install/examples_rclcpp_minimal_composition:/home/chris/rostut/install/examples_rclcpp_minimal_client:/home/chris/rostut/install/examples_rclcpp_minimal_action_server:/home/chris/rostut/install/examples_rclcpp_minimal_action_client:/home/chris/rostut/install/examples_rclcpp_cbg_executor:/home/chris/rostut/install/examples_rclcpp_async_client:/home/chris/rostut/install/examples_rclcpp_minimal_timer:/home/chris/rostut/install/launch_testing_examples:/home/chris/rostut/install/examples_rclpy_pointcloud_publisher:/home/chris/rostut/install/examples_rclpy_minimal_subscriber:/home/chris/rostut/install/examples_rclpy_minimal_service:/home/chris/rostut/install/examples_rclpy_minimal_publisher:/home/chris/rostut/install/examples_rclpy_minimal_client:/home/chris/rostut/install/examples_rclpy_minimal_action_server:/home/chris/rostut/install/examples_rclpy_minimal_action_client:/home/chris/rostut/install/examples_rclpy_guard_conditions:/home/chris/rostut/install/examples_rclpy_executors:/opt/ros/humble LD_LIBRARY_PATH=/home/chris/rostut/install/turtlesim/lib:/home/chris/rostut/install/action_tutorials_cpp/lib:/home/chris/rostut/install/action_tutorials_interfaces/lib:/home/chris/rostut/install/polygon_plugins/lib:/home/chris/rostut/install/more_interfaces/lib:/home/chris/rostut/install/tutorial_interfaces/lib:/home/chris/rostut/install/examples_rclcpp_wait_set/lib:/home/chris/rostut/install/examples_rclcpp_minimal_subscriber/lib:/home/chris/rostut/install/examples_rclcpp_minimal_composition/lib:/opt/ros/humble/opt/rviz_ogre_vendor/lib:/opt/ros/humble/lib/x86_64-linux-gnu:/opt/ros/humble/lib /usr/bin/cmake --build /home/chris/rostut/build/learning_tf2_cpp -- -j20 -l20
[2.948s] Invoking command in '/home/chris/rostut/build/learning_tf2_cpp': CMAKE_PREFIX_PATH=/home/chris/rostut/install/turtlesim:/home/chris/rostut/install/learning_tf2_cpp:/home/chris/rostut/install/cpp_parameter_event_handler:/home/chris/rostut/install/action_tutorials_cpp:/home/chris/rostut/install/action_tutorials_interfaces:/home/chris/rostut/install/polygon_plugins:/home/chris/rostut/install/polygon_base:/home/chris/rostut/install/cpp_parameters:/home/chris/rostut/install/more_interfaces:/home/chris/rostut/install/tutorial_interfaces:/home/chris/rostut/install/cpp_srvcli:/home/chris/rostut/install/cpp_pubsub:/home/chris/rostut/install/my_package:/home/chris/rostut/install/examples_rclcpp_wait_set:/home/chris/rostut/install/examples_rclcpp_multithreaded_executor:/home/chris/rostut/install/examples_rclcpp_minimal_subscriber:/home/chris/rostut/install/examples_rclcpp_minimal_service:/home/chris/rostut/install/examples_rclcpp_minimal_publisher:/home/chris/rostut/install/examples_rclcpp_minimal_composition:/home/chris/rostut/install/examples_rclcpp_minimal_client:/home/chris/rostut/install/examples_rclcpp_minimal_action_server:/home/chris/rostut/install/examples_rclcpp_minimal_action_client:/home/chris/rostut/install/examples_rclcpp_cbg_executor:/home/chris/rostut/install/examples_rclcpp_async_client:/home/chris/rostut/install/examples_rclcpp_minimal_timer:/home/chris/rostut/install/launch_testing_examples:/home/chris/rostut/install/examples_rclpy_pointcloud_publisher:/home/chris/rostut/install/examples_rclpy_minimal_subscriber:/home/chris/rostut/install/examples_rclpy_minimal_service:/home/chris/rostut/install/examples_rclpy_minimal_publisher:/home/chris/rostut/install/examples_rclpy_minimal_client:/home/chris/rostut/install/examples_rclpy_minimal_action_server:/home/chris/rostut/install/examples_rclpy_minimal_action_client:/home/chris/rostut/install/examples_rclpy_guard_conditions:/home/chris/rostut/install/examples_rclpy_executors:/opt/ros/humble LD_LIBRARY_PATH=/home/chris/rostut/install/turtlesim/lib:/home/chris/rostut/install/action_tutorials_cpp/lib:/home/chris/rostut/install/action_tutorials_interfaces/lib:/home/chris/rostut/install/polygon_plugins/lib:/home/chris/rostut/install/more_interfaces/lib:/home/chris/rostut/install/tutorial_interfaces/lib:/home/chris/rostut/install/examples_rclcpp_wait_set/lib:/home/chris/rostut/install/examples_rclcpp_minimal_subscriber/lib:/home/chris/rostut/install/examples_rclcpp_minimal_composition/lib:/opt/ros/humble/opt/rviz_ogre_vendor/lib:/opt/ros/humble/lib/x86_64-linux-gnu:/opt/ros/humble/lib /usr/bin/cmake --install /home/chris/rostut/build/learning_tf2_cpp
[2.951s] -- Install configuration: ""
[2.951s] -- Installing: /home/chris/rostut/install/learning_tf2_cpp/lib/learning_tf2_cpp/dynamic_frame_tf2_broadcaster
[2.952s] -- Set runtime path of "/home/chris/rostut/install/learning_tf2_cpp/lib/learning_tf2_cpp/dynamic_frame_tf2_broadcaster" to ""
[2.952s] -- Up-to-date: /home/chris/rostut/install/learning_tf2_cpp/lib/learning_tf2_cpp/fixed_frame_tf2_broadcaster
[2.952s] -- Up-to-date: /home/chris/rostut/install/learning_tf2_cpp/lib/learning_tf2_cpp/turtle_tf2_listener
[2.952s] -- Up-to-date: /home/chris/rostut/install/learning_tf2_cpp/share/learning_tf2_cpp/launch
[2.952s] -- Up-to-date: /home/chris/rostut/install/learning_tf2_cpp/share/learning_tf2_cpp/launch/turtle_tf2_fixed_frame_demo.launch.py
[2.952s] -- Up-to-date: /home/chris/rostut/install/learning_tf2_cpp/share/learning_tf2_cpp/launch/turtle_tf2_demo.launch.py
[2.952s] -- Installing: /home/chris/rostut/install/learning_tf2_cpp/share/learning_tf2_cpp/launch/turtle_tf2_dynamic_frame_demo.launch.py
[2.952s] -- Up-to-date: /home/chris/rostut/install/learning_tf2_cpp/lib/learning_tf2_cpp/turtle_tf2_broadcaster
[2.952s] -- Up-to-date: /home/chris/rostut/install/learning_tf2_cpp/lib/learning_tf2_cpp/static_turtle_tf2_broadcaster
[2.952s] -- Up-to-date: /home/chris/rostut/install/learning_tf2_cpp/share/ament_index/resource_index/package_run_dependencies/learning_tf2_cpp
[2.952s] -- Up-to-date: /home/chris/rostut/install/learning_tf2_cpp/share/ament_index/resource_index/parent_prefix_path/learning_tf2_cpp
[2.952s] -- Up-to-date: /home/chris/rostut/install/learning_tf2_cpp/share/learning_tf2_cpp/environment/ament_prefix_path.sh
[2.953s] -- Installing: /home/chris/rostut/install/learning_tf2_cpp/share/learning_tf2_cpp/environment/ament_prefix_path.dsv
[2.953s] -- Up-to-date: /home/chris/rostut/install/learning_tf2_cpp/share/learning_tf2_cpp/environment/path.sh
[2.953s] -- Installing: /home/chris/rostut/install/learning_tf2_cpp/share/learning_tf2_cpp/environment/path.dsv
[2.953s] -- Up-to-date: /home/chris/rostut/install/learning_tf2_cpp/share/learning_tf2_cpp/local_setup.bash
[2.953s] -- Up-to-date: /home/chris/rostut/install/learning_tf2_cpp/share/learning_tf2_cpp/local_setup.sh
[2.953s] -- Up-to-date: /home/chris/rostut/install/learning_tf2_cpp/share/learning_tf2_cpp/local_setup.zsh
[2.953s] -- Installing: /home/chris/rostut/install/learning_tf2_cpp/share/learning_tf2_cpp/local_setup.dsv
[2.953s] -- Installing: /home/chris/rostut/install/learning_tf2_cpp/share/learning_tf2_cpp/package.dsv
[2.953s] -- Up-to-date: /home/chris/rostut/install/learning_tf2_cpp/share/ament_index/resource_index/packages/learning_tf2_cpp
[2.953s] -- Up-to-date: /home/chris/rostut/install/learning_tf2_cpp/share/learning_tf2_cpp/cmake/learning_tf2_cppConfig.cmake
[2.953s] -- Up-to-date: /home/chris/rostut/install/learning_tf2_cpp/share/learning_tf2_cpp/cmake/learning_tf2_cppConfig-version.cmake
[2.953s] -- Up-to-date: /home/chris/rostut/install/learning_tf2_cpp/share/learning_tf2_cpp/package.xml
[2.954s] Invoked command in '/home/chris/rostut/build/learning_tf2_cpp' returned '0': CMAKE_PREFIX_PATH=/home/chris/rostut/install/turtlesim:/home/chris/rostut/install/learning_tf2_cpp:/home/chris/rostut/install/cpp_parameter_event_handler:/home/chris/rostut/install/action_tutorials_cpp:/home/chris/rostut/install/action_tutorials_interfaces:/home/chris/rostut/install/polygon_plugins:/home/chris/rostut/install/polygon_base:/home/chris/rostut/install/cpp_parameters:/home/chris/rostut/install/more_interfaces:/home/chris/rostut/install/tutorial_interfaces:/home/chris/rostut/install/cpp_srvcli:/home/chris/rostut/install/cpp_pubsub:/home/chris/rostut/install/my_package:/home/chris/rostut/install/examples_rclcpp_wait_set:/home/chris/rostut/install/examples_rclcpp_multithreaded_executor:/home/chris/rostut/install/examples_rclcpp_minimal_subscriber:/home/chris/rostut/install/examples_rclcpp_minimal_service:/home/chris/rostut/install/examples_rclcpp_minimal_publisher:/home/chris/rostut/install/examples_rclcpp_minimal_composition:/home/chris/rostut/install/examples_rclcpp_minimal_client:/home/chris/rostut/install/examples_rclcpp_minimal_action_server:/home/chris/rostut/install/examples_rclcpp_minimal_action_client:/home/chris/rostut/install/examples_rclcpp_cbg_executor:/home/chris/rostut/install/examples_rclcpp_async_client:/home/chris/rostut/install/examples_rclcpp_minimal_timer:/home/chris/rostut/install/launch_testing_examples:/home/chris/rostut/install/examples_rclpy_pointcloud_publisher:/home/chris/rostut/install/examples_rclpy_minimal_subscriber:/home/chris/rostut/install/examples_rclpy_minimal_service:/home/chris/rostut/install/examples_rclpy_minimal_publisher:/home/chris/rostut/install/examples_rclpy_minimal_client:/home/chris/rostut/install/examples_rclpy_minimal_action_server:/home/chris/rostut/install/examples_rclpy_minimal_action_client:/home/chris/rostut/install/examples_rclpy_guard_conditions:/home/chris/rostut/install/examples_rclpy_executors:/opt/ros/humble LD_LIBRARY_PATH=/home/chris/rostut/install/turtlesim/lib:/home/chris/rostut/install/action_tutorials_cpp/lib:/home/chris/rostut/install/action_tutorials_interfaces/lib:/home/chris/rostut/install/polygon_plugins/lib:/home/chris/rostut/install/more_interfaces/lib:/home/chris/rostut/install/tutorial_interfaces/lib:/home/chris/rostut/install/examples_rclcpp_wait_set/lib:/home/chris/rostut/install/examples_rclcpp_minimal_subscriber/lib:/home/chris/rostut/install/examples_rclcpp_minimal_composition/lib:/opt/ros/humble/opt/rviz_ogre_vendor/lib:/opt/ros/humble/lib/x86_64-linux-gnu:/opt/ros/humble/lib /usr/bin/cmake --install /home/chris/rostut/build/learning_tf2_cpp
