[0.553s] Invoking command in '/home/chris/rostut/build/cpp_parameters': CMAKE_PREFIX_PATH=${CMAKE_PREFIX_PATH}:/home/chris/rostut/install/launch_testing_examples:/home/chris/rostut/install/examples_rclpy_pointcloud_publisher:/home/chris/rostut/install/examples_rclpy_minimal_subscriber:/home/chris/rostut/install/examples_rclpy_minimal_service:/home/chris/rostut/install/examples_rclpy_minimal_publisher:/home/chris/rostut/install/examples_rclpy_minimal_client:/home/chris/rostut/install/examples_rclpy_minimal_action_server:/home/chris/rostut/install/examples_rclpy_minimal_action_client:/home/chris/rostut/install/examples_rclpy_guard_conditions:/home/chris/rostut/install/examples_rclpy_executors:/opt/ros/humble /usr/bin/cmake --build /home/chris/rostut/build/cpp_parameters -- -j20 -l20
[1.179s] [100%] Built target minimal_param_node
[1.185s] Invoked command in '/home/chris/rostut/build/cpp_parameters' returned '0': CMAKE_PREFIX_PATH=${CMAKE_PREFIX_PATH}:/home/chris/rostut/install/launch_testing_examples:/home/chris/rostut/install/examples_rclpy_pointcloud_publisher:/home/chris/rostut/install/examples_rclpy_minimal_subscriber:/home/chris/rostut/install/examples_rclpy_minimal_service:/home/chris/rostut/install/examples_rclpy_minimal_publisher:/home/chris/rostut/install/examples_rclpy_minimal_client:/home/chris/rostut/install/examples_rclpy_minimal_action_server:/home/chris/rostut/install/examples_rclpy_minimal_action_client:/home/chris/rostut/install/examples_rclpy_guard_conditions:/home/chris/rostut/install/examples_rclpy_executors:/opt/ros/humble /usr/bin/cmake --build /home/chris/rostut/build/cpp_parameters -- -j20 -l20
[1.219s] Invoking command in '/home/chris/rostut/build/cpp_parameters': CMAKE_PREFIX_PATH=${CMAKE_PREFIX_PATH}:/home/chris/rostut/install/launch_testing_examples:/home/chris/rostut/install/examples_rclpy_pointcloud_publisher:/home/chris/rostut/install/examples_rclpy_minimal_subscriber:/home/chris/rostut/install/examples_rclpy_minimal_service:/home/chris/rostut/install/examples_rclpy_minimal_publisher:/home/chris/rostut/install/examples_rclpy_minimal_client:/home/chris/rostut/install/examples_rclpy_minimal_action_server:/home/chris/rostut/install/examples_rclpy_minimal_action_client:/home/chris/rostut/install/examples_rclpy_guard_conditions:/home/chris/rostut/install/examples_rclpy_executors:/opt/ros/humble /usr/bin/cmake --install /home/chris/rostut/build/cpp_parameters
[1.239s] -- Install configuration: ""
[1.239s] -- Up-to-date: /home/chris/rostut/install/cpp_parameters/lib/cpp_parameters/minimal_param_node
[1.239s] -- Up-to-date: /home/chris/rostut/install/cpp_parameters/share/ament_index/resource_index/package_run_dependencies/cpp_parameters
[1.239s] -- Up-to-date: /home/chris/rostut/install/cpp_parameters/share/ament_index/resource_index/parent_prefix_path/cpp_parameters
[1.239s] -- Up-to-date: /home/chris/rostut/install/cpp_parameters/share/cpp_parameters/environment/ament_prefix_path.sh
[1.239s] -- Up-to-date: /home/chris/rostut/install/cpp_parameters/share/cpp_parameters/environment/ament_prefix_path.dsv
[1.239s] -- Up-to-date: /home/chris/rostut/install/cpp_parameters/share/cpp_parameters/environment/path.sh
[1.239s] -- Up-to-date: /home/chris/rostut/install/cpp_parameters/share/cpp_parameters/environment/path.dsv
[1.239s] -- Up-to-date: /home/chris/rostut/install/cpp_parameters/share/cpp_parameters/local_setup.bash
[1.239s] -- Up-to-date: /home/chris/rostut/install/cpp_parameters/share/cpp_parameters/local_setup.sh
[1.239s] -- Up-to-date: /home/chris/rostut/install/cpp_parameters/share/cpp_parameters/local_setup.zsh
[1.240s] -- Up-to-date: /home/chris/rostut/install/cpp_parameters/share/cpp_parameters/local_setup.dsv
[1.240s] -- Installing: /home/chris/rostut/install/cpp_parameters/share/cpp_parameters/package.dsv
[1.240s] -- Up-to-date: /home/chris/rostut/install/cpp_parameters/share/ament_index/resource_index/packages/cpp_parameters
[1.241s] -- Up-to-date: /home/chris/rostut/install/cpp_parameters/share/cpp_parameters/cmake/cpp_parametersConfig.cmake
[1.241s] -- Up-to-date: /home/chris/rostut/install/cpp_parameters/share/cpp_parameters/cmake/cpp_parametersConfig-version.cmake
[1.241s] -- Up-to-date: /home/chris/rostut/install/cpp_parameters/share/cpp_parameters/package.xml
[1.316s] Invoked command in '/home/chris/rostut/build/cpp_parameters' returned '0': CMAKE_PREFIX_PATH=${CMAKE_PREFIX_PATH}:/home/chris/rostut/install/launch_testing_examples:/home/chris/rostut/install/examples_rclpy_pointcloud_publisher:/home/chris/rostut/install/examples_rclpy_minimal_subscriber:/home/chris/rostut/install/examples_rclpy_minimal_service:/home/chris/rostut/install/examples_rclpy_minimal_publisher:/home/chris/rostut/install/examples_rclpy_minimal_client:/home/chris/rostut/install/examples_rclpy_minimal_action_server:/home/chris/rostut/install/examples_rclpy_minimal_action_client:/home/chris/rostut/install/examples_rclpy_guard_conditions:/home/chris/rostut/install/examples_rclpy_executors:/opt/ros/humble /usr/bin/cmake --install /home/chris/rostut/build/cpp_parameters
