[1.361s] Invoking command in '/home/chris/rostut/build/my_package': CMAKE_PREFIX_PATH=${CMAKE_PREFIX_PATH}:/home/chris/rostut/install/launch_testing_examples:/home/chris/rostut/install/examples_rclpy_pointcloud_publisher:/home/chris/rostut/install/examples_rclpy_minimal_subscriber:/home/chris/rostut/install/examples_rclpy_minimal_service:/home/chris/rostut/install/examples_rclpy_minimal_publisher:/home/chris/rostut/install/examples_rclpy_minimal_client:/home/chris/rostut/install/examples_rclpy_minimal_action_server:/home/chris/rostut/install/examples_rclpy_minimal_action_client:/home/chris/rostut/install/examples_rclpy_guard_conditions:/home/chris/rostut/install/examples_rclpy_executors:/opt/ros/humble /usr/bin/cmake --build /home/chris/rostut/build/my_package -- -j20 -l20
[1.499s] [100%] Built target my_node
[1.504s] Invoked command in '/home/chris/rostut/build/my_package' returned '0': CMAKE_PREFIX_PATH=${CMAKE_PREFIX_PATH}:/home/chris/rostut/install/launch_testing_examples:/home/chris/rostut/install/examples_rclpy_pointcloud_publisher:/home/chris/rostut/install/examples_rclpy_minimal_subscriber:/home/chris/rostut/install/examples_rclpy_minimal_service:/home/chris/rostut/install/examples_rclpy_minimal_publisher:/home/chris/rostut/install/examples_rclpy_minimal_client:/home/chris/rostut/install/examples_rclpy_minimal_action_server:/home/chris/rostut/install/examples_rclpy_minimal_action_client:/home/chris/rostut/install/examples_rclpy_guard_conditions:/home/chris/rostut/install/examples_rclpy_executors:/opt/ros/humble /usr/bin/cmake --build /home/chris/rostut/build/my_package -- -j20 -l20
[1.530s] Invoking command in '/home/chris/rostut/build/my_package': CMAKE_PREFIX_PATH=${CMAKE_PREFIX_PATH}:/home/chris/rostut/install/launch_testing_examples:/home/chris/rostut/install/examples_rclpy_pointcloud_publisher:/home/chris/rostut/install/examples_rclpy_minimal_subscriber:/home/chris/rostut/install/examples_rclpy_minimal_service:/home/chris/rostut/install/examples_rclpy_minimal_publisher:/home/chris/rostut/install/examples_rclpy_minimal_client:/home/chris/rostut/install/examples_rclpy_minimal_action_server:/home/chris/rostut/install/examples_rclpy_minimal_action_client:/home/chris/rostut/install/examples_rclpy_guard_conditions:/home/chris/rostut/install/examples_rclpy_executors:/opt/ros/humble /usr/bin/cmake --install /home/chris/rostut/build/my_package
[1.534s] -- Install configuration: ""
[1.534s] -- Up-to-date: /home/chris/rostut/install/my_package/lib/my_package/my_node
[1.534s] -- Up-to-date: /home/chris/rostut/install/my_package/share/ament_index/resource_index/package_run_dependencies/my_package
[1.534s] -- Up-to-date: /home/chris/rostut/install/my_package/share/ament_index/resource_index/parent_prefix_path/my_package
[1.534s] -- Up-to-date: /home/chris/rostut/install/my_package/share/my_package/environment/ament_prefix_path.sh
[1.534s] -- Up-to-date: /home/chris/rostut/install/my_package/share/my_package/environment/ament_prefix_path.dsv
[1.535s] -- Up-to-date: /home/chris/rostut/install/my_package/share/my_package/environment/path.sh
[1.535s] -- Up-to-date: /home/chris/rostut/install/my_package/share/my_package/environment/path.dsv
[1.535s] -- Up-to-date: /home/chris/rostut/install/my_package/share/my_package/local_setup.bash
[1.535s] -- Up-to-date: /home/chris/rostut/install/my_package/share/my_package/local_setup.sh
[1.535s] -- Up-to-date: /home/chris/rostut/install/my_package/share/my_package/local_setup.zsh
[1.535s] -- Up-to-date: /home/chris/rostut/install/my_package/share/my_package/local_setup.dsv
[1.535s] -- Up-to-date: /home/chris/rostut/install/my_package/share/my_package/package.dsv
[1.535s] -- Up-to-date: /home/chris/rostut/install/my_package/share/ament_index/resource_index/packages/my_package
[1.535s] -- Up-to-date: /home/chris/rostut/install/my_package/share/my_package/cmake/my_packageConfig.cmake
[1.535s] -- Up-to-date: /home/chris/rostut/install/my_package/share/my_package/cmake/my_packageConfig-version.cmake
[1.535s] -- Up-to-date: /home/chris/rostut/install/my_package/share/my_package/package.xml
[1.537s] Invoked command in '/home/chris/rostut/build/my_package' returned '0': CMAKE_PREFIX_PATH=${CMAKE_PREFIX_PATH}:/home/chris/rostut/install/launch_testing_examples:/home/chris/rostut/install/examples_rclpy_pointcloud_publisher:/home/chris/rostut/install/examples_rclpy_minimal_subscriber:/home/chris/rostut/install/examples_rclpy_minimal_service:/home/chris/rostut/install/examples_rclpy_minimal_publisher:/home/chris/rostut/install/examples_rclpy_minimal_client:/home/chris/rostut/install/examples_rclpy_minimal_action_server:/home/chris/rostut/install/examples_rclpy_minimal_action_client:/home/chris/rostut/install/examples_rclpy_guard_conditions:/home/chris/rostut/install/examples_rclpy_executors:/opt/ros/humble /usr/bin/cmake --install /home/chris/rostut/build/my_package
