[2.394s] Invoking command in '/home/chris/ros2_ws/build/examples_rclpy_minimal_service': PYTHONPATH=/home/chris/ros2_ws/build/examples_rclpy_minimal_service/prefix_override:/home/chris/ros2_ws/install/examples_rclpy_minimal_service/lib/python3.10/site-packages:${PYTHONPATH} /usr/bin/python3 setup.py develop --uninstall --editable --build-directory /home/chris/ros2_ws/build/examples_rclpy_minimal_service/build
[2.542s] running develop
[2.542s] /usr/lib/python3/dist-packages/setuptools/command/easy_install.py:158: EasyInstallDeprecationWarning: easy_install command is deprecated. Use build and pip and other standards-based tools.
[2.542s]   warnings.warn(
[2.543s] /usr/lib/python3/dist-packages/setuptools/command/install.py:34: SetuptoolsDeprecationWarning: setup.py install is deprecated. Use build and pip and other standards-based tools.
[2.543s]   warnings.warn(
[2.624s] Removing /home/chris/ros2_ws/install/examples_rclpy_minimal_service/lib/python3.10/site-packages/examples-rclpy-minimal-service.egg-link (link to .)
[3.094s] Invoked command in '/home/chris/ros2_ws/build/examples_rclpy_minimal_service' returned '0': PYTHONPATH=/home/chris/ros2_ws/build/examples_rclpy_minimal_service/prefix_override:/home/chris/ros2_ws/install/examples_rclpy_minimal_service/lib/python3.10/site-packages:${PYTHONPATH} /usr/bin/python3 setup.py develop --uninstall --editable --build-directory /home/chris/ros2_ws/build/examples_rclpy_minimal_service/build
[3.094s] Invoking command in '/home/chris/ros2_ws/src/examples/rclpy/services/minimal_service': PYTHONPATH=/home/chris/ros2_ws/build/examples_rclpy_minimal_service/prefix_override:/home/chris/ros2_ws/install/examples_rclpy_minimal_service/lib/python3.10/site-packages:${PYTHONPATH} /usr/bin/python3 setup.py egg_info --egg-base ../../../../../build/examples_rclpy_minimal_service build --build-base /home/chris/ros2_ws/build/examples_rclpy_minimal_service/build install --record /home/chris/ros2_ws/build/examples_rclpy_minimal_service/install.log --single-version-externally-managed
[3.266s] running egg_info
[3.266s] writing ../../../../../build/examples_rclpy_minimal_service/examples_rclpy_minimal_service.egg-info/PKG-INFO
[3.267s] writing dependency_links to ../../../../../build/examples_rclpy_minimal_service/examples_rclpy_minimal_service.egg-info/dependency_links.txt
[3.267s] writing entry points to ../../../../../build/examples_rclpy_minimal_service/examples_rclpy_minimal_service.egg-info/entry_points.txt
[3.267s] writing requirements to ../../../../../build/examples_rclpy_minimal_service/examples_rclpy_minimal_service.egg-info/requires.txt
[3.267s] writing top-level names to ../../../../../build/examples_rclpy_minimal_service/examples_rclpy_minimal_service.egg-info/top_level.txt
[3.268s] reading manifest file '../../../../../build/examples_rclpy_minimal_service/examples_rclpy_minimal_service.egg-info/SOURCES.txt'
[3.268s] writing manifest file '../../../../../build/examples_rclpy_minimal_service/examples_rclpy_minimal_service.egg-info/SOURCES.txt'
[3.268s] running build
[3.268s] running build_py
[3.268s] creating /home/chris/ros2_ws/build/examples_rclpy_minimal_service/build
[3.268s] creating /home/chris/ros2_ws/build/examples_rclpy_minimal_service/build/lib
[3.268s] creating /home/chris/ros2_ws/build/examples_rclpy_minimal_service/build/lib/examples_rclpy_minimal_service
[3.269s] copying examples_rclpy_minimal_service/service_member_function.py -> /home/chris/ros2_ws/build/examples_rclpy_minimal_service/build/lib/examples_rclpy_minimal_service
[3.269s] copying examples_rclpy_minimal_service/__init__.py -> /home/chris/ros2_ws/build/examples_rclpy_minimal_service/build/lib/examples_rclpy_minimal_service
[3.269s] copying examples_rclpy_minimal_service/service.py -> /home/chris/ros2_ws/build/examples_rclpy_minimal_service/build/lib/examples_rclpy_minimal_service
[3.271s] /usr/lib/python3/dist-packages/setuptools/command/install.py:34: SetuptoolsDeprecationWarning: setup.py install is deprecated. Use build and pip and other standards-based tools.
[3.271s]   warnings.warn(
[3.271s] running install
[3.272s] running install_lib
[3.272s] creating /home/chris/ros2_ws/install/examples_rclpy_minimal_service/lib/python3.10/site-packages/examples_rclpy_minimal_service
[3.275s] copying /home/chris/ros2_ws/build/examples_rclpy_minimal_service/build/lib/examples_rclpy_minimal_service/service_member_function.py -> /home/chris/ros2_ws/install/examples_rclpy_minimal_service/lib/python3.10/site-packages/examples_rclpy_minimal_service
[3.275s] copying /home/chris/ros2_ws/build/examples_rclpy_minimal_service/build/lib/examples_rclpy_minimal_service/__init__.py -> /home/chris/ros2_ws/install/examples_rclpy_minimal_service/lib/python3.10/site-packages/examples_rclpy_minimal_service
[3.275s] copying /home/chris/ros2_ws/build/examples_rclpy_minimal_service/build/lib/examples_rclpy_minimal_service/service.py -> /home/chris/ros2_ws/install/examples_rclpy_minimal_service/lib/python3.10/site-packages/examples_rclpy_minimal_service
[3.275s] byte-compiling /home/chris/ros2_ws/install/examples_rclpy_minimal_service/lib/python3.10/site-packages/examples_rclpy_minimal_service/service_member_function.py to service_member_function.cpython-310.pyc
[3.276s] byte-compiling /home/chris/ros2_ws/install/examples_rclpy_minimal_service/lib/python3.10/site-packages/examples_rclpy_minimal_service/__init__.py to __init__.cpython-310.pyc
[3.276s] byte-compiling /home/chris/ros2_ws/install/examples_rclpy_minimal_service/lib/python3.10/site-packages/examples_rclpy_minimal_service/service.py to service.cpython-310.pyc
[3.276s] running install_data
[3.276s] running install_egg_info
[3.279s] Copying ../../../../../build/examples_rclpy_minimal_service/examples_rclpy_minimal_service.egg-info to /home/chris/ros2_ws/install/examples_rclpy_minimal_service/lib/python3.10/site-packages/examples_rclpy_minimal_service-0.15.1-py3.10.egg-info
[3.279s] running install_scripts
[3.288s] Installing service script to /home/chris/ros2_ws/install/examples_rclpy_minimal_service/lib/examples_rclpy_minimal_service
[3.289s] Installing service_member_function script to /home/chris/ros2_ws/install/examples_rclpy_minimal_service/lib/examples_rclpy_minimal_service
[3.289s] writing list of installed files to '/home/chris/ros2_ws/build/examples_rclpy_minimal_service/install.log'
[3.441s] Invoked command in '/home/chris/ros2_ws/src/examples/rclpy/services/minimal_service' returned '0': PYTHONPATH=/home/chris/ros2_ws/build/examples_rclpy_minimal_service/prefix_override:/home/chris/ros2_ws/install/examples_rclpy_minimal_service/lib/python3.10/site-packages:${PYTHONPATH} /usr/bin/python3 setup.py egg_info --egg-base ../../../../../build/examples_rclpy_minimal_service build --build-base /home/chris/ros2_ws/build/examples_rclpy_minimal_service/build install --record /home/chris/ros2_ws/build/examples_rclpy_minimal_service/install.log --single-version-externally-managed
