[0.047s] Invoking command in '/home/chris/rostut/build/bag_recorder_nodes': CMAKE_PREFIX_PATH=${CMAKE_PREFIX_PATH}:/home/chris/rostut/install/learning_tf2_py:/home/chris/rostut/src/learning_tf2_py/install/learning_tf2_py:/home/chris/rostut/install/launch_testing_examples:/home/chris/rostut/install/examples_rclpy_pointcloud_publisher:/home/chris/rostut/install/examples_rclpy_minimal_subscriber:/home/chris/rostut/install/examples_rclpy_minimal_service:/home/chris/rostut/install/examples_rclpy_minimal_publisher:/home/chris/rostut/install/examples_rclpy_minimal_client:/home/chris/rostut/install/examples_rclpy_minimal_action_server:/home/chris/rostut/install/examples_rclpy_minimal_action_client:/home/chris/rostut/install/examples_rclpy_guard_conditions:/home/chris/rostut/install/examples_rclpy_executors:/opt/ros/humble /usr/bin/cmake --build /home/chris/rostut/build/bag_recorder_nodes -- -j20 -l20
[0.062s] -- Found ament_cmake: 1.3.6 (/opt/ros/humble/share/ament_cmake/cmake)
[0.154s] -- Found example_interfaces: 0.9.3 (/opt/ros/humble/share/example_interfaces/cmake)
[0.169s] -- Found rosidl_generator_c: 3.1.5 (/opt/ros/humble/share/rosidl_generator_c/cmake)
[0.170s] -- Found rosidl_adapter: 3.1.5 (/opt/ros/humble/share/rosidl_adapter/cmake)
[0.173s] -- Found rosidl_generator_cpp: 3.1.5 (/opt/ros/humble/share/rosidl_generator_cpp/cmake)
[0.179s] -- Using all available rosidl_typesupport_c: rosidl_typesupport_fastrtps_c;rosidl_typesupport_introspection_c
[0.188s] -- Using all available rosidl_typesupport_cpp: rosidl_typesupport_fastrtps_cpp;rosidl_typesupport_introspection_cpp
[0.268s] -- Found rclcpp: 16.0.7 (/opt/ros/humble/share/rclcpp/cmake)
[0.293s] -- Found rmw_implementation_cmake: 6.1.1 (/opt/ros/humble/share/rmw_implementation_cmake/cmake)
[0.294s] -- Found rmw_fastrtps_cpp: 6.2.5 (/opt/ros/humble/share/rmw_fastrtps_cpp/cmake)
[0.362s] -- Using RMW implementation 'rmw_fastrtps_cpp' as default
[0.445s] -- Found rosbag2_cpp: 0.15.8 (/opt/ros/humble/share/rosbag2_cpp/cmake)
[0.465s] -- Found ament_lint_auto: 0.12.9 (/opt/ros/humble/share/ament_lint_auto/cmake)
[0.508s] -- Added test 'cppcheck' to perform static code analysis on C / C++ code
[0.508s] -- Configured cppcheck include dirs: 
[0.508s] -- Configured cppcheck exclude dirs and/or files: 
[0.508s] -- Added test 'lint_cmake' to check CMake code style
[0.508s] -- Added test 'uncrustify' to check C / C++ code style
[0.508s] -- Configured uncrustify additional arguments: 
[0.508s] -- Added test 'xmllint' to check XML markup files
[0.509s] -- Configuring done
[0.515s] -- Generating done
[0.516s] -- Build files have been written to: /home/chris/rostut/build/bag_recorder_nodes
[0.530s] [35m[1mConsolidate compiler generated dependencies of target simple_bag_recorder[0m
[0.535s] [ 25%] [32mBuilding CXX object CMakeFiles/data_generator_node.dir/src/data_generator_node.cpp.o[0m
[0.538s] [ 75%] Built target simple_bag_recorder
[2.165s] [100%] [32m[1mLinking CXX executable data_generator_node[0m
[2.238s] [100%] Built target data_generator_node
[2.244s] Invoked command in '/home/chris/rostut/build/bag_recorder_nodes' returned '0': CMAKE_PREFIX_PATH=${CMAKE_PREFIX_PATH}:/home/chris/rostut/install/learning_tf2_py:/home/chris/rostut/src/learning_tf2_py/install/learning_tf2_py:/home/chris/rostut/install/launch_testing_examples:/home/chris/rostut/install/examples_rclpy_pointcloud_publisher:/home/chris/rostut/install/examples_rclpy_minimal_subscriber:/home/chris/rostut/install/examples_rclpy_minimal_service:/home/chris/rostut/install/examples_rclpy_minimal_publisher:/home/chris/rostut/install/examples_rclpy_minimal_client:/home/chris/rostut/install/examples_rclpy_minimal_action_server:/home/chris/rostut/install/examples_rclpy_minimal_action_client:/home/chris/rostut/install/examples_rclpy_guard_conditions:/home/chris/rostut/install/examples_rclpy_executors:/opt/ros/humble /usr/bin/cmake --build /home/chris/rostut/build/bag_recorder_nodes -- -j20 -l20
[2.263s] Invoking command in '/home/chris/rostut/build/bag_recorder_nodes': CMAKE_PREFIX_PATH=${CMAKE_PREFIX_PATH}:/home/chris/rostut/install/learning_tf2_py:/home/chris/rostut/src/learning_tf2_py/install/learning_tf2_py:/home/chris/rostut/install/launch_testing_examples:/home/chris/rostut/install/examples_rclpy_pointcloud_publisher:/home/chris/rostut/install/examples_rclpy_minimal_subscriber:/home/chris/rostut/install/examples_rclpy_minimal_service:/home/chris/rostut/install/examples_rclpy_minimal_publisher:/home/chris/rostut/install/examples_rclpy_minimal_client:/home/chris/rostut/install/examples_rclpy_minimal_action_server:/home/chris/rostut/install/examples_rclpy_minimal_action_client:/home/chris/rostut/install/examples_rclpy_guard_conditions:/home/chris/rostut/install/examples_rclpy_executors:/opt/ros/humble /usr/bin/cmake --install /home/chris/rostut/build/bag_recorder_nodes
[2.266s] -- Install configuration: ""
[2.266s] -- Installing: /home/chris/rostut/install/bag_recorder_nodes/lib/bag_recorder_nodes/data_generator_node
[2.266s] -- Set runtime path of "/home/chris/rostut/install/bag_recorder_nodes/lib/bag_recorder_nodes/data_generator_node" to ""
[2.266s] -- Up-to-date: /home/chris/rostut/install/bag_recorder_nodes/lib/bag_recorder_nodes/simple_bag_recorder
[2.266s] -- Up-to-date: /home/chris/rostut/install/bag_recorder_nodes/share/ament_index/resource_index/package_run_dependencies/bag_recorder_nodes
[2.266s] -- Installing: /home/chris/rostut/install/bag_recorder_nodes/share/ament_index/resource_index/parent_prefix_path/bag_recorder_nodes
[2.266s] -- Up-to-date: /home/chris/rostut/install/bag_recorder_nodes/share/bag_recorder_nodes/environment/ament_prefix_path.sh
[2.266s] -- Installing: /home/chris/rostut/install/bag_recorder_nodes/share/bag_recorder_nodes/environment/ament_prefix_path.dsv
[2.266s] -- Up-to-date: /home/chris/rostut/install/bag_recorder_nodes/share/bag_recorder_nodes/environment/path.sh
[2.266s] -- Installing: /home/chris/rostut/install/bag_recorder_nodes/share/bag_recorder_nodes/environment/path.dsv
[2.266s] -- Up-to-date: /home/chris/rostut/install/bag_recorder_nodes/share/bag_recorder_nodes/local_setup.bash
[2.266s] -- Up-to-date: /home/chris/rostut/install/bag_recorder_nodes/share/bag_recorder_nodes/local_setup.sh
[2.266s] -- Up-to-date: /home/chris/rostut/install/bag_recorder_nodes/share/bag_recorder_nodes/local_setup.zsh
[2.266s] -- Installing: /home/chris/rostut/install/bag_recorder_nodes/share/bag_recorder_nodes/local_setup.dsv
[2.266s] -- Installing: /home/chris/rostut/install/bag_recorder_nodes/share/bag_recorder_nodes/package.dsv
[2.266s] -- Up-to-date: /home/chris/rostut/install/bag_recorder_nodes/share/ament_index/resource_index/packages/bag_recorder_nodes
[2.266s] -- Up-to-date: /home/chris/rostut/install/bag_recorder_nodes/share/bag_recorder_nodes/cmake/bag_recorder_nodesConfig.cmake
[2.266s] -- Up-to-date: /home/chris/rostut/install/bag_recorder_nodes/share/bag_recorder_nodes/cmake/bag_recorder_nodesConfig-version.cmake
[2.266s] -- Up-to-date: /home/chris/rostut/install/bag_recorder_nodes/share/bag_recorder_nodes/package.xml
[2.268s] Invoked command in '/home/chris/rostut/build/bag_recorder_nodes' returned '0': CMAKE_PREFIX_PATH=${CMAKE_PREFIX_PATH}:/home/chris/rostut/install/learning_tf2_py:/home/chris/rostut/src/learning_tf2_py/install/learning_tf2_py:/home/chris/rostut/install/launch_testing_examples:/home/chris/rostut/install/examples_rclpy_pointcloud_publisher:/home/chris/rostut/install/examples_rclpy_minimal_subscriber:/home/chris/rostut/install/examples_rclpy_minimal_service:/home/chris/rostut/install/examples_rclpy_minimal_publisher:/home/chris/rostut/install/examples_rclpy_minimal_client:/home/chris/rostut/install/examples_rclpy_minimal_action_server:/home/chris/rostut/install/examples_rclpy_minimal_action_client:/home/chris/rostut/install/examples_rclpy_guard_conditions:/home/chris/rostut/install/examples_rclpy_executors:/opt/ros/humble /usr/bin/cmake --install /home/chris/rostut/build/bag_recorder_nodes
