[0.051s] Invoking command in '/home/chris/rostut/build/cpp_pubsub': CMAKE_PREFIX_PATH=/home/chris/rostut/install/tutorial_interfaces:/home/chris/rostut/install/learning_tf2_cpp:/home/chris/rostut/install/cpp_parameter_event_handler:/home/chris/rostut/install/action_tutorials_cpp:/home/chris/rostut/install/action_tutorials_interfaces:/home/chris/rostut/install/polygon_plugins:/home/chris/rostut/install/polygon_base:/home/chris/rostut/install/cpp_parameters:/home/chris/rostut/install/more_interfaces:/home/chris/rostut/install/cpp_srvcli:/home/chris/rostut/install/cpp_pubsub:/home/chris/rostut/install/my_package:/home/chris/rostut/install/turtlesim:/home/chris/rostut/install/examples_rclcpp_wait_set:/home/chris/rostut/install/examples_rclcpp_multithreaded_executor:/home/chris/rostut/install/examples_rclcpp_minimal_subscriber:/home/chris/rostut/install/examples_rclcpp_minimal_service:/home/chris/rostut/install/examples_rclcpp_minimal_publisher:/home/chris/rostut/install/examples_rclcpp_minimal_composition:/home/chris/rostut/install/examples_rclcpp_minimal_client:/home/chris/rostut/install/examples_rclcpp_minimal_action_server:/home/chris/rostut/install/examples_rclcpp_minimal_action_client:/home/chris/rostut/install/examples_rclcpp_cbg_executor:/home/chris/rostut/install/examples_rclcpp_async_client:/home/chris/rostut/install/examples_rclcpp_minimal_timer:/home/chris/rostut/install/learning_tf2_py:/home/chris/rostut/src/learning_tf2_py/install/learning_tf2_py:/home/chris/rostut/install/launch_testing_examples:/home/chris/rostut/install/examples_rclpy_pointcloud_publisher:/home/chris/rostut/install/examples_rclpy_minimal_subscriber:/home/chris/rostut/install/examples_rclpy_minimal_service:/home/chris/rostut/install/examples_rclpy_minimal_publisher:/home/chris/rostut/install/examples_rclpy_minimal_client:/home/chris/rostut/install/examples_rclpy_minimal_action_server:/home/chris/rostut/install/examples_rclpy_minimal_action_client:/home/chris/rostut/install/examples_rclpy_guard_conditions:/home/chris/rostut/install/examples_rclpy_executors:/opt/ros/humble LD_LIBRARY_PATH=/home/chris/rostut/install/tutorial_interfaces/lib:/home/chris/rostut/install/action_tutorials_cpp/lib:/home/chris/rostut/install/action_tutorials_interfaces/lib:/home/chris/rostut/install/polygon_plugins/lib:/home/chris/rostut/install/more_interfaces/lib:/home/chris/rostut/install/turtlesim/lib:/home/chris/rostut/install/examples_rclcpp_wait_set/lib:/home/chris/rostut/install/examples_rclcpp_minimal_subscriber/lib:/home/chris/rostut/install/examples_rclcpp_minimal_composition/lib:/opt/ros/humble/opt/rviz_ogre_vendor/lib:/opt/ros/humble/lib/x86_64-linux-gnu:/opt/ros/humble/lib /usr/bin/cmake --build /home/chris/rostut/build/cpp_pubsub -- -j20 -l20
[0.066s] -- Found ament_cmake: 1.3.6 (/opt/ros/humble/share/ament_cmake/cmake)
[0.165s] -- Found rclcpp: 16.0.7 (/opt/ros/humble/share/rclcpp/cmake)
[0.182s] -- Found rosidl_generator_c: 3.1.5 (/opt/ros/humble/share/rosidl_generator_c/cmake)
[0.183s] -- Found rosidl_adapter: 3.1.5 (/opt/ros/humble/share/rosidl_adapter/cmake)
[0.186s] -- Found rosidl_generator_cpp: 3.1.5 (/opt/ros/humble/share/rosidl_generator_cpp/cmake)
[0.192s] -- Using all available rosidl_typesupport_c: rosidl_typesupport_fastrtps_c;rosidl_typesupport_introspection_c
[0.201s] -- Using all available rosidl_typesupport_cpp: rosidl_typesupport_fastrtps_cpp;rosidl_typesupport_introspection_cpp
[0.233s] -- Found rmw_implementation_cmake: 6.1.1 (/opt/ros/humble/share/rmw_implementation_cmake/cmake)
[0.234s] -- Found rmw_fastrtps_cpp: 6.2.5 (/opt/ros/humble/share/rmw_fastrtps_cpp/cmake)
[0.303s] -- Using RMW implementation 'rmw_fastrtps_cpp' as default
[0.388s] -- Found tutorial_interfaces: 0.0.0 (/home/chris/rostut/install/tutorial_interfaces/share/tutorial_interfaces/cmake)
[0.453s] -- Found ament_lint_auto: 0.12.9 (/opt/ros/humble/share/ament_lint_auto/cmake)
[0.496s] -- Added test 'cppcheck' to perform static code analysis on C / C++ code
[0.496s] -- Configured cppcheck include dirs: 
[0.496s] -- Configured cppcheck exclude dirs and/or files: 
[0.496s] -- Added test 'lint_cmake' to check CMake code style
[0.496s] -- Added test 'uncrustify' to check C / C++ code style
[0.496s] -- Configured uncrustify additional arguments: 
[0.497s] -- Added test 'xmllint' to check XML markup files
[0.497s] -- Configuring done
[0.505s] -- Generating done
[0.505s] -- Build files have been written to: /home/chris/rostut/build/cpp_pubsub
[0.521s] [35m[1mConsolidate compiler generated dependencies of target talker[0m
[0.521s] [35m[1mConsolidate compiler generated dependencies of target listener[0m
[0.526s] [ 16%] [32mBuilding CXX object CMakeFiles/listener_with_topic_statistics.dir/src/member_function_with_topic_statistics.cpp.o[0m
[0.529s] [ 83%] Built target talker
[0.529s] [ 83%] Built target listener
[4.447s] [100%] [32m[1mLinking CXX executable listener_with_topic_statistics[0m
[4.629s] [100%] Built target listener_with_topic_statistics
[4.639s] Invoked command in '/home/chris/rostut/build/cpp_pubsub' returned '0': CMAKE_PREFIX_PATH=/home/chris/rostut/install/tutorial_interfaces:/home/chris/rostut/install/learning_tf2_cpp:/home/chris/rostut/install/cpp_parameter_event_handler:/home/chris/rostut/install/action_tutorials_cpp:/home/chris/rostut/install/action_tutorials_interfaces:/home/chris/rostut/install/polygon_plugins:/home/chris/rostut/install/polygon_base:/home/chris/rostut/install/cpp_parameters:/home/chris/rostut/install/more_interfaces:/home/chris/rostut/install/cpp_srvcli:/home/chris/rostut/install/cpp_pubsub:/home/chris/rostut/install/my_package:/home/chris/rostut/install/turtlesim:/home/chris/rostut/install/examples_rclcpp_wait_set:/home/chris/rostut/install/examples_rclcpp_multithreaded_executor:/home/chris/rostut/install/examples_rclcpp_minimal_subscriber:/home/chris/rostut/install/examples_rclcpp_minimal_service:/home/chris/rostut/install/examples_rclcpp_minimal_publisher:/home/chris/rostut/install/examples_rclcpp_minimal_composition:/home/chris/rostut/install/examples_rclcpp_minimal_client:/home/chris/rostut/install/examples_rclcpp_minimal_action_server:/home/chris/rostut/install/examples_rclcpp_minimal_action_client:/home/chris/rostut/install/examples_rclcpp_cbg_executor:/home/chris/rostut/install/examples_rclcpp_async_client:/home/chris/rostut/install/examples_rclcpp_minimal_timer:/home/chris/rostut/install/learning_tf2_py:/home/chris/rostut/src/learning_tf2_py/install/learning_tf2_py:/home/chris/rostut/install/launch_testing_examples:/home/chris/rostut/install/examples_rclpy_pointcloud_publisher:/home/chris/rostut/install/examples_rclpy_minimal_subscriber:/home/chris/rostut/install/examples_rclpy_minimal_service:/home/chris/rostut/install/examples_rclpy_minimal_publisher:/home/chris/rostut/install/examples_rclpy_minimal_client:/home/chris/rostut/install/examples_rclpy_minimal_action_server:/home/chris/rostut/install/examples_rclpy_minimal_action_client:/home/chris/rostut/install/examples_rclpy_guard_conditions:/home/chris/rostut/install/examples_rclpy_executors:/opt/ros/humble LD_LIBRARY_PATH=/home/chris/rostut/install/tutorial_interfaces/lib:/home/chris/rostut/install/action_tutorials_cpp/lib:/home/chris/rostut/install/action_tutorials_interfaces/lib:/home/chris/rostut/install/polygon_plugins/lib:/home/chris/rostut/install/more_interfaces/lib:/home/chris/rostut/install/turtlesim/lib:/home/chris/rostut/install/examples_rclcpp_wait_set/lib:/home/chris/rostut/install/examples_rclcpp_minimal_subscriber/lib:/home/chris/rostut/install/examples_rclcpp_minimal_composition/lib:/opt/ros/humble/opt/rviz_ogre_vendor/lib:/opt/ros/humble/lib/x86_64-linux-gnu:/opt/ros/humble/lib /usr/bin/cmake --build /home/chris/rostut/build/cpp_pubsub -- -j20 -l20
[4.663s] Invoking command in '/home/chris/rostut/build/cpp_pubsub': CMAKE_PREFIX_PATH=/home/chris/rostut/install/tutorial_interfaces:/home/chris/rostut/install/learning_tf2_cpp:/home/chris/rostut/install/cpp_parameter_event_handler:/home/chris/rostut/install/action_tutorials_cpp:/home/chris/rostut/install/action_tutorials_interfaces:/home/chris/rostut/install/polygon_plugins:/home/chris/rostut/install/polygon_base:/home/chris/rostut/install/cpp_parameters:/home/chris/rostut/install/more_interfaces:/home/chris/rostut/install/cpp_srvcli:/home/chris/rostut/install/cpp_pubsub:/home/chris/rostut/install/my_package:/home/chris/rostut/install/turtlesim:/home/chris/rostut/install/examples_rclcpp_wait_set:/home/chris/rostut/install/examples_rclcpp_multithreaded_executor:/home/chris/rostut/install/examples_rclcpp_minimal_subscriber:/home/chris/rostut/install/examples_rclcpp_minimal_service:/home/chris/rostut/install/examples_rclcpp_minimal_publisher:/home/chris/rostut/install/examples_rclcpp_minimal_composition:/home/chris/rostut/install/examples_rclcpp_minimal_client:/home/chris/rostut/install/examples_rclcpp_minimal_action_server:/home/chris/rostut/install/examples_rclcpp_minimal_action_client:/home/chris/rostut/install/examples_rclcpp_cbg_executor:/home/chris/rostut/install/examples_rclcpp_async_client:/home/chris/rostut/install/examples_rclcpp_minimal_timer:/home/chris/rostut/install/learning_tf2_py:/home/chris/rostut/src/learning_tf2_py/install/learning_tf2_py:/home/chris/rostut/install/launch_testing_examples:/home/chris/rostut/install/examples_rclpy_pointcloud_publisher:/home/chris/rostut/install/examples_rclpy_minimal_subscriber:/home/chris/rostut/install/examples_rclpy_minimal_service:/home/chris/rostut/install/examples_rclpy_minimal_publisher:/home/chris/rostut/install/examples_rclpy_minimal_client:/home/chris/rostut/install/examples_rclpy_minimal_action_server:/home/chris/rostut/install/examples_rclpy_minimal_action_client:/home/chris/rostut/install/examples_rclpy_guard_conditions:/home/chris/rostut/install/examples_rclpy_executors:/opt/ros/humble LD_LIBRARY_PATH=/home/chris/rostut/install/tutorial_interfaces/lib:/home/chris/rostut/install/action_tutorials_cpp/lib:/home/chris/rostut/install/action_tutorials_interfaces/lib:/home/chris/rostut/install/polygon_plugins/lib:/home/chris/rostut/install/more_interfaces/lib:/home/chris/rostut/install/turtlesim/lib:/home/chris/rostut/install/examples_rclcpp_wait_set/lib:/home/chris/rostut/install/examples_rclcpp_minimal_subscriber/lib:/home/chris/rostut/install/examples_rclcpp_minimal_composition/lib:/opt/ros/humble/opt/rviz_ogre_vendor/lib:/opt/ros/humble/lib/x86_64-linux-gnu:/opt/ros/humble/lib /usr/bin/cmake --install /home/chris/rostut/build/cpp_pubsub
[4.668s] -- Install configuration: ""
[4.668s] -- Up-to-date: /home/chris/rostut/install/cpp_pubsub/lib/cpp_pubsub/talker
[4.668s] -- Up-to-date: /home/chris/rostut/install/cpp_pubsub/lib/cpp_pubsub/listener
[4.668s] -- Installing: /home/chris/rostut/install/cpp_pubsub/lib/cpp_pubsub/listener_with_topic_statistics
[4.670s] -- Set runtime path of "/home/chris/rostut/install/cpp_pubsub/lib/cpp_pubsub/listener_with_topic_statistics" to ""
[4.670s] -- Up-to-date: /home/chris/rostut/install/cpp_pubsub/lib/cpp_pubsub/talker
[4.670s] -- Up-to-date: /home/chris/rostut/install/cpp_pubsub/lib/cpp_pubsub/listener
[4.670s] -- Up-to-date: /home/chris/rostut/install/cpp_pubsub/share/ament_index/resource_index/package_run_dependencies/cpp_pubsub
[4.670s] -- Installing: /home/chris/rostut/install/cpp_pubsub/share/ament_index/resource_index/parent_prefix_path/cpp_pubsub
[4.670s] -- Up-to-date: /home/chris/rostut/install/cpp_pubsub/share/cpp_pubsub/environment/ament_prefix_path.sh
[4.670s] -- Installing: /home/chris/rostut/install/cpp_pubsub/share/cpp_pubsub/environment/ament_prefix_path.dsv
[4.670s] -- Up-to-date: /home/chris/rostut/install/cpp_pubsub/share/cpp_pubsub/environment/path.sh
[4.670s] -- Installing: /home/chris/rostut/install/cpp_pubsub/share/cpp_pubsub/environment/path.dsv
[4.670s] -- Up-to-date: /home/chris/rostut/install/cpp_pubsub/share/cpp_pubsub/local_setup.bash
[4.670s] -- Up-to-date: /home/chris/rostut/install/cpp_pubsub/share/cpp_pubsub/local_setup.sh
[4.670s] -- Up-to-date: /home/chris/rostut/install/cpp_pubsub/share/cpp_pubsub/local_setup.zsh
[4.670s] -- Installing: /home/chris/rostut/install/cpp_pubsub/share/cpp_pubsub/local_setup.dsv
[4.670s] -- Installing: /home/chris/rostut/install/cpp_pubsub/share/cpp_pubsub/package.dsv
[4.670s] -- Up-to-date: /home/chris/rostut/install/cpp_pubsub/share/ament_index/resource_index/packages/cpp_pubsub
[4.670s] -- Up-to-date: /home/chris/rostut/install/cpp_pubsub/share/cpp_pubsub/cmake/cpp_pubsubConfig.cmake
[4.670s] -- Up-to-date: /home/chris/rostut/install/cpp_pubsub/share/cpp_pubsub/cmake/cpp_pubsubConfig-version.cmake
[4.670s] -- Up-to-date: /home/chris/rostut/install/cpp_pubsub/share/cpp_pubsub/package.xml
[4.671s] Invoked command in '/home/chris/rostut/build/cpp_pubsub' returned '0': CMAKE_PREFIX_PATH=/home/chris/rostut/install/tutorial_interfaces:/home/chris/rostut/install/learning_tf2_cpp:/home/chris/rostut/install/cpp_parameter_event_handler:/home/chris/rostut/install/action_tutorials_cpp:/home/chris/rostut/install/action_tutorials_interfaces:/home/chris/rostut/install/polygon_plugins:/home/chris/rostut/install/polygon_base:/home/chris/rostut/install/cpp_parameters:/home/chris/rostut/install/more_interfaces:/home/chris/rostut/install/cpp_srvcli:/home/chris/rostut/install/cpp_pubsub:/home/chris/rostut/install/my_package:/home/chris/rostut/install/turtlesim:/home/chris/rostut/install/examples_rclcpp_wait_set:/home/chris/rostut/install/examples_rclcpp_multithreaded_executor:/home/chris/rostut/install/examples_rclcpp_minimal_subscriber:/home/chris/rostut/install/examples_rclcpp_minimal_service:/home/chris/rostut/install/examples_rclcpp_minimal_publisher:/home/chris/rostut/install/examples_rclcpp_minimal_composition:/home/chris/rostut/install/examples_rclcpp_minimal_client:/home/chris/rostut/install/examples_rclcpp_minimal_action_server:/home/chris/rostut/install/examples_rclcpp_minimal_action_client:/home/chris/rostut/install/examples_rclcpp_cbg_executor:/home/chris/rostut/install/examples_rclcpp_async_client:/home/chris/rostut/install/examples_rclcpp_minimal_timer:/home/chris/rostut/install/learning_tf2_py:/home/chris/rostut/src/learning_tf2_py/install/learning_tf2_py:/home/chris/rostut/install/launch_testing_examples:/home/chris/rostut/install/examples_rclpy_pointcloud_publisher:/home/chris/rostut/install/examples_rclpy_minimal_subscriber:/home/chris/rostut/install/examples_rclpy_minimal_service:/home/chris/rostut/install/examples_rclpy_minimal_publisher:/home/chris/rostut/install/examples_rclpy_minimal_client:/home/chris/rostut/install/examples_rclpy_minimal_action_server:/home/chris/rostut/install/examples_rclpy_minimal_action_client:/home/chris/rostut/install/examples_rclpy_guard_conditions:/home/chris/rostut/install/examples_rclpy_executors:/opt/ros/humble LD_LIBRARY_PATH=/home/chris/rostut/install/tutorial_interfaces/lib:/home/chris/rostut/install/action_tutorials_cpp/lib:/home/chris/rostut/install/action_tutorials_interfaces/lib:/home/chris/rostut/install/polygon_plugins/lib:/home/chris/rostut/install/more_interfaces/lib:/home/chris/rostut/install/turtlesim/lib:/home/chris/rostut/install/examples_rclcpp_wait_set/lib:/home/chris/rostut/install/examples_rclcpp_minimal_subscriber/lib:/home/chris/rostut/install/examples_rclcpp_minimal_composition/lib:/opt/ros/humble/opt/rviz_ogre_vendor/lib:/opt/ros/humble/lib/x86_64-linux-gnu:/opt/ros/humble/lib /usr/bin/cmake --install /home/chris/rostut/build/cpp_pubsub
