[2.846s] Invoking command in '/home/chris/rostut/build/examples_rclpy_minimal_action_server': PYTHONPATH=/home/chris/rostut/build/examples_rclpy_minimal_action_server/prefix_override:/home/chris/rostut/install/examples_rclpy_minimal_action_server/lib/python3.10/site-packages:${PYTHONPATH} /usr/bin/python3 setup.py develop --uninstall --editable --build-directory /home/chris/rostut/build/examples_rclpy_minimal_action_server/build
[3.057s] running develop
[3.057s] /usr/lib/python3/dist-packages/setuptools/command/easy_install.py:158: EasyInstallDeprecationWarning: easy_install command is deprecated. Use build and pip and other standards-based tools.
[3.057s]   warnings.warn(
[3.058s] /usr/lib/python3/dist-packages/setuptools/command/install.py:34: SetuptoolsDeprecationWarning: setup.py install is deprecated. Use build and pip and other standards-based tools.
[3.059s]   warnings.warn(
[3.161s] Removing /home/chris/rostut/install/examples_rclpy_minimal_action_server/lib/python3.10/site-packages/examples-rclpy-minimal-action-server.egg-link (link to .)
[3.881s] Invoked command in '/home/chris/rostut/build/examples_rclpy_minimal_action_server' returned '0': PYTHONPATH=/home/chris/rostut/build/examples_rclpy_minimal_action_server/prefix_override:/home/chris/rostut/install/examples_rclpy_minimal_action_server/lib/python3.10/site-packages:${PYTHONPATH} /usr/bin/python3 setup.py develop --uninstall --editable --build-directory /home/chris/rostut/build/examples_rclpy_minimal_action_server/build
[3.883s] Invoking command in '/home/chris/rostut/src/examples/rclpy/actions/minimal_action_server': PYTHONPATH=/home/chris/rostut/build/examples_rclpy_minimal_action_server/prefix_override:/home/chris/rostut/install/examples_rclpy_minimal_action_server/lib/python3.10/site-packages:${PYTHONPATH} /usr/bin/python3 setup.py egg_info --egg-base ../../../../../build/examples_rclpy_minimal_action_server build --build-base /home/chris/rostut/build/examples_rclpy_minimal_action_server/build install --record /home/chris/rostut/build/examples_rclpy_minimal_action_server/install.log --single-version-externally-managed
[4.215s] running egg_info
[4.215s] writing ../../../../../build/examples_rclpy_minimal_action_server/examples_rclpy_minimal_action_server.egg-info/PKG-INFO
[4.215s] writing dependency_links to ../../../../../build/examples_rclpy_minimal_action_server/examples_rclpy_minimal_action_server.egg-info/dependency_links.txt
[4.215s] writing entry points to ../../../../../build/examples_rclpy_minimal_action_server/examples_rclpy_minimal_action_server.egg-info/entry_points.txt
[4.216s] writing requirements to ../../../../../build/examples_rclpy_minimal_action_server/examples_rclpy_minimal_action_server.egg-info/requires.txt
[4.216s] writing top-level names to ../../../../../build/examples_rclpy_minimal_action_server/examples_rclpy_minimal_action_server.egg-info/top_level.txt
[4.217s] reading manifest file '../../../../../build/examples_rclpy_minimal_action_server/examples_rclpy_minimal_action_server.egg-info/SOURCES.txt'
[4.217s] writing manifest file '../../../../../build/examples_rclpy_minimal_action_server/examples_rclpy_minimal_action_server.egg-info/SOURCES.txt'
[4.217s] running build
[4.217s] running build_py
[4.218s] creating /home/chris/rostut/build/examples_rclpy_minimal_action_server/build
[4.218s] creating /home/chris/rostut/build/examples_rclpy_minimal_action_server/build/lib
[4.218s] creating /home/chris/rostut/build/examples_rclpy_minimal_action_server/build/lib/examples_rclpy_minimal_action_server
[4.218s] copying examples_rclpy_minimal_action_server/server_defer.py -> /home/chris/rostut/build/examples_rclpy_minimal_action_server/build/lib/examples_rclpy_minimal_action_server
[4.218s] copying examples_rclpy_minimal_action_server/__init__.py -> /home/chris/rostut/build/examples_rclpy_minimal_action_server/build/lib/examples_rclpy_minimal_action_server
[4.219s] copying examples_rclpy_minimal_action_server/server_not_composable.py -> /home/chris/rostut/build/examples_rclpy_minimal_action_server/build/lib/examples_rclpy_minimal_action_server
[4.219s] copying examples_rclpy_minimal_action_server/server_single_goal.py -> /home/chris/rostut/build/examples_rclpy_minimal_action_server/build/lib/examples_rclpy_minimal_action_server
[4.219s] copying examples_rclpy_minimal_action_server/server_queue_goals.py -> /home/chris/rostut/build/examples_rclpy_minimal_action_server/build/lib/examples_rclpy_minimal_action_server
[4.220s] copying examples_rclpy_minimal_action_server/server.py -> /home/chris/rostut/build/examples_rclpy_minimal_action_server/build/lib/examples_rclpy_minimal_action_server
[4.220s] running install
[4.220s] /usr/lib/python3/dist-packages/setuptools/command/install.py:34: SetuptoolsDeprecationWarning: setup.py install is deprecated. Use build and pip and other standards-based tools.
[4.221s]   warnings.warn(
[4.221s] running install_lib
[4.221s] creating /home/chris/rostut/install/examples_rclpy_minimal_action_server/lib/python3.10/site-packages/examples_rclpy_minimal_action_server
[4.221s] copying /home/chris/rostut/build/examples_rclpy_minimal_action_server/build/lib/examples_rclpy_minimal_action_server/server_defer.py -> /home/chris/rostut/install/examples_rclpy_minimal_action_server/lib/python3.10/site-packages/examples_rclpy_minimal_action_server
[4.222s] copying /home/chris/rostut/build/examples_rclpy_minimal_action_server/build/lib/examples_rclpy_minimal_action_server/__init__.py -> /home/chris/rostut/install/examples_rclpy_minimal_action_server/lib/python3.10/site-packages/examples_rclpy_minimal_action_server
[4.222s] copying /home/chris/rostut/build/examples_rclpy_minimal_action_server/build/lib/examples_rclpy_minimal_action_server/server_not_composable.py -> /home/chris/rostut/install/examples_rclpy_minimal_action_server/lib/python3.10/site-packages/examples_rclpy_minimal_action_server
[4.222s] copying /home/chris/rostut/build/examples_rclpy_minimal_action_server/build/lib/examples_rclpy_minimal_action_server/server_single_goal.py -> /home/chris/rostut/install/examples_rclpy_minimal_action_server/lib/python3.10/site-packages/examples_rclpy_minimal_action_server
[4.222s] copying /home/chris/rostut/build/examples_rclpy_minimal_action_server/build/lib/examples_rclpy_minimal_action_server/server_queue_goals.py -> /home/chris/rostut/install/examples_rclpy_minimal_action_server/lib/python3.10/site-packages/examples_rclpy_minimal_action_server
[4.223s] copying /home/chris/rostut/build/examples_rclpy_minimal_action_server/build/lib/examples_rclpy_minimal_action_server/server.py -> /home/chris/rostut/install/examples_rclpy_minimal_action_server/lib/python3.10/site-packages/examples_rclpy_minimal_action_server
[4.224s] byte-compiling /home/chris/rostut/install/examples_rclpy_minimal_action_server/lib/python3.10/site-packages/examples_rclpy_minimal_action_server/server_defer.py to server_defer.cpython-310.pyc
[4.224s] byte-compiling /home/chris/rostut/install/examples_rclpy_minimal_action_server/lib/python3.10/site-packages/examples_rclpy_minimal_action_server/__init__.py to __init__.cpython-310.pyc
[4.225s] byte-compiling /home/chris/rostut/install/examples_rclpy_minimal_action_server/lib/python3.10/site-packages/examples_rclpy_minimal_action_server/server_not_composable.py to server_not_composable.cpython-310.pyc
[4.225s] byte-compiling /home/chris/rostut/install/examples_rclpy_minimal_action_server/lib/python3.10/site-packages/examples_rclpy_minimal_action_server/server_single_goal.py to server_single_goal.cpython-310.pyc
[4.225s] byte-compiling /home/chris/rostut/install/examples_rclpy_minimal_action_server/lib/python3.10/site-packages/examples_rclpy_minimal_action_server/server_queue_goals.py to server_queue_goals.cpython-310.pyc
[4.225s] byte-compiling /home/chris/rostut/install/examples_rclpy_minimal_action_server/lib/python3.10/site-packages/examples_rclpy_minimal_action_server/server.py to server.cpython-310.pyc
[4.226s] running install_data
[4.226s] running install_egg_info
[4.226s] Copying ../../../../../build/examples_rclpy_minimal_action_server/examples_rclpy_minimal_action_server.egg-info to /home/chris/rostut/install/examples_rclpy_minimal_action_server/lib/python3.10/site-packages/examples_rclpy_minimal_action_server-0.15.1-py3.10.egg-info
[4.226s] running install_scripts
[4.241s] Installing server script to /home/chris/rostut/install/examples_rclpy_minimal_action_server/lib/examples_rclpy_minimal_action_server
[4.242s] Installing server_defer script to /home/chris/rostut/install/examples_rclpy_minimal_action_server/lib/examples_rclpy_minimal_action_server
[4.242s] Installing server_not_composable script to /home/chris/rostut/install/examples_rclpy_minimal_action_server/lib/examples_rclpy_minimal_action_server
[4.242s] Installing server_queue_goals script to /home/chris/rostut/install/examples_rclpy_minimal_action_server/lib/examples_rclpy_minimal_action_server
[4.242s] Installing server_single_goal script to /home/chris/rostut/install/examples_rclpy_minimal_action_server/lib/examples_rclpy_minimal_action_server
[4.242s] writing list of installed files to '/home/chris/rostut/build/examples_rclpy_minimal_action_server/install.log'
[4.274s] Invoked command in '/home/chris/rostut/src/examples/rclpy/actions/minimal_action_server' returned '0': PYTHONPATH=/home/chris/rostut/build/examples_rclpy_minimal_action_server/prefix_override:/home/chris/rostut/install/examples_rclpy_minimal_action_server/lib/python3.10/site-packages:${PYTHONPATH} /usr/bin/python3 setup.py egg_info --egg-base ../../../../../build/examples_rclpy_minimal_action_server build --build-base /home/chris/rostut/build/examples_rclpy_minimal_action_server/build install --record /home/chris/rostut/build/examples_rclpy_minimal_action_server/install.log --single-version-externally-managed
