[3.566s] Invoking command in '/home/chris/ros2_ws/src/examples/rclpy/actions/minimal_action_client': PYTHONPATH=/home/chris/ros2_ws/src/build/examples_rclpy_minimal_action_client/prefix_override:/home/chris/ros2_ws/src/install/examples_rclpy_minimal_action_client/lib/python3.10/site-packages:${PYTHONPATH} /usr/bin/python3 setup.py egg_info --egg-base ../../../../build/examples_rclpy_minimal_action_client build --build-base /home/chris/ros2_ws/src/build/examples_rclpy_minimal_action_client/build install --record /home/chris/ros2_ws/src/build/examples_rclpy_minimal_action_client/install.log --single-version-externally-managed
[14.124s] running egg_info
[14.124s] creating ../../../../build/examples_rclpy_minimal_action_client/examples_rclpy_minimal_action_client.egg-info
[14.124s] writing ../../../../build/examples_rclpy_minimal_action_client/examples_rclpy_minimal_action_client.egg-info/PKG-INFO
[14.124s] writing dependency_links to ../../../../build/examples_rclpy_minimal_action_client/examples_rclpy_minimal_action_client.egg-info/dependency_links.txt
[14.124s] writing entry points to ../../../../build/examples_rclpy_minimal_action_client/examples_rclpy_minimal_action_client.egg-info/entry_points.txt
[14.124s] writing requirements to ../../../../build/examples_rclpy_minimal_action_client/examples_rclpy_minimal_action_client.egg-info/requires.txt
[14.124s] writing top-level names to ../../../../build/examples_rclpy_minimal_action_client/examples_rclpy_minimal_action_client.egg-info/top_level.txt
[14.124s] writing manifest file '../../../../build/examples_rclpy_minimal_action_client/examples_rclpy_minimal_action_client.egg-info/SOURCES.txt'
[14.124s] reading manifest file '../../../../build/examples_rclpy_minimal_action_client/examples_rclpy_minimal_action_client.egg-info/SOURCES.txt'
[14.124s] writing manifest file '../../../../build/examples_rclpy_minimal_action_client/examples_rclpy_minimal_action_client.egg-info/SOURCES.txt'
[14.124s] running build
[14.124s] running build_py
[14.124s] creating /home/chris/ros2_ws/src/build/examples_rclpy_minimal_action_client/build
[14.124s] creating /home/chris/ros2_ws/src/build/examples_rclpy_minimal_action_client/build/lib
[14.125s] creating /home/chris/ros2_ws/src/build/examples_rclpy_minimal_action_client/build/lib/examples_rclpy_minimal_action_client
[14.125s] copying examples_rclpy_minimal_action_client/client_cancel.py -> /home/chris/ros2_ws/src/build/examples_rclpy_minimal_action_client/build/lib/examples_rclpy_minimal_action_client
[14.125s] copying examples_rclpy_minimal_action_client/client_asyncio.py -> /home/chris/ros2_ws/src/build/examples_rclpy_minimal_action_client/build/lib/examples_rclpy_minimal_action_client
[14.125s] copying examples_rclpy_minimal_action_client/__init__.py -> /home/chris/ros2_ws/src/build/examples_rclpy_minimal_action_client/build/lib/examples_rclpy_minimal_action_client
[14.125s] copying examples_rclpy_minimal_action_client/client.py -> /home/chris/ros2_ws/src/build/examples_rclpy_minimal_action_client/build/lib/examples_rclpy_minimal_action_client
[14.125s] copying examples_rclpy_minimal_action_client/client_not_composable.py -> /home/chris/ros2_ws/src/build/examples_rclpy_minimal_action_client/build/lib/examples_rclpy_minimal_action_client
[14.125s] running install
[14.125s] running install_lib
[14.125s] creating /home/chris/ros2_ws/src/install/examples_rclpy_minimal_action_client/lib/python3.10/site-packages/examples_rclpy_minimal_action_client
[14.125s] copying /home/chris/ros2_ws/src/build/examples_rclpy_minimal_action_client/build/lib/examples_rclpy_minimal_action_client/client_cancel.py -> /home/chris/ros2_ws/src/install/examples_rclpy_minimal_action_client/lib/python3.10/site-packages/examples_rclpy_minimal_action_client
[14.125s] copying /home/chris/ros2_ws/src/build/examples_rclpy_minimal_action_client/build/lib/examples_rclpy_minimal_action_client/client_asyncio.py -> /home/chris/ros2_ws/src/install/examples_rclpy_minimal_action_client/lib/python3.10/site-packages/examples_rclpy_minimal_action_client
[14.125s] copying /home/chris/ros2_ws/src/build/examples_rclpy_minimal_action_client/build/lib/examples_rclpy_minimal_action_client/__init__.py -> /home/chris/ros2_ws/src/install/examples_rclpy_minimal_action_client/lib/python3.10/site-packages/examples_rclpy_minimal_action_client
[14.125s] copying /home/chris/ros2_ws/src/build/examples_rclpy_minimal_action_client/build/lib/examples_rclpy_minimal_action_client/client.py -> /home/chris/ros2_ws/src/install/examples_rclpy_minimal_action_client/lib/python3.10/site-packages/examples_rclpy_minimal_action_client
[14.125s] copying /home/chris/ros2_ws/src/build/examples_rclpy_minimal_action_client/build/lib/examples_rclpy_minimal_action_client/client_not_composable.py -> /home/chris/ros2_ws/src/install/examples_rclpy_minimal_action_client/lib/python3.10/site-packages/examples_rclpy_minimal_action_client
[14.129s] /usr/lib/python3/dist-packages/setuptools/command/install.py:34: SetuptoolsDeprecationWarning: setup.py install is deprecated. Use build and pip and other standards-based tools.
[14.129s]   warnings.warn(
[14.129s] byte-compiling /home/chris/ros2_ws/src/install/examples_rclpy_minimal_action_client/lib/python3.10/site-packages/examples_rclpy_minimal_action_client/client_cancel.py to client_cancel.cpython-310.pyc
[14.129s] byte-compiling /home/chris/ros2_ws/src/install/examples_rclpy_minimal_action_client/lib/python3.10/site-packages/examples_rclpy_minimal_action_client/client_asyncio.py to client_asyncio.cpython-310.pyc
[14.129s] byte-compiling /home/chris/ros2_ws/src/install/examples_rclpy_minimal_action_client/lib/python3.10/site-packages/examples_rclpy_minimal_action_client/__init__.py to __init__.cpython-310.pyc
[14.129s] byte-compiling /home/chris/ros2_ws/src/install/examples_rclpy_minimal_action_client/lib/python3.10/site-packages/examples_rclpy_minimal_action_client/client.py to client.cpython-310.pyc
[14.129s] byte-compiling /home/chris/ros2_ws/src/install/examples_rclpy_minimal_action_client/lib/python3.10/site-packages/examples_rclpy_minimal_action_client/client_not_composable.py to client_not_composable.cpython-310.pyc
[14.129s] running install_data
[14.129s] creating /home/chris/ros2_ws/src/install/examples_rclpy_minimal_action_client/share/ament_index
[14.129s] creating /home/chris/ros2_ws/src/install/examples_rclpy_minimal_action_client/share/ament_index/resource_index
[14.129s] creating /home/chris/ros2_ws/src/install/examples_rclpy_minimal_action_client/share/ament_index/resource_index/packages
[14.129s] copying resource/examples_rclpy_minimal_action_client -> /home/chris/ros2_ws/src/install/examples_rclpy_minimal_action_client/share/ament_index/resource_index/packages
[14.129s] copying package.xml -> /home/chris/ros2_ws/src/install/examples_rclpy_minimal_action_client/share/examples_rclpy_minimal_action_client
[14.129s] running install_egg_info
[14.129s] Copying ../../../../build/examples_rclpy_minimal_action_client/examples_rclpy_minimal_action_client.egg-info to /home/chris/ros2_ws/src/install/examples_rclpy_minimal_action_client/lib/python3.10/site-packages/examples_rclpy_minimal_action_client-0.15.1-py3.10.egg-info
[14.129s] running install_scripts
[14.129s] Installing client script to /home/chris/ros2_ws/src/install/examples_rclpy_minimal_action_client/lib/examples_rclpy_minimal_action_client
[14.129s] Installing client_asyncio script to /home/chris/ros2_ws/src/install/examples_rclpy_minimal_action_client/lib/examples_rclpy_minimal_action_client
[14.129s] Installing client_cancel script to /home/chris/ros2_ws/src/install/examples_rclpy_minimal_action_client/lib/examples_rclpy_minimal_action_client
[14.129s] Installing client_not_composable script to /home/chris/ros2_ws/src/install/examples_rclpy_minimal_action_client/lib/examples_rclpy_minimal_action_client
[14.129s] writing list of installed files to '/home/chris/ros2_ws/src/build/examples_rclpy_minimal_action_client/install.log'
