[3.345s] Invoking command in '/home/chris/rostut/build/examples_rclpy_minimal_client': PYTHONPATH=/home/chris/rostut/build/examples_rclpy_minimal_client/prefix_override:/home/chris/rostut/install/examples_rclpy_minimal_client/lib/python3.10/site-packages:${PYTHONPATH} /usr/bin/python3 setup.py develop --editable --build-directory /home/chris/rostut/build/examples_rclpy_minimal_client/build --no-deps install_data
[78.042s] running develop
[78.042s] running egg_info
[78.042s] creating examples_rclpy_minimal_client.egg-info
[78.042s] writing examples_rclpy_minimal_client.egg-info/PKG-INFO
[78.042s] writing dependency_links to examples_rclpy_minimal_client.egg-info/dependency_links.txt
[78.042s] writing entry points to examples_rclpy_minimal_client.egg-info/entry_points.txt
[78.042s] writing requirements to examples_rclpy_minimal_client.egg-info/requires.txt
[78.043s] writing top-level names to examples_rclpy_minimal_client.egg-info/top_level.txt
[78.043s] writing manifest file 'examples_rclpy_minimal_client.egg-info/SOURCES.txt'
[78.043s] reading manifest file 'examples_rclpy_minimal_client.egg-info/SOURCES.txt'
[78.043s] writing manifest file 'examples_rclpy_minimal_client.egg-info/SOURCES.txt'
[78.043s] running build_ext
[78.043s] Creating /home/chris/rostut/install/examples_rclpy_minimal_client/lib/python3.10/site-packages/examples-rclpy-minimal-client.egg-link (link to .)
[78.043s] Installing client script to /home/chris/rostut/install/examples_rclpy_minimal_client/lib/examples_rclpy_minimal_client
[78.043s] Installing client_async script to /home/chris/rostut/install/examples_rclpy_minimal_client/lib/examples_rclpy_minimal_client
[78.043s] Installing client_async_callback script to /home/chris/rostut/install/examples_rclpy_minimal_client/lib/examples_rclpy_minimal_client
[78.043s] Installing client_async_member_function script to /home/chris/rostut/install/examples_rclpy_minimal_client/lib/examples_rclpy_minimal_client
[78.043s] 
[78.043s] Installed /home/chris/rostut/build/examples_rclpy_minimal_client
[78.043s] running install_data
[78.043s] creating /home/chris/rostut/install/examples_rclpy_minimal_client/share/ament_index
[78.043s] creating /home/chris/rostut/install/examples_rclpy_minimal_client/share/ament_index/resource_index
[78.043s] creating /home/chris/rostut/install/examples_rclpy_minimal_client/share/ament_index/resource_index/packages
[78.043s] copying resource/examples_rclpy_minimal_client -> /home/chris/rostut/install/examples_rclpy_minimal_client/share/ament_index/resource_index/packages
[78.043s] copying package.xml -> /home/chris/rostut/install/examples_rclpy_minimal_client/share/examples_rclpy_minimal_client
[78.043s] /usr/lib/python3/dist-packages/setuptools/command/easy_install.py:158: EasyInstallDeprecationWarning: easy_install command is deprecated. Use build and pip and other standards-based tools.
[78.044s]   warnings.warn(
[78.044s] /usr/lib/python3/dist-packages/setuptools/command/install.py:34: SetuptoolsDeprecationWarning: setup.py install is deprecated. Use build and pip and other standards-based tools.
[78.044s]   warnings.warn(
[78.929s] Invoked command in '/home/chris/rostut/build/examples_rclpy_minimal_client' returned '0': PYTHONPATH=/home/chris/rostut/build/examples_rclpy_minimal_client/prefix_override:/home/chris/rostut/install/examples_rclpy_minimal_client/lib/python3.10/site-packages:${PYTHONPATH} /usr/bin/python3 setup.py develop --editable --build-directory /home/chris/rostut/build/examples_rclpy_minimal_client/build --no-deps install_data
