[1.319s] Invoking command in '/home/chris/ros2_ws/build/my_package': CMAKE_PREFIX_PATH=${CMAKE_PREFIX_PATH}:/home/chris/ros2_ws/src/install/examples_rclpy_minimal_action_server:/home/chris/ros2_ws/install/launch_testing_examples:/home/chris/ros2_ws/install/examples_rclpy_pointcloud_publisher:/home/chris/ros2_ws/install/examples_rclpy_minimal_subscriber:/home/chris/ros2_ws/install/examples_rclpy_minimal_service:/home/chris/ros2_ws/install/examples_rclpy_minimal_publisher:/home/chris/ros2_ws/install/examples_rclpy_minimal_client:/home/chris/ros2_ws/install/examples_rclpy_minimal_action_server:/home/chris/ros2_ws/install/examples_rclpy_minimal_action_client:/home/chris/ros2_ws/install/examples_rclpy_guard_conditions:/home/chris/ros2_ws/install/examples_rclpy_executors:/opt/ros/humble /usr/bin/cmake --build /home/chris/ros2_ws/build/my_package -- -j20 -l20
[1.459s] [35m[1mConsolidate compiler generated dependencies of target my_package__rosidl_generator_c[0m
[1.459s] [35m[1mConsolidate compiler generated dependencies of target my_node[0m
[1.459s] [  3%] Built target my_package__cpp
[1.459s] [ 12%] Built target my_package__rosidl_generator_c
[1.459s] [ 18%] Built target my_node
[1.459s] [35m[1mConsolidate compiler generated dependencies of target my_package__rosidl_typesupport_cpp[0m
[1.459s] [35m[1mConsolidate compiler generated dependencies of target my_package__rosidl_typesupport_fastrtps_cpp[0m
[1.459s] [35m[1mConsolidate compiler generated dependencies of target my_package__rosidl_typesupport_introspection_cpp[0m
[1.459s] [ 18%] Built target ament_cmake_python_copy_my_package
[1.459s] [35m[1mConsolidate compiler generated dependencies of target my_package__rosidl_typesupport_introspection_c[0m
[1.459s] [35m[1mConsolidate compiler generated dependencies of target my_package__rosidl_typesupport_c[0m
[1.459s] [ 27%] Built target my_package__rosidl_typesupport_cpp
[1.459s] [ 36%] Built target my_package__rosidl_typesupport_fastrtps_cpp
[1.459s] [35m[1mConsolidate compiler generated dependencies of target my_package__rosidl_typesupport_fastrtps_c[0m
[1.459s] [ 45%] Built target my_package__rosidl_typesupport_introspection_cpp
[1.460s] [ 63%] Built target my_package__rosidl_typesupport_c
[1.460s] [ 63%] Built target my_package__rosidl_typesupport_introspection_c
[1.460s] [ 72%] Built target my_package__rosidl_typesupport_fastrtps_c
[1.460s] [ 72%] Built target my_package
[1.460s] [ 75%] Built target my_package__py
[1.460s] [35m[1mConsolidate compiler generated dependencies of target my_package__rosidl_generator_py[0m
[1.460s] [ 81%] Built target my_package__rosidl_generator_py
[1.460s] [35m[1mConsolidate compiler generated dependencies of target my_package__rosidl_typesupport_fastrtps_c__pyext[0m
[1.460s] [35m[1mConsolidate compiler generated dependencies of target my_package__rosidl_typesupport_c__pyext[0m
[1.460s] [35m[1mConsolidate compiler generated dependencies of target my_package__rosidl_typesupport_introspection_c__pyext[0m
[1.460s] [ 87%] Built target my_package__rosidl_typesupport_fastrtps_c__pyext
[1.460s] [ 93%] Built target my_package__rosidl_typesupport_c__pyext
[1.460s] [100%] Built target my_package__rosidl_typesupport_introspection_c__pyext
[1.554s] running egg_info
[1.555s] writing my_package.egg-info/PKG-INFO
[1.555s] writing dependency_links to my_package.egg-info/dependency_links.txt
[1.555s] writing top-level names to my_package.egg-info/top_level.txt
[1.556s] reading manifest file 'my_package.egg-info/SOURCES.txt'
[1.557s] writing manifest file 'my_package.egg-info/SOURCES.txt'
[1.577s] [100%] Built target ament_cmake_python_build_my_package_egg
[1.600s] Invoked command in '/home/chris/ros2_ws/build/my_package' returned '0': CMAKE_PREFIX_PATH=${CMAKE_PREFIX_PATH}:/home/chris/ros2_ws/src/install/examples_rclpy_minimal_action_server:/home/chris/ros2_ws/install/launch_testing_examples:/home/chris/ros2_ws/install/examples_rclpy_pointcloud_publisher:/home/chris/ros2_ws/install/examples_rclpy_minimal_subscriber:/home/chris/ros2_ws/install/examples_rclpy_minimal_service:/home/chris/ros2_ws/install/examples_rclpy_minimal_publisher:/home/chris/ros2_ws/install/examples_rclpy_minimal_client:/home/chris/ros2_ws/install/examples_rclpy_minimal_action_server:/home/chris/ros2_ws/install/examples_rclpy_minimal_action_client:/home/chris/ros2_ws/install/examples_rclpy_guard_conditions:/home/chris/ros2_ws/install/examples_rclpy_executors:/opt/ros/humble /usr/bin/cmake --build /home/chris/ros2_ws/build/my_package -- -j20 -l20
[1.708s] Invoking command in '/home/chris/ros2_ws/build/my_package': CMAKE_PREFIX_PATH=${CMAKE_PREFIX_PATH}:/home/chris/ros2_ws/src/install/examples_rclpy_minimal_action_server:/home/chris/ros2_ws/install/launch_testing_examples:/home/chris/ros2_ws/install/examples_rclpy_pointcloud_publisher:/home/chris/ros2_ws/install/examples_rclpy_minimal_subscriber:/home/chris/ros2_ws/install/examples_rclpy_minimal_service:/home/chris/ros2_ws/install/examples_rclpy_minimal_publisher:/home/chris/ros2_ws/install/examples_rclpy_minimal_client:/home/chris/ros2_ws/install/examples_rclpy_minimal_action_server:/home/chris/ros2_ws/install/examples_rclpy_minimal_action_client:/home/chris/ros2_ws/install/examples_rclpy_guard_conditions:/home/chris/ros2_ws/install/examples_rclpy_executors:/opt/ros/humble /usr/bin/cmake --install /home/chris/ros2_ws/build/my_package
[1.723s] -- Install configuration: ""
[1.724s] -- Up-to-date: /home/chris/ros2_ws/install/my_package/share/ament_index/resource_index/rosidl_interfaces/my_package
[1.724s] -- Up-to-date: /home/chris/ros2_ws/install/my_package/include/my_package/my_package
[1.724s] -- Up-to-date: /home/chris/ros2_ws/install/my_package/include/my_package/my_package/msg
[1.724s] -- Up-to-date: /home/chris/ros2_ws/install/my_package/include/my_package/my_package/msg/detail
[1.724s] -- Up-to-date: /home/chris/ros2_ws/install/my_package/include/my_package/my_package/msg/detail/address_book__struct.h
[1.724s] -- Up-to-date: /home/chris/ros2_ws/install/my_package/include/my_package/my_package/msg/detail/address_book__type_support.h
[1.724s] -- Up-to-date: /home/chris/ros2_ws/install/my_package/include/my_package/my_package/msg/detail/address_book__functions.h
[1.724s] -- Up-to-date: /home/chris/ros2_ws/install/my_package/include/my_package/my_package/msg/detail/address_book__functions.c
[1.724s] -- Up-to-date: /home/chris/ros2_ws/install/my_package/include/my_package/my_package/msg/rosidl_generator_c__visibility_control.h
[1.724s] -- Up-to-date: /home/chris/ros2_ws/install/my_package/include/my_package/my_package/msg/address_book.h
[1.724s] -- Up-to-date: /home/chris/ros2_ws/install/my_package/share/my_package/environment/library_path.sh
[1.724s] -- Up-to-date: /home/chris/ros2_ws/install/my_package/share/my_package/environment/library_path.dsv
[1.725s] -- Up-to-date: /home/chris/ros2_ws/install/my_package/lib/libmy_package__rosidl_generator_c.so
[1.725s] -- Up-to-date: /home/chris/ros2_ws/install/my_package/include/my_package/my_package
[1.725s] -- Up-to-date: /home/chris/ros2_ws/install/my_package/include/my_package/my_package/msg
[1.725s] -- Up-to-date: /home/chris/ros2_ws/install/my_package/include/my_package/my_package/msg/rosidl_typesupport_fastrtps_c__visibility_control.h
[1.725s] -- Up-to-date: /home/chris/ros2_ws/install/my_package/include/my_package/my_package/msg/detail
[1.725s] -- Up-to-date: /home/chris/ros2_ws/install/my_package/include/my_package/my_package/msg/detail/address_book__rosidl_typesupport_fastrtps_c.h
[1.725s] -- Up-to-date: /home/chris/ros2_ws/install/my_package/lib/libmy_package__rosidl_typesupport_fastrtps_c.so
[1.725s] -- Up-to-date: /home/chris/ros2_ws/install/my_package/include/my_package/my_package
[1.725s] -- Up-to-date: /home/chris/ros2_ws/install/my_package/include/my_package/my_package/msg
[1.728s] -- Up-to-date: /home/chris/ros2_ws/install/my_package/include/my_package/my_package/msg/detail
[1.728s] -- Up-to-date: /home/chris/ros2_ws/install/my_package/include/my_package/my_package/msg/detail/address_book__type_support.c
[1.728s] -- Up-to-date: /home/chris/ros2_ws/install/my_package/include/my_package/my_package/msg/detail/address_book__rosidl_typesupport_introspection_c.h
[1.728s] -- Up-to-date: /home/chris/ros2_ws/install/my_package/include/my_package/my_package/msg/rosidl_typesupport_introspection_c__visibility_control.h
[1.728s] -- Up-to-date: /home/chris/ros2_ws/install/my_package/lib/libmy_package__rosidl_typesupport_introspection_c.so
[1.728s] -- Up-to-date: /home/chris/ros2_ws/install/my_package/lib/libmy_package__rosidl_typesupport_c.so
[1.729s] -- Up-to-date: /home/chris/ros2_ws/install/my_package/include/my_package/my_package
[1.729s] -- Up-to-date: /home/chris/ros2_ws/install/my_package/include/my_package/my_package/msg
[1.729s] -- Up-to-date: /home/chris/ros2_ws/install/my_package/include/my_package/my_package/msg/address_book.hpp
[1.729s] -- Up-to-date: /home/chris/ros2_ws/install/my_package/include/my_package/my_package/msg/detail
[1.729s] -- Up-to-date: /home/chris/ros2_ws/install/my_package/include/my_package/my_package/msg/detail/address_book__traits.hpp
[1.729s] -- Up-to-date: /home/chris/ros2_ws/install/my_package/include/my_package/my_package/msg/detail/address_book__builder.hpp
[1.729s] -- Up-to-date: /home/chris/ros2_ws/install/my_package/include/my_package/my_package/msg/detail/address_book__struct.hpp
[1.729s] -- Up-to-date: /home/chris/ros2_ws/install/my_package/include/my_package/my_package
[1.729s] -- Up-to-date: /home/chris/ros2_ws/install/my_package/include/my_package/my_package/msg
[1.729s] -- Up-to-date: /home/chris/ros2_ws/install/my_package/include/my_package/my_package/msg/rosidl_typesupport_fastrtps_cpp__visibility_control.h
[1.729s] -- Up-to-date: /home/chris/ros2_ws/install/my_package/include/my_package/my_package/msg/detail
[1.730s] -- Up-to-date: /home/chris/ros2_ws/install/my_package/include/my_package/my_package/msg/detail/dds_fastrtps
[1.730s] -- Up-to-date: /home/chris/ros2_ws/install/my_package/include/my_package/my_package/msg/detail/address_book__rosidl_typesupport_fastrtps_cpp.hpp
[1.730s] -- Up-to-date: /home/chris/ros2_ws/install/my_package/lib/libmy_package__rosidl_typesupport_fastrtps_cpp.so
[1.731s] -- Up-to-date: /home/chris/ros2_ws/install/my_package/include/my_package/my_package
[1.731s] -- Up-to-date: /home/chris/ros2_ws/install/my_package/include/my_package/my_package/msg
[1.731s] -- Up-to-date: /home/chris/ros2_ws/install/my_package/include/my_package/my_package/msg/detail
[1.731s] -- Up-to-date: /home/chris/ros2_ws/install/my_package/include/my_package/my_package/msg/detail/address_book__rosidl_typesupport_introspection_cpp.hpp
[1.731s] -- Up-to-date: /home/chris/ros2_ws/install/my_package/include/my_package/my_package/msg/detail/address_book__type_support.cpp
[1.731s] -- Up-to-date: /home/chris/ros2_ws/install/my_package/lib/libmy_package__rosidl_typesupport_introspection_cpp.so
[1.731s] -- Up-to-date: /home/chris/ros2_ws/install/my_package/lib/libmy_package__rosidl_typesupport_cpp.so
[1.732s] -- Up-to-date: /home/chris/ros2_ws/install/my_package/share/my_package/environment/pythonpath.sh
[1.732s] -- Up-to-date: /home/chris/ros2_ws/install/my_package/share/my_package/environment/pythonpath.dsv
[1.733s] -- Up-to-date: /home/chris/ros2_ws/install/my_package/local/lib/python3.10/dist-packages/my_package-0.0.0-py3.10.egg-info
[1.733s] -- Installing: /home/chris/ros2_ws/install/my_package/local/lib/python3.10/dist-packages/my_package-0.0.0-py3.10.egg-info/dependency_links.txt
[1.733s] -- Installing: /home/chris/ros2_ws/install/my_package/local/lib/python3.10/dist-packages/my_package-0.0.0-py3.10.egg-info/PKG-INFO
[1.733s] -- Installing: /home/chris/ros2_ws/install/my_package/local/lib/python3.10/dist-packages/my_package-0.0.0-py3.10.egg-info/top_level.txt
[1.733s] -- Installing: /home/chris/ros2_ws/install/my_package/local/lib/python3.10/dist-packages/my_package-0.0.0-py3.10.egg-info/SOURCES.txt
[1.734s] -- Up-to-date: /home/chris/ros2_ws/install/my_package/local/lib/python3.10/dist-packages/my_package
[1.734s] -- Up-to-date: /home/chris/ros2_ws/install/my_package/local/lib/python3.10/dist-packages/my_package/_my_package_s.ep.rosidl_typesupport_introspection_c.c
[1.734s] -- Up-to-date: /home/chris/ros2_ws/install/my_package/local/lib/python3.10/dist-packages/my_package/libmy_package__rosidl_generator_py.so
[1.734s] -- Up-to-date: /home/chris/ros2_ws/install/my_package/local/lib/python3.10/dist-packages/my_package/_my_package_s.ep.rosidl_typesupport_c.c
[1.734s] -- Up-to-date: /home/chris/ros2_ws/install/my_package/local/lib/python3.10/dist-packages/my_package/__init__.py
[1.735s] -- Up-to-date: /home/chris/ros2_ws/install/my_package/local/lib/python3.10/dist-packages/my_package/my_package_s__rosidl_typesupport_introspection_c.cpython-310-x86_64-linux-gnu.so
[1.735s] -- Up-to-date: /home/chris/ros2_ws/install/my_package/local/lib/python3.10/dist-packages/my_package/msg
[1.735s] -- Up-to-date: /home/chris/ros2_ws/install/my_package/local/lib/python3.10/dist-packages/my_package/msg/_address_book.py
[1.735s] -- Up-to-date: /home/chris/ros2_ws/install/my_package/local/lib/python3.10/dist-packages/my_package/msg/__init__.py
[1.735s] -- Up-to-date: /home/chris/ros2_ws/install/my_package/local/lib/python3.10/dist-packages/my_package/msg/_address_book_s.c
[1.735s] -- Up-to-date: /home/chris/ros2_ws/install/my_package/local/lib/python3.10/dist-packages/my_package/_my_package_s.ep.rosidl_typesupport_fastrtps_c.c
[1.735s] -- Up-to-date: /home/chris/ros2_ws/install/my_package/local/lib/python3.10/dist-packages/my_package/my_package_s__rosidl_typesupport_fastrtps_c.cpython-310-x86_64-linux-gnu.so
[1.735s] -- Up-to-date: /home/chris/ros2_ws/install/my_package/local/lib/python3.10/dist-packages/my_package/my_package_s__rosidl_typesupport_c.cpython-310-x86_64-linux-gnu.so
[1.753s] Listing '/home/chris/ros2_ws/install/my_package/local/lib/python3.10/dist-packages/my_package'...
[1.753s] Listing '/home/chris/ros2_ws/install/my_package/local/lib/python3.10/dist-packages/my_package/msg'...
[1.756s] -- Up-to-date: /home/chris/ros2_ws/install/my_package/local/lib/python3.10/dist-packages/my_package/my_package_s__rosidl_typesupport_fastrtps_c.cpython-310-x86_64-linux-gnu.so
[1.756s] -- Up-to-date: /home/chris/ros2_ws/install/my_package/local/lib/python3.10/dist-packages/my_package/my_package_s__rosidl_typesupport_introspection_c.cpython-310-x86_64-linux-gnu.so
[1.757s] -- Up-to-date: /home/chris/ros2_ws/install/my_package/local/lib/python3.10/dist-packages/my_package/my_package_s__rosidl_typesupport_c.cpython-310-x86_64-linux-gnu.so
[1.757s] -- Up-to-date: /home/chris/ros2_ws/install/my_package/lib/libmy_package__rosidl_generator_py.so
[1.759s] -- Up-to-date: /home/chris/ros2_ws/install/my_package/share/my_package/msg/AddressBook.idl
[1.759s] -- Up-to-date: /home/chris/ros2_ws/install/my_package/share/my_package/msg/AddressBook.msg
[1.759s] -- Up-to-date: /home/chris/ros2_ws/install/my_package/lib/my_package/my_node
[1.759s] -- Up-to-date: /home/chris/ros2_ws/install/my_package/share/ament_index/resource_index/package_run_dependencies/my_package
[1.759s] -- Up-to-date: /home/chris/ros2_ws/install/my_package/share/ament_index/resource_index/parent_prefix_path/my_package
[1.759s] -- Up-to-date: /home/chris/ros2_ws/install/my_package/share/my_package/environment/ament_prefix_path.sh
[1.760s] -- Up-to-date: /home/chris/ros2_ws/install/my_package/share/my_package/environment/ament_prefix_path.dsv
[1.760s] -- Up-to-date: /home/chris/ros2_ws/install/my_package/share/my_package/environment/path.sh
[1.760s] -- Up-to-date: /home/chris/ros2_ws/install/my_package/share/my_package/environment/path.dsv
[1.760s] -- Up-to-date: /home/chris/ros2_ws/install/my_package/share/my_package/local_setup.bash
[1.760s] -- Up-to-date: /home/chris/ros2_ws/install/my_package/share/my_package/local_setup.sh
[1.760s] -- Up-to-date: /home/chris/ros2_ws/install/my_package/share/my_package/local_setup.zsh
[1.760s] -- Up-to-date: /home/chris/ros2_ws/install/my_package/share/my_package/local_setup.dsv
[1.760s] -- Installing: /home/chris/ros2_ws/install/my_package/share/my_package/package.dsv
[1.761s] -- Up-to-date: /home/chris/ros2_ws/install/my_package/share/ament_index/resource_index/packages/my_package
[1.761s] -- Up-to-date: /home/chris/ros2_ws/install/my_package/share/my_package/cmake/export_my_package__rosidl_generator_cExport.cmake
[1.761s] -- Up-to-date: /home/chris/ros2_ws/install/my_package/share/my_package/cmake/export_my_package__rosidl_generator_cExport-noconfig.cmake
[1.762s] -- Up-to-date: /home/chris/ros2_ws/install/my_package/share/my_package/cmake/export_my_package__rosidl_typesupport_fastrtps_cExport.cmake
[1.762s] -- Up-to-date: /home/chris/ros2_ws/install/my_package/share/my_package/cmake/export_my_package__rosidl_typesupport_fastrtps_cExport-noconfig.cmake
[1.762s] -- Up-to-date: /home/chris/ros2_ws/install/my_package/share/my_package/cmake/my_package__rosidl_typesupport_introspection_cExport.cmake
[1.762s] -- Up-to-date: /home/chris/ros2_ws/install/my_package/share/my_package/cmake/my_package__rosidl_typesupport_introspection_cExport-noconfig.cmake
[1.762s] -- Up-to-date: /home/chris/ros2_ws/install/my_package/share/my_package/cmake/my_package__rosidl_typesupport_cExport.cmake
[1.762s] -- Up-to-date: /home/chris/ros2_ws/install/my_package/share/my_package/cmake/my_package__rosidl_typesupport_cExport-noconfig.cmake
[1.763s] -- Up-to-date: /home/chris/ros2_ws/install/my_package/share/my_package/cmake/export_my_package__rosidl_generator_cppExport.cmake
[1.763s] -- Up-to-date: /home/chris/ros2_ws/install/my_package/share/my_package/cmake/export_my_package__rosidl_typesupport_fastrtps_cppExport.cmake
[1.763s] -- Up-to-date: /home/chris/ros2_ws/install/my_package/share/my_package/cmake/export_my_package__rosidl_typesupport_fastrtps_cppExport-noconfig.cmake
[1.763s] -- Up-to-date: /home/chris/ros2_ws/install/my_package/share/my_package/cmake/my_package__rosidl_typesupport_introspection_cppExport.cmake
[1.763s] -- Up-to-date: /home/chris/ros2_ws/install/my_package/share/my_package/cmake/my_package__rosidl_typesupport_introspection_cppExport-noconfig.cmake
[1.763s] -- Up-to-date: /home/chris/ros2_ws/install/my_package/share/my_package/cmake/my_package__rosidl_typesupport_cppExport.cmake
[1.764s] -- Up-to-date: /home/chris/ros2_ws/install/my_package/share/my_package/cmake/my_package__rosidl_typesupport_cppExport-noconfig.cmake
[1.764s] -- Up-to-date: /home/chris/ros2_ws/install/my_package/share/my_package/cmake/export_my_package__rosidl_generator_pyExport.cmake
[1.764s] -- Up-to-date: /home/chris/ros2_ws/install/my_package/share/my_package/cmake/export_my_package__rosidl_generator_pyExport-noconfig.cmake
[1.765s] -- Up-to-date: /home/chris/ros2_ws/install/my_package/share/my_package/cmake/rosidl_cmake-extras.cmake
[1.765s] -- Up-to-date: /home/chris/ros2_ws/install/my_package/share/my_package/cmake/ament_cmake_export_include_directories-extras.cmake
[1.765s] -- Up-to-date: /home/chris/ros2_ws/install/my_package/share/my_package/cmake/ament_cmake_export_libraries-extras.cmake
[1.765s] -- Up-to-date: /home/chris/ros2_ws/install/my_package/share/my_package/cmake/ament_cmake_export_targets-extras.cmake
[1.765s] -- Up-to-date: /home/chris/ros2_ws/install/my_package/share/my_package/cmake/rosidl_cmake_export_typesupport_targets-extras.cmake
[1.765s] -- Up-to-date: /home/chris/ros2_ws/install/my_package/share/my_package/cmake/ament_cmake_export_dependencies-extras.cmake
[1.765s] -- Up-to-date: /home/chris/ros2_ws/install/my_package/share/my_package/cmake/rosidl_cmake_export_typesupport_libraries-extras.cmake
[1.765s] -- Up-to-date: /home/chris/ros2_ws/install/my_package/share/my_package/cmake/my_packageConfig.cmake
[1.765s] -- Up-to-date: /home/chris/ros2_ws/install/my_package/share/my_package/cmake/my_packageConfig-version.cmake
[1.765s] -- Up-to-date: /home/chris/ros2_ws/install/my_package/share/my_package/package.xml
[1.873s] Invoked command in '/home/chris/ros2_ws/build/my_package' returned '0': CMAKE_PREFIX_PATH=${CMAKE_PREFIX_PATH}:/home/chris/ros2_ws/src/install/examples_rclpy_minimal_action_server:/home/chris/ros2_ws/install/launch_testing_examples:/home/chris/ros2_ws/install/examples_rclpy_pointcloud_publisher:/home/chris/ros2_ws/install/examples_rclpy_minimal_subscriber:/home/chris/ros2_ws/install/examples_rclpy_minimal_service:/home/chris/ros2_ws/install/examples_rclpy_minimal_publisher:/home/chris/ros2_ws/install/examples_rclpy_minimal_client:/home/chris/ros2_ws/install/examples_rclpy_minimal_action_server:/home/chris/ros2_ws/install/examples_rclpy_minimal_action_client:/home/chris/ros2_ws/install/examples_rclpy_guard_conditions:/home/chris/ros2_ws/install/examples_rclpy_executors:/opt/ros/humble /usr/bin/cmake --install /home/chris/ros2_ws/build/my_package
