[0.323s] Invoking command in '/home/chris/rostut/build/examples_rclcpp_minimal_service': CMAKE_PREFIX_PATH=${CMAKE_PREFIX_PATH}:/home/chris/rostut/install/launch_testing_examples:/home/chris/rostut/install/examples_rclpy_pointcloud_publisher:/home/chris/rostut/install/examples_rclpy_minimal_subscriber:/home/chris/rostut/install/examples_rclpy_minimal_service:/home/chris/rostut/install/examples_rclpy_minimal_publisher:/home/chris/rostut/install/examples_rclpy_minimal_client:/home/chris/rostut/install/examples_rclpy_minimal_action_server:/home/chris/rostut/install/examples_rclpy_minimal_action_client:/home/chris/rostut/install/examples_rclpy_guard_conditions:/home/chris/rostut/install/examples_rclpy_executors:/opt/ros/humble /usr/bin/cmake --build /home/chris/rostut/build/examples_rclcpp_minimal_service -- -j20 -l20
[0.928s] [100%] Built target service_main
[0.935s] Invoked command in '/home/chris/rostut/build/examples_rclcpp_minimal_service' returned '0': CMAKE_PREFIX_PATH=${CMAKE_PREFIX_PATH}:/home/chris/rostut/install/launch_testing_examples:/home/chris/rostut/install/examples_rclpy_pointcloud_publisher:/home/chris/rostut/install/examples_rclpy_minimal_subscriber:/home/chris/rostut/install/examples_rclpy_minimal_service:/home/chris/rostut/install/examples_rclpy_minimal_publisher:/home/chris/rostut/install/examples_rclpy_minimal_client:/home/chris/rostut/install/examples_rclpy_minimal_action_server:/home/chris/rostut/install/examples_rclpy_minimal_action_client:/home/chris/rostut/install/examples_rclpy_guard_conditions:/home/chris/rostut/install/examples_rclpy_executors:/opt/ros/humble /usr/bin/cmake --build /home/chris/rostut/build/examples_rclcpp_minimal_service -- -j20 -l20
[0.987s] Invoking command in '/home/chris/rostut/build/examples_rclcpp_minimal_service': CMAKE_PREFIX_PATH=${CMAKE_PREFIX_PATH}:/home/chris/rostut/install/launch_testing_examples:/home/chris/rostut/install/examples_rclpy_pointcloud_publisher:/home/chris/rostut/install/examples_rclpy_minimal_subscriber:/home/chris/rostut/install/examples_rclpy_minimal_service:/home/chris/rostut/install/examples_rclpy_minimal_publisher:/home/chris/rostut/install/examples_rclpy_minimal_client:/home/chris/rostut/install/examples_rclpy_minimal_action_server:/home/chris/rostut/install/examples_rclpy_minimal_action_client:/home/chris/rostut/install/examples_rclpy_guard_conditions:/home/chris/rostut/install/examples_rclpy_executors:/opt/ros/humble /usr/bin/cmake --install /home/chris/rostut/build/examples_rclcpp_minimal_service
[1.045s] -- Install configuration: ""
[1.045s] -- Execute custom install script
[1.045s] -- Up-to-date symlink: /home/chris/rostut/install/examples_rclcpp_minimal_service/lib/examples_rclcpp_minimal_service/service_main
[1.045s] -- Up-to-date symlink: /home/chris/rostut/install/examples_rclcpp_minimal_service/share/ament_index/resource_index/package_run_dependencies/examples_rclcpp_minimal_service
[1.046s] -- Up-to-date symlink: /home/chris/rostut/install/examples_rclcpp_minimal_service/share/ament_index/resource_index/parent_prefix_path/examples_rclcpp_minimal_service
[1.046s] -- Up-to-date symlink: /home/chris/rostut/install/examples_rclcpp_minimal_service/share/examples_rclcpp_minimal_service/environment/ament_prefix_path.sh
[1.046s] -- Up-to-date symlink: /home/chris/rostut/install/examples_rclcpp_minimal_service/share/examples_rclcpp_minimal_service/environment/ament_prefix_path.dsv
[1.046s] -- Up-to-date symlink: /home/chris/rostut/install/examples_rclcpp_minimal_service/share/examples_rclcpp_minimal_service/environment/path.sh
[1.046s] -- Up-to-date symlink: /home/chris/rostut/install/examples_rclcpp_minimal_service/share/examples_rclcpp_minimal_service/environment/path.dsv
[1.046s] -- Up-to-date symlink: /home/chris/rostut/install/examples_rclcpp_minimal_service/share/examples_rclcpp_minimal_service/local_setup.bash
[1.046s] -- Up-to-date symlink: /home/chris/rostut/install/examples_rclcpp_minimal_service/share/examples_rclcpp_minimal_service/local_setup.sh
[1.046s] -- Up-to-date symlink: /home/chris/rostut/install/examples_rclcpp_minimal_service/share/examples_rclcpp_minimal_service/local_setup.zsh
[1.046s] -- Up-to-date symlink: /home/chris/rostut/install/examples_rclcpp_minimal_service/share/examples_rclcpp_minimal_service/local_setup.dsv
[1.046s] -- Symlinking: /home/chris/rostut/install/examples_rclcpp_minimal_service/share/examples_rclcpp_minimal_service/package.dsv
[1.046s] -- Up-to-date symlink: /home/chris/rostut/install/examples_rclcpp_minimal_service/share/ament_index/resource_index/packages/examples_rclcpp_minimal_service
[1.046s] -- Up-to-date symlink: /home/chris/rostut/install/examples_rclcpp_minimal_service/share/examples_rclcpp_minimal_service/cmake/examples_rclcpp_minimal_serviceConfig.cmake
[1.047s] -- Up-to-date symlink: /home/chris/rostut/install/examples_rclcpp_minimal_service/share/examples_rclcpp_minimal_service/cmake/examples_rclcpp_minimal_serviceConfig-version.cmake
[1.047s] -- Up-to-date symlink: /home/chris/rostut/install/examples_rclcpp_minimal_service/share/examples_rclcpp_minimal_service/package.xml
[1.216s] Invoked command in '/home/chris/rostut/build/examples_rclcpp_minimal_service' returned '0': CMAKE_PREFIX_PATH=${CMAKE_PREFIX_PATH}:/home/chris/rostut/install/launch_testing_examples:/home/chris/rostut/install/examples_rclpy_pointcloud_publisher:/home/chris/rostut/install/examples_rclpy_minimal_subscriber:/home/chris/rostut/install/examples_rclpy_minimal_service:/home/chris/rostut/install/examples_rclpy_minimal_publisher:/home/chris/rostut/install/examples_rclpy_minimal_client:/home/chris/rostut/install/examples_rclpy_minimal_action_server:/home/chris/rostut/install/examples_rclpy_minimal_action_client:/home/chris/rostut/install/examples_rclpy_guard_conditions:/home/chris/rostut/install/examples_rclpy_executors:/opt/ros/humble /usr/bin/cmake --install /home/chris/rostut/build/examples_rclcpp_minimal_service
