[0.822s] Invoking command in '/home/chris/ros2_ws/build/topic_statistics_demo': CMAKE_PREFIX_PATH=${CMAKE_PREFIX_PATH}:/home/chris/ros2_ws/src/install/examples_rclpy_minimal_action_server:/home/chris/ros2_ws/install/launch_testing_examples:/home/chris/ros2_ws/install/examples_rclpy_pointcloud_publisher:/home/chris/ros2_ws/install/examples_rclpy_minimal_subscriber:/home/chris/ros2_ws/install/examples_rclpy_minimal_service:/home/chris/ros2_ws/install/examples_rclpy_minimal_publisher:/home/chris/ros2_ws/install/examples_rclpy_minimal_client:/home/chris/ros2_ws/install/examples_rclpy_minimal_action_server:/home/chris/ros2_ws/install/examples_rclpy_minimal_action_client:/home/chris/ros2_ws/install/examples_rclpy_guard_conditions:/home/chris/ros2_ws/install/examples_rclpy_executors:/opt/ros/humble /usr/bin/cmake /home/chris/ros2_ws/src/demos/topic_statistics_demo -DCMAKE_INSTALL_PREFIX=/home/chris/ros2_ws/install/topic_statistics_demo
[0.874s] -- The C compiler identification is GNU 11.4.0
[0.912s] -- The CXX compiler identification is GNU 11.4.0
[0.919s] -- Detecting C compiler ABI info
[0.987s] -- Detecting C compiler ABI info - done
[0.997s] -- Check for working C compiler: /usr/bin/cc - skipped
[0.997s] -- Detecting C compile features
[0.997s] -- Detecting C compile features - done
[1.001s] -- Detecting CXX compiler ABI info
[1.075s] -- Detecting CXX compiler ABI info - done
[1.080s] -- Check for working CXX compiler: /usr/bin/c++ - skipped
[1.081s] -- Detecting CXX compile features
[1.081s] -- Detecting CXX compile features - done
[1.084s] -- Found ament_cmake: 1.3.6 (/opt/ros/humble/share/ament_cmake/cmake)
[1.295s] -- Found Python3: /usr/bin/python3.10 (found version "3.10.12") found components: Interpreter 
[1.414s] -- Found rclcpp: 16.0.7 (/opt/ros/humble/share/rclcpp/cmake)
[1.459s] -- Found rosidl_generator_c: 3.1.5 (/opt/ros/humble/share/rosidl_generator_c/cmake)
[1.465s] -- Found rosidl_adapter: 3.1.5 (/opt/ros/humble/share/rosidl_adapter/cmake)
[1.473s] -- Found rosidl_generator_cpp: 3.1.5 (/opt/ros/humble/share/rosidl_generator_cpp/cmake)
[1.486s] -- Using all available rosidl_typesupport_c: rosidl_typesupport_fastrtps_c;rosidl_typesupport_introspection_c
[1.503s] -- Using all available rosidl_typesupport_cpp: rosidl_typesupport_fastrtps_cpp;rosidl_typesupport_introspection_cpp
[1.569s] -- Found rmw_implementation_cmake: 6.1.1 (/opt/ros/humble/share/rmw_implementation_cmake/cmake)
[1.572s] -- Found rmw_fastrtps_cpp: 6.2.5 (/opt/ros/humble/share/rmw_fastrtps_cpp/cmake)
[1.645s] -- Found OpenSSL: /usr/lib/x86_64-linux-gnu/libcrypto.so (found version "3.0.2")  
[1.677s] -- Found FastRTPS: /opt/ros/humble/include  
[1.722s] -- Using RMW implementation 'rmw_fastrtps_cpp' as default
[1.732s] -- Looking for pthread.h
[1.779s] -- Looking for pthread.h - found
[1.779s] -- Performing Test CMAKE_HAVE_LIBC_PTHREAD
[1.826s] -- Performing Test CMAKE_HAVE_LIBC_PTHREAD - Success
[1.826s] -- Found Threads: TRUE  
[1.929s] -- Found sensor_msgs: 4.2.3 (/opt/ros/humble/share/sensor_msgs/cmake)
[2.002s] -- Found ament_lint_auto: 0.12.9 (/opt/ros/humble/share/ament_lint_auto/cmake)
[2.061s] -- Added test 'copyright' to check source files copyright and LICENSE
[2.062s] -- Added test 'cppcheck' to perform static code analysis on C / C++ code
[2.062s] -- Configured cppcheck include dirs: /home/chris/ros2_ws/src/demos/topic_statistics_demo/include
[2.062s] -- Configured cppcheck exclude dirs and/or files: 
[2.063s] -- Added test 'cpplint' to check C / C++ code against the Google style
[2.063s] -- Configured cpplint exclude dirs and/or files: 
[2.063s] -- Added test 'lint_cmake' to check CMake code style
[2.064s] -- Added test 'uncrustify' to check C / C++ code style
[2.064s] -- Configured uncrustify additional arguments: 
[2.065s] -- Added test 'xmllint' to check XML markup files
[2.066s] -- Configuring done
[2.070s] -- Generating done
[2.071s] -- Build files have been written to: /home/chris/ros2_ws/build/topic_statistics_demo
