[0.296s] Invoking command in '/home/chris/ros2_ws/build/examples_rclcpp_wait_set': CMAKE_PREFIX_PATH=/home/chris/ros2_ws/install/examples_rclpy_minimal_subscriber:/home/chris/ros2_ws/install/examples_rclpy_minimal_service:/home/chris/ros2_ws/install/examples_rclpy_minimal_publisher:/home/chris/ros2_ws/install/examples_rclpy_minimal_client:/home/chris/ros2_ws/install/examples_rclpy_minimal_action_server:/home/chris/ros2_ws/install/examples_rclpy_minimal_action_client:/home/chris/ros2_ws/install/examples_rclpy_guard_conditions:/home/chris/ros2_ws/install/examples_rclpy_executors:/opt/ros/humble /usr/bin/cmake --build /home/chris/ros2_ws/build/examples_rclcpp_wait_set -- -j20 -l20
[3.034s] [35m[1mConsolidate compiler generated dependencies of target wait_set_listener[0m
[3.034s] [35m[1mConsolidate compiler generated dependencies of target listener[0m
[3.035s] [35m[1mConsolidate compiler generated dependencies of target static_wait_set[0m
[3.035s] [35m[1mConsolidate compiler generated dependencies of target talker[0m
[3.035s] [35m[1mConsolidate compiler generated dependencies of target wait_set_talker[0m
[3.035s] [35m[1mConsolidate compiler generated dependencies of target wait_set[0m
[3.035s] [35m[1mConsolidate compiler generated dependencies of target thread_safe_wait_set[0m
[3.035s] [  8%] Built target wait_set_listener
[3.035s] [ 16%] Built target wait_set_talker
[3.035s] [ 25%] Built target talker
[3.035s] [ 33%] Built target listener
[3.035s] [ 41%] Built target thread_safe_wait_set
[3.035s] [35m[1mConsolidate compiler generated dependencies of target wait_set_topics_and_timer[0m
[3.035s] [ 50%] Built target wait_set
[3.035s] [ 58%] Built target static_wait_set
[3.036s] [35m[1mConsolidate compiler generated dependencies of target executor_random_order[0m
[3.036s] [35m[1mConsolidate compiler generated dependencies of target wait_set_random_order[0m
[3.036s] [ 62%] [32mBuilding CXX object CMakeFiles/wait_set_topics_with_different_rates.dir/src/wait_set_topics_with_different_rates.cpp.o[0m
[3.036s] [ 70%] Built target wait_set_topics_and_timer
[3.036s] [ 79%] Built target executor_random_order
[3.036s] [ 83%] [32mBuilding CXX object CMakeFiles/wait_set_composed.dir/src/wait_set_composed.cpp.o[0m
[3.036s] [ 91%] Built target wait_set_random_order
[3.036s] [ 95%] [32m[1mLinking CXX executable wait_set_composed[0m
[3.036s] [ 95%] Built target wait_set_composed
[7.442s] [100%] [32m[1mLinking CXX executable wait_set_topics_with_different_rates[0m
[7.654s] [100%] Built target wait_set_topics_with_different_rates
[7.665s] Invoked command in '/home/chris/ros2_ws/build/examples_rclcpp_wait_set' returned '0': CMAKE_PREFIX_PATH=/home/chris/ros2_ws/install/examples_rclpy_minimal_subscriber:/home/chris/ros2_ws/install/examples_rclpy_minimal_service:/home/chris/ros2_ws/install/examples_rclpy_minimal_publisher:/home/chris/ros2_ws/install/examples_rclpy_minimal_client:/home/chris/ros2_ws/install/examples_rclpy_minimal_action_server:/home/chris/ros2_ws/install/examples_rclpy_minimal_action_client:/home/chris/ros2_ws/install/examples_rclpy_guard_conditions:/home/chris/ros2_ws/install/examples_rclpy_executors:/opt/ros/humble /usr/bin/cmake --build /home/chris/ros2_ws/build/examples_rclcpp_wait_set -- -j20 -l20
[7.688s] Invoking command in '/home/chris/ros2_ws/build/examples_rclcpp_wait_set': CMAKE_PREFIX_PATH=/home/chris/ros2_ws/install/examples_rclpy_minimal_subscriber:/home/chris/ros2_ws/install/examples_rclpy_minimal_service:/home/chris/ros2_ws/install/examples_rclpy_minimal_publisher:/home/chris/ros2_ws/install/examples_rclpy_minimal_client:/home/chris/ros2_ws/install/examples_rclpy_minimal_action_server:/home/chris/ros2_ws/install/examples_rclpy_minimal_action_client:/home/chris/ros2_ws/install/examples_rclpy_guard_conditions:/home/chris/ros2_ws/install/examples_rclpy_executors:/opt/ros/humble /usr/bin/cmake --install /home/chris/ros2_ws/build/examples_rclcpp_wait_set
[7.691s] -- Install configuration: ""
[7.692s] -- Execute custom install script
[7.692s] -- Symlinking: /home/chris/ros2_ws/install/examples_rclcpp_wait_set/lib/examples_rclcpp_wait_set/wait_set_talker
[7.696s] -- Symlinking: /home/chris/ros2_ws/install/examples_rclcpp_wait_set/lib/examples_rclcpp_wait_set/wait_set_listener
[7.700s] -- Symlinking: /home/chris/ros2_ws/install/examples_rclcpp_wait_set/lib/libtalker.so
[7.703s] -- Symlinking: /home/chris/ros2_ws/install/examples_rclcpp_wait_set/lib/liblistener.so
[7.707s] -- Symlinking: /home/chris/ros2_ws/install/examples_rclcpp_wait_set/lib/examples_rclcpp_wait_set/wait_set
[7.710s] -- Symlinking: /home/chris/ros2_ws/install/examples_rclcpp_wait_set/lib/examples_rclcpp_wait_set/static_wait_set
[7.713s] -- Symlinking: /home/chris/ros2_ws/install/examples_rclcpp_wait_set/lib/examples_rclcpp_wait_set/thread_safe_wait_set
[7.717s] -- Symlinking: /home/chris/ros2_ws/install/examples_rclcpp_wait_set/lib/examples_rclcpp_wait_set/wait_set_topics_and_timer
[7.720s] -- Symlinking: /home/chris/ros2_ws/install/examples_rclcpp_wait_set/lib/examples_rclcpp_wait_set/wait_set_random_order
[7.724s] -- Symlinking: /home/chris/ros2_ws/install/examples_rclcpp_wait_set/lib/examples_rclcpp_wait_set/executor_random_order
[7.727s] -- Symlinking: /home/chris/ros2_ws/install/examples_rclcpp_wait_set/lib/examples_rclcpp_wait_set/wait_set_topics_with_different_rates
[7.731s] -- Symlinking: /home/chris/ros2_ws/install/examples_rclcpp_wait_set/lib/examples_rclcpp_wait_set/wait_set_composed
[7.734s] -- Symlinking: /home/chris/ros2_ws/install/examples_rclcpp_wait_set/share/ament_index/resource_index/package_run_dependencies/examples_rclcpp_wait_set
[7.738s] -- Symlinking: /home/chris/ros2_ws/install/examples_rclcpp_wait_set/share/ament_index/resource_index/parent_prefix_path/examples_rclcpp_wait_set
[7.741s] -- Symlinking: /home/chris/ros2_ws/install/examples_rclcpp_wait_set/share/examples_rclcpp_wait_set/environment/ament_prefix_path.sh
[7.745s] -- Symlinking: /home/chris/ros2_ws/install/examples_rclcpp_wait_set/share/examples_rclcpp_wait_set/environment/ament_prefix_path.dsv
[7.748s] -- Symlinking: /home/chris/ros2_ws/install/examples_rclcpp_wait_set/share/examples_rclcpp_wait_set/environment/path.sh
[7.751s] -- Symlinking: /home/chris/ros2_ws/install/examples_rclcpp_wait_set/share/examples_rclcpp_wait_set/environment/path.dsv
[7.755s] -- Symlinking: /home/chris/ros2_ws/install/examples_rclcpp_wait_set/share/examples_rclcpp_wait_set/local_setup.bash
[7.758s] -- Symlinking: /home/chris/ros2_ws/install/examples_rclcpp_wait_set/share/examples_rclcpp_wait_set/local_setup.sh
[7.761s] -- Symlinking: /home/chris/ros2_ws/install/examples_rclcpp_wait_set/share/examples_rclcpp_wait_set/local_setup.zsh
[7.765s] -- Symlinking: /home/chris/ros2_ws/install/examples_rclcpp_wait_set/share/examples_rclcpp_wait_set/local_setup.dsv
[7.768s] -- Symlinking: /home/chris/ros2_ws/install/examples_rclcpp_wait_set/share/examples_rclcpp_wait_set/package.dsv
[7.771s] -- Symlinking: /home/chris/ros2_ws/install/examples_rclcpp_wait_set/share/ament_index/resource_index/packages/examples_rclcpp_wait_set
[7.775s] -- Symlinking: /home/chris/ros2_ws/install/examples_rclcpp_wait_set/share/ament_index/resource_index/rclcpp_components/examples_rclcpp_wait_set
[7.778s] -- Symlinking: /home/chris/ros2_ws/install/examples_rclcpp_wait_set/share/examples_rclcpp_wait_set/cmake/examples_rclcpp_wait_setConfig.cmake
[7.781s] -- Symlinking: /home/chris/ros2_ws/install/examples_rclcpp_wait_set/share/examples_rclcpp_wait_set/cmake/examples_rclcpp_wait_setConfig-version.cmake
[7.785s] -- Symlinking: /home/chris/ros2_ws/install/examples_rclcpp_wait_set/share/examples_rclcpp_wait_set/package.xml
[7.789s] Invoked command in '/home/chris/ros2_ws/build/examples_rclcpp_wait_set' returned '0': CMAKE_PREFIX_PATH=/home/chris/ros2_ws/install/examples_rclpy_minimal_subscriber:/home/chris/ros2_ws/install/examples_rclpy_minimal_service:/home/chris/ros2_ws/install/examples_rclpy_minimal_publisher:/home/chris/ros2_ws/install/examples_rclpy_minimal_client:/home/chris/ros2_ws/install/examples_rclpy_minimal_action_server:/home/chris/ros2_ws/install/examples_rclpy_minimal_action_client:/home/chris/ros2_ws/install/examples_rclpy_guard_conditions:/home/chris/ros2_ws/install/examples_rclpy_executors:/opt/ros/humble /usr/bin/cmake --install /home/chris/ros2_ws/build/examples_rclcpp_wait_set
