[0.515s] Invoking command in '/home/chris/rostut/build/examples_rclcpp_minimal_composition': CMAKE_PREFIX_PATH=${CMAKE_PREFIX_PATH}:/home/chris/rostut/install/examples_rclpy_minimal_subscriber:/home/chris/rostut/install/examples_rclpy_minimal_service:/home/chris/rostut/install/examples_rclpy_minimal_publisher:/home/chris/rostut/install/examples_rclpy_minimal_client:/home/chris/rostut/install/examples_rclpy_minimal_action_server:/home/chris/rostut/install/examples_rclpy_minimal_action_client:/home/chris/rostut/install/examples_rclpy_guard_conditions:/home/chris/rostut/install/examples_rclpy_executors:/opt/ros/humble /usr/bin/cmake /home/chris/rostut/src/examples/rclcpp/composition/minimal_composition -DCMAKE_INSTALL_PREFIX=/home/chris/rostut/install/examples_rclcpp_minimal_composition
[1.989s] -- Found ament_cmake: 1.3.6 (/opt/ros/humble/share/ament_cmake/cmake)
[1.989s] -- Override CMake install command with custom implementation using symlinks instead of copying resources
[1.989s] -- Found rclcpp: 16.0.7 (/opt/ros/humble/share/rclcpp/cmake)
[1.990s] -- Found rosidl_generator_c: 3.1.5 (/opt/ros/humble/share/rosidl_generator_c/cmake)
[1.990s] -- Found rosidl_adapter: 3.1.5 (/opt/ros/humble/share/rosidl_adapter/cmake)
[1.990s] -- Found rosidl_generator_cpp: 3.1.5 (/opt/ros/humble/share/rosidl_generator_cpp/cmake)
[1.990s] -- Using all available rosidl_typesupport_c: rosidl_typesupport_fastrtps_c;rosidl_typesupport_introspection_c
[1.991s] -- Using all available rosidl_typesupport_cpp: rosidl_typesupport_fastrtps_cpp;rosidl_typesupport_introspection_cpp
[1.991s] -- Found rmw_implementation_cmake: 6.1.1 (/opt/ros/humble/share/rmw_implementation_cmake/cmake)
[1.992s] -- Found rmw_fastrtps_cpp: 6.2.5 (/opt/ros/humble/share/rmw_fastrtps_cpp/cmake)
[1.993s] -- Using RMW implementation 'rmw_fastrtps_cpp' as default
[1.993s] -- Found rclcpp_components: 16.0.7 (/opt/ros/humble/share/rclcpp_components/cmake)
[1.993s] -- Found ament_lint_auto: 0.12.9 (/opt/ros/humble/share/ament_lint_auto/cmake)
[1.993s] -- Added test 'copyright' to check source files copyright and LICENSE
[1.993s] -- Added test 'cppcheck' to perform static code analysis on C / C++ code
[1.993s] -- Configured cppcheck include dirs: /home/chris/rostut/src/examples/rclcpp/composition/minimal_composition/include
[1.993s] -- Configured cppcheck exclude dirs and/or files: 
[1.993s] -- Added test 'cpplint' to check C / C++ code against the Google style
[1.993s] -- Configured cpplint exclude dirs and/or files: 
[1.994s] -- Added test 'lint_cmake' to check CMake code style
[1.994s] -- Added test 'uncrustify' to check C / C++ code style
[1.994s] -- Configured uncrustify additional arguments: 
[1.994s] -- Added test 'xmllint' to check XML markup files
[1.994s] -- Configuring done
[1.994s] -- Generating done
[1.994s] -- Build files have been written to: /home/chris/rostut/build/examples_rclcpp_minimal_composition
[2.024s] Invoked command in '/home/chris/rostut/build/examples_rclcpp_minimal_composition' returned '0': CMAKE_PREFIX_PATH=${CMAKE_PREFIX_PATH}:/home/chris/rostut/install/examples_rclpy_minimal_subscriber:/home/chris/rostut/install/examples_rclpy_minimal_service:/home/chris/rostut/install/examples_rclpy_minimal_publisher:/home/chris/rostut/install/examples_rclpy_minimal_client:/home/chris/rostut/install/examples_rclpy_minimal_action_server:/home/chris/rostut/install/examples_rclpy_minimal_action_client:/home/chris/rostut/install/examples_rclpy_guard_conditions:/home/chris/rostut/install/examples_rclpy_executors:/opt/ros/humble /usr/bin/cmake /home/chris/rostut/src/examples/rclcpp/composition/minimal_composition -DCMAKE_INSTALL_PREFIX=/home/chris/rostut/install/examples_rclcpp_minimal_composition
[2.024s] Invoking command in '/home/chris/rostut/build/examples_rclcpp_minimal_composition': CMAKE_PREFIX_PATH=${CMAKE_PREFIX_PATH}:/home/chris/rostut/install/examples_rclpy_minimal_subscriber:/home/chris/rostut/install/examples_rclpy_minimal_service:/home/chris/rostut/install/examples_rclpy_minimal_publisher:/home/chris/rostut/install/examples_rclpy_minimal_client:/home/chris/rostut/install/examples_rclpy_minimal_action_server:/home/chris/rostut/install/examples_rclpy_minimal_action_client:/home/chris/rostut/install/examples_rclpy_guard_conditions:/home/chris/rostut/install/examples_rclpy_executors:/opt/ros/humble /usr/bin/cmake --build /home/chris/rostut/build/examples_rclcpp_minimal_composition -- -j20 -l20
[2.044s] [35m[1mConsolidate compiler generated dependencies of target composition_nodes[0m
[2.056s] [ 11%] [32mBuilding CXX object CMakeFiles/composition_nodes.dir/src/subscriber_node.cpp.o[0m
[8.642s] [ 22%] [32m[1mLinking CXX shared library libcomposition_nodes.so[0m
[9.220s] [ 33%] Built target composition_nodes
[9.234s] [ 44%] [32mBuilding CXX object CMakeFiles/composition_subscriber.dir/src/standalone_subscriber.cpp.o[0m
[9.234s] [ 55%] [32mBuilding CXX object CMakeFiles/composition_composed.dir/src/composed.cpp.o[0m
[9.234s] [ 66%] [32mBuilding CXX object CMakeFiles/composition_publisher.dir/src/standalone_publisher.cpp.o[0m
[11.189s] [ 77%] [32m[1mLinking CXX executable composition_publisher[0m
[11.244s] [ 88%] [32m[1mLinking CXX executable composition_subscriber[0m
[11.422s] [ 88%] Built target composition_publisher
[11.476s] [ 88%] Built target composition_subscriber
[12.115s] [100%] [32m[1mLinking CXX executable composition_composed[0m
[12.238s] [100%] Built target composition_composed
[12.249s] Invoked command in '/home/chris/rostut/build/examples_rclcpp_minimal_composition' returned '0': CMAKE_PREFIX_PATH=${CMAKE_PREFIX_PATH}:/home/chris/rostut/install/examples_rclpy_minimal_subscriber:/home/chris/rostut/install/examples_rclpy_minimal_service:/home/chris/rostut/install/examples_rclpy_minimal_publisher:/home/chris/rostut/install/examples_rclpy_minimal_client:/home/chris/rostut/install/examples_rclpy_minimal_action_server:/home/chris/rostut/install/examples_rclpy_minimal_action_client:/home/chris/rostut/install/examples_rclpy_guard_conditions:/home/chris/rostut/install/examples_rclpy_executors:/opt/ros/humble /usr/bin/cmake --build /home/chris/rostut/build/examples_rclcpp_minimal_composition -- -j20 -l20
[12.267s] Invoking command in '/home/chris/rostut/build/examples_rclcpp_minimal_composition': CMAKE_PREFIX_PATH=${CMAKE_PREFIX_PATH}:/home/chris/rostut/install/examples_rclpy_minimal_subscriber:/home/chris/rostut/install/examples_rclpy_minimal_service:/home/chris/rostut/install/examples_rclpy_minimal_publisher:/home/chris/rostut/install/examples_rclpy_minimal_client:/home/chris/rostut/install/examples_rclpy_minimal_action_server:/home/chris/rostut/install/examples_rclpy_minimal_action_client:/home/chris/rostut/install/examples_rclpy_guard_conditions:/home/chris/rostut/install/examples_rclpy_executors:/opt/ros/humble /usr/bin/cmake --install /home/chris/rostut/build/examples_rclcpp_minimal_composition
[12.270s] -- Install configuration: ""
[12.270s] -- Execute custom install script
[12.270s] -- Symlinking: /home/chris/rostut/install/examples_rclcpp_minimal_composition/share/examples_rclcpp_minimal_composition/environment/library_path.sh
[12.276s] -- Symlinking: /home/chris/rostut/install/examples_rclcpp_minimal_composition/share/examples_rclcpp_minimal_composition/environment/library_path.dsv
[12.283s] -- Symlinking: /home/chris/rostut/install/examples_rclcpp_minimal_composition/lib/libcomposition_nodes.so
[12.290s] -- Symlinking: /home/chris/rostut/install/examples_rclcpp_minimal_composition/lib/examples_rclcpp_minimal_composition/composition_publisher
[12.297s] -- Symlinking: /home/chris/rostut/install/examples_rclcpp_minimal_composition/lib/examples_rclcpp_minimal_composition/composition_subscriber
[12.304s] -- Symlinking: /home/chris/rostut/install/examples_rclcpp_minimal_composition/lib/examples_rclcpp_minimal_composition/composition_composed
[12.311s] -- Symlinking: /home/chris/rostut/install/examples_rclcpp_minimal_composition/share/ament_index/resource_index/package_run_dependencies/examples_rclcpp_minimal_composition
[12.319s] -- Symlinking: /home/chris/rostut/install/examples_rclcpp_minimal_composition/share/ament_index/resource_index/parent_prefix_path/examples_rclcpp_minimal_composition
[12.327s] -- Symlinking: /home/chris/rostut/install/examples_rclcpp_minimal_composition/share/examples_rclcpp_minimal_composition/environment/ament_prefix_path.sh
[12.334s] -- Symlinking: /home/chris/rostut/install/examples_rclcpp_minimal_composition/share/examples_rclcpp_minimal_composition/environment/ament_prefix_path.dsv
[12.340s] -- Symlinking: /home/chris/rostut/install/examples_rclcpp_minimal_composition/share/examples_rclcpp_minimal_composition/environment/path.sh
[12.347s] -- Symlinking: /home/chris/rostut/install/examples_rclcpp_minimal_composition/share/examples_rclcpp_minimal_composition/environment/path.dsv
[12.354s] -- Symlinking: /home/chris/rostut/install/examples_rclcpp_minimal_composition/share/examples_rclcpp_minimal_composition/local_setup.bash
[12.360s] -- Symlinking: /home/chris/rostut/install/examples_rclcpp_minimal_composition/share/examples_rclcpp_minimal_composition/local_setup.sh
[12.367s] -- Symlinking: /home/chris/rostut/install/examples_rclcpp_minimal_composition/share/examples_rclcpp_minimal_composition/local_setup.zsh
[12.375s] -- Symlinking: /home/chris/rostut/install/examples_rclcpp_minimal_composition/share/examples_rclcpp_minimal_composition/local_setup.dsv
[12.381s] -- Symlinking: /home/chris/rostut/install/examples_rclcpp_minimal_composition/share/examples_rclcpp_minimal_composition/package.dsv
[12.388s] -- Symlinking: /home/chris/rostut/install/examples_rclcpp_minimal_composition/share/ament_index/resource_index/packages/examples_rclcpp_minimal_composition
[12.395s] -- Symlinking: /home/chris/rostut/install/examples_rclcpp_minimal_composition/share/examples_rclcpp_minimal_composition/cmake/examples_rclcpp_minimal_compositionConfig.cmake
[12.402s] -- Symlinking: /home/chris/rostut/install/examples_rclcpp_minimal_composition/share/examples_rclcpp_minimal_composition/cmake/examples_rclcpp_minimal_compositionConfig-version.cmake
[12.409s] -- Symlinking: /home/chris/rostut/install/examples_rclcpp_minimal_composition/share/examples_rclcpp_minimal_composition/package.xml
[12.419s] Invoked command in '/home/chris/rostut/build/examples_rclcpp_minimal_composition' returned '0': CMAKE_PREFIX_PATH=${CMAKE_PREFIX_PATH}:/home/chris/rostut/install/examples_rclpy_minimal_subscriber:/home/chris/rostut/install/examples_rclpy_minimal_service:/home/chris/rostut/install/examples_rclpy_minimal_publisher:/home/chris/rostut/install/examples_rclpy_minimal_client:/home/chris/rostut/install/examples_rclpy_minimal_action_server:/home/chris/rostut/install/examples_rclpy_minimal_action_client:/home/chris/rostut/install/examples_rclpy_guard_conditions:/home/chris/rostut/install/examples_rclpy_executors:/opt/ros/humble /usr/bin/cmake --install /home/chris/rostut/build/examples_rclcpp_minimal_composition
