[2.609s] Invoking command in '/home/chris/rostut/build/examples_rclpy_minimal_action_server': PYTHONPATH=/home/chris/rostut/build/examples_rclpy_minimal_action_server/prefix_override:/home/chris/rostut/install/examples_rclpy_minimal_action_server/lib/python3.10/site-packages:${PYTHONPATH} /usr/bin/python3 setup.py develop --editable --build-directory /home/chris/rostut/build/examples_rclpy_minimal_action_server/build --no-deps install_data
[78.030s] /usr/lib/python3/dist-packages/setuptools/command/easy_install.py:158: EasyInstallDeprecationWarning: easy_install command is deprecated. Use build and pip and other standards-based tools.
[78.031s]   warnings.warn(
[78.031s] /usr/lib/python3/dist-packages/setuptools/command/install.py:34: SetuptoolsDeprecationWarning: setup.py install is deprecated. Use build and pip and other standards-based tools.
[78.031s]   warnings.warn(
[78.040s] running develop
[78.040s] running egg_info
[78.040s] creating examples_rclpy_minimal_action_server.egg-info
[78.040s] writing examples_rclpy_minimal_action_server.egg-info/PKG-INFO
[78.040s] writing dependency_links to examples_rclpy_minimal_action_server.egg-info/dependency_links.txt
[78.040s] writing entry points to examples_rclpy_minimal_action_server.egg-info/entry_points.txt
[78.040s] writing requirements to examples_rclpy_minimal_action_server.egg-info/requires.txt
[78.040s] writing top-level names to examples_rclpy_minimal_action_server.egg-info/top_level.txt
[78.040s] writing manifest file 'examples_rclpy_minimal_action_server.egg-info/SOURCES.txt'
[78.040s] reading manifest file 'examples_rclpy_minimal_action_server.egg-info/SOURCES.txt'
[78.040s] writing manifest file 'examples_rclpy_minimal_action_server.egg-info/SOURCES.txt'
[78.040s] running build_ext
[78.041s] Creating /home/chris/rostut/install/examples_rclpy_minimal_action_server/lib/python3.10/site-packages/examples-rclpy-minimal-action-server.egg-link (link to .)
[78.041s] Installing server script to /home/chris/rostut/install/examples_rclpy_minimal_action_server/lib/examples_rclpy_minimal_action_server
[78.041s] Installing server_defer script to /home/chris/rostut/install/examples_rclpy_minimal_action_server/lib/examples_rclpy_minimal_action_server
[78.041s] Installing server_not_composable script to /home/chris/rostut/install/examples_rclpy_minimal_action_server/lib/examples_rclpy_minimal_action_server
[78.041s] Installing server_queue_goals script to /home/chris/rostut/install/examples_rclpy_minimal_action_server/lib/examples_rclpy_minimal_action_server
[78.041s] Installing server_single_goal script to /home/chris/rostut/install/examples_rclpy_minimal_action_server/lib/examples_rclpy_minimal_action_server
[78.041s] 
[78.041s] Installed /home/chris/rostut/build/examples_rclpy_minimal_action_server
[78.041s] running install_data
[78.041s] creating /home/chris/rostut/install/examples_rclpy_minimal_action_server/share/ament_index
[78.041s] creating /home/chris/rostut/install/examples_rclpy_minimal_action_server/share/ament_index/resource_index
[78.041s] creating /home/chris/rostut/install/examples_rclpy_minimal_action_server/share/ament_index/resource_index/packages
[78.041s] copying resource/examples_rclpy_minimal_action_server -> /home/chris/rostut/install/examples_rclpy_minimal_action_server/share/ament_index/resource_index/packages
[78.041s] copying package.xml -> /home/chris/rostut/install/examples_rclpy_minimal_action_server/share/examples_rclpy_minimal_action_server
[78.721s] Invoked command in '/home/chris/rostut/build/examples_rclpy_minimal_action_server' returned '0': PYTHONPATH=/home/chris/rostut/build/examples_rclpy_minimal_action_server/prefix_override:/home/chris/rostut/install/examples_rclpy_minimal_action_server/lib/python3.10/site-packages:${PYTHONPATH} /usr/bin/python3 setup.py develop --editable --build-directory /home/chris/rostut/build/examples_rclpy_minimal_action_server/build --no-deps install_data
