[3.532s] Invoking command in '/home/chris/ros2_ws/build/examples_rclpy_minimal_client': PYTHONPATH=/home/chris/ros2_ws/build/examples_rclpy_minimal_client/prefix_override:/home/chris/ros2_ws/install/examples_rclpy_minimal_client/lib/python3.10/site-packages:${PYTHONPATH} /usr/bin/python3 setup.py develop --editable --build-directory /home/chris/ros2_ws/build/examples_rclpy_minimal_client/build --no-deps install_data
[3.877s] running develop
[3.877s] /usr/lib/python3/dist-packages/setuptools/command/easy_install.py:158: EasyInstallDeprecationWarning: easy_install command is deprecated. Use build and pip and other standards-based tools.
[3.877s]   warnings.warn(
[3.878s] /usr/lib/python3/dist-packages/setuptools/command/install.py:34: SetuptoolsDeprecationWarning: setup.py install is deprecated. Use build and pip and other standards-based tools.
[3.878s]   warnings.warn(
[3.985s] running egg_info
[3.985s] writing examples_rclpy_minimal_client.egg-info/PKG-INFO
[3.985s] writing dependency_links to examples_rclpy_minimal_client.egg-info/dependency_links.txt
[3.985s] writing entry points to examples_rclpy_minimal_client.egg-info/entry_points.txt
[3.985s] writing requirements to examples_rclpy_minimal_client.egg-info/requires.txt
[3.986s] writing top-level names to examples_rclpy_minimal_client.egg-info/top_level.txt
[3.987s] reading manifest file 'examples_rclpy_minimal_client.egg-info/SOURCES.txt'
[3.988s] writing manifest file 'examples_rclpy_minimal_client.egg-info/SOURCES.txt'
[3.989s] running build_ext
[3.990s] Creating /home/chris/ros2_ws/install/examples_rclpy_minimal_client/lib/python3.10/site-packages/examples-rclpy-minimal-client.egg-link (link to .)
[3.991s] Installing client script to /home/chris/ros2_ws/install/examples_rclpy_minimal_client/lib/examples_rclpy_minimal_client
[3.991s] Installing client_async script to /home/chris/ros2_ws/install/examples_rclpy_minimal_client/lib/examples_rclpy_minimal_client
[3.991s] Installing client_async_callback script to /home/chris/ros2_ws/install/examples_rclpy_minimal_client/lib/examples_rclpy_minimal_client
[3.991s] Installing client_async_member_function script to /home/chris/ros2_ws/install/examples_rclpy_minimal_client/lib/examples_rclpy_minimal_client
[3.991s] 
[3.992s] Installed /home/chris/ros2_ws/build/examples_rclpy_minimal_client
[3.992s] running install_data
[4.542s] Invoked command in '/home/chris/ros2_ws/build/examples_rclpy_minimal_client' returned '0': PYTHONPATH=/home/chris/ros2_ws/build/examples_rclpy_minimal_client/prefix_override:/home/chris/ros2_ws/install/examples_rclpy_minimal_client/lib/python3.10/site-packages:${PYTHONPATH} /usr/bin/python3 setup.py develop --editable --build-directory /home/chris/ros2_ws/build/examples_rclpy_minimal_client/build --no-deps install_data
