[2.035s] Invoking command in '/home/chris/rostut/src/examples/rclpy/services/minimal_service': PYTHONPATH=/home/chris/rostut/build/examples_rclpy_minimal_service/prefix_override:/home/chris/rostut/install/examples_rclpy_minimal_service/lib/python3.10/site-packages:${PYTHONPATH} /usr/bin/python3 setup.py egg_info --egg-base ../../../../../build/examples_rclpy_minimal_service build --build-base /home/chris/rostut/build/examples_rclpy_minimal_service/build install --record /home/chris/rostut/build/examples_rclpy_minimal_service/install.log --single-version-externally-managed
[2.205s] running egg_info
[2.205s] writing ../../../../../build/examples_rclpy_minimal_service/examples_rclpy_minimal_service.egg-info/PKG-INFO
[2.205s] writing dependency_links to ../../../../../build/examples_rclpy_minimal_service/examples_rclpy_minimal_service.egg-info/dependency_links.txt
[2.205s] writing entry points to ../../../../../build/examples_rclpy_minimal_service/examples_rclpy_minimal_service.egg-info/entry_points.txt
[2.206s] writing requirements to ../../../../../build/examples_rclpy_minimal_service/examples_rclpy_minimal_service.egg-info/requires.txt
[2.206s] writing top-level names to ../../../../../build/examples_rclpy_minimal_service/examples_rclpy_minimal_service.egg-info/top_level.txt
[2.206s] reading manifest file '../../../../../build/examples_rclpy_minimal_service/examples_rclpy_minimal_service.egg-info/SOURCES.txt'
[2.206s] writing manifest file '../../../../../build/examples_rclpy_minimal_service/examples_rclpy_minimal_service.egg-info/SOURCES.txt'
[2.206s] running build
[2.206s] running build_py
[2.206s] /usr/lib/python3/dist-packages/setuptools/command/install.py:34: SetuptoolsDeprecationWarning: setup.py install is deprecated. Use build and pip and other standards-based tools.
[2.206s]   warnings.warn(
[2.206s] running install
[2.206s] running install_lib
[2.206s] running install_data
[2.206s] running install_egg_info
[2.206s] removing '/home/chris/rostut/install/examples_rclpy_minimal_service/lib/python3.10/site-packages/examples_rclpy_minimal_service-0.15.1-py3.10.egg-info' (and everything under it)
[2.207s] Copying ../../../../../build/examples_rclpy_minimal_service/examples_rclpy_minimal_service.egg-info to /home/chris/rostut/install/examples_rclpy_minimal_service/lib/python3.10/site-packages/examples_rclpy_minimal_service-0.15.1-py3.10.egg-info
[2.207s] running install_scripts
[2.221s] Installing service script to /home/chris/rostut/install/examples_rclpy_minimal_service/lib/examples_rclpy_minimal_service
[2.221s] Installing service_member_function script to /home/chris/rostut/install/examples_rclpy_minimal_service/lib/examples_rclpy_minimal_service
[2.222s] writing list of installed files to '/home/chris/rostut/build/examples_rclpy_minimal_service/install.log'
[2.348s] Invoked command in '/home/chris/rostut/src/examples/rclpy/services/minimal_service' returned '0': PYTHONPATH=/home/chris/rostut/build/examples_rclpy_minimal_service/prefix_override:/home/chris/rostut/install/examples_rclpy_minimal_service/lib/python3.10/site-packages:${PYTHONPATH} /usr/bin/python3 setup.py egg_info --egg-base ../../../../../build/examples_rclpy_minimal_service build --build-base /home/chris/rostut/build/examples_rclpy_minimal_service/build install --record /home/chris/rostut/build/examples_rclpy_minimal_service/install.log --single-version-externally-managed
