[0.029s] Invoking command in '/home/chris/ros2_ws/build/more_interfaces': CMAKE_PREFIX_PATH=${CMAKE_PREFIX_PATH}:/home/chris/ros2_ws/install/launch_testing_examples:/home/chris/ros2_ws/install/examples_rclpy_pointcloud_publisher:/home/chris/ros2_ws/install/examples_rclpy_minimal_subscriber:/home/chris/ros2_ws/install/examples_rclpy_minimal_service:/home/chris/ros2_ws/install/examples_rclpy_minimal_publisher:/home/chris/ros2_ws/install/examples_rclpy_minimal_client:/home/chris/ros2_ws/install/examples_rclpy_minimal_action_server:/home/chris/ros2_ws/install/examples_rclpy_minimal_action_client:/home/chris/ros2_ws/install/examples_rclpy_guard_conditions:/home/chris/ros2_ws/install/examples_rclpy_executors:/opt/ros/humble /usr/bin/cmake /home/chris/ros2_ws/src/more_interfaces -DCMAKE_INSTALL_PREFIX=/home/chris/ros2_ws/install/more_interfaces
[0.058s] -- The C compiler identification is GNU 11.4.0
[0.086s] -- The CXX compiler identification is GNU 11.4.0
[0.090s] -- Detecting C compiler ABI info
[0.126s] -- Detecting C compiler ABI info - done
[0.129s] -- Check for working C compiler: /usr/bin/cc - skipped
[0.129s] -- Detecting C compile features
[0.130s] -- Detecting C compile features - done
[0.131s] -- Detecting CXX compiler ABI info
[0.176s] -- Detecting CXX compiler ABI info - done
[0.180s] -- Check for working CXX compiler: /usr/bin/c++ - skipped
[0.180s] -- Detecting CXX compile features
[0.180s] -- Detecting CXX compile features - done
[0.182s] -- Found ament_cmake: 1.3.6 (/opt/ros/humble/share/ament_cmake/cmake)
[0.297s] -- Found Python3: /usr/bin/python3.10 (found version "3.10.12") found components: Interpreter 
[0.358s] -- Found rosidl_default_generators: 1.2.0 (/opt/ros/humble/share/rosidl_default_generators/cmake)
[0.362s] -- Using all available rosidl_typesupport_c: rosidl_typesupport_fastrtps_c;rosidl_typesupport_introspection_c
[0.367s] -- Found rosidl_adapter: 3.1.5 (/opt/ros/humble/share/rosidl_adapter/cmake)
[0.397s] -- Using all available rosidl_typesupport_cpp: rosidl_typesupport_fastrtps_cpp;rosidl_typesupport_introspection_cpp
[0.420s] -- Found rclcpp: 16.0.7 (/opt/ros/humble/share/rclcpp/cmake)
[0.471s] -- Found rmw_implementation_cmake: 6.1.1 (/opt/ros/humble/share/rmw_implementation_cmake/cmake)
[0.473s] -- Found rmw_fastrtps_cpp: 6.2.5 (/opt/ros/humble/share/rmw_fastrtps_cpp/cmake)
[0.527s] -- Found OpenSSL: /usr/lib/x86_64-linux-gnu/libcrypto.so (found version "3.0.2")  
[0.542s] -- Found FastRTPS: /opt/ros/humble/include  
[0.568s] -- Using RMW implementation 'rmw_fastrtps_cpp' as default
[0.575s] -- Looking for pthread.h
[0.614s] -- Looking for pthread.h - found
[0.614s] -- Performing Test CMAKE_HAVE_LIBC_PTHREAD
[0.660s] -- Performing Test CMAKE_HAVE_LIBC_PTHREAD - Success
[0.660s] -- Found Threads: TRUE  
[0.898s] -- Found ament_cmake_ros: 0.10.0 (/opt/ros/humble/share/ament_cmake_ros/cmake)
[1.014s] -- Using all available rosidl_typesupport_c: rosidl_typesupport_fastrtps_c;rosidl_typesupport_introspection_c
[1.162s] -- Using all available rosidl_typesupport_cpp: rosidl_typesupport_fastrtps_cpp;rosidl_typesupport_introspection_cpp
[1.176s] -- Found PythonInterp: /usr/bin/python3 (found suitable version "3.10.12", minimum required is "3.6") 
[1.178s] -- Found python_cmake_module: 0.10.0 (/opt/ros/humble/share/python_cmake_module/cmake)
[1.195s] -- Found PythonLibs: /usr/lib/x86_64-linux-gnu/libpython3.10.so (found suitable version "3.10.12", minimum required is "3.5") 
[1.195s] -- Using PYTHON_EXECUTABLE: /usr/bin/python3
[1.195s] -- Using PYTHON_INCLUDE_DIRS: /usr/include/python3.10
[1.195s] -- Using PYTHON_LIBRARIES: /usr/lib/x86_64-linux-gnu/libpython3.10.so
[1.209s] -- Found PythonExtra: .so  
[1.235s] -- Found ament_lint_auto: 0.12.9 (/opt/ros/humble/share/ament_lint_auto/cmake)
[1.248s] -- Added test 'cppcheck' to perform static code analysis on C / C++ code
[1.249s] -- Configured cppcheck include dirs: 
[1.249s] -- Configured cppcheck exclude dirs and/or files: 
[1.249s] -- Added test 'lint_cmake' to check CMake code style
[1.250s] -- Added test 'uncrustify' to check C / C++ code style
[1.250s] -- Configured uncrustify additional arguments: 
[1.250s] -- Added test 'xmllint' to check XML markup files
[1.252s] -- Configuring done
[1.265s] -- Generating done
[1.267s] -- Build files have been written to: /home/chris/ros2_ws/build/more_interfaces
[1.274s] Invoked command in '/home/chris/ros2_ws/build/more_interfaces' returned '0': CMAKE_PREFIX_PATH=${CMAKE_PREFIX_PATH}:/home/chris/ros2_ws/install/launch_testing_examples:/home/chris/ros2_ws/install/examples_rclpy_pointcloud_publisher:/home/chris/ros2_ws/install/examples_rclpy_minimal_subscriber:/home/chris/ros2_ws/install/examples_rclpy_minimal_service:/home/chris/ros2_ws/install/examples_rclpy_minimal_publisher:/home/chris/ros2_ws/install/examples_rclpy_minimal_client:/home/chris/ros2_ws/install/examples_rclpy_minimal_action_server:/home/chris/ros2_ws/install/examples_rclpy_minimal_action_client:/home/chris/ros2_ws/install/examples_rclpy_guard_conditions:/home/chris/ros2_ws/install/examples_rclpy_executors:/opt/ros/humble /usr/bin/cmake /home/chris/ros2_ws/src/more_interfaces -DCMAKE_INSTALL_PREFIX=/home/chris/ros2_ws/install/more_interfaces
[1.275s] Invoking command in '/home/chris/ros2_ws/build/more_interfaces': CMAKE_PREFIX_PATH=${CMAKE_PREFIX_PATH}:/home/chris/ros2_ws/install/launch_testing_examples:/home/chris/ros2_ws/install/examples_rclpy_pointcloud_publisher:/home/chris/ros2_ws/install/examples_rclpy_minimal_subscriber:/home/chris/ros2_ws/install/examples_rclpy_minimal_service:/home/chris/ros2_ws/install/examples_rclpy_minimal_publisher:/home/chris/ros2_ws/install/examples_rclpy_minimal_client:/home/chris/ros2_ws/install/examples_rclpy_minimal_action_server:/home/chris/ros2_ws/install/examples_rclpy_minimal_action_client:/home/chris/ros2_ws/install/examples_rclpy_guard_conditions:/home/chris/ros2_ws/install/examples_rclpy_executors:/opt/ros/humble /usr/bin/cmake --build /home/chris/ros2_ws/build/more_interfaces -- -j20 -l20
[1.294s] [  3%] [34m[1mGenerating C code for ROS interfaces[0m
[1.298s] [  6%] [34m[1mGenerating C++ code for ROS interfaces[0m
[1.302s] [  6%] Built target ament_cmake_python_copy_more_interfaces
[1.439s] running egg_info
[1.439s] creating more_interfaces.egg-info
[1.439s] writing more_interfaces.egg-info/PKG-INFO
[1.439s] writing dependency_links to more_interfaces.egg-info/dependency_links.txt
[1.439s] writing top-level names to more_interfaces.egg-info/top_level.txt
[1.440s] writing manifest file 'more_interfaces.egg-info/SOURCES.txt'
[1.441s] reading manifest file 'more_interfaces.egg-info/SOURCES.txt'
[1.441s] writing manifest file 'more_interfaces.egg-info/SOURCES.txt'
[1.441s] [  6%] Built target more_interfaces__cpp
[1.442s] [  9%] [32mBuilding C object CMakeFiles/more_interfaces__rosidl_generator_c.dir/rosidl_generator_c/more_interfaces/msg/detail/address_book__functions.c.o[0m
[1.446s] [ 15%] [34m[1mGenerating C++ type support dispatch for ROS interfaces[0m
[1.447s] [ 15%] [34m[1mGenerating C++ type support for eProsima Fast-RTPS[0m
[1.447s] [ 18%] [34m[1mGenerating C++ introspection for ROS interfaces[0m
[1.457s] [ 18%] Built target ament_cmake_python_build_more_interfaces_egg
[1.473s] [ 21%] [32m[1mLinking C shared library libmore_interfaces__rosidl_generator_c.so[0m
[1.493s] [ 21%] Built target more_interfaces__rosidl_generator_c
[1.498s] [ 30%] [34m[1mGenerating C introspection for ROS interfaces[0m
[1.498s] [ 30%] [34m[1mGenerating C type support for eProsima Fast-RTPS[0m
[1.498s] [ 30%] [34m[1mGenerating C type support dispatch for ROS interfaces[0m
[1.585s] [ 33%] [32mBuilding CXX object CMakeFiles/more_interfaces__rosidl_typesupport_cpp.dir/rosidl_typesupport_cpp/more_interfaces/msg/address_book__type_support.cpp.o[0m
[1.593s] [ 36%] [32mBuilding CXX object CMakeFiles/more_interfaces__rosidl_typesupport_introspection_cpp.dir/rosidl_typesupport_introspection_cpp/more_interfaces/msg/detail/address_book__type_support.cpp.o[0m
[1.597s] [ 39%] [32mBuilding CXX object CMakeFiles/more_interfaces__rosidl_typesupport_fastrtps_cpp.dir/rosidl_typesupport_fastrtps_cpp/more_interfaces/msg/detail/dds_fastrtps/address_book__type_support.cpp.o[0m
[1.639s] [ 42%] [32mBuilding CXX object CMakeFiles/more_interfaces__rosidl_typesupport_c.dir/rosidl_typesupport_c/more_interfaces/msg/address_book__type_support.cpp.o[0m
[1.650s] [ 45%] [32mBuilding C object CMakeFiles/more_interfaces__rosidl_typesupport_introspection_c.dir/rosidl_typesupport_introspection_c/more_interfaces/msg/detail/address_book__type_support.c.o[0m
[1.651s] [ 48%] [32mBuilding CXX object CMakeFiles/more_interfaces__rosidl_typesupport_fastrtps_c.dir/rosidl_typesupport_fastrtps_c/more_interfaces/msg/detail/address_book__type_support_c.cpp.o[0m
[1.661s] [ 51%] [32m[1mLinking CXX shared library libmore_interfaces__rosidl_typesupport_c.so[0m
[1.668s] [ 54%] [32m[1mLinking C shared library libmore_interfaces__rosidl_typesupport_introspection_c.so[0m
[1.684s] [ 54%] Built target more_interfaces__rosidl_typesupport_introspection_c
[1.684s] [ 54%] Built target more_interfaces__rosidl_typesupport_c
[1.721s] [ 57%] [32m[1mLinking CXX shared library libmore_interfaces__rosidl_typesupport_cpp.so[0m
[1.743s] [ 57%] Built target more_interfaces__rosidl_typesupport_cpp
[1.754s] [ 60%] [32mBuilding CXX object CMakeFiles/publish_address_book.dir/src/publish_address_book.cpp.o[0m
[1.785s] [ 63%] [32m[1mLinking CXX shared library libmore_interfaces__rosidl_typesupport_introspection_cpp.so[0m
[1.794s] [ 66%] [32m[1mLinking CXX shared library libmore_interfaces__rosidl_typesupport_fastrtps_cpp.so[0m
[1.819s] [ 66%] Built target more_interfaces__rosidl_typesupport_introspection_cpp
[1.821s] [ 69%] [32m[1mLinking CXX shared library libmore_interfaces__rosidl_typesupport_fastrtps_c.so[0m
[1.835s] [ 69%] Built target more_interfaces__rosidl_typesupport_fastrtps_cpp
[1.860s] [ 69%] Built target more_interfaces__rosidl_typesupport_fastrtps_c
[1.870s] [ 69%] Built target more_interfaces
[1.880s] [ 72%] [34m[1mGenerating Python code for ROS interfaces[0m
[2.046s] [ 72%] Built target more_interfaces__py
[2.055s] [ 75%] [32mBuilding C object CMakeFiles/more_interfaces__rosidl_generator_py.dir/rosidl_generator_py/more_interfaces/msg/_address_book_s.c.o[0m
[2.105s] [ 78%] [32m[1mLinking C shared library rosidl_generator_py/more_interfaces/libmore_interfaces__rosidl_generator_py.so[0m
[2.126s] [ 78%] Built target more_interfaces__rosidl_generator_py
[2.137s] [ 84%] [32mBuilding C object CMakeFiles/more_interfaces__rosidl_typesupport_introspection_c__pyext.dir/rosidl_generator_py/more_interfaces/_more_interfaces_s.ep.rosidl_typesupport_introspection_c.c.o[0m
[2.137s] [ 87%] [32mBuilding C object CMakeFiles/more_interfaces__rosidl_typesupport_fastrtps_c__pyext.dir/rosidl_generator_py/more_interfaces/_more_interfaces_s.ep.rosidl_typesupport_fastrtps_c.c.o[0m
[2.137s] [ 87%] [32mBuilding C object CMakeFiles/more_interfaces__rosidl_typesupport_c__pyext.dir/rosidl_generator_py/more_interfaces/_more_interfaces_s.ep.rosidl_typesupport_c.c.o[0m
[2.184s] [ 93%] [32m[1mLinking C shared library rosidl_generator_py/more_interfaces/more_interfaces_s__rosidl_typesupport_c.cpython-310-x86_64-linux-gnu.so[0m
[2.184s] [ 96%] [32m[1mLinking C shared library rosidl_generator_py/more_interfaces/more_interfaces_s__rosidl_typesupport_fastrtps_c.cpython-310-x86_64-linux-gnu.so[0m
[2.184s] [ 96%] [32m[1mLinking C shared library rosidl_generator_py/more_interfaces/more_interfaces_s__rosidl_typesupport_introspection_c.cpython-310-x86_64-linux-gnu.so[0m
[2.201s] [ 96%] Built target more_interfaces__rosidl_typesupport_introspection_c__pyext
[2.201s] [ 96%] Built target more_interfaces__rosidl_typesupport_c__pyext
[2.201s] [ 96%] Built target more_interfaces__rosidl_typesupport_fastrtps_c__pyext
[3.818s] [100%] [32m[1mLinking CXX executable publish_address_book[0m
[3.908s] [100%] Built target publish_address_book
[3.917s] Invoked command in '/home/chris/ros2_ws/build/more_interfaces' returned '0': CMAKE_PREFIX_PATH=${CMAKE_PREFIX_PATH}:/home/chris/ros2_ws/install/launch_testing_examples:/home/chris/ros2_ws/install/examples_rclpy_pointcloud_publisher:/home/chris/ros2_ws/install/examples_rclpy_minimal_subscriber:/home/chris/ros2_ws/install/examples_rclpy_minimal_service:/home/chris/ros2_ws/install/examples_rclpy_minimal_publisher:/home/chris/ros2_ws/install/examples_rclpy_minimal_client:/home/chris/ros2_ws/install/examples_rclpy_minimal_action_server:/home/chris/ros2_ws/install/examples_rclpy_minimal_action_client:/home/chris/ros2_ws/install/examples_rclpy_guard_conditions:/home/chris/ros2_ws/install/examples_rclpy_executors:/opt/ros/humble /usr/bin/cmake --build /home/chris/ros2_ws/build/more_interfaces -- -j20 -l20
[3.949s] Invoking command in '/home/chris/ros2_ws/build/more_interfaces': CMAKE_PREFIX_PATH=${CMAKE_PREFIX_PATH}:/home/chris/ros2_ws/install/launch_testing_examples:/home/chris/ros2_ws/install/examples_rclpy_pointcloud_publisher:/home/chris/ros2_ws/install/examples_rclpy_minimal_subscriber:/home/chris/ros2_ws/install/examples_rclpy_minimal_service:/home/chris/ros2_ws/install/examples_rclpy_minimal_publisher:/home/chris/ros2_ws/install/examples_rclpy_minimal_client:/home/chris/ros2_ws/install/examples_rclpy_minimal_action_server:/home/chris/ros2_ws/install/examples_rclpy_minimal_action_client:/home/chris/ros2_ws/install/examples_rclpy_guard_conditions:/home/chris/ros2_ws/install/examples_rclpy_executors:/opt/ros/humble /usr/bin/cmake --install /home/chris/ros2_ws/build/more_interfaces
[3.953s] -- Install configuration: ""
[3.953s] -- Installing: /home/chris/ros2_ws/install/more_interfaces/lib/more_interfaces/publish_address_book
[3.954s] -- Set runtime path of "/home/chris/ros2_ws/install/more_interfaces/lib/more_interfaces/publish_address_book" to ""
[3.954s] -- Installing: /home/chris/ros2_ws/install/more_interfaces/share/ament_index/resource_index/rosidl_interfaces/more_interfaces
[3.954s] -- Installing: /home/chris/ros2_ws/install/more_interfaces/include/more_interfaces/more_interfaces
[3.954s] -- Installing: /home/chris/ros2_ws/install/more_interfaces/include/more_interfaces/more_interfaces/msg
[3.954s] -- Installing: /home/chris/ros2_ws/install/more_interfaces/include/more_interfaces/more_interfaces/msg/detail
[3.954s] -- Installing: /home/chris/ros2_ws/install/more_interfaces/include/more_interfaces/more_interfaces/msg/detail/address_book__struct.h
[3.954s] -- Installing: /home/chris/ros2_ws/install/more_interfaces/include/more_interfaces/more_interfaces/msg/detail/address_book__type_support.h
[3.954s] -- Installing: /home/chris/ros2_ws/install/more_interfaces/include/more_interfaces/more_interfaces/msg/detail/address_book__functions.h
[3.954s] -- Installing: /home/chris/ros2_ws/install/more_interfaces/include/more_interfaces/more_interfaces/msg/detail/address_book__functions.c
[3.954s] -- Installing: /home/chris/ros2_ws/install/more_interfaces/include/more_interfaces/more_interfaces/msg/rosidl_generator_c__visibility_control.h
[3.954s] -- Installing: /home/chris/ros2_ws/install/more_interfaces/include/more_interfaces/more_interfaces/msg/address_book.h
[3.955s] -- Installing: /home/chris/ros2_ws/install/more_interfaces/share/more_interfaces/environment/library_path.sh
[3.955s] -- Installing: /home/chris/ros2_ws/install/more_interfaces/share/more_interfaces/environment/library_path.dsv
[3.955s] -- Installing: /home/chris/ros2_ws/install/more_interfaces/lib/libmore_interfaces__rosidl_generator_c.so
[3.955s] -- Set runtime path of "/home/chris/ros2_ws/install/more_interfaces/lib/libmore_interfaces__rosidl_generator_c.so" to ""
[3.955s] -- Up-to-date: /home/chris/ros2_ws/install/more_interfaces/include/more_interfaces/more_interfaces
[3.955s] -- Up-to-date: /home/chris/ros2_ws/install/more_interfaces/include/more_interfaces/more_interfaces/msg
[3.955s] -- Installing: /home/chris/ros2_ws/install/more_interfaces/include/more_interfaces/more_interfaces/msg/rosidl_typesupport_fastrtps_c__visibility_control.h
[3.955s] -- Up-to-date: /home/chris/ros2_ws/install/more_interfaces/include/more_interfaces/more_interfaces/msg/detail
[3.955s] -- Installing: /home/chris/ros2_ws/install/more_interfaces/include/more_interfaces/more_interfaces/msg/detail/address_book__rosidl_typesupport_fastrtps_c.h
[3.955s] -- Installing: /home/chris/ros2_ws/install/more_interfaces/lib/libmore_interfaces__rosidl_typesupport_fastrtps_c.so
[3.955s] -- Set runtime path of "/home/chris/ros2_ws/install/more_interfaces/lib/libmore_interfaces__rosidl_typesupport_fastrtps_c.so" to ""
[3.955s] -- Up-to-date: /home/chris/ros2_ws/install/more_interfaces/include/more_interfaces/more_interfaces
[3.955s] -- Up-to-date: /home/chris/ros2_ws/install/more_interfaces/include/more_interfaces/more_interfaces/msg
[3.955s] -- Up-to-date: /home/chris/ros2_ws/install/more_interfaces/include/more_interfaces/more_interfaces/msg/detail
[3.955s] -- Installing: /home/chris/ros2_ws/install/more_interfaces/include/more_interfaces/more_interfaces/msg/detail/address_book__type_support.c
[3.955s] -- Installing: /home/chris/ros2_ws/install/more_interfaces/include/more_interfaces/more_interfaces/msg/detail/address_book__rosidl_typesupport_introspection_c.h
[3.955s] -- Installing: /home/chris/ros2_ws/install/more_interfaces/include/more_interfaces/more_interfaces/msg/rosidl_typesupport_introspection_c__visibility_control.h
[3.955s] -- Installing: /home/chris/ros2_ws/install/more_interfaces/lib/libmore_interfaces__rosidl_typesupport_introspection_c.so
[3.955s] -- Set runtime path of "/home/chris/ros2_ws/install/more_interfaces/lib/libmore_interfaces__rosidl_typesupport_introspection_c.so" to ""
[3.955s] -- Installing: /home/chris/ros2_ws/install/more_interfaces/lib/libmore_interfaces__rosidl_typesupport_c.so
[3.955s] -- Set runtime path of "/home/chris/ros2_ws/install/more_interfaces/lib/libmore_interfaces__rosidl_typesupport_c.so" to ""
[3.955s] -- Up-to-date: /home/chris/ros2_ws/install/more_interfaces/include/more_interfaces/more_interfaces
[3.955s] -- Up-to-date: /home/chris/ros2_ws/install/more_interfaces/include/more_interfaces/more_interfaces/msg
[3.955s] -- Installing: /home/chris/ros2_ws/install/more_interfaces/include/more_interfaces/more_interfaces/msg/address_book.hpp
[3.955s] -- Up-to-date: /home/chris/ros2_ws/install/more_interfaces/include/more_interfaces/more_interfaces/msg/detail
[3.955s] -- Installing: /home/chris/ros2_ws/install/more_interfaces/include/more_interfaces/more_interfaces/msg/detail/address_book__traits.hpp
[3.955s] -- Installing: /home/chris/ros2_ws/install/more_interfaces/include/more_interfaces/more_interfaces/msg/detail/address_book__builder.hpp
[3.955s] -- Installing: /home/chris/ros2_ws/install/more_interfaces/include/more_interfaces/more_interfaces/msg/detail/address_book__struct.hpp
[3.955s] -- Up-to-date: /home/chris/ros2_ws/install/more_interfaces/include/more_interfaces/more_interfaces
[3.956s] -- Up-to-date: /home/chris/ros2_ws/install/more_interfaces/include/more_interfaces/more_interfaces/msg
[3.956s] -- Installing: /home/chris/ros2_ws/install/more_interfaces/include/more_interfaces/more_interfaces/msg/rosidl_typesupport_fastrtps_cpp__visibility_control.h
[3.956s] -- Up-to-date: /home/chris/ros2_ws/install/more_interfaces/include/more_interfaces/more_interfaces/msg/detail
[3.956s] -- Installing: /home/chris/ros2_ws/install/more_interfaces/include/more_interfaces/more_interfaces/msg/detail/dds_fastrtps
[3.956s] -- Installing: /home/chris/ros2_ws/install/more_interfaces/include/more_interfaces/more_interfaces/msg/detail/address_book__rosidl_typesupport_fastrtps_cpp.hpp
[3.956s] -- Installing: /home/chris/ros2_ws/install/more_interfaces/lib/libmore_interfaces__rosidl_typesupport_fastrtps_cpp.so
[3.956s] -- Set runtime path of "/home/chris/ros2_ws/install/more_interfaces/lib/libmore_interfaces__rosidl_typesupport_fastrtps_cpp.so" to ""
[3.956s] -- Up-to-date: /home/chris/ros2_ws/install/more_interfaces/include/more_interfaces/more_interfaces
[3.956s] -- Up-to-date: /home/chris/ros2_ws/install/more_interfaces/include/more_interfaces/more_interfaces/msg
[3.956s] -- Up-to-date: /home/chris/ros2_ws/install/more_interfaces/include/more_interfaces/more_interfaces/msg/detail
[3.956s] -- Installing: /home/chris/ros2_ws/install/more_interfaces/include/more_interfaces/more_interfaces/msg/detail/address_book__rosidl_typesupport_introspection_cpp.hpp
[3.956s] -- Installing: /home/chris/ros2_ws/install/more_interfaces/include/more_interfaces/more_interfaces/msg/detail/address_book__type_support.cpp
[3.956s] -- Installing: /home/chris/ros2_ws/install/more_interfaces/lib/libmore_interfaces__rosidl_typesupport_introspection_cpp.so
[3.956s] -- Set runtime path of "/home/chris/ros2_ws/install/more_interfaces/lib/libmore_interfaces__rosidl_typesupport_introspection_cpp.so" to ""
[3.956s] -- Installing: /home/chris/ros2_ws/install/more_interfaces/lib/libmore_interfaces__rosidl_typesupport_cpp.so
[3.956s] -- Set runtime path of "/home/chris/ros2_ws/install/more_interfaces/lib/libmore_interfaces__rosidl_typesupport_cpp.so" to ""
[3.956s] -- Installing: /home/chris/ros2_ws/install/more_interfaces/share/more_interfaces/environment/pythonpath.sh
[3.956s] -- Installing: /home/chris/ros2_ws/install/more_interfaces/share/more_interfaces/environment/pythonpath.dsv
[3.956s] -- Installing: /home/chris/ros2_ws/install/more_interfaces/local/lib/python3.10/dist-packages/more_interfaces-0.0.0-py3.10.egg-info
[3.956s] -- Installing: /home/chris/ros2_ws/install/more_interfaces/local/lib/python3.10/dist-packages/more_interfaces-0.0.0-py3.10.egg-info/dependency_links.txt
[3.956s] -- Installing: /home/chris/ros2_ws/install/more_interfaces/local/lib/python3.10/dist-packages/more_interfaces-0.0.0-py3.10.egg-info/PKG-INFO
[3.956s] -- Installing: /home/chris/ros2_ws/install/more_interfaces/local/lib/python3.10/dist-packages/more_interfaces-0.0.0-py3.10.egg-info/top_level.txt
[3.956s] -- Installing: /home/chris/ros2_ws/install/more_interfaces/local/lib/python3.10/dist-packages/more_interfaces-0.0.0-py3.10.egg-info/SOURCES.txt
[3.956s] -- Installing: /home/chris/ros2_ws/install/more_interfaces/local/lib/python3.10/dist-packages/more_interfaces
[3.956s] -- Installing: /home/chris/ros2_ws/install/more_interfaces/local/lib/python3.10/dist-packages/more_interfaces/_more_interfaces_s.ep.rosidl_typesupport_fastrtps_c.c
[3.956s] -- Installing: /home/chris/ros2_ws/install/more_interfaces/local/lib/python3.10/dist-packages/more_interfaces/libmore_interfaces__rosidl_generator_py.so
[3.956s] -- Installing: /home/chris/ros2_ws/install/more_interfaces/local/lib/python3.10/dist-packages/more_interfaces/more_interfaces_s__rosidl_typesupport_c.cpython-310-x86_64-linux-gnu.so
[3.957s] -- Installing: /home/chris/ros2_ws/install/more_interfaces/local/lib/python3.10/dist-packages/more_interfaces/_more_interfaces_s.ep.rosidl_typesupport_c.c
[3.957s] -- Installing: /home/chris/ros2_ws/install/more_interfaces/local/lib/python3.10/dist-packages/more_interfaces/__init__.py
[3.957s] -- Installing: /home/chris/ros2_ws/install/more_interfaces/local/lib/python3.10/dist-packages/more_interfaces/msg
[3.957s] -- Installing: /home/chris/ros2_ws/install/more_interfaces/local/lib/python3.10/dist-packages/more_interfaces/msg/_address_book.py
[3.957s] -- Installing: /home/chris/ros2_ws/install/more_interfaces/local/lib/python3.10/dist-packages/more_interfaces/msg/__init__.py
[3.957s] -- Installing: /home/chris/ros2_ws/install/more_interfaces/local/lib/python3.10/dist-packages/more_interfaces/msg/_address_book_s.c
[3.957s] -- Installing: /home/chris/ros2_ws/install/more_interfaces/local/lib/python3.10/dist-packages/more_interfaces/_more_interfaces_s.ep.rosidl_typesupport_introspection_c.c
[3.957s] -- Installing: /home/chris/ros2_ws/install/more_interfaces/local/lib/python3.10/dist-packages/more_interfaces/more_interfaces_s__rosidl_typesupport_fastrtps_c.cpython-310-x86_64-linux-gnu.so
[3.957s] -- Installing: /home/chris/ros2_ws/install/more_interfaces/local/lib/python3.10/dist-packages/more_interfaces/more_interfaces_s__rosidl_typesupport_introspection_c.cpython-310-x86_64-linux-gnu.so
[3.980s] Listing '/home/chris/ros2_ws/install/more_interfaces/local/lib/python3.10/dist-packages/more_interfaces'...
[3.980s] Compiling '/home/chris/ros2_ws/install/more_interfaces/local/lib/python3.10/dist-packages/more_interfaces/__init__.py'...
[3.980s] Listing '/home/chris/ros2_ws/install/more_interfaces/local/lib/python3.10/dist-packages/more_interfaces/msg'...
[3.980s] Compiling '/home/chris/ros2_ws/install/more_interfaces/local/lib/python3.10/dist-packages/more_interfaces/msg/__init__.py'...
[3.980s] Compiling '/home/chris/ros2_ws/install/more_interfaces/local/lib/python3.10/dist-packages/more_interfaces/msg/_address_book.py'...
[3.983s] -- Installing: /home/chris/ros2_ws/install/more_interfaces/local/lib/python3.10/dist-packages/more_interfaces/more_interfaces_s__rosidl_typesupport_fastrtps_c.cpython-310-x86_64-linux-gnu.so
[3.983s] -- Set runtime path of "/home/chris/ros2_ws/install/more_interfaces/local/lib/python3.10/dist-packages/more_interfaces/more_interfaces_s__rosidl_typesupport_fastrtps_c.cpython-310-x86_64-linux-gnu.so" to ""
[3.983s] -- Installing: /home/chris/ros2_ws/install/more_interfaces/local/lib/python3.10/dist-packages/more_interfaces/more_interfaces_s__rosidl_typesupport_introspection_c.cpython-310-x86_64-linux-gnu.so
[3.983s] -- Set runtime path of "/home/chris/ros2_ws/install/more_interfaces/local/lib/python3.10/dist-packages/more_interfaces/more_interfaces_s__rosidl_typesupport_introspection_c.cpython-310-x86_64-linux-gnu.so" to ""
[3.983s] -- Installing: /home/chris/ros2_ws/install/more_interfaces/local/lib/python3.10/dist-packages/more_interfaces/more_interfaces_s__rosidl_typesupport_c.cpython-310-x86_64-linux-gnu.so
[3.983s] -- Set runtime path of "/home/chris/ros2_ws/install/more_interfaces/local/lib/python3.10/dist-packages/more_interfaces/more_interfaces_s__rosidl_typesupport_c.cpython-310-x86_64-linux-gnu.so" to ""
[3.983s] -- Installing: /home/chris/ros2_ws/install/more_interfaces/lib/libmore_interfaces__rosidl_generator_py.so
[3.983s] -- Set runtime path of "/home/chris/ros2_ws/install/more_interfaces/lib/libmore_interfaces__rosidl_generator_py.so" to ""
[3.984s] -- Installing: /home/chris/ros2_ws/install/more_interfaces/share/more_interfaces/msg/AddressBook.idl
[3.984s] -- Installing: /home/chris/ros2_ws/install/more_interfaces/share/more_interfaces/msg/AddressBook.msg
[3.984s] -- Installing: /home/chris/ros2_ws/install/more_interfaces/share/ament_index/resource_index/package_run_dependencies/more_interfaces
[3.984s] -- Installing: /home/chris/ros2_ws/install/more_interfaces/share/ament_index/resource_index/parent_prefix_path/more_interfaces
[3.984s] -- Installing: /home/chris/ros2_ws/install/more_interfaces/share/more_interfaces/environment/ament_prefix_path.sh
[3.984s] -- Installing: /home/chris/ros2_ws/install/more_interfaces/share/more_interfaces/environment/ament_prefix_path.dsv
[3.984s] -- Installing: /home/chris/ros2_ws/install/more_interfaces/share/more_interfaces/environment/path.sh
[3.984s] -- Installing: /home/chris/ros2_ws/install/more_interfaces/share/more_interfaces/environment/path.dsv
[3.984s] -- Installing: /home/chris/ros2_ws/install/more_interfaces/share/more_interfaces/local_setup.bash
[3.984s] -- Installing: /home/chris/ros2_ws/install/more_interfaces/share/more_interfaces/local_setup.sh
[3.984s] -- Installing: /home/chris/ros2_ws/install/more_interfaces/share/more_interfaces/local_setup.zsh
[3.984s] -- Installing: /home/chris/ros2_ws/install/more_interfaces/share/more_interfaces/local_setup.dsv
[3.984s] -- Installing: /home/chris/ros2_ws/install/more_interfaces/share/more_interfaces/package.dsv
[3.984s] -- Installing: /home/chris/ros2_ws/install/more_interfaces/share/ament_index/resource_index/packages/more_interfaces
[3.984s] -- Installing: /home/chris/ros2_ws/install/more_interfaces/share/more_interfaces/cmake/export_more_interfaces__rosidl_generator_cExport.cmake
[3.984s] -- Installing: /home/chris/ros2_ws/install/more_interfaces/share/more_interfaces/cmake/export_more_interfaces__rosidl_generator_cExport-noconfig.cmake
[3.984s] -- Installing: /home/chris/ros2_ws/install/more_interfaces/share/more_interfaces/cmake/export_more_interfaces__rosidl_typesupport_fastrtps_cExport.cmake
[3.984s] -- Installing: /home/chris/ros2_ws/install/more_interfaces/share/more_interfaces/cmake/export_more_interfaces__rosidl_typesupport_fastrtps_cExport-noconfig.cmake
[3.984s] -- Installing: /home/chris/ros2_ws/install/more_interfaces/share/more_interfaces/cmake/more_interfaces__rosidl_typesupport_introspection_cExport.cmake
[3.984s] -- Installing: /home/chris/ros2_ws/install/more_interfaces/share/more_interfaces/cmake/more_interfaces__rosidl_typesupport_introspection_cExport-noconfig.cmake
[3.984s] -- Installing: /home/chris/ros2_ws/install/more_interfaces/share/more_interfaces/cmake/more_interfaces__rosidl_typesupport_cExport.cmake
[3.984s] -- Installing: /home/chris/ros2_ws/install/more_interfaces/share/more_interfaces/cmake/more_interfaces__rosidl_typesupport_cExport-noconfig.cmake
[3.984s] -- Installing: /home/chris/ros2_ws/install/more_interfaces/share/more_interfaces/cmake/export_more_interfaces__rosidl_generator_cppExport.cmake
[3.984s] -- Installing: /home/chris/ros2_ws/install/more_interfaces/share/more_interfaces/cmake/export_more_interfaces__rosidl_typesupport_fastrtps_cppExport.cmake
[3.984s] -- Installing: /home/chris/ros2_ws/install/more_interfaces/share/more_interfaces/cmake/export_more_interfaces__rosidl_typesupport_fastrtps_cppExport-noconfig.cmake
[3.984s] -- Installing: /home/chris/ros2_ws/install/more_interfaces/share/more_interfaces/cmake/more_interfaces__rosidl_typesupport_introspection_cppExport.cmake
[3.984s] -- Installing: /home/chris/ros2_ws/install/more_interfaces/share/more_interfaces/cmake/more_interfaces__rosidl_typesupport_introspection_cppExport-noconfig.cmake
[3.984s] -- Installing: /home/chris/ros2_ws/install/more_interfaces/share/more_interfaces/cmake/more_interfaces__rosidl_typesupport_cppExport.cmake
[3.984s] -- Installing: /home/chris/ros2_ws/install/more_interfaces/share/more_interfaces/cmake/more_interfaces__rosidl_typesupport_cppExport-noconfig.cmake
[3.984s] -- Installing: /home/chris/ros2_ws/install/more_interfaces/share/more_interfaces/cmake/export_more_interfaces__rosidl_generator_pyExport.cmake
[3.985s] -- Installing: /home/chris/ros2_ws/install/more_interfaces/share/more_interfaces/cmake/export_more_interfaces__rosidl_generator_pyExport-noconfig.cmake
[3.985s] -- Installing: /home/chris/ros2_ws/install/more_interfaces/share/more_interfaces/cmake/rosidl_cmake-extras.cmake
[3.985s] -- Installing: /home/chris/ros2_ws/install/more_interfaces/share/more_interfaces/cmake/ament_cmake_export_include_directories-extras.cmake
[3.985s] -- Installing: /home/chris/ros2_ws/install/more_interfaces/share/more_interfaces/cmake/ament_cmake_export_libraries-extras.cmake
[3.985s] -- Installing: /home/chris/ros2_ws/install/more_interfaces/share/more_interfaces/cmake/ament_cmake_export_targets-extras.cmake
[3.985s] -- Installing: /home/chris/ros2_ws/install/more_interfaces/share/more_interfaces/cmake/rosidl_cmake_export_typesupport_targets-extras.cmake
[3.985s] -- Installing: /home/chris/ros2_ws/install/more_interfaces/share/more_interfaces/cmake/ament_cmake_export_dependencies-extras.cmake
[3.985s] -- Installing: /home/chris/ros2_ws/install/more_interfaces/share/more_interfaces/cmake/rosidl_cmake_export_typesupport_libraries-extras.cmake
[3.985s] -- Installing: /home/chris/ros2_ws/install/more_interfaces/share/more_interfaces/cmake/more_interfacesConfig.cmake
[3.985s] -- Installing: /home/chris/ros2_ws/install/more_interfaces/share/more_interfaces/cmake/more_interfacesConfig-version.cmake
[3.985s] -- Installing: /home/chris/ros2_ws/install/more_interfaces/share/more_interfaces/package.xml
[3.986s] Invoked command in '/home/chris/ros2_ws/build/more_interfaces' returned '0': CMAKE_PREFIX_PATH=${CMAKE_PREFIX_PATH}:/home/chris/ros2_ws/install/launch_testing_examples:/home/chris/ros2_ws/install/examples_rclpy_pointcloud_publisher:/home/chris/ros2_ws/install/examples_rclpy_minimal_subscriber:/home/chris/ros2_ws/install/examples_rclpy_minimal_service:/home/chris/ros2_ws/install/examples_rclpy_minimal_publisher:/home/chris/ros2_ws/install/examples_rclpy_minimal_client:/home/chris/ros2_ws/install/examples_rclpy_minimal_action_server:/home/chris/ros2_ws/install/examples_rclpy_minimal_action_client:/home/chris/ros2_ws/install/examples_rclpy_guard_conditions:/home/chris/ros2_ws/install/examples_rclpy_executors:/opt/ros/humble /usr/bin/cmake --install /home/chris/ros2_ws/build/more_interfaces
