running egg_info
writing ../../build/bag_recorder_nodes_py/bag_recorder_nodes_py.egg-info/PKG-INFO
writing dependency_links to ../../build/bag_recorder_nodes_py/bag_recorder_nodes_py.egg-info/dependency_links.txt
writing entry points to ../../build/bag_recorder_nodes_py/bag_recorder_nodes_py.egg-info/entry_points.txt
writing requirements to ../../build/bag_recorder_nodes_py/bag_recorder_nodes_py.egg-info/requires.txt
writing top-level names to ../../build/bag_recorder_nodes_py/bag_recorder_nodes_py.egg-info/top_level.txt
reading manifest file '../../build/bag_recorder_nodes_py/bag_recorder_nodes_py.egg-info/SOURCES.txt'
adding license file 'LICENSE'
writing manifest file '../../build/bag_recorder_nodes_py/bag_recorder_nodes_py.egg-info/SOURCES.txt'
running build
running build_py
copying bag_recorder_nodes_py/data_generator_executable.py -> /home/chris/rostut/build/bag_recorder_nodes_py/build/lib/bag_recorder_nodes_py
running install
running install_lib
copying /home/chris/rostut/build/bag_recorder_nodes_py/build/lib/bag_recorder_nodes_py/data_generator_executable.py -> /home/chris/rostut/install/bag_recorder_nodes_py/lib/python3.10/site-packages/bag_recorder_nodes_py
byte-compiling /home/chris/rostut/install/bag_recorder_nodes_py/lib/python3.10/site-packages/bag_recorder_nodes_py/data_generator_executable.py to data_generator_executable.cpython-310.pyc
running install_data
running install_egg_info
removing '/home/chris/rostut/install/bag_recorder_nodes_py/lib/python3.10/site-packages/bag_recorder_nodes_py-0.0.0-py3.10.egg-info' (and everything under it)
Copying ../../build/bag_recorder_nodes_py/bag_recorder_nodes_py.egg-info to /home/chris/rostut/install/bag_recorder_nodes_py/lib/python3.10/site-packages/bag_recorder_nodes_py-0.0.0-py3.10.egg-info
running install_scripts
Installing data_generator_executable script to /home/chris/rostut/install/bag_recorder_nodes_py/lib/bag_recorder_nodes_py
Installing data_generator_node script to /home/chris/rostut/install/bag_recorder_nodes_py/lib/bag_recorder_nodes_py
Installing simple_bag_recorder script to /home/chris/rostut/install/bag_recorder_nodes_py/lib/bag_recorder_nodes_py
writing list of installed files to '/home/chris/rostut/build/bag_recorder_nodes_py/install.log'
