[2.303s] Invoking command in '/home/chris/rostut/src/examples/rclpy/topics/minimal_publisher': PYTHONPATH=/home/chris/rostut/build/examples_rclpy_minimal_publisher/prefix_override:/home/chris/rostut/install/examples_rclpy_minimal_publisher/lib/python3.10/site-packages:${PYTHONPATH} /usr/bin/python3 setup.py egg_info --egg-base ../../../../../build/examples_rclpy_minimal_publisher build --build-base /home/chris/rostut/build/examples_rclpy_minimal_publisher/build install --record /home/chris/rostut/build/examples_rclpy_minimal_publisher/install.log --single-version-externally-managed
[2.483s] running egg_info
[2.483s] writing ../../../../../build/examples_rclpy_minimal_publisher/examples_rclpy_minimal_publisher.egg-info/PKG-INFO
[2.484s] writing dependency_links to ../../../../../build/examples_rclpy_minimal_publisher/examples_rclpy_minimal_publisher.egg-info/dependency_links.txt
[2.485s] writing entry points to ../../../../../build/examples_rclpy_minimal_publisher/examples_rclpy_minimal_publisher.egg-info/entry_points.txt
[2.485s] writing requirements to ../../../../../build/examples_rclpy_minimal_publisher/examples_rclpy_minimal_publisher.egg-info/requires.txt
[2.485s] writing top-level names to ../../../../../build/examples_rclpy_minimal_publisher/examples_rclpy_minimal_publisher.egg-info/top_level.txt
[2.486s] reading manifest file '../../../../../build/examples_rclpy_minimal_publisher/examples_rclpy_minimal_publisher.egg-info/SOURCES.txt'
[2.486s] writing manifest file '../../../../../build/examples_rclpy_minimal_publisher/examples_rclpy_minimal_publisher.egg-info/SOURCES.txt'
[2.486s] running build
[2.486s] running build_py
[2.487s] running install
[2.487s] running install_lib
[2.487s] /usr/lib/python3/dist-packages/setuptools/command/install.py:34: SetuptoolsDeprecationWarning: setup.py install is deprecated. Use build and pip and other standards-based tools.
[2.488s]   warnings.warn(
[2.490s] running install_data
[2.491s] running install_egg_info
[2.491s] removing '/home/chris/rostut/install/examples_rclpy_minimal_publisher/lib/python3.10/site-packages/examples_rclpy_minimal_publisher-0.15.1-py3.10.egg-info' (and everything under it)
[2.491s] Copying ../../../../../build/examples_rclpy_minimal_publisher/examples_rclpy_minimal_publisher.egg-info to /home/chris/rostut/install/examples_rclpy_minimal_publisher/lib/python3.10/site-packages/examples_rclpy_minimal_publisher-0.15.1-py3.10.egg-info
[2.492s] running install_scripts
[2.513s] Installing publisher_local_function script to /home/chris/rostut/install/examples_rclpy_minimal_publisher/lib/examples_rclpy_minimal_publisher
[2.513s] Installing publisher_member_function script to /home/chris/rostut/install/examples_rclpy_minimal_publisher/lib/examples_rclpy_minimal_publisher
[2.513s] Installing publisher_old_school script to /home/chris/rostut/install/examples_rclpy_minimal_publisher/lib/examples_rclpy_minimal_publisher
[2.516s] writing list of installed files to '/home/chris/rostut/build/examples_rclpy_minimal_publisher/install.log'
[2.641s] Invoked command in '/home/chris/rostut/src/examples/rclpy/topics/minimal_publisher' returned '0': PYTHONPATH=/home/chris/rostut/build/examples_rclpy_minimal_publisher/prefix_override:/home/chris/rostut/install/examples_rclpy_minimal_publisher/lib/python3.10/site-packages:${PYTHONPATH} /usr/bin/python3 setup.py egg_info --egg-base ../../../../../build/examples_rclpy_minimal_publisher build --build-base /home/chris/rostut/build/examples_rclpy_minimal_publisher/build install --record /home/chris/rostut/build/examples_rclpy_minimal_publisher/install.log --single-version-externally-managed
