-- Found ament_cmake: 1.3.6 (/opt/ros/humble/share/ament_cmake/cmake)
-- Override CMake install command with custom implementation using symlinks instead of copying resources
-- Found example_interfaces: 0.9.3 (/opt/ros/humble/share/example_interfaces/cmake)
-- Found rosidl_generator_c: 3.1.5 (/opt/ros/humble/share/rosidl_generator_c/cmake)
-- Found rosidl_adapter: 3.1.5 (/opt/ros/humble/share/rosidl_adapter/cmake)
-- Found rosidl_generator_cpp: 3.1.5 (/opt/ros/humble/share/rosidl_generator_cpp/cmake)
-- Using all available rosidl_typesupport_c: rosidl_typesupport_fastrtps_c;rosidl_typesupport_introspection_c
-- Using all available rosidl_typesupport_cpp: rosidl_typesupport_fastrtps_cpp;rosidl_typesupport_introspection_cpp
-- Found rclcpp: 16.0.7 (/opt/ros/humble/share/rclcpp/cmake)
-- Found rmw_implementation_cmake: 6.1.1 (/opt/ros/humble/share/rmw_implementation_cmake/cmake)
-- Found rmw_fastrtps_cpp: 6.2.5 (/opt/ros/humble/share/rmw_fastrtps_cpp/cmake)
-- Using RMW implementation 'rmw_fastrtps_cpp' as default
-- Found rclcpp_components: 16.0.7 (/opt/ros/humble/share/rclcpp_components/cmake)
-- Found ament_lint_auto: 0.12.9 (/opt/ros/humble/share/ament_lint_auto/cmake)
-- Added test 'copyright' to check source files copyright and LICENSE
-- Added test 'cppcheck' to perform static code analysis on C / C++ code
-- Configured cppcheck include dirs: /home/chris/rostut/src/examples/rclcpp/wait_set/include
-- Configured cppcheck exclude dirs and/or files: 
-- Added test 'cpplint' to check C / C++ code against the Google style
-- Configured cpplint exclude dirs and/or files: 
-- Added test 'lint_cmake' to check CMake code style
-- Added test 'uncrustify' to check C / C++ code style
-- Configured uncrustify additional arguments: 
-- Added test 'xmllint' to check XML markup files
-- Configuring done
-- Generating done
-- Build files have been written to: /home/chris/rostut/build/examples_rclcpp_wait_set
[35m[1mConsolidate compiler generated dependencies of target wait_set_talker[0m
[35m[1mConsolidate compiler generated dependencies of target listener[0m
[35m[1mConsolidate compiler generated dependencies of target talker[0m
[35m[1mConsolidate compiler generated dependencies of target wait_set_listener[0m
[35m[1mConsolidate compiler generated dependencies of target static_wait_set[0m
[35m[1mConsolidate compiler generated dependencies of target thread_safe_wait_set[0m
[35m[1mConsolidate compiler generated dependencies of target wait_set[0m
[35m[1mConsolidate compiler generated dependencies of target wait_set_random_order[0m
[35m[1mConsolidate compiler generated dependencies of target wait_set_topics_and_timer[0m
[  8%] Built target wait_set_talker
[ 16%] Built target listener
[ 25%] Built target talker
[ 29%] [32mBuilding CXX object CMakeFiles/executor_random_order.dir/src/executor_random_order.cpp.o[0m
[ 33%] [32mBuilding CXX object CMakeFiles/wait_set_topics_with_different_rates.dir/src/wait_set_topics_with_different_rates.cpp.o[0m
[ 41%] Built target wait_set_listener
[ 50%] Built target static_wait_set
[ 58%] Built target thread_safe_wait_set
[ 66%] Built target wait_set
[ 75%] Built target wait_set_random_order
[ 83%] Built target wait_set_topics_and_timer
[ 87%] [32mBuilding CXX object CMakeFiles/wait_set_composed.dir/src/wait_set_composed.cpp.o[0m
[ 91%] [32m[1mLinking CXX executable wait_set_composed[0m
[ 91%] Built target wait_set_composed
[ 95%] [32m[1mLinking CXX executable executor_random_order[0m
[ 95%] Built target executor_random_order
[100%] [32m[1mLinking CXX executable wait_set_topics_with_different_rates[0m
[100%] Built target wait_set_topics_with_different_rates
-- Install configuration: ""
-- Execute custom install script
-- Symlinking: /home/chris/rostut/install/examples_rclcpp_wait_set/lib/examples_rclcpp_wait_set/wait_set_talker
-- Symlinking: /home/chris/rostut/install/examples_rclcpp_wait_set/lib/examples_rclcpp_wait_set/wait_set_listener
-- Symlinking: /home/chris/rostut/install/examples_rclcpp_wait_set/lib/libtalker.so
-- Symlinking: /home/chris/rostut/install/examples_rclcpp_wait_set/lib/liblistener.so
-- Symlinking: /home/chris/rostut/install/examples_rclcpp_wait_set/lib/examples_rclcpp_wait_set/wait_set
-- Symlinking: /home/chris/rostut/install/examples_rclcpp_wait_set/lib/examples_rclcpp_wait_set/static_wait_set
-- Symlinking: /home/chris/rostut/install/examples_rclcpp_wait_set/lib/examples_rclcpp_wait_set/thread_safe_wait_set
-- Symlinking: /home/chris/rostut/install/examples_rclcpp_wait_set/lib/examples_rclcpp_wait_set/wait_set_topics_and_timer
-- Symlinking: /home/chris/rostut/install/examples_rclcpp_wait_set/lib/examples_rclcpp_wait_set/wait_set_random_order
-- Symlinking: /home/chris/rostut/install/examples_rclcpp_wait_set/lib/examples_rclcpp_wait_set/executor_random_order
-- Symlinking: /home/chris/rostut/install/examples_rclcpp_wait_set/lib/examples_rclcpp_wait_set/wait_set_topics_with_different_rates
-- Symlinking: /home/chris/rostut/install/examples_rclcpp_wait_set/lib/examples_rclcpp_wait_set/wait_set_composed
-- Symlinking: /home/chris/rostut/install/examples_rclcpp_wait_set/share/ament_index/resource_index/package_run_dependencies/examples_rclcpp_wait_set
-- Symlinking: /home/chris/rostut/install/examples_rclcpp_wait_set/share/ament_index/resource_index/parent_prefix_path/examples_rclcpp_wait_set
-- Symlinking: /home/chris/rostut/install/examples_rclcpp_wait_set/share/examples_rclcpp_wait_set/environment/ament_prefix_path.sh
-- Symlinking: /home/chris/rostut/install/examples_rclcpp_wait_set/share/examples_rclcpp_wait_set/environment/ament_prefix_path.dsv
-- Symlinking: /home/chris/rostut/install/examples_rclcpp_wait_set/share/examples_rclcpp_wait_set/environment/path.sh
-- Symlinking: /home/chris/rostut/install/examples_rclcpp_wait_set/share/examples_rclcpp_wait_set/environment/path.dsv
-- Symlinking: /home/chris/rostut/install/examples_rclcpp_wait_set/share/examples_rclcpp_wait_set/local_setup.bash
-- Symlinking: /home/chris/rostut/install/examples_rclcpp_wait_set/share/examples_rclcpp_wait_set/local_setup.sh
-- Symlinking: /home/chris/rostut/install/examples_rclcpp_wait_set/share/examples_rclcpp_wait_set/local_setup.zsh
-- Symlinking: /home/chris/rostut/install/examples_rclcpp_wait_set/share/examples_rclcpp_wait_set/local_setup.dsv
-- Symlinking: /home/chris/rostut/install/examples_rclcpp_wait_set/share/examples_rclcpp_wait_set/package.dsv
-- Symlinking: /home/chris/rostut/install/examples_rclcpp_wait_set/share/ament_index/resource_index/packages/examples_rclcpp_wait_set
-- Symlinking: /home/chris/rostut/install/examples_rclcpp_wait_set/share/ament_index/resource_index/rclcpp_components/examples_rclcpp_wait_set
-- Symlinking: /home/chris/rostut/install/examples_rclcpp_wait_set/share/examples_rclcpp_wait_set/cmake/examples_rclcpp_wait_setConfig.cmake
-- Symlinking: /home/chris/rostut/install/examples_rclcpp_wait_set/share/examples_rclcpp_wait_set/cmake/examples_rclcpp_wait_setConfig-version.cmake
-- Symlinking: /home/chris/rostut/install/examples_rclcpp_wait_set/share/examples_rclcpp_wait_set/package.xml
