[0.347s] Invoking command in '/home/chris/rostut/build/examples_rclcpp_wait_set': CMAKE_PREFIX_PATH=${CMAKE_PREFIX_PATH}:/home/chris/rostut/install/examples_rclpy_minimal_subscriber:/home/chris/rostut/install/examples_rclpy_minimal_service:/home/chris/rostut/install/examples_rclpy_minimal_publisher:/home/chris/rostut/install/examples_rclpy_minimal_client:/home/chris/rostut/install/examples_rclpy_minimal_action_server:/home/chris/rostut/install/examples_rclpy_minimal_action_client:/home/chris/rostut/install/examples_rclpy_guard_conditions:/home/chris/rostut/install/examples_rclpy_executors:/opt/ros/humble /usr/bin/cmake /home/chris/rostut/src/examples/rclcpp/wait_set -DCMAKE_INSTALL_PREFIX=/home/chris/rostut/install/examples_rclcpp_wait_set
[1.827s] -- Found ament_cmake: 1.3.6 (/opt/ros/humble/share/ament_cmake/cmake)
[1.827s] -- Override CMake install command with custom implementation using symlinks instead of copying resources
[1.827s] -- Found example_interfaces: 0.9.3 (/opt/ros/humble/share/example_interfaces/cmake)
[1.828s] -- Found rosidl_generator_c: 3.1.5 (/opt/ros/humble/share/rosidl_generator_c/cmake)
[1.829s] -- Found rosidl_adapter: 3.1.5 (/opt/ros/humble/share/rosidl_adapter/cmake)
[1.829s] -- Found rosidl_generator_cpp: 3.1.5 (/opt/ros/humble/share/rosidl_generator_cpp/cmake)
[1.829s] -- Using all available rosidl_typesupport_c: rosidl_typesupport_fastrtps_c;rosidl_typesupport_introspection_c
[1.829s] -- Using all available rosidl_typesupport_cpp: rosidl_typesupport_fastrtps_cpp;rosidl_typesupport_introspection_cpp
[1.829s] -- Found rclcpp: 16.0.7 (/opt/ros/humble/share/rclcpp/cmake)
[1.829s] -- Found rmw_implementation_cmake: 6.1.1 (/opt/ros/humble/share/rmw_implementation_cmake/cmake)
[1.829s] -- Found rmw_fastrtps_cpp: 6.2.5 (/opt/ros/humble/share/rmw_fastrtps_cpp/cmake)
[1.829s] -- Using RMW implementation 'rmw_fastrtps_cpp' as default
[1.829s] -- Found rclcpp_components: 16.0.7 (/opt/ros/humble/share/rclcpp_components/cmake)
[1.829s] -- Found ament_lint_auto: 0.12.9 (/opt/ros/humble/share/ament_lint_auto/cmake)
[1.829s] -- Added test 'copyright' to check source files copyright and LICENSE
[1.829s] -- Added test 'cppcheck' to perform static code analysis on C / C++ code
[1.829s] -- Configured cppcheck include dirs: /home/chris/rostut/src/examples/rclcpp/wait_set/include
[1.829s] -- Configured cppcheck exclude dirs and/or files: 
[1.829s] -- Added test 'cpplint' to check C / C++ code against the Google style
[1.829s] -- Configured cpplint exclude dirs and/or files: 
[1.829s] -- Added test 'lint_cmake' to check CMake code style
[1.830s] -- Added test 'uncrustify' to check C / C++ code style
[1.831s] -- Configured uncrustify additional arguments: 
[1.831s] -- Added test 'xmllint' to check XML markup files
[1.831s] -- Configuring done
[1.831s] -- Generating done
[1.831s] -- Build files have been written to: /home/chris/rostut/build/examples_rclcpp_wait_set
[1.845s] Invoked command in '/home/chris/rostut/build/examples_rclcpp_wait_set' returned '0': CMAKE_PREFIX_PATH=${CMAKE_PREFIX_PATH}:/home/chris/rostut/install/examples_rclpy_minimal_subscriber:/home/chris/rostut/install/examples_rclpy_minimal_service:/home/chris/rostut/install/examples_rclpy_minimal_publisher:/home/chris/rostut/install/examples_rclpy_minimal_client:/home/chris/rostut/install/examples_rclpy_minimal_action_server:/home/chris/rostut/install/examples_rclpy_minimal_action_client:/home/chris/rostut/install/examples_rclpy_guard_conditions:/home/chris/rostut/install/examples_rclpy_executors:/opt/ros/humble /usr/bin/cmake /home/chris/rostut/src/examples/rclcpp/wait_set -DCMAKE_INSTALL_PREFIX=/home/chris/rostut/install/examples_rclcpp_wait_set
[1.846s] Invoking command in '/home/chris/rostut/build/examples_rclcpp_wait_set': CMAKE_PREFIX_PATH=${CMAKE_PREFIX_PATH}:/home/chris/rostut/install/examples_rclpy_minimal_subscriber:/home/chris/rostut/install/examples_rclpy_minimal_service:/home/chris/rostut/install/examples_rclpy_minimal_publisher:/home/chris/rostut/install/examples_rclpy_minimal_client:/home/chris/rostut/install/examples_rclpy_minimal_action_server:/home/chris/rostut/install/examples_rclpy_minimal_action_client:/home/chris/rostut/install/examples_rclpy_guard_conditions:/home/chris/rostut/install/examples_rclpy_executors:/opt/ros/humble /usr/bin/cmake --build /home/chris/rostut/build/examples_rclcpp_wait_set -- -j20 -l20
[1.868s] [35m[1mConsolidate compiler generated dependencies of target wait_set_talker[0m
[1.873s] [35m[1mConsolidate compiler generated dependencies of target listener[0m
[1.875s] [35m[1mConsolidate compiler generated dependencies of target talker[0m
[1.875s] [35m[1mConsolidate compiler generated dependencies of target wait_set_listener[0m
[1.877s] [35m[1mConsolidate compiler generated dependencies of target static_wait_set[0m
[1.881s] [35m[1mConsolidate compiler generated dependencies of target thread_safe_wait_set[0m
[1.885s] [35m[1mConsolidate compiler generated dependencies of target wait_set[0m
[1.890s] [35m[1mConsolidate compiler generated dependencies of target wait_set_random_order[0m
[1.900s] [35m[1mConsolidate compiler generated dependencies of target wait_set_topics_and_timer[0m
[1.903s] [  8%] Built target wait_set_talker
[1.903s] [ 16%] Built target listener
[1.904s] [ 25%] Built target talker
[1.904s] [ 29%] [32mBuilding CXX object CMakeFiles/executor_random_order.dir/src/executor_random_order.cpp.o[0m
[1.905s] [ 33%] [32mBuilding CXX object CMakeFiles/wait_set_topics_with_different_rates.dir/src/wait_set_topics_with_different_rates.cpp.o[0m
[1.905s] [ 41%] Built target wait_set_listener
[1.912s] [ 50%] Built target static_wait_set
[1.912s] [ 58%] Built target thread_safe_wait_set
[1.913s] [ 66%] Built target wait_set
[1.914s] [ 75%] Built target wait_set_random_order
[1.915s] [ 83%] Built target wait_set_topics_and_timer
[1.925s] [ 87%] [32mBuilding CXX object CMakeFiles/wait_set_composed.dir/src/wait_set_composed.cpp.o[0m
[4.872s] [ 91%] [32m[1mLinking CXX executable wait_set_composed[0m
[5.014s] [ 91%] Built target wait_set_composed
[8.571s] [ 95%] [32m[1mLinking CXX executable executor_random_order[0m
[9.045s] [ 95%] Built target executor_random_order
[9.715s] [100%] [32m[1mLinking CXX executable wait_set_topics_with_different_rates[0m
[10.145s] [100%] Built target wait_set_topics_with_different_rates
[10.156s] Invoked command in '/home/chris/rostut/build/examples_rclcpp_wait_set' returned '0': CMAKE_PREFIX_PATH=${CMAKE_PREFIX_PATH}:/home/chris/rostut/install/examples_rclpy_minimal_subscriber:/home/chris/rostut/install/examples_rclpy_minimal_service:/home/chris/rostut/install/examples_rclpy_minimal_publisher:/home/chris/rostut/install/examples_rclpy_minimal_client:/home/chris/rostut/install/examples_rclpy_minimal_action_server:/home/chris/rostut/install/examples_rclpy_minimal_action_client:/home/chris/rostut/install/examples_rclpy_guard_conditions:/home/chris/rostut/install/examples_rclpy_executors:/opt/ros/humble /usr/bin/cmake --build /home/chris/rostut/build/examples_rclcpp_wait_set -- -j20 -l20
[10.183s] Invoking command in '/home/chris/rostut/build/examples_rclcpp_wait_set': CMAKE_PREFIX_PATH=${CMAKE_PREFIX_PATH}:/home/chris/rostut/install/examples_rclpy_minimal_subscriber:/home/chris/rostut/install/examples_rclpy_minimal_service:/home/chris/rostut/install/examples_rclpy_minimal_publisher:/home/chris/rostut/install/examples_rclpy_minimal_client:/home/chris/rostut/install/examples_rclpy_minimal_action_server:/home/chris/rostut/install/examples_rclpy_minimal_action_client:/home/chris/rostut/install/examples_rclpy_guard_conditions:/home/chris/rostut/install/examples_rclpy_executors:/opt/ros/humble /usr/bin/cmake --install /home/chris/rostut/build/examples_rclcpp_wait_set
[10.188s] -- Install configuration: ""
[10.188s] -- Execute custom install script
[10.188s] -- Symlinking: /home/chris/rostut/install/examples_rclcpp_wait_set/lib/examples_rclcpp_wait_set/wait_set_talker
[10.194s] -- Symlinking: /home/chris/rostut/install/examples_rclcpp_wait_set/lib/examples_rclcpp_wait_set/wait_set_listener
[10.200s] -- Symlinking: /home/chris/rostut/install/examples_rclcpp_wait_set/lib/libtalker.so
[10.206s] -- Symlinking: /home/chris/rostut/install/examples_rclcpp_wait_set/lib/liblistener.so
[10.212s] -- Symlinking: /home/chris/rostut/install/examples_rclcpp_wait_set/lib/examples_rclcpp_wait_set/wait_set
[10.217s] -- Symlinking: /home/chris/rostut/install/examples_rclcpp_wait_set/lib/examples_rclcpp_wait_set/static_wait_set
[10.223s] -- Symlinking: /home/chris/rostut/install/examples_rclcpp_wait_set/lib/examples_rclcpp_wait_set/thread_safe_wait_set
[10.229s] -- Symlinking: /home/chris/rostut/install/examples_rclcpp_wait_set/lib/examples_rclcpp_wait_set/wait_set_topics_and_timer
[10.234s] -- Symlinking: /home/chris/rostut/install/examples_rclcpp_wait_set/lib/examples_rclcpp_wait_set/wait_set_random_order
[10.241s] -- Symlinking: /home/chris/rostut/install/examples_rclcpp_wait_set/lib/examples_rclcpp_wait_set/executor_random_order
[10.247s] -- Symlinking: /home/chris/rostut/install/examples_rclcpp_wait_set/lib/examples_rclcpp_wait_set/wait_set_topics_with_different_rates
[10.253s] -- Symlinking: /home/chris/rostut/install/examples_rclcpp_wait_set/lib/examples_rclcpp_wait_set/wait_set_composed
[10.260s] -- Symlinking: /home/chris/rostut/install/examples_rclcpp_wait_set/share/ament_index/resource_index/package_run_dependencies/examples_rclcpp_wait_set
[10.268s] -- Symlinking: /home/chris/rostut/install/examples_rclcpp_wait_set/share/ament_index/resource_index/parent_prefix_path/examples_rclcpp_wait_set
[10.277s] -- Symlinking: /home/chris/rostut/install/examples_rclcpp_wait_set/share/examples_rclcpp_wait_set/environment/ament_prefix_path.sh
[10.284s] -- Symlinking: /home/chris/rostut/install/examples_rclcpp_wait_set/share/examples_rclcpp_wait_set/environment/ament_prefix_path.dsv
[10.292s] -- Symlinking: /home/chris/rostut/install/examples_rclcpp_wait_set/share/examples_rclcpp_wait_set/environment/path.sh
[10.299s] -- Symlinking: /home/chris/rostut/install/examples_rclcpp_wait_set/share/examples_rclcpp_wait_set/environment/path.dsv
[10.307s] -- Symlinking: /home/chris/rostut/install/examples_rclcpp_wait_set/share/examples_rclcpp_wait_set/local_setup.bash
[10.315s] -- Symlinking: /home/chris/rostut/install/examples_rclcpp_wait_set/share/examples_rclcpp_wait_set/local_setup.sh
[10.323s] -- Symlinking: /home/chris/rostut/install/examples_rclcpp_wait_set/share/examples_rclcpp_wait_set/local_setup.zsh
[10.331s] -- Symlinking: /home/chris/rostut/install/examples_rclcpp_wait_set/share/examples_rclcpp_wait_set/local_setup.dsv
[10.340s] -- Symlinking: /home/chris/rostut/install/examples_rclcpp_wait_set/share/examples_rclcpp_wait_set/package.dsv
[10.347s] -- Symlinking: /home/chris/rostut/install/examples_rclcpp_wait_set/share/ament_index/resource_index/packages/examples_rclcpp_wait_set
[10.355s] -- Symlinking: /home/chris/rostut/install/examples_rclcpp_wait_set/share/ament_index/resource_index/rclcpp_components/examples_rclcpp_wait_set
[10.363s] -- Symlinking: /home/chris/rostut/install/examples_rclcpp_wait_set/share/examples_rclcpp_wait_set/cmake/examples_rclcpp_wait_setConfig.cmake
[10.371s] -- Symlinking: /home/chris/rostut/install/examples_rclcpp_wait_set/share/examples_rclcpp_wait_set/cmake/examples_rclcpp_wait_setConfig-version.cmake
[10.379s] -- Symlinking: /home/chris/rostut/install/examples_rclcpp_wait_set/share/examples_rclcpp_wait_set/package.xml
[10.389s] Invoked command in '/home/chris/rostut/build/examples_rclcpp_wait_set' returned '0': CMAKE_PREFIX_PATH=${CMAKE_PREFIX_PATH}:/home/chris/rostut/install/examples_rclpy_minimal_subscriber:/home/chris/rostut/install/examples_rclpy_minimal_service:/home/chris/rostut/install/examples_rclpy_minimal_publisher:/home/chris/rostut/install/examples_rclpy_minimal_client:/home/chris/rostut/install/examples_rclpy_minimal_action_server:/home/chris/rostut/install/examples_rclpy_minimal_action_client:/home/chris/rostut/install/examples_rclpy_guard_conditions:/home/chris/rostut/install/examples_rclpy_executors:/opt/ros/humble /usr/bin/cmake --install /home/chris/rostut/build/examples_rclcpp_wait_set
