[0.628s] Invoking command in '/home/chris/rostut/build/examples_rclcpp_cbg_executor': CMAKE_PREFIX_PATH=${CMAKE_PREFIX_PATH}:/home/chris/rostut/install/examples_rclpy_minimal_subscriber:/home/chris/rostut/install/examples_rclpy_minimal_service:/home/chris/rostut/install/examples_rclpy_minimal_publisher:/home/chris/rostut/install/examples_rclpy_minimal_client:/home/chris/rostut/install/examples_rclpy_minimal_action_server:/home/chris/rostut/install/examples_rclpy_minimal_action_client:/home/chris/rostut/install/examples_rclpy_guard_conditions:/home/chris/rostut/install/examples_rclpy_executors:/opt/ros/humble /usr/bin/cmake /home/chris/rostut/src/examples/rclcpp/executors/cbg_executor -DCMAKE_INSTALL_PREFIX=/home/chris/rostut/install/examples_rclcpp_cbg_executor
[2.100s] -- Found ament_cmake: 1.3.6 (/opt/ros/humble/share/ament_cmake/cmake)
[2.100s] -- Override CMake install command with custom implementation using symlinks instead of copying resources
[2.100s] -- Found rclcpp: 16.0.7 (/opt/ros/humble/share/rclcpp/cmake)
[2.100s] -- Found rosidl_generator_c: 3.1.5 (/opt/ros/humble/share/rosidl_generator_c/cmake)
[2.100s] -- Found rosidl_adapter: 3.1.5 (/opt/ros/humble/share/rosidl_adapter/cmake)
[2.100s] -- Found rosidl_generator_cpp: 3.1.5 (/opt/ros/humble/share/rosidl_generator_cpp/cmake)
[2.100s] -- Using all available rosidl_typesupport_c: rosidl_typesupport_fastrtps_c;rosidl_typesupport_introspection_c
[2.100s] -- Using all available rosidl_typesupport_cpp: rosidl_typesupport_fastrtps_cpp;rosidl_typesupport_introspection_cpp
[2.100s] -- Found rmw_implementation_cmake: 6.1.1 (/opt/ros/humble/share/rmw_implementation_cmake/cmake)
[2.100s] -- Found rmw_fastrtps_cpp: 6.2.5 (/opt/ros/humble/share/rmw_fastrtps_cpp/cmake)
[2.100s] -- Using RMW implementation 'rmw_fastrtps_cpp' as default
[2.100s] -- Found ament_lint_auto: 0.12.9 (/opt/ros/humble/share/ament_lint_auto/cmake)
[2.100s] -- Added test 'copyright' to check source files copyright and LICENSE
[2.101s] -- Added test 'cppcheck' to perform static code analysis on C / C++ code
[2.101s] -- Configured cppcheck include dirs: /home/chris/rostut/src/examples/rclcpp/executors/cbg_executor/include
[2.101s] -- Configured cppcheck exclude dirs and/or files: 
[2.101s] -- Added test 'cpplint' to check C / C++ code against the Google style
[2.101s] -- Configured cpplint exclude dirs and/or files: 
[2.101s] -- Added test 'lint_cmake' to check CMake code style
[2.101s] -- Added test 'uncrustify' to check C / C++ code style
[2.101s] -- Configured uncrustify additional arguments: 
[2.101s] -- Added test 'xmllint' to check XML markup files
[2.101s] -- Configuring done
[2.101s] -- Generating done
[2.101s] -- Build files have been written to: /home/chris/rostut/build/examples_rclcpp_cbg_executor
[2.136s] Invoked command in '/home/chris/rostut/build/examples_rclcpp_cbg_executor' returned '0': CMAKE_PREFIX_PATH=${CMAKE_PREFIX_PATH}:/home/chris/rostut/install/examples_rclpy_minimal_subscriber:/home/chris/rostut/install/examples_rclpy_minimal_service:/home/chris/rostut/install/examples_rclpy_minimal_publisher:/home/chris/rostut/install/examples_rclpy_minimal_client:/home/chris/rostut/install/examples_rclpy_minimal_action_server:/home/chris/rostut/install/examples_rclpy_minimal_action_client:/home/chris/rostut/install/examples_rclpy_guard_conditions:/home/chris/rostut/install/examples_rclpy_executors:/opt/ros/humble /usr/bin/cmake /home/chris/rostut/src/examples/rclcpp/executors/cbg_executor -DCMAKE_INSTALL_PREFIX=/home/chris/rostut/install/examples_rclcpp_cbg_executor
[2.137s] Invoking command in '/home/chris/rostut/build/examples_rclcpp_cbg_executor': CMAKE_PREFIX_PATH=${CMAKE_PREFIX_PATH}:/home/chris/rostut/install/examples_rclpy_minimal_subscriber:/home/chris/rostut/install/examples_rclpy_minimal_service:/home/chris/rostut/install/examples_rclpy_minimal_publisher:/home/chris/rostut/install/examples_rclpy_minimal_client:/home/chris/rostut/install/examples_rclpy_minimal_action_server:/home/chris/rostut/install/examples_rclpy_minimal_action_client:/home/chris/rostut/install/examples_rclpy_guard_conditions:/home/chris/rostut/install/examples_rclpy_executors:/opt/ros/humble /usr/bin/cmake --build /home/chris/rostut/build/examples_rclcpp_cbg_executor -- -j20 -l20
[2.149s] [35m[1mConsolidate compiler generated dependencies of target ping[0m
[2.149s] [35m[1mConsolidate compiler generated dependencies of target pong[0m
[2.149s] [35m[1mConsolidate compiler generated dependencies of target ping_pong[0m
[2.150s] [ 10%] [32mBuilding CXX object CMakeFiles/pong.dir/src/pong.cpp.o[0m
[2.164s] [ 40%] Built target ping
[2.170s] [ 80%] Built target ping_pong
[4.402s] [ 90%] [32m[1mLinking CXX executable pong[0m
[4.882s] [100%] Built target pong
[4.903s] Invoked command in '/home/chris/rostut/build/examples_rclcpp_cbg_executor' returned '0': CMAKE_PREFIX_PATH=${CMAKE_PREFIX_PATH}:/home/chris/rostut/install/examples_rclpy_minimal_subscriber:/home/chris/rostut/install/examples_rclpy_minimal_service:/home/chris/rostut/install/examples_rclpy_minimal_publisher:/home/chris/rostut/install/examples_rclpy_minimal_client:/home/chris/rostut/install/examples_rclpy_minimal_action_server:/home/chris/rostut/install/examples_rclpy_minimal_action_client:/home/chris/rostut/install/examples_rclpy_guard_conditions:/home/chris/rostut/install/examples_rclpy_executors:/opt/ros/humble /usr/bin/cmake --build /home/chris/rostut/build/examples_rclcpp_cbg_executor -- -j20 -l20
[4.991s] Invoking command in '/home/chris/rostut/build/examples_rclcpp_cbg_executor': CMAKE_PREFIX_PATH=${CMAKE_PREFIX_PATH}:/home/chris/rostut/install/examples_rclpy_minimal_subscriber:/home/chris/rostut/install/examples_rclpy_minimal_service:/home/chris/rostut/install/examples_rclpy_minimal_publisher:/home/chris/rostut/install/examples_rclpy_minimal_client:/home/chris/rostut/install/examples_rclpy_minimal_action_server:/home/chris/rostut/install/examples_rclpy_minimal_action_client:/home/chris/rostut/install/examples_rclpy_guard_conditions:/home/chris/rostut/install/examples_rclpy_executors:/opt/ros/humble /usr/bin/cmake --install /home/chris/rostut/build/examples_rclcpp_cbg_executor
[4.997s] -- Install configuration: ""
[4.997s] -- Execute custom install script
[4.997s] -- Symlinking: /home/chris/rostut/install/examples_rclcpp_cbg_executor/lib/examples_rclcpp_cbg_executor/ping
[5.006s] -- Symlinking: /home/chris/rostut/install/examples_rclcpp_cbg_executor/lib/examples_rclcpp_cbg_executor/pong
[5.014s] -- Symlinking: /home/chris/rostut/install/examples_rclcpp_cbg_executor/lib/examples_rclcpp_cbg_executor/ping_pong
[5.023s] -- Symlinking: /home/chris/rostut/install/examples_rclcpp_cbg_executor/include/examples_rclcpp_cbg_executor/ping_node.hpp
[5.031s] -- Symlinking: /home/chris/rostut/install/examples_rclcpp_cbg_executor/include/examples_rclcpp_cbg_executor/pong_node.hpp
[5.038s] -- Symlinking: /home/chris/rostut/install/examples_rclcpp_cbg_executor/share/ament_index/resource_index/package_run_dependencies/examples_rclcpp_cbg_executor
[5.046s] -- Symlinking: /home/chris/rostut/install/examples_rclcpp_cbg_executor/share/ament_index/resource_index/parent_prefix_path/examples_rclcpp_cbg_executor
[5.053s] -- Symlinking: /home/chris/rostut/install/examples_rclcpp_cbg_executor/share/examples_rclcpp_cbg_executor/environment/ament_prefix_path.sh
[5.061s] -- Symlinking: /home/chris/rostut/install/examples_rclcpp_cbg_executor/share/examples_rclcpp_cbg_executor/environment/ament_prefix_path.dsv
[5.068s] -- Symlinking: /home/chris/rostut/install/examples_rclcpp_cbg_executor/share/examples_rclcpp_cbg_executor/environment/path.sh
[5.076s] -- Symlinking: /home/chris/rostut/install/examples_rclcpp_cbg_executor/share/examples_rclcpp_cbg_executor/environment/path.dsv
[5.083s] -- Symlinking: /home/chris/rostut/install/examples_rclcpp_cbg_executor/share/examples_rclcpp_cbg_executor/local_setup.bash
[5.094s] -- Symlinking: /home/chris/rostut/install/examples_rclcpp_cbg_executor/share/examples_rclcpp_cbg_executor/local_setup.sh
[5.100s] -- Symlinking: /home/chris/rostut/install/examples_rclcpp_cbg_executor/share/examples_rclcpp_cbg_executor/local_setup.zsh
[5.106s] -- Symlinking: /home/chris/rostut/install/examples_rclcpp_cbg_executor/share/examples_rclcpp_cbg_executor/local_setup.dsv
[5.112s] -- Symlinking: /home/chris/rostut/install/examples_rclcpp_cbg_executor/share/examples_rclcpp_cbg_executor/package.dsv
[5.119s] -- Symlinking: /home/chris/rostut/install/examples_rclcpp_cbg_executor/share/ament_index/resource_index/packages/examples_rclcpp_cbg_executor
[5.128s] -- Symlinking: /home/chris/rostut/install/examples_rclcpp_cbg_executor/share/examples_rclcpp_cbg_executor/cmake/ament_cmake_export_dependencies-extras.cmake
[5.134s] -- Symlinking: /home/chris/rostut/install/examples_rclcpp_cbg_executor/share/examples_rclcpp_cbg_executor/cmake/examples_rclcpp_cbg_executorConfig.cmake
[5.138s] -- Symlinking: /home/chris/rostut/install/examples_rclcpp_cbg_executor/share/examples_rclcpp_cbg_executor/cmake/examples_rclcpp_cbg_executorConfig-version.cmake
[5.144s] -- Symlinking: /home/chris/rostut/install/examples_rclcpp_cbg_executor/share/examples_rclcpp_cbg_executor/package.xml
[5.180s] Invoked command in '/home/chris/rostut/build/examples_rclcpp_cbg_executor' returned '0': CMAKE_PREFIX_PATH=${CMAKE_PREFIX_PATH}:/home/chris/rostut/install/examples_rclpy_minimal_subscriber:/home/chris/rostut/install/examples_rclpy_minimal_service:/home/chris/rostut/install/examples_rclpy_minimal_publisher:/home/chris/rostut/install/examples_rclpy_minimal_client:/home/chris/rostut/install/examples_rclpy_minimal_action_server:/home/chris/rostut/install/examples_rclpy_minimal_action_client:/home/chris/rostut/install/examples_rclpy_guard_conditions:/home/chris/rostut/install/examples_rclpy_executors:/opt/ros/humble /usr/bin/cmake --install /home/chris/rostut/build/examples_rclcpp_cbg_executor
