[2.536s] Invoking command in '/home/chris/rostut/build/examples_rclpy_minimal_publisher': PYTHONPATH=/home/chris/rostut/build/examples_rclpy_minimal_publisher/prefix_override:/home/chris/rostut/install/examples_rclpy_minimal_publisher/lib/python3.10/site-packages:${PYTHONPATH} /usr/bin/python3 setup.py develop --uninstall --editable --build-directory /home/chris/rostut/build/examples_rclpy_minimal_publisher/build
[2.815s] running develop
[2.816s] /usr/lib/python3/dist-packages/setuptools/command/easy_install.py:158: EasyInstallDeprecationWarning: easy_install command is deprecated. Use build and pip and other standards-based tools.
[2.816s]   warnings.warn(
[2.816s] /usr/lib/python3/dist-packages/setuptools/command/install.py:34: SetuptoolsDeprecationWarning: setup.py install is deprecated. Use build and pip and other standards-based tools.
[2.817s]   warnings.warn(
[2.914s] Removing /home/chris/rostut/install/examples_rclpy_minimal_publisher/lib/python3.10/site-packages/examples-rclpy-minimal-publisher.egg-link (link to .)
[3.699s] Invoked command in '/home/chris/rostut/build/examples_rclpy_minimal_publisher' returned '0': PYTHONPATH=/home/chris/rostut/build/examples_rclpy_minimal_publisher/prefix_override:/home/chris/rostut/install/examples_rclpy_minimal_publisher/lib/python3.10/site-packages:${PYTHONPATH} /usr/bin/python3 setup.py develop --uninstall --editable --build-directory /home/chris/rostut/build/examples_rclpy_minimal_publisher/build
[3.699s] Invoking command in '/home/chris/rostut/src/examples/rclpy/topics/minimal_publisher': PYTHONPATH=/home/chris/rostut/build/examples_rclpy_minimal_publisher/prefix_override:/home/chris/rostut/install/examples_rclpy_minimal_publisher/lib/python3.10/site-packages:${PYTHONPATH} /usr/bin/python3 setup.py egg_info --egg-base ../../../../../build/examples_rclpy_minimal_publisher build --build-base /home/chris/rostut/build/examples_rclpy_minimal_publisher/build install --record /home/chris/rostut/build/examples_rclpy_minimal_publisher/install.log --single-version-externally-managed
[4.005s] running egg_info
[4.007s] writing ../../../../../build/examples_rclpy_minimal_publisher/examples_rclpy_minimal_publisher.egg-info/PKG-INFO
[4.007s] writing dependency_links to ../../../../../build/examples_rclpy_minimal_publisher/examples_rclpy_minimal_publisher.egg-info/dependency_links.txt
[4.007s] writing entry points to ../../../../../build/examples_rclpy_minimal_publisher/examples_rclpy_minimal_publisher.egg-info/entry_points.txt
[4.007s] writing requirements to ../../../../../build/examples_rclpy_minimal_publisher/examples_rclpy_minimal_publisher.egg-info/requires.txt
[4.007s] writing top-level names to ../../../../../build/examples_rclpy_minimal_publisher/examples_rclpy_minimal_publisher.egg-info/top_level.txt
[4.008s] reading manifest file '../../../../../build/examples_rclpy_minimal_publisher/examples_rclpy_minimal_publisher.egg-info/SOURCES.txt'
[4.009s] writing manifest file '../../../../../build/examples_rclpy_minimal_publisher/examples_rclpy_minimal_publisher.egg-info/SOURCES.txt'
[4.009s] running build
[4.009s] running build_py
[4.009s] creating /home/chris/rostut/build/examples_rclpy_minimal_publisher/build
[4.009s] creating /home/chris/rostut/build/examples_rclpy_minimal_publisher/build/lib
[4.009s] creating /home/chris/rostut/build/examples_rclpy_minimal_publisher/build/lib/examples_rclpy_minimal_publisher
[4.009s] copying examples_rclpy_minimal_publisher/publisher_old_school.py -> /home/chris/rostut/build/examples_rclpy_minimal_publisher/build/lib/examples_rclpy_minimal_publisher
[4.009s] copying examples_rclpy_minimal_publisher/publisher_member_function.py -> /home/chris/rostut/build/examples_rclpy_minimal_publisher/build/lib/examples_rclpy_minimal_publisher
[4.010s] copying examples_rclpy_minimal_publisher/__init__.py -> /home/chris/rostut/build/examples_rclpy_minimal_publisher/build/lib/examples_rclpy_minimal_publisher
[4.010s] copying examples_rclpy_minimal_publisher/publisher_local_function.py -> /home/chris/rostut/build/examples_rclpy_minimal_publisher/build/lib/examples_rclpy_minimal_publisher
[4.010s] running install
[4.010s] /usr/lib/python3/dist-packages/setuptools/command/install.py:34: SetuptoolsDeprecationWarning: setup.py install is deprecated. Use build and pip and other standards-based tools.
[4.010s]   warnings.warn(
[4.010s] running install_lib
[4.011s] creating /home/chris/rostut/install/examples_rclpy_minimal_publisher/lib/python3.10/site-packages/examples_rclpy_minimal_publisher
[4.011s] copying /home/chris/rostut/build/examples_rclpy_minimal_publisher/build/lib/examples_rclpy_minimal_publisher/publisher_old_school.py -> /home/chris/rostut/install/examples_rclpy_minimal_publisher/lib/python3.10/site-packages/examples_rclpy_minimal_publisher
[4.011s] copying /home/chris/rostut/build/examples_rclpy_minimal_publisher/build/lib/examples_rclpy_minimal_publisher/publisher_member_function.py -> /home/chris/rostut/install/examples_rclpy_minimal_publisher/lib/python3.10/site-packages/examples_rclpy_minimal_publisher
[4.011s] copying /home/chris/rostut/build/examples_rclpy_minimal_publisher/build/lib/examples_rclpy_minimal_publisher/__init__.py -> /home/chris/rostut/install/examples_rclpy_minimal_publisher/lib/python3.10/site-packages/examples_rclpy_minimal_publisher
[4.011s] copying /home/chris/rostut/build/examples_rclpy_minimal_publisher/build/lib/examples_rclpy_minimal_publisher/publisher_local_function.py -> /home/chris/rostut/install/examples_rclpy_minimal_publisher/lib/python3.10/site-packages/examples_rclpy_minimal_publisher
[4.011s] byte-compiling /home/chris/rostut/install/examples_rclpy_minimal_publisher/lib/python3.10/site-packages/examples_rclpy_minimal_publisher/publisher_old_school.py to publisher_old_school.cpython-310.pyc
[4.012s] byte-compiling /home/chris/rostut/install/examples_rclpy_minimal_publisher/lib/python3.10/site-packages/examples_rclpy_minimal_publisher/publisher_member_function.py to publisher_member_function.cpython-310.pyc
[4.012s] byte-compiling /home/chris/rostut/install/examples_rclpy_minimal_publisher/lib/python3.10/site-packages/examples_rclpy_minimal_publisher/__init__.py to __init__.cpython-310.pyc
[4.012s] byte-compiling /home/chris/rostut/install/examples_rclpy_minimal_publisher/lib/python3.10/site-packages/examples_rclpy_minimal_publisher/publisher_local_function.py to publisher_local_function.cpython-310.pyc
[4.012s] running install_data
[4.013s] running install_egg_info
[4.014s] Copying ../../../../../build/examples_rclpy_minimal_publisher/examples_rclpy_minimal_publisher.egg-info to /home/chris/rostut/install/examples_rclpy_minimal_publisher/lib/python3.10/site-packages/examples_rclpy_minimal_publisher-0.15.1-py3.10.egg-info
[4.016s] running install_scripts
[4.046s] Installing publisher_local_function script to /home/chris/rostut/install/examples_rclpy_minimal_publisher/lib/examples_rclpy_minimal_publisher
[4.046s] Installing publisher_member_function script to /home/chris/rostut/install/examples_rclpy_minimal_publisher/lib/examples_rclpy_minimal_publisher
[4.046s] Installing publisher_old_school script to /home/chris/rostut/install/examples_rclpy_minimal_publisher/lib/examples_rclpy_minimal_publisher
[4.047s] writing list of installed files to '/home/chris/rostut/build/examples_rclpy_minimal_publisher/install.log'
[4.089s] Invoked command in '/home/chris/rostut/src/examples/rclpy/topics/minimal_publisher' returned '0': PYTHONPATH=/home/chris/rostut/build/examples_rclpy_minimal_publisher/prefix_override:/home/chris/rostut/install/examples_rclpy_minimal_publisher/lib/python3.10/site-packages:${PYTHONPATH} /usr/bin/python3 setup.py egg_info --egg-base ../../../../../build/examples_rclpy_minimal_publisher build --build-base /home/chris/rostut/build/examples_rclpy_minimal_publisher/build install --record /home/chris/rostut/build/examples_rclpy_minimal_publisher/install.log --single-version-externally-managed
