[0.340s] Invoking command in '/home/chris/ros2_ws/build/examples_rclcpp_minimal_composition': CMAKE_PREFIX_PATH=/opt/ros/humble /usr/bin/cmake /home/chris/ros2_ws/src/examples/rclcpp/composition/minimal_composition -DAMENT_CMAKE_SYMLINK_INSTALL=1 -DCMAKE_INSTALL_PREFIX=/home/chris/ros2_ws/install/examples_rclcpp_minimal_composition
[2.042s] -- The C compiler identification is GNU 11.4.0
[2.042s] -- The CXX compiler identification is GNU 11.4.0
[2.042s] -- Detecting C compiler ABI info
[2.042s] -- Detecting C compiler ABI info - done
[2.042s] -- Check for working C compiler: /usr/bin/cc - skipped
[2.042s] -- Detecting C compile features
[2.042s] -- Detecting C compile features - done
[2.042s] -- Detecting CXX compiler ABI info
[2.042s] -- Detecting CXX compiler ABI info - done
[2.042s] -- Check for working CXX compiler: /usr/bin/c++ - skipped
[2.042s] -- Detecting CXX compile features
[2.042s] -- Detecting CXX compile features - done
[2.042s] -- Found ament_cmake: 1.3.6 (/opt/ros/humble/share/ament_cmake/cmake)
[2.042s] -- Found Python3: /usr/bin/python3.10 (found version "3.10.12") found components: Interpreter 
[2.042s] -- Override CMake install command with custom implementation using symlinks instead of copying resources
[2.042s] -- Found rclcpp: 16.0.7 (/opt/ros/humble/share/rclcpp/cmake)
[2.042s] -- Found rosidl_generator_c: 3.1.5 (/opt/ros/humble/share/rosidl_generator_c/cmake)
[2.042s] -- Found rosidl_adapter: 3.1.5 (/opt/ros/humble/share/rosidl_adapter/cmake)
[2.043s] -- Found rosidl_generator_cpp: 3.1.5 (/opt/ros/humble/share/rosidl_generator_cpp/cmake)
[2.043s] -- Using all available rosidl_typesupport_c: rosidl_typesupport_fastrtps_c;rosidl_typesupport_introspection_c
[2.043s] -- Using all available rosidl_typesupport_cpp: rosidl_typesupport_fastrtps_cpp;rosidl_typesupport_introspection_cpp
[2.043s] -- Found rmw_implementation_cmake: 6.1.1 (/opt/ros/humble/share/rmw_implementation_cmake/cmake)
[2.043s] -- Found rmw_fastrtps_cpp: 6.2.5 (/opt/ros/humble/share/rmw_fastrtps_cpp/cmake)
[2.043s] -- Found OpenSSL: /usr/lib/x86_64-linux-gnu/libcrypto.so (found version "3.0.2")  
[2.043s] -- Found FastRTPS: /opt/ros/humble/include  
[2.043s] -- Using RMW implementation 'rmw_fastrtps_cpp' as default
[2.043s] -- Looking for pthread.h
[2.043s] -- Looking for pthread.h - found
[2.043s] -- Performing Test CMAKE_HAVE_LIBC_PTHREAD
[2.043s] -- Performing Test CMAKE_HAVE_LIBC_PTHREAD - Success
[2.043s] -- Found Threads: TRUE  
[2.043s] -- Found rclcpp_components: 16.0.7 (/opt/ros/humble/share/rclcpp_components/cmake)
[2.043s] -- Found ament_lint_auto: 0.12.9 (/opt/ros/humble/share/ament_lint_auto/cmake)
[2.043s] -- Added test 'copyright' to check source files copyright and LICENSE
[2.043s] -- Added test 'cppcheck' to perform static code analysis on C / C++ code
[2.043s] -- Configured cppcheck include dirs: /home/chris/ros2_ws/src/examples/rclcpp/composition/minimal_composition/include
[2.043s] -- Configured cppcheck exclude dirs and/or files: 
[2.043s] -- Added test 'cpplint' to check C / C++ code against the Google style
[2.043s] -- Configured cpplint exclude dirs and/or files: 
[2.043s] -- Added test 'lint_cmake' to check CMake code style
[2.043s] -- Added test 'uncrustify' to check C / C++ code style
[2.043s] -- Configured uncrustify additional arguments: 
[2.043s] -- Added test 'xmllint' to check XML markup files
[2.043s] -- Configuring done
[2.043s] -- Generating done
[2.043s] -- Build files have been written to: /home/chris/ros2_ws/build/examples_rclcpp_minimal_composition
[2.061s] Invoked command in '/home/chris/ros2_ws/build/examples_rclcpp_minimal_composition' returned '0': CMAKE_PREFIX_PATH=/opt/ros/humble /usr/bin/cmake /home/chris/ros2_ws/src/examples/rclcpp/composition/minimal_composition -DAMENT_CMAKE_SYMLINK_INSTALL=1 -DCMAKE_INSTALL_PREFIX=/home/chris/ros2_ws/install/examples_rclcpp_minimal_composition
[2.063s] Invoking command in '/home/chris/ros2_ws/build/examples_rclcpp_minimal_composition': CMAKE_PREFIX_PATH=/opt/ros/humble /usr/bin/cmake --build /home/chris/ros2_ws/build/examples_rclcpp_minimal_composition -- -j20 -l20
[2.146s] [ 11%] [32mBuilding CXX object CMakeFiles/composition_nodes.dir/src/publisher_node.cpp.o[0m
[2.166s] [ 22%] [32mBuilding CXX object CMakeFiles/composition_nodes.dir/src/subscriber_node.cpp.o[0m
[76.675s] [ 33%] [32m[1mLinking CXX shared library libcomposition_nodes.so[0m
[77.505s] [ 33%] Built target composition_nodes
[77.535s] [ 44%] [32mBuilding CXX object CMakeFiles/composition_publisher.dir/src/standalone_publisher.cpp.o[0m
[79.426s] [ 55%] [32m[1mLinking CXX executable composition_publisher[0m
[79.524s] [ 55%] Built target composition_publisher
[79.534s] [ 66%] [32mBuilding CXX object CMakeFiles/composition_composed.dir/src/composed.cpp.o[0m
[80.942s] [ 77%] [32m[1mLinking CXX executable composition_composed[0m
[81.043s] [ 77%] Built target composition_composed
[81.053s] [ 88%] [32mBuilding CXX object CMakeFiles/composition_subscriber.dir/src/standalone_subscriber.cpp.o[0m
[82.443s] [100%] [32m[1mLinking CXX executable composition_subscriber[0m
[82.540s] [100%] Built target composition_subscriber
