[0.605s] Invoking command in '/home/chris/ros2_ws/build/cpp_srvcli': CMAKE_PREFIX_PATH=${CMAKE_PREFIX_PATH}:/home/chris/ros2_ws/src/install/examples_rclpy_minimal_action_server:/home/chris/ros2_ws/install/launch_testing_examples:/home/chris/ros2_ws/install/examples_rclpy_pointcloud_publisher:/home/chris/ros2_ws/install/examples_rclpy_minimal_subscriber:/home/chris/ros2_ws/install/examples_rclpy_minimal_service:/home/chris/ros2_ws/install/examples_rclpy_minimal_publisher:/home/chris/ros2_ws/install/examples_rclpy_minimal_client:/home/chris/ros2_ws/install/examples_rclpy_minimal_action_server:/home/chris/ros2_ws/install/examples_rclpy_minimal_action_client:/home/chris/ros2_ws/install/examples_rclpy_guard_conditions:/home/chris/ros2_ws/install/examples_rclpy_executors:/opt/ros/humble /usr/bin/cmake --build /home/chris/ros2_ws/build/cpp_srvcli -- -j20 -l20
[1.494s] [ 50%] Built target client
[1.494s] [100%] Built target server
[1.508s] Invoked command in '/home/chris/ros2_ws/build/cpp_srvcli' returned '0': CMAKE_PREFIX_PATH=${CMAKE_PREFIX_PATH}:/home/chris/ros2_ws/src/install/examples_rclpy_minimal_action_server:/home/chris/ros2_ws/install/launch_testing_examples:/home/chris/ros2_ws/install/examples_rclpy_pointcloud_publisher:/home/chris/ros2_ws/install/examples_rclpy_minimal_subscriber:/home/chris/ros2_ws/install/examples_rclpy_minimal_service:/home/chris/ros2_ws/install/examples_rclpy_minimal_publisher:/home/chris/ros2_ws/install/examples_rclpy_minimal_client:/home/chris/ros2_ws/install/examples_rclpy_minimal_action_server:/home/chris/ros2_ws/install/examples_rclpy_minimal_action_client:/home/chris/ros2_ws/install/examples_rclpy_guard_conditions:/home/chris/ros2_ws/install/examples_rclpy_executors:/opt/ros/humble /usr/bin/cmake --build /home/chris/ros2_ws/build/cpp_srvcli -- -j20 -l20
[1.553s] Invoking command in '/home/chris/ros2_ws/build/cpp_srvcli': CMAKE_PREFIX_PATH=${CMAKE_PREFIX_PATH}:/home/chris/ros2_ws/src/install/examples_rclpy_minimal_action_server:/home/chris/ros2_ws/install/launch_testing_examples:/home/chris/ros2_ws/install/examples_rclpy_pointcloud_publisher:/home/chris/ros2_ws/install/examples_rclpy_minimal_subscriber:/home/chris/ros2_ws/install/examples_rclpy_minimal_service:/home/chris/ros2_ws/install/examples_rclpy_minimal_publisher:/home/chris/ros2_ws/install/examples_rclpy_minimal_client:/home/chris/ros2_ws/install/examples_rclpy_minimal_action_server:/home/chris/ros2_ws/install/examples_rclpy_minimal_action_client:/home/chris/ros2_ws/install/examples_rclpy_guard_conditions:/home/chris/ros2_ws/install/examples_rclpy_executors:/opt/ros/humble /usr/bin/cmake --install /home/chris/ros2_ws/build/cpp_srvcli
[1.575s] -- Install configuration: ""
[1.575s] -- Up-to-date: /home/chris/ros2_ws/install/cpp_srvcli/lib/cpp_srvcli/server
[1.575s] -- Up-to-date: /home/chris/ros2_ws/install/cpp_srvcli/lib/cpp_srvcli/client
[1.575s] -- Up-to-date: /home/chris/ros2_ws/install/cpp_srvcli/share/ament_index/resource_index/package_run_dependencies/cpp_srvcli
[1.575s] -- Up-to-date: /home/chris/ros2_ws/install/cpp_srvcli/share/ament_index/resource_index/parent_prefix_path/cpp_srvcli
[1.576s] -- Up-to-date: /home/chris/ros2_ws/install/cpp_srvcli/share/cpp_srvcli/environment/ament_prefix_path.sh
[1.576s] -- Up-to-date: /home/chris/ros2_ws/install/cpp_srvcli/share/cpp_srvcli/environment/ament_prefix_path.dsv
[1.576s] -- Up-to-date: /home/chris/ros2_ws/install/cpp_srvcli/share/cpp_srvcli/environment/path.sh
[1.576s] -- Up-to-date: /home/chris/ros2_ws/install/cpp_srvcli/share/cpp_srvcli/environment/path.dsv
[1.576s] -- Up-to-date: /home/chris/ros2_ws/install/cpp_srvcli/share/cpp_srvcli/local_setup.bash
[1.576s] -- Up-to-date: /home/chris/ros2_ws/install/cpp_srvcli/share/cpp_srvcli/local_setup.sh
[1.576s] -- Up-to-date: /home/chris/ros2_ws/install/cpp_srvcli/share/cpp_srvcli/local_setup.zsh
[1.576s] -- Up-to-date: /home/chris/ros2_ws/install/cpp_srvcli/share/cpp_srvcli/local_setup.dsv
[1.576s] -- Installing: /home/chris/ros2_ws/install/cpp_srvcli/share/cpp_srvcli/package.dsv
[1.576s] -- Up-to-date: /home/chris/ros2_ws/install/cpp_srvcli/share/ament_index/resource_index/packages/cpp_srvcli
[1.576s] -- Up-to-date: /home/chris/ros2_ws/install/cpp_srvcli/share/cpp_srvcli/cmake/cpp_srvcliConfig.cmake
[1.576s] -- Up-to-date: /home/chris/ros2_ws/install/cpp_srvcli/share/cpp_srvcli/cmake/cpp_srvcliConfig-version.cmake
[1.576s] -- Up-to-date: /home/chris/ros2_ws/install/cpp_srvcli/share/cpp_srvcli/package.xml
[1.634s] Invoked command in '/home/chris/ros2_ws/build/cpp_srvcli' returned '0': CMAKE_PREFIX_PATH=${CMAKE_PREFIX_PATH}:/home/chris/ros2_ws/src/install/examples_rclpy_minimal_action_server:/home/chris/ros2_ws/install/launch_testing_examples:/home/chris/ros2_ws/install/examples_rclpy_pointcloud_publisher:/home/chris/ros2_ws/install/examples_rclpy_minimal_subscriber:/home/chris/ros2_ws/install/examples_rclpy_minimal_service:/home/chris/ros2_ws/install/examples_rclpy_minimal_publisher:/home/chris/ros2_ws/install/examples_rclpy_minimal_client:/home/chris/ros2_ws/install/examples_rclpy_minimal_action_server:/home/chris/ros2_ws/install/examples_rclpy_minimal_action_client:/home/chris/ros2_ws/install/examples_rclpy_guard_conditions:/home/chris/ros2_ws/install/examples_rclpy_executors:/opt/ros/humble /usr/bin/cmake --install /home/chris/ros2_ws/build/cpp_srvcli
