[1.651s] Invoking command in '/home/chris/ros2_ws/src/examples/rclpy/guard_conditions': PYTHONPATH=/home/chris/ros2_ws/build/examples_rclpy_guard_conditions/prefix_override:/home/chris/ros2_ws/install/examples_rclpy_guard_conditions/lib/python3.10/site-packages:${PYTHONPATH} /usr/bin/python3 setup.py egg_info --egg-base ../../../../build/examples_rclpy_guard_conditions build --build-base /home/chris/ros2_ws/build/examples_rclpy_guard_conditions/build install --record /home/chris/ros2_ws/build/examples_rclpy_guard_conditions/install.log --single-version-externally-managed
[1.980s] running egg_info
[1.981s] writing ../../../../build/examples_rclpy_guard_conditions/examples_rclpy_guard_conditions.egg-info/PKG-INFO
[1.981s] writing dependency_links to ../../../../build/examples_rclpy_guard_conditions/examples_rclpy_guard_conditions.egg-info/dependency_links.txt
[1.981s] writing entry points to ../../../../build/examples_rclpy_guard_conditions/examples_rclpy_guard_conditions.egg-info/entry_points.txt
[1.981s] writing requirements to ../../../../build/examples_rclpy_guard_conditions/examples_rclpy_guard_conditions.egg-info/requires.txt
[1.981s] writing top-level names to ../../../../build/examples_rclpy_guard_conditions/examples_rclpy_guard_conditions.egg-info/top_level.txt
[1.981s] reading manifest file '../../../../build/examples_rclpy_guard_conditions/examples_rclpy_guard_conditions.egg-info/SOURCES.txt'
[1.981s] writing manifest file '../../../../build/examples_rclpy_guard_conditions/examples_rclpy_guard_conditions.egg-info/SOURCES.txt'
[1.981s] running build
[1.981s] running build_py
[1.981s] running install
[1.981s] running install_lib
[1.981s] running install_data
[1.981s] running install_egg_info
[1.981s] removing '/home/chris/ros2_ws/install/examples_rclpy_guard_conditions/lib/python3.10/site-packages/examples_rclpy_guard_conditions-0.15.1-py3.10.egg-info' (and everything under it)
[1.981s] Copying ../../../../build/examples_rclpy_guard_conditions/examples_rclpy_guard_conditions.egg-info to /home/chris/ros2_ws/install/examples_rclpy_guard_conditions/lib/python3.10/site-packages/examples_rclpy_guard_conditions-0.15.1-py3.10.egg-info
[1.981s] running install_scripts
[1.982s] Installing trigger_guard_condition script to /home/chris/ros2_ws/install/examples_rclpy_guard_conditions/lib/examples_rclpy_guard_conditions
[1.982s] writing list of installed files to '/home/chris/ros2_ws/build/examples_rclpy_guard_conditions/install.log'
[1.982s] /usr/lib/python3/dist-packages/setuptools/command/install.py:34: SetuptoolsDeprecationWarning: setup.py install is deprecated. Use build and pip and other standards-based tools.
[1.982s]   warnings.warn(
[2.608s] Invoked command in '/home/chris/ros2_ws/src/examples/rclpy/guard_conditions' returned '0': PYTHONPATH=/home/chris/ros2_ws/build/examples_rclpy_guard_conditions/prefix_override:/home/chris/ros2_ws/install/examples_rclpy_guard_conditions/lib/python3.10/site-packages:${PYTHONPATH} /usr/bin/python3 setup.py egg_info --egg-base ../../../../build/examples_rclpy_guard_conditions build --build-base /home/chris/ros2_ws/build/examples_rclpy_guard_conditions/build install --record /home/chris/ros2_ws/build/examples_rclpy_guard_conditions/install.log --single-version-externally-managed
