[3.595s] Invoking command in '/home/chris/ros2_ws/build/examples_rclpy_minimal_action_client': PYTHONPATH=/home/chris/ros2_ws/build/examples_rclpy_minimal_action_client/prefix_override:/home/chris/ros2_ws/install/examples_rclpy_minimal_action_client/lib/python3.10/site-packages:${PYTHONPATH} /usr/bin/python3 setup.py develop --editable --build-directory /home/chris/ros2_ws/build/examples_rclpy_minimal_action_client/build --no-deps install_data
[4.010s] running develop
[4.010s] running egg_info
[4.010s] writing examples_rclpy_minimal_action_client.egg-info/PKG-INFO
[4.011s] writing dependency_links to examples_rclpy_minimal_action_client.egg-info/dependency_links.txt
[4.011s] writing entry points to examples_rclpy_minimal_action_client.egg-info/entry_points.txt
[4.011s] writing requirements to examples_rclpy_minimal_action_client.egg-info/requires.txt
[4.011s] writing top-level names to examples_rclpy_minimal_action_client.egg-info/top_level.txt
[4.011s] reading manifest file 'examples_rclpy_minimal_action_client.egg-info/SOURCES.txt'
[4.011s] writing manifest file 'examples_rclpy_minimal_action_client.egg-info/SOURCES.txt'
[4.011s] running build_ext
[4.011s] Creating /home/chris/ros2_ws/install/examples_rclpy_minimal_action_client/lib/python3.10/site-packages/examples-rclpy-minimal-action-client.egg-link (link to .)
[4.011s] Installing client script to /home/chris/ros2_ws/install/examples_rclpy_minimal_action_client/lib/examples_rclpy_minimal_action_client
[4.011s] Installing client_asyncio script to /home/chris/ros2_ws/install/examples_rclpy_minimal_action_client/lib/examples_rclpy_minimal_action_client
[4.012s] Installing client_cancel script to /home/chris/ros2_ws/install/examples_rclpy_minimal_action_client/lib/examples_rclpy_minimal_action_client
[4.012s] Installing client_not_composable script to /home/chris/ros2_ws/install/examples_rclpy_minimal_action_client/lib/examples_rclpy_minimal_action_client
[4.012s] 
[4.012s] Installed /home/chris/ros2_ws/build/examples_rclpy_minimal_action_client
[4.012s] running install_data
[4.012s] /usr/lib/python3/dist-packages/setuptools/command/easy_install.py:158: EasyInstallDeprecationWarning: easy_install command is deprecated. Use build and pip and other standards-based tools.
[4.012s]   warnings.warn(
[4.013s] /usr/lib/python3/dist-packages/setuptools/command/install.py:34: SetuptoolsDeprecationWarning: setup.py install is deprecated. Use build and pip and other standards-based tools.
[4.013s]   warnings.warn(
[4.095s] Invoked command in '/home/chris/ros2_ws/build/examples_rclpy_minimal_action_client' returned '0': PYTHONPATH=/home/chris/ros2_ws/build/examples_rclpy_minimal_action_client/prefix_override:/home/chris/ros2_ws/install/examples_rclpy_minimal_action_client/lib/python3.10/site-packages:${PYTHONPATH} /usr/bin/python3 setup.py develop --editable --build-directory /home/chris/ros2_ws/build/examples_rclpy_minimal_action_client/build --no-deps install_data
